Generated 8192 hosts
[fat-tree] k=32, capacity=8192, hosts=8192
Graph: 9472 nodes, 24576 edges
  0%|          | 0/10 [00:00<?, ?it/s]Unique sources this epoch: 5139
 10%|█         | 1/10 [02:01<18:14, 121.67s/it]Unique sources this epoch: 5133
 20%|██        | 2/10 [02:08<07:13, 54.24s/it] Unique sources this epoch: 5130
 30%|███       | 3/10 [02:18<03:57, 33.94s/it]Unique sources this epoch: 5126
 40%|████      | 4/10 [02:24<02:16, 22.74s/it]Unique sources this epoch: 5122
 50%|█████     | 5/10 [02:29<01:23, 16.61s/it]Unique sources this epoch: 5146
 60%|██████    | 6/10 [02:35<00:51, 12.83s/it]Unique sources this epoch: 5123
 70%|███████   | 7/10 [02:40<00:30, 10.24s/it]Unique sources this epoch: 5154
 80%|████████  | 8/10 [02:44<00:16,  8.30s/it]Unique sources this epoch: 5143
 90%|█████████ | 9/10 [02:48<00:06,  6.88s/it]Unique sources this epoch: 5140
100%|██████████| 10/10 [02:56<00:00,  7.38s/it]100%|██████████| 10/10 [02:56<00:00, 17.66s/it]

=== Simulation Results ===
topology : fat_tree
workload : incast
policy   : conga_configuration

drop_ratio           : 0.9226
mean_latency         : 5.7793
offered_load         : 331092.1086
jain_fairness        : 0.1628
p50_flow_rate        : 0.0215
p95_flow_rate        : 0.0358
mean_edge_util       : 0.0779
max_edge_util        : 32.9671
mean_hops            : 4.8068
frac_saturated_edges : 0.0135
throughput           : 25611.2538
traffic_weighted_util : 0.0779
topk_edge_load_share : 0.0522
sum_edge_load        : 1913709.5014
sum_edge_cap         : 24576000.0000
edge_util_std        : 0.7805
switch_util_std      : 1.2069
switch_util_gini     : 0.9688
frac_hot_switches    : 0.0057
mean_switch_util     : 0.0785
p95_switch_util      : 0.0512
