Generated 8192 hosts
[fat-tree] k=32, capacity=8192, hosts=8192
Graph: 9472 nodes, 24576 edges
  0%|          | 0/10 [00:00<?, ?it/s]Unique sources this epoch: 5139
 10%|█         | 1/10 [02:44<24:39, 164.34s/it]Unique sources this epoch: 5133
 20%|██        | 2/10 [02:52<09:41, 72.69s/it] Unique sources this epoch: 5130
 30%|███       | 3/10 [03:07<05:23, 46.16s/it]Unique sources this epoch: 5126
 40%|████      | 4/10 [03:14<03:04, 30.73s/it]Unique sources this epoch: 5122
 50%|█████     | 5/10 [03:21<01:50, 22.15s/it]Unique sources this epoch: 5146
 60%|██████    | 6/10 [03:28<01:07, 16.95s/it]Unique sources this epoch: 5123
 70%|███████   | 7/10 [03:34<00:40, 13.39s/it]Unique sources this epoch: 5154
 80%|████████  | 8/10 [03:39<00:21, 10.82s/it]Unique sources this epoch: 5143
 90%|█████████ | 9/10 [03:44<00:08,  8.88s/it]Unique sources this epoch: 5140
100%|██████████| 10/10 [03:55<00:00,  9.63s/it]100%|██████████| 10/10 [03:55<00:00, 23.56s/it]

=== Simulation Results ===
topology : fat_tree
workload : incast
policy   : conga_configuration

drop_ratio           : 0.9676
mean_latency         : 5.7793
offered_load         : 3310921.0858
jain_fairness        : 0.0309
p50_flow_rate        : 0.0215
p95_flow_rate        : 0.0359
mean_edge_util       : 0.7787
max_edge_util        : 329.6711
mean_hops            : 4.8068
frac_saturated_edges : 0.0808
throughput           : 107168.3870
traffic_weighted_util : 0.7787
topk_edge_load_share : 0.0522
sum_edge_load        : 19137095.0139
sum_edge_cap         : 24576000.0000
edge_util_std        : 7.8050
switch_util_std      : 12.0687
switch_util_gini     : 0.9688
frac_hot_switches    : 0.0349
mean_switch_util     : 0.7850
p95_switch_util      : 0.5120
