Generated 8192 hosts
Graph: 9248 nodes, 40960 edges
  0%|          | 0/10 [00:00<?, ?it/s]Unique sources this epoch: 8192
 10%|█         | 1/10 [23:25<3:30:51, 1405.73s/it]Unique sources this epoch: 8192
 20%|██        | 2/10 [23:27<1:17:17, 579.66s/it] Unique sources this epoch: 8192
 30%|███       | 3/10 [23:28<36:49, 315.65s/it]  Unique sources this epoch: 8192
 40%|████      | 4/10 [23:30<19:09, 191.61s/it]Unique sources this epoch: 8192
 50%|█████     | 5/10 [23:31<10:15, 123.04s/it]Unique sources this epoch: 8191
 60%|██████    | 6/10 [23:33<05:26, 81.71s/it] Unique sources this epoch: 8191
 70%|███████   | 7/10 [23:34<02:46, 55.48s/it]Unique sources this epoch: 8190
 80%|████████  | 8/10 [23:35<01:16, 38.29s/it]Unique sources this epoch: 8192
 90%|█████████ | 9/10 [23:37<00:26, 26.79s/it]Unique sources this epoch: 8192
100%|██████████| 10/10 [23:38<00:00, 18.98s/it]100%|██████████| 10/10 [23:38<00:00, 141.90s/it]

=== Simulation Results ===
topology : leaf_spine
workload : random_workload
policy   : eigrp_configuration

drop_ratio           : 0.8519
mean_latency         : 3.9981
offered_load         : 3310044.1953
jain_fairness        : 0.8844
p50_flow_rate        : 0.6080
p95_flow_rate        : 0.9392
mean_edge_util       : 0.3231
max_edge_util        : 13.2345
mean_hops            : 2.9981
frac_saturated_edges : 0.0902
throughput           : 490304.6504
traffic_weighted_util : 0.3231
topk_edge_load_share : 0.0030
sum_edge_load        : 13233693.0870
sum_edge_cap         : 40960000.0000
edge_util_std        : 1.1389
switch_util_std      : 0.4150
switch_util_gini     : 0.3115
frac_hot_switches    : 0.3647
mean_switch_util     : 0.7523
p95_switch_util      : 1.4575
