Generated 8192 hosts
Graph: 9248 nodes, 40960 edges
  0%|          | 0/10 [00:00<?, ?it/s]Unique sources this epoch: 8192
 10%|█         | 1/10 [08:06<1:12:59, 486.61s/it]Unique sources this epoch: 8192
 20%|██        | 2/10 [08:08<26:49, 201.25s/it]  Unique sources this epoch: 8192
 30%|███       | 3/10 [08:09<12:50, 110.05s/it]Unique sources this epoch: 8192
 40%|████      | 4/10 [08:11<06:43, 67.21s/it] Unique sources this epoch: 8192
 50%|█████     | 5/10 [08:12<03:37, 43.53s/it]Unique sources this epoch: 8191
 60%|██████    | 6/10 [08:14<01:57, 29.27s/it]Unique sources this epoch: 8191
 70%|███████   | 7/10 [08:15<01:00, 20.23s/it]Unique sources this epoch: 8190
 80%|████████  | 8/10 [08:17<00:28, 14.29s/it]Unique sources this epoch: 8192
 90%|█████████ | 9/10 [08:19<00:10, 10.33s/it]Unique sources this epoch: 8192
100%|██████████| 10/10 [08:20<00:00,  7.64s/it]100%|██████████| 10/10 [08:20<00:00, 50.07s/it]

=== Simulation Results ===
topology : leaf_spine
workload : random_workload
policy   : ospf_ecmp_configuration

drop_ratio           : 0.1563
mean_latency         : 3.9981
offered_load         : 3310044.1953
jain_fairness        : 0.8373
p50_flow_rate        : 3.5912
p95_flow_rate        : 5.9186
mean_edge_util       : 0.3231
max_edge_util        : 2.8018
mean_hops            : 2.9981
frac_saturated_edges : 0.0652
throughput           : 2792817.7957
traffic_weighted_util : 0.3231
topk_edge_load_share : 0.0006
sum_edge_load        : 13233693.0870
sum_edge_cap         : 40960000.0000
edge_util_std        : 0.3237
switch_util_std      : 0.4087
switch_util_gini     : 0.3099
frac_hot_switches    : 0.3646
mean_switch_util     : 0.7523
p95_switch_util      : 1.4571
