Generated 8192 hosts
Graph: 9248 nodes, 40960 edges
  0%|          | 0/10 [00:00<?, ?it/s]Unique sources this epoch: 8192
 10%|█         | 1/10 [21:24<3:12:38, 1284.32s/it]Unique sources this epoch: 8192
 20%|██        | 2/10 [21:27<1:10:44, 530.57s/it] Unique sources this epoch: 8192
 30%|███       | 3/10 [21:30<33:47, 289.69s/it]  Unique sources this epoch: 8192
 40%|████      | 4/10 [21:33<17:39, 176.53s/it]Unique sources this epoch: 8192
 50%|█████     | 5/10 [21:36<09:29, 113.97s/it]Unique sources this epoch: 8191
 60%|██████    | 6/10 [21:39<05:05, 76.29s/it] Unique sources this epoch: 8191
 70%|███████   | 7/10 [21:42<02:37, 52.39s/it]Unique sources this epoch: 8190
 80%|████████  | 8/10 [21:45<01:13, 36.72s/it]Unique sources this epoch: 8192
 90%|█████████ | 9/10 [21:49<00:26, 26.25s/it]Unique sources this epoch: 8192
100%|██████████| 10/10 [21:52<00:00, 19.15s/it]100%|██████████| 10/10 [21:52<00:00, 131.24s/it]

=== Simulation Results ===
topology : leaf_spine
workload : random_workload
policy   : eigrp_ecmp_configuration

drop_ratio           : 0.1563
mean_latency         : 3.9981
offered_load         : 3310044.1953
jain_fairness        : 0.8373
p50_flow_rate        : 3.5912
p95_flow_rate        : 5.9186
mean_edge_util       : 0.3231
max_edge_util        : 2.8018
mean_hops            : 2.9981
frac_saturated_edges : 0.0652
throughput           : 2792818.1111
traffic_weighted_util : 0.3231
topk_edge_load_share : 0.0006
sum_edge_load        : 13233693.0870
sum_edge_cap         : 40960000.0000
edge_util_std        : 0.3173
switch_util_std      : 0.4087
switch_util_gini     : 0.3099
frac_hot_switches    : 0.3646
mean_switch_util     : 0.7523
p95_switch_util      : 1.4571
