Generated 8192 hosts
Graph: 9248 nodes, 40960 edges
  0%|          | 0/10 [00:00<?, ?it/s]Unique sources this epoch: 8192
 10%|█         | 1/10 [07:58<1:11:47, 478.60s/it]Unique sources this epoch: 8192
 20%|██        | 2/10 [07:59<26:19, 197.49s/it]  Unique sources this epoch: 8192
 30%|███       | 3/10 [08:00<12:33, 107.68s/it]Unique sources this epoch: 8192
 40%|████      | 4/10 [08:00<06:32, 65.49s/it] Unique sources this epoch: 8192
 50%|█████     | 5/10 [08:01<03:30, 42.16s/it]Unique sources this epoch: 8191
 60%|██████    | 6/10 [08:02<01:52, 28.11s/it]Unique sources this epoch: 8191
 70%|███████   | 7/10 [08:03<00:57, 19.19s/it]Unique sources this epoch: 8190
 80%|████████  | 8/10 [08:04<00:26, 13.34s/it]Unique sources this epoch: 8192
 90%|█████████ | 9/10 [08:05<00:09,  9.43s/it]Unique sources this epoch: 8192
100%|██████████| 10/10 [08:05<00:00,  6.77s/it]100%|██████████| 10/10 [08:05<00:00, 48.59s/it]

=== Simulation Results ===
topology : leaf_spine
workload : random_workload
policy   : ospf_drill_configuration

drop_ratio           : 0.5012
mean_latency         : 3.9981
offered_load         : 6620088.3906
jain_fairness        : 0.8816
p50_flow_rate        : 4.1165
p95_flow_rate        : 6.6072
mean_edge_util       : 0.6462
max_edge_util        : 5.6035
mean_hops            : 2.9981
frac_saturated_edges : 0.1717
throughput           : 3302025.3066
traffic_weighted_util : 0.6462
topk_edge_load_share : 0.0006
sum_edge_load        : 26467386.1739
sum_edge_cap         : 40960000.0000
edge_util_std        : 0.6472
switch_util_std      : 0.8174
switch_util_gini     : 0.3099
frac_hot_switches    : 0.7162
mean_switch_util     : 1.5046
p95_switch_util      : 2.9142
