Generated 8192 hosts
[fat-tree] k=32, capacity=8192, hosts=8192
Graph: 9472 nodes, 24576 edges
  0%|          | 0/10 [00:00<?, ?it/s]Unique sources this epoch: 5139
 10%|█         | 1/10 [10:38<1:35:46, 638.52s/it]Unique sources this epoch: 5133
 20%|██        | 2/10 [11:23<38:36, 289.56s/it]  Unique sources this epoch: 5130
 30%|███       | 3/10 [12:00<20:17, 173.98s/it]Unique sources this epoch: 5126
 40%|████      | 4/10 [12:29<11:41, 116.96s/it]Unique sources this epoch: 5122
 50%|█████     | 5/10 [13:03<07:14, 86.82s/it] Unique sources this epoch: 5146
 60%|██████    | 6/10 [13:34<04:32, 68.09s/it]Unique sources this epoch: 5123
 70%|███████   | 7/10 [14:02<02:44, 54.99s/it]Unique sources this epoch: 5154
 80%|████████  | 8/10 [20:28<05:20, 160.35s/it]Unique sources this epoch: 5143
 90%|█████████ | 9/10 [32:16<05:31, 331.43s/it]Unique sources this epoch: 5140
100%|██████████| 10/10 [44:26<00:00, 454.52s/it]100%|██████████| 10/10 [44:26<00:00, 266.66s/it]

=== Simulation Results ===
topology : fat_tree
workload : incast
policy   : eigrp_ecmp_configuration

drop_ratio           : 0.9676
mean_latency         : 5.7793
offered_load         : 3310921.0858
jain_fairness        : 0.0410
p50_flow_rate        : 0.0215
p95_flow_rate        : 0.0359
mean_edge_util       : 0.7787
max_edge_util        : 329.6711
mean_hops            : 4.8068
frac_saturated_edges : 0.0908
throughput           : 107168.3870
traffic_weighted_util : 0.7787
topk_edge_load_share : 0.0522
sum_edge_load        : 19137095.0139
sum_edge_cap         : 24576000.0000
edge_util_std        : 7.9650
switch_util_std      : 12.0699
switch_util_gini     : 0.9691
frac_hot_switches    : 0.0300
mean_switch_util     : 0.7850
p95_switch_util      : 0.5109
