Generated 8192 hosts
[fat-tree] k=32, capacity=8192, hosts=8192
Graph: 9472 nodes, 24576 edges
  0%|          | 0/10 [00:00<?, ?it/s]Unique sources this epoch: 5139
 10%|█         | 1/10 [10:54<1:38:13, 654.86s/it]Unique sources this epoch: 5133
 20%|██        | 2/10 [11:42<39:42, 297.76s/it]  Unique sources this epoch: 5130
 30%|███       | 3/10 [12:21<20:56, 179.50s/it]Unique sources this epoch: 5126
 40%|████      | 4/10 [12:53<12:07, 121.31s/it]Unique sources this epoch: 5122
 50%|█████     | 5/10 [13:26<07:27, 89.50s/it] Unique sources this epoch: 5146
 60%|██████    | 6/10 [13:59<04:41, 70.27s/it]Unique sources this epoch: 5123
 70%|███████   | 7/10 [14:27<02:49, 56.54s/it]Unique sources this epoch: 5154
 80%|████████  | 8/10 [15:02<01:39, 49.64s/it]Unique sources this epoch: 5143
 90%|█████████ | 9/10 [15:23<00:40, 40.74s/it]Unique sources this epoch: 5140
100%|██████████| 10/10 [15:47<00:00, 35.48s/it]100%|██████████| 10/10 [15:47<00:00, 94.76s/it]

=== Simulation Results ===
topology : fat_tree
workload : incast
policy   : eigrp_ecmp_configuration

drop_ratio           : 0.9226
mean_latency         : 5.7793
offered_load         : 331092.1086
jain_fairness        : 0.3585
p50_flow_rate        : 0.0215
p95_flow_rate        : 0.0357
mean_edge_util       : 0.0779
max_edge_util        : 32.9671
mean_hops            : 4.8068
frac_saturated_edges : 0.0147
throughput           : 25611.2538
traffic_weighted_util : 0.0779
topk_edge_load_share : 0.0522
sum_edge_load        : 1913709.5014
sum_edge_cap         : 24576000.0000
edge_util_std        : 0.7711
switch_util_std      : 1.2068
switch_util_gini     : 0.9684
frac_hot_switches    : 0.0057
mean_switch_util     : 0.0785
p95_switch_util      : 0.0647
