Generated 8192 hosts
[fat-tree-informed] k=32, capacity=8192, hosts=8192
Graph: 9472 nodes, 24576 edges
  0%|          | 0/10 [00:00<?, ?it/s]Unique sources this epoch: 1018
 10%|█         | 1/10 [00:46<06:57, 46.36s/it]Unique sources this epoch: 1022
 20%|██        | 2/10 [00:50<02:50, 21.36s/it]Unique sources this epoch: 1008
 30%|███       | 3/10 [00:54<01:35, 13.66s/it]Unique sources this epoch: 1023
 40%|████      | 4/10 [00:59<01:00, 10.03s/it]Unique sources this epoch: 1039
 50%|█████     | 5/10 [01:03<00:40,  8.10s/it]Unique sources this epoch: 1049
 60%|██████    | 6/10 [01:09<00:28,  7.18s/it]Unique sources this epoch: 1030
 70%|███████   | 7/10 [01:13<00:18,  6.06s/it]Unique sources this epoch: 1025
 80%|████████  | 8/10 [01:17<00:10,  5.44s/it]Unique sources this epoch: 1010
 90%|█████████ | 9/10 [01:20<00:04,  4.80s/it]Unique sources this epoch: 1002
100%|██████████| 10/10 [01:26<00:00,  5.07s/it]100%|██████████| 10/10 [01:26<00:00,  8.62s/it]

=== Simulation Results ===
topology : informed_fat_tree
workload : incast
policy   : ospf_configuration

drop_ratio           : 0.4446
mean_latency         : 3.2485
offered_load         : 20591.6892
jain_fairness        : 0.5506
p50_flow_rate        : 0.0568
p95_flow_rate        : 0.3147
mean_edge_util       : 0.0027
max_edge_util        : 10.1212
mean_hops            : 2.2771
frac_saturated_edges : 0.0005
throughput           : 11437.5977
traffic_weighted_util : 0.0027
topk_edge_load_share : 0.3167
sum_edge_load        : 66967.3822
sum_edge_cap         : 24576000.0000
edge_util_std        : 0.0796
switch_util_std      : 0.0563
switch_util_gini     : 0.9896
frac_hot_switches    : 0.0010
mean_switch_util     : 0.0045
p95_switch_util      : 0.0025
