Generated 8192 hosts
Graph: 9248 nodes, 40960 edges
  0%|          | 0/10 [00:00<?, ?it/s]Unique sources this epoch: 8192
 10%|█         | 1/10 [20:16<3:02:27, 1216.39s/it]Unique sources this epoch: 8192
 20%|██        | 2/10 [20:17<1:06:52, 501.56s/it] Unique sources this epoch: 8192
 30%|███       | 3/10 [20:18<31:51, 273.11s/it]  Unique sources this epoch: 8192
 40%|████      | 4/10 [20:20<16:34, 165.79s/it]Unique sources this epoch: 8192
 50%|█████     | 5/10 [20:21<08:52, 106.47s/it]Unique sources this epoch: 8191
 60%|██████    | 6/10 [20:22<04:42, 70.73s/it] Unique sources this epoch: 8191
 70%|███████   | 7/10 [20:24<02:24, 48.06s/it]Unique sources this epoch: 8190
 80%|████████  | 8/10 [20:25<01:06, 33.20s/it]Unique sources this epoch: 8192
 90%|█████████ | 9/10 [20:26<00:23, 23.27s/it]Unique sources this epoch: 8192
100%|██████████| 10/10 [20:28<00:00, 16.52s/it]100%|██████████| 10/10 [20:28<00:00, 122.83s/it]

=== Simulation Results ===
topology : leaf_spine
workload : random_workload
policy   : eigrp_drill_configuration

drop_ratio           : 0.1563
mean_latency         : 3.9981
offered_load         : 3310044.1953
jain_fairness        : 0.8373
p50_flow_rate        : 3.5912
p95_flow_rate        : 5.9186
mean_edge_util       : 0.3231
max_edge_util        : 2.8018
mean_hops            : 2.9981
frac_saturated_edges : 0.0652
throughput           : 2792818.1111
traffic_weighted_util : 0.3231
topk_edge_load_share : 0.0006
sum_edge_load        : 13233693.0870
sum_edge_cap         : 40960000.0000
edge_util_std        : 0.3174
switch_util_std      : 0.4087
switch_util_gini     : 0.3099
frac_hot_switches    : 0.3646
mean_switch_util     : 0.7523
p95_switch_util      : 1.4571
