Generated 8192 hosts
Graph: 9248 nodes, 40960 edges
  0%|          | 0/10 [00:00<?, ?it/s]Unique sources this epoch: 8192
 10%|█         | 1/10 [04:09<37:25, 249.46s/it]Unique sources this epoch: 8192
 20%|██        | 2/10 [04:11<13:52, 104.11s/it]Unique sources this epoch: 8191
 30%|███       | 3/10 [04:14<06:43, 57.68s/it] Unique sources this epoch: 8191
 40%|████      | 4/10 [04:16<03:35, 35.85s/it]Unique sources this epoch: 8192
 50%|█████     | 5/10 [04:18<01:58, 23.76s/it]Unique sources this epoch: 8191
 60%|██████    | 6/10 [04:21<01:05, 16.47s/it]Unique sources this epoch: 8191
 70%|███████   | 7/10 [04:23<00:35, 11.81s/it]Unique sources this epoch: 8191
 80%|████████  | 8/10 [04:25<00:17,  8.74s/it]Unique sources this epoch: 8192
 90%|█████████ | 9/10 [04:27<00:06,  6.68s/it]Unique sources this epoch: 8191
100%|██████████| 10/10 [04:29<00:00,  5.28s/it]100%|██████████| 10/10 [04:29<00:00, 27.00s/it]

=== Simulation Results ===
topology : leaf_spine
workload : local_group_workload
policy   : conga_configuration

drop_ratio           : 0.5011
mean_latency         : 3.9983
offered_load         : 6631410.9957
jain_fairness        : 0.8810
p50_flow_rate        : 4.1160
p95_flow_rate        : 6.6334
mean_edge_util       : 0.6473
max_edge_util        : 4.7922
mean_hops            : 2.9983
frac_saturated_edges : 0.1604
throughput           : 3308572.6345
traffic_weighted_util : 0.6473
topk_edge_load_share : 0.0005
sum_edge_load        : 26513875.0695
sum_edge_cap         : 40960000.0000
edge_util_std        : 0.6381
switch_util_std      : 0.8186
switch_util_gini     : 0.3098
frac_hot_switches    : 0.7170
mean_switch_util     : 1.5072
p95_switch_util      : 2.9175
