Generated 8192 hosts
[fat-tree] k=32, capacity=8192, hosts=8192
Graph: 9472 nodes, 24576 edges
  0%|          | 0/10 [00:00<?, ?it/s]Unique sources this epoch: 5139
 10%|█         | 1/10 [10:23<1:33:33, 623.70s/it]Unique sources this epoch: 5133
 20%|██        | 2/10 [11:07<37:41, 282.71s/it]  Unique sources this epoch: 5130
 30%|███       | 3/10 [11:44<19:51, 170.21s/it]Unique sources this epoch: 5126
 40%|████      | 4/10 [12:13<11:27, 114.55s/it]Unique sources this epoch: 5122
 50%|█████     | 5/10 [12:43<07:00, 84.19s/it] Unique sources this epoch: 5146
 60%|██████    | 6/10 [19:08<12:26, 186.52s/it]Unique sources this epoch: 5123
 70%|███████   | 7/10 [30:31<17:25, 348.66s/it]Unique sources this epoch: 5154
 80%|████████  | 8/10 [42:32<15:34, 467.26s/it]Unique sources this epoch: 5143
 90%|█████████ | 9/10 [54:42<09:09, 549.55s/it]Unique sources this epoch: 5140
100%|██████████| 10/10 [1:07:03<00:00, 608.59s/it]100%|██████████| 10/10 [1:07:03<00:00, 402.37s/it]

=== Simulation Results ===
topology : fat_tree
workload : incast
policy   : eigrp_ecmp_configuration

drop_ratio           : 0.9701
mean_latency         : 5.7793
offered_load         : 6621842.1715
jain_fairness        : 0.0309
p50_flow_rate        : 0.0215
p95_flow_rate        : 0.0359
mean_edge_util       : 1.5574
max_edge_util        : 659.3422
mean_hops            : 4.8068
frac_saturated_edges : 0.1178
throughput           : 197787.4240
traffic_weighted_util : 1.5574
topk_edge_load_share : 0.0522
sum_edge_load        : 38274190.0277
sum_edge_cap         : 24576000.0000
edge_util_std        : 16.2213
switch_util_std      : 24.1418
switch_util_gini     : 0.9698
frac_hot_switches    : 0.0476
mean_switch_util     : 1.5700
p95_switch_util      : 0.7553
