Generated 8192 hosts
[fat-tree-informed] k=32, capacity=8192, hosts=8192
Graph: 9472 nodes, 24576 edges
  0%|          | 0/10 [00:00<?, ?it/s]Unique sources this epoch: 1018
 10%|█         | 1/10 [02:23<21:30, 143.38s/it]Unique sources this epoch: 1022
 20%|██        | 2/10 [02:36<08:53, 66.75s/it] Unique sources this epoch: 1008
 30%|███       | 3/10 [02:47<04:48, 41.27s/it]Unique sources this epoch: 1023
 40%|████      | 4/10 [03:00<03:01, 30.24s/it]Unique sources this epoch: 1039
 50%|█████     | 5/10 [03:16<02:04, 24.86s/it]Unique sources this epoch: 1049
 60%|██████    | 6/10 [03:28<01:22, 20.50s/it]Unique sources this epoch: 1030
 70%|███████   | 7/10 [03:38<00:51, 17.20s/it]Unique sources this epoch: 1025
 80%|████████  | 8/10 [03:49<00:30, 15.31s/it]Unique sources this epoch: 1010
 90%|█████████ | 9/10 [03:58<00:13, 13.40s/it]Unique sources this epoch: 1002
100%|██████████| 10/10 [04:13<00:00, 13.68s/it]100%|██████████| 10/10 [04:13<00:00, 25.33s/it]

=== Simulation Results ===
topology : informed_fat_tree
workload : incast
policy   : eigrp_configuration

drop_ratio           : 0.4423
mean_latency         : 3.2485
offered_load         : 20591.6892
jain_fairness        : 0.5498
p50_flow_rate        : 0.0565
p95_flow_rate        : 0.3110
mean_edge_util       : 0.0027
max_edge_util        : 10.0806
mean_hops            : 2.2771
frac_saturated_edges : 0.0005
throughput           : 11484.7539
traffic_weighted_util : 0.0027
topk_edge_load_share : 0.3158
sum_edge_load        : 66967.3822
sum_edge_cap         : 24576000.0000
edge_util_std        : 0.0794
switch_util_std      : 0.0563
switch_util_gini     : 0.9895
frac_hot_switches    : 0.0010
mean_switch_util     : 0.0045
p95_switch_util      : 0.0025
