Generated 8192 hosts
Graph: 9248 nodes, 40960 edges
  0%|          | 0/10 [00:00<?, ?it/s]Unique sources this epoch: 8192
 10%|█         | 1/10 [25:06<3:46:00, 1506.76s/it]Unique sources this epoch: 8192
 20%|██        | 2/10 [25:10<1:22:59, 622.42s/it] Unique sources this epoch: 8191
 30%|███       | 3/10 [25:13<39:38, 339.78s/it]  Unique sources this epoch: 8191
 40%|████      | 4/10 [25:17<20:42, 207.00s/it]Unique sources this epoch: 8192
 50%|█████     | 5/10 [25:20<11:08, 133.62s/it]Unique sources this epoch: 8191
 60%|██████    | 6/10 [25:24<05:57, 89.41s/it] Unique sources this epoch: 8191
 70%|███████   | 7/10 [25:27<03:04, 61.38s/it]Unique sources this epoch: 8191
 80%|████████  | 8/10 [25:31<01:25, 42.99s/it]Unique sources this epoch: 8192
 90%|█████████ | 9/10 [25:35<00:30, 30.68s/it]Unique sources this epoch: 8191
100%|██████████| 10/10 [25:38<00:00, 22.33s/it]100%|██████████| 10/10 [25:38<00:00, 153.86s/it]

=== Simulation Results ===
topology : leaf_spine
workload : local_group_workload
policy   : eigrp_ecmp_configuration

drop_ratio           : 0.1563
mean_latency         : 3.9983
offered_load         : 3315705.4979
jain_fairness        : 0.8371
p50_flow_rate        : 3.5943
p95_flow_rate        : 5.9365
mean_edge_util       : 0.3237
max_edge_util        : 2.3961
mean_hops            : 2.9983
frac_saturated_edges : 0.0653
throughput           : 2797410.7640
traffic_weighted_util : 0.3237
topk_edge_load_share : 0.0005
sum_edge_load        : 13256937.5348
sum_edge_cap         : 40960000.0000
edge_util_std        : 0.3179
switch_util_std      : 0.4093
switch_util_gini     : 0.3098
frac_hot_switches    : 0.3661
mean_switch_util     : 0.7536
p95_switch_util      : 1.4588
