Generated 8192 hosts
Graph: 9248 nodes, 40960 edges
  0%|          | 0/10 [00:00<?, ?it/s]Unique sources this epoch: 8192
 10%|█         | 1/10 [24:42<3:42:20, 1482.23s/it]Unique sources this epoch: 8192
 20%|██        | 2/10 [24:45<1:21:38, 612.28s/it] Unique sources this epoch: 8191
 30%|███       | 3/10 [24:49<38:59, 334.28s/it]  Unique sources this epoch: 8191
 40%|████      | 4/10 [24:52<20:22, 203.69s/it]Unique sources this epoch: 8192
 50%|█████     | 5/10 [24:55<10:57, 131.49s/it]Unique sources this epoch: 8191
 60%|██████    | 6/10 [24:59<05:51, 87.97s/it] Unique sources this epoch: 8191
 70%|███████   | 7/10 [25:02<03:01, 60.36s/it]Unique sources this epoch: 8191
 80%|████████  | 8/10 [25:06<01:24, 42.25s/it]Unique sources this epoch: 8192
 90%|█████████ | 9/10 [25:09<00:30, 30.15s/it]Unique sources this epoch: 8191
100%|██████████| 10/10 [25:13<00:00, 21.92s/it]100%|██████████| 10/10 [25:13<00:00, 151.35s/it]

=== Simulation Results ===
topology : leaf_spine
workload : local_group_workload
policy   : eigrp_ecmp_configuration

drop_ratio           : 0.5011
mean_latency         : 3.9983
offered_load         : 6631410.9957
jain_fairness        : 0.8810
p50_flow_rate        : 4.1160
p95_flow_rate        : 6.6334
mean_edge_util       : 0.6473
max_edge_util        : 4.7922
mean_hops            : 2.9983
frac_saturated_edges : 0.1570
throughput           : 3308578.7056
traffic_weighted_util : 0.6473
topk_edge_load_share : 0.0005
sum_edge_load        : 26513875.0695
sum_edge_cap         : 40960000.0000
edge_util_std        : 0.6358
switch_util_std      : 0.8186
switch_util_gini     : 0.3098
frac_hot_switches    : 0.7170
mean_switch_util     : 1.5072
p95_switch_util      : 2.9175
