Generated 8192 hosts
Graph: 9248 nodes, 40960 edges
  0%|          | 0/10 [00:00<?, ?it/s]Unique sources this epoch: 8192
 10%|█         | 1/10 [09:29<1:25:25, 569.55s/it]Unique sources this epoch: 8192
 20%|██        | 2/10 [09:30<31:19, 234.98s/it]  Unique sources this epoch: 8191
 30%|███       | 3/10 [09:31<14:56, 128.07s/it]Unique sources this epoch: 8191
 40%|████      | 4/10 [09:32<07:47, 77.86s/it] Unique sources this epoch: 8192
 50%|█████     | 5/10 [09:32<04:10, 50.09s/it]Unique sources this epoch: 8191
 60%|██████    | 6/10 [09:33<02:13, 33.36s/it]Unique sources this epoch: 8191
 70%|███████   | 7/10 [09:34<01:08, 22.74s/it]Unique sources this epoch: 8191
 80%|████████  | 8/10 [09:35<00:31, 15.77s/it]Unique sources this epoch: 8192
 90%|█████████ | 9/10 [09:36<00:11, 11.11s/it]Unique sources this epoch: 8191
100%|██████████| 10/10 [09:37<00:00,  7.95s/it]100%|██████████| 10/10 [09:37<00:00, 57.73s/it]

=== Simulation Results ===
topology : leaf_spine
workload : local_group_workload
policy   : ospf_drill_configuration

drop_ratio           : 0.5011
mean_latency         : 3.9983
offered_load         : 6631410.9957
jain_fairness        : 0.8811
p50_flow_rate        : 4.1160
p95_flow_rate        : 6.6329
mean_edge_util       : 0.6473
max_edge_util        : 4.7922
mean_hops            : 2.9983
frac_saturated_edges : 0.1815
throughput           : 3308472.1030
traffic_weighted_util : 0.6473
topk_edge_load_share : 0.0005
sum_edge_load        : 26513875.0695
sum_edge_cap         : 40960000.0000
edge_util_std        : 0.6557
switch_util_std      : 0.8186
switch_util_gini     : 0.3098
frac_hot_switches    : 0.7170
mean_switch_util     : 1.5072
p95_switch_util      : 2.9175
