Generated 8192 hosts
Graph: 9248 nodes, 40960 edges
  0%|          | 0/10 [00:00<?, ?it/s]Unique sources this epoch: 8192
 10%|█         | 1/10 [04:21<39:11, 261.28s/it]Unique sources this epoch: 8192
 20%|██        | 2/10 [04:24<14:36, 109.62s/it]Unique sources this epoch: 8192
 30%|███       | 3/10 [04:28<07:08, 61.21s/it] Unique sources this epoch: 8192
 40%|████      | 4/10 [04:31<03:50, 38.48s/it]Unique sources this epoch: 8192
 50%|█████     | 5/10 [04:35<02:09, 25.92s/it]Unique sources this epoch: 8191
 60%|██████    | 6/10 [04:39<01:13, 18.34s/it]Unique sources this epoch: 8191
 70%|███████   | 7/10 [04:42<00:40, 13.56s/it]Unique sources this epoch: 8190
 80%|████████  | 8/10 [04:46<00:20, 10.39s/it]Unique sources this epoch: 8192
 90%|█████████ | 9/10 [04:50<00:08,  8.30s/it]Unique sources this epoch: 8192
100%|██████████| 10/10 [04:53<00:00,  6.88s/it]100%|██████████| 10/10 [04:53<00:00, 29.40s/it]

=== Simulation Results ===
topology : informed_leaf_spine
workload : random_workload
policy   : conga_configuration

drop_ratio           : 0.1563
mean_latency         : 3.9981
offered_load         : 3310044.1953
jain_fairness        : 0.8373
p50_flow_rate        : 3.5912
p95_flow_rate        : 5.9186
mean_edge_util       : 0.3231
max_edge_util        : 2.8018
mean_hops            : 2.9981
frac_saturated_edges : 0.0652
throughput           : 2792818.1111
traffic_weighted_util : 0.3231
topk_edge_load_share : 0.0006
sum_edge_load        : 13233693.0870
sum_edge_cap         : 40960000.0000
edge_util_std        : 0.3171
switch_util_std      : 0.4087
switch_util_gini     : 0.3099
frac_hot_switches    : 0.3646
mean_switch_util     : 0.7523
p95_switch_util      : 1.4571
