Generated 8192 hosts
Graph: 9248 nodes, 40960 edges
  0%|          | 0/10 [00:00<?, ?it/s]Unique sources this epoch: 8192
 10%|█         | 1/10 [04:39<41:58, 279.83s/it]Unique sources this epoch: 8192
 20%|██        | 2/10 [04:43<15:36, 117.09s/it]Unique sources this epoch: 8192
 30%|███       | 3/10 [04:46<07:36, 65.26s/it] Unique sources this epoch: 8192
 40%|████      | 4/10 [04:50<04:05, 40.88s/it]Unique sources this epoch: 8192
 50%|█████     | 5/10 [04:53<02:17, 27.45s/it]Unique sources this epoch: 8191
 60%|██████    | 6/10 [04:57<01:16, 19.24s/it]Unique sources this epoch: 8191
 70%|███████   | 7/10 [05:00<00:42, 14.05s/it]Unique sources this epoch: 8190
 80%|████████  | 8/10 [05:03<00:21, 10.60s/it]Unique sources this epoch: 8192
 90%|█████████ | 9/10 [05:06<00:08,  8.34s/it]Unique sources this epoch: 8192
100%|██████████| 10/10 [05:10<00:00,  6.78s/it]100%|██████████| 10/10 [05:10<00:00, 31.03s/it]

=== Simulation Results ===
topology : informed_leaf_spine
workload : random_workload
policy   : conga_configuration

drop_ratio           : 0.5012
mean_latency         : 3.9981
offered_load         : 6620088.3906
jain_fairness        : 0.8816
p50_flow_rate        : 4.1165
p95_flow_rate        : 6.6072
mean_edge_util       : 0.6462
max_edge_util        : 5.6035
mean_hops            : 2.9981
frac_saturated_edges : 0.1572
throughput           : 3302033.4796
traffic_weighted_util : 0.6462
topk_edge_load_share : 0.0006
sum_edge_load        : 26467386.1739
sum_edge_cap         : 40960000.0000
edge_util_std        : 0.6342
switch_util_std      : 0.8174
switch_util_gini     : 0.3099
frac_hot_switches    : 0.7162
mean_switch_util     : 1.5046
p95_switch_util      : 2.9142
