Generated 8192 hosts
[fat-tree] k=32, capacity=8192, hosts=8192
Graph: 9472 nodes, 24576 edges
  0%|          | 0/10 [00:00<?, ?it/s]Unique sources this epoch: 5139
 10%|█         | 1/10 [04:21<39:14, 261.64s/it]Unique sources this epoch: 5133
 20%|██        | 2/10 [04:37<15:34, 116.86s/it]Unique sources this epoch: 5130
 30%|███       | 3/10 [04:56<08:27, 72.45s/it] Unique sources this epoch: 5126
 40%|████      | 4/10 [05:09<04:53, 48.88s/it]Unique sources this epoch: 5122
 50%|█████     | 5/10 [05:22<03:00, 36.03s/it]Unique sources this epoch: 5146
 60%|██████    | 6/10 [05:35<01:52, 28.19s/it]Unique sources this epoch: 5123
 70%|███████   | 7/10 [05:47<01:08, 22.93s/it]Unique sources this epoch: 5154
 80%|████████  | 8/10 [05:57<00:37, 18.69s/it]Unique sources this epoch: 5143
 90%|█████████ | 9/10 [06:05<00:15, 15.47s/it]Unique sources this epoch: 5140
100%|██████████| 10/10 [06:20<00:00, 15.22s/it]100%|██████████| 10/10 [06:20<00:00, 38.05s/it]

=== Simulation Results ===
topology : fat_tree
workload : incast
policy   : ospf_drill_configuration

drop_ratio           : 0.9226
mean_latency         : 5.7793
offered_load         : 331092.1086
jain_fairness        : 0.1628
p50_flow_rate        : 0.0215
p95_flow_rate        : 0.0358
mean_edge_util       : 0.0779
max_edge_util        : 32.9671
mean_hops            : 4.8068
frac_saturated_edges : 0.0133
throughput           : 25611.2538
traffic_weighted_util : 0.0779
topk_edge_load_share : 0.0522
sum_edge_load        : 1913709.5014
sum_edge_cap         : 24576000.0000
edge_util_std        : 0.7812
switch_util_std      : 1.2069
switch_util_gini     : 0.9688
frac_hot_switches    : 0.0057
mean_switch_util     : 0.0785
p95_switch_util      : 0.0505
