Generated 8192 hosts
[fat-tree] k=32, capacity=8192, hosts=8192
Graph: 9472 nodes, 24576 edges
  0%|          | 0/10 [00:00<?, ?it/s]Unique sources this epoch: 8192
 10%|█         | 1/10 [07:19<1:05:54, 439.42s/it]Unique sources this epoch: 8192
 20%|██        | 2/10 [07:20<24:12, 181.55s/it]  Unique sources this epoch: 8192
 30%|███       | 3/10 [07:21<11:34, 99.16s/it] Unique sources this epoch: 8192
 40%|████      | 4/10 [07:22<06:02, 60.46s/it]Unique sources this epoch: 8192
 50%|█████     | 5/10 [07:23<03:15, 39.08s/it]Unique sources this epoch: 8191
 60%|██████    | 6/10 [07:25<01:44, 26.21s/it]Unique sources this epoch: 8191
 70%|███████   | 7/10 [07:26<00:54, 18.05s/it]Unique sources this epoch: 8190
 80%|████████  | 8/10 [07:27<00:25, 12.69s/it]Unique sources this epoch: 8192
 90%|█████████ | 9/10 [07:28<00:09,  9.12s/it]Unique sources this epoch: 8192
100%|██████████| 10/10 [07:30<00:00,  6.69s/it]100%|██████████| 10/10 [07:30<00:00, 45.01s/it]

=== Simulation Results ===
topology : fat_tree
workload : random_workload
policy   : ospf_drill_configuration

drop_ratio           : 0.2011
mean_latency         : 5.9334
offered_load         : 3310044.1953
jain_fairness        : 0.8530
p50_flow_rate        : 3.4481
p95_flow_rate        : 5.3799
mean_edge_util       : 0.7991
max_edge_util        : 2.8018
mean_hops            : 4.9334
frac_saturated_edges : 0.3217
throughput           : 2644305.6278
traffic_weighted_util : 0.7991
topk_edge_load_share : 0.0004
sum_edge_load        : 19639662.0391
sum_edge_cap         : 24576000.0000
edge_util_std        : 0.3851
switch_util_std      : 0.3913
switch_util_gini     : 0.2771
frac_hot_switches    : 0.4168
mean_switch_util     : 0.8067
p95_switch_util      : 1.4528
