Generated 8192 hosts
Graph: 9248 nodes, 40960 edges
  0%|          | 0/10 [00:00<?, ?it/s]Unique sources this epoch: 8192
 10%|█         | 1/10 [20:16<3:02:25, 1216.19s/it]Unique sources this epoch: 8192
 20%|██        | 2/10 [20:17<1:06:52, 501.55s/it] Unique sources this epoch: 8192
 30%|███       | 3/10 [20:18<31:52, 273.16s/it]  Unique sources this epoch: 8192
 40%|████      | 4/10 [20:20<16:35, 165.85s/it]Unique sources this epoch: 8192
 50%|█████     | 5/10 [20:21<08:52, 106.53s/it]Unique sources this epoch: 8191
 60%|██████    | 6/10 [20:23<04:43, 70.80s/it] Unique sources this epoch: 8191
 70%|███████   | 7/10 [20:24<02:24, 48.14s/it]Unique sources this epoch: 8190
 80%|████████  | 8/10 [20:26<01:06, 33.35s/it]Unique sources this epoch: 8192
 90%|█████████ | 9/10 [20:27<00:23, 23.44s/it]Unique sources this epoch: 8192
100%|██████████| 10/10 [20:29<00:00, 16.61s/it]100%|██████████| 10/10 [20:29<00:00, 122.91s/it]

=== Simulation Results ===
topology : informed_leaf_spine
workload : random_workload
policy   : eigrp_configuration

drop_ratio           : 0.8519
mean_latency         : 3.9981
offered_load         : 3310044.1953
jain_fairness        : 0.8844
p50_flow_rate        : 0.6080
p95_flow_rate        : 0.9392
mean_edge_util       : 0.3231
max_edge_util        : 13.2345
mean_hops            : 2.9981
frac_saturated_edges : 0.0902
throughput           : 490304.6504
traffic_weighted_util : 0.3231
topk_edge_load_share : 0.0030
sum_edge_load        : 13233693.0870
sum_edge_cap         : 40960000.0000
edge_util_std        : 1.1389
switch_util_std      : 0.4150
switch_util_gini     : 0.3115
frac_hot_switches    : 0.3647
mean_switch_util     : 0.7523
p95_switch_util      : 1.4575
