Generated 8192 hosts
Graph: 9248 nodes, 40960 edges
  0%|          | 0/10 [00:00<?, ?it/s]Unique sources this epoch: 8192
 10%|█         | 1/10 [26:24<3:57:44, 1584.98s/it]Unique sources this epoch: 8192
 20%|██        | 2/10 [26:28<1:27:18, 654.77s/it] Unique sources this epoch: 8192
 30%|███       | 3/10 [26:32<41:42, 357.47s/it]  Unique sources this epoch: 8192
 40%|████      | 4/10 [26:35<21:46, 217.81s/it]Unique sources this epoch: 8192
 50%|█████     | 5/10 [26:39<11:43, 140.62s/it]Unique sources this epoch: 8191
 60%|██████    | 6/10 [26:43<06:16, 94.11s/it] Unique sources this epoch: 8191
 70%|███████   | 7/10 [26:47<03:13, 64.61s/it]Unique sources this epoch: 8190
 80%|████████  | 8/10 [26:51<01:30, 45.28s/it]Unique sources this epoch: 8192
 90%|█████████ | 9/10 [26:55<00:32, 32.35s/it]Unique sources this epoch: 8192
100%|██████████| 10/10 [26:59<00:00, 23.57s/it]100%|██████████| 10/10 [26:59<00:00, 161.92s/it]

=== Simulation Results ===
topology : informed_leaf_spine
workload : random_workload
policy   : eigrp_ecmp_configuration

drop_ratio           : 0.1563
mean_latency         : 3.9981
offered_load         : 3310044.1953
jain_fairness        : 0.8373
p50_flow_rate        : 3.5912
p95_flow_rate        : 5.9186
mean_edge_util       : 0.3231
max_edge_util        : 2.8018
mean_hops            : 2.9981
frac_saturated_edges : 0.0652
throughput           : 2792818.1111
traffic_weighted_util : 0.3231
topk_edge_load_share : 0.0006
sum_edge_load        : 13233693.0870
sum_edge_cap         : 40960000.0000
edge_util_std        : 0.3173
switch_util_std      : 0.4087
switch_util_gini     : 0.3099
frac_hot_switches    : 0.3646
mean_switch_util     : 0.7523
p95_switch_util      : 1.4571
