Generated 8192 hosts
[fat-tree] k=32, capacity=8192, hosts=8192
Graph: 9472 nodes, 24576 edges
  0%|          | 0/10 [00:00<?, ?it/s]Unique sources this epoch: 5139
 10%|█         | 1/10 [04:30<40:34, 270.45s/it]Unique sources this epoch: 5133
 20%|██        | 2/10 [04:45<16:00, 120.04s/it]Unique sources this epoch: 5130
 30%|███       | 3/10 [09:58<24:16, 208.11s/it]Unique sources this epoch: 5126
 40%|████      | 4/10 [15:30<25:43, 257.21s/it]Unique sources this epoch: 5122
 50%|█████     | 5/10 [20:56<23:30, 282.06s/it]Unique sources this epoch: 5146
 60%|██████    | 6/10 [26:31<20:00, 300.00s/it]Unique sources this epoch: 5123
 70%|███████   | 7/10 [32:00<15:28, 309.50s/it]Unique sources this epoch: 5154
 80%|████████  | 8/10 [37:33<10:33, 316.90s/it]Unique sources this epoch: 5143
 90%|█████████ | 9/10 [43:16<05:25, 325.06s/it]Unique sources this epoch: 5140
100%|██████████| 10/10 [48:44<00:00, 325.91s/it]100%|██████████| 10/10 [48:44<00:00, 292.42s/it]

=== Simulation Results ===
topology : fat_tree
workload : incast
policy   : ospf_drill_configuration

drop_ratio           : 0.9701
mean_latency         : 5.7793
offered_load         : 6621842.1715
jain_fairness        : 0.0263
p50_flow_rate        : 0.0215
p95_flow_rate        : 0.0359
mean_edge_util       : 1.5574
max_edge_util        : 659.3422
mean_hops            : 4.8068
frac_saturated_edges : 0.0461
throughput           : 197787.4240
traffic_weighted_util : 1.5574
topk_edge_load_share : 0.0522
sum_edge_load        : 38274190.0277
sum_edge_cap         : 24576000.0000
edge_util_std        : 17.5754
switch_util_std      : 24.1525
switch_util_gini     : 0.9724
frac_hot_switches    : 0.0321
mean_switch_util     : 1.5700
p95_switch_util      : 0.4092
