Generated 8192 hosts
[fat-tree] k=32, capacity=8192, hosts=8192
Graph: 9472 nodes, 24576 edges
  0%|          | 0/10 [00:00<?, ?it/s]Unique sources this epoch: 8192
 10%|█         | 1/10 [07:17<1:05:35, 437.32s/it]Unique sources this epoch: 8192
 20%|██        | 2/10 [07:18<24:05, 180.71s/it]  Unique sources this epoch: 8192
 30%|███       | 3/10 [07:19<11:31, 98.74s/it] Unique sources this epoch: 8192
 40%|████      | 4/10 [07:20<06:01, 60.22s/it]Unique sources this epoch: 8192
 50%|█████     | 5/10 [07:21<03:14, 38.93s/it]Unique sources this epoch: 8191
 60%|██████    | 6/10 [07:23<01:44, 26.10s/it]Unique sources this epoch: 8191
 70%|███████   | 7/10 [07:24<00:53, 17.96s/it]Unique sources this epoch: 8190
 80%|████████  | 8/10 [07:25<00:25, 12.62s/it]Unique sources this epoch: 8192
 90%|█████████ | 9/10 [07:26<00:09,  9.06s/it]Unique sources this epoch: 8192
100%|██████████| 10/10 [07:27<00:00,  6.64s/it]100%|██████████| 10/10 [07:27<00:00, 44.80s/it]

=== Simulation Results ===
topology : fat_tree
workload : random_workload
policy   : ospf_drill_configuration

drop_ratio           : 0.5433
mean_latency         : 5.9334
offered_load         : 6620088.3906
jain_fairness        : 0.8979
p50_flow_rate        : 3.8271
p95_flow_rate        : 5.7845
mean_edge_util       : 1.5983
max_edge_util        : 5.6035
mean_hops            : 4.9334
frac_saturated_edges : 0.7439
throughput           : 3023315.7241
traffic_weighted_util : 1.5983
topk_edge_load_share : 0.0004
sum_edge_load        : 39279324.0781
sum_edge_cap         : 24576000.0000
edge_util_std        : 0.7703
switch_util_std      : 0.7825
switch_util_gini     : 0.2771
frac_hot_switches    : 0.7832
mean_switch_util     : 1.6133
p95_switch_util      : 2.9057
