Generated 8192 hosts
[fat-tree] k=32, capacity=8192, hosts=8192
Graph: 9472 nodes, 24576 edges
  0%|          | 0/10 [00:00<?, ?it/s]Unique sources this epoch: 5139
 10%|█         | 1/10 [03:40<33:06, 220.77s/it]Unique sources this epoch: 5133
 20%|██        | 2/10 [03:53<13:05, 98.25s/it] Unique sources this epoch: 5130
 30%|███       | 3/10 [04:11<07:11, 61.66s/it]Unique sources this epoch: 5126
 40%|████      | 4/10 [04:23<04:12, 42.04s/it]Unique sources this epoch: 5122
 50%|█████     | 5/10 [04:35<02:36, 31.30s/it]Unique sources this epoch: 5146
 60%|██████    | 6/10 [04:47<01:38, 24.74s/it]Unique sources this epoch: 5123
 70%|███████   | 7/10 [04:58<01:00, 20.09s/it]Unique sources this epoch: 5154
 80%|████████  | 8/10 [05:06<00:32, 16.46s/it]Unique sources this epoch: 5143
 90%|█████████ | 9/10 [05:19<00:15, 15.33s/it]Unique sources this epoch: 5140
100%|██████████| 10/10 [05:27<00:00, 13.12s/it]100%|██████████| 10/10 [05:27<00:00, 32.78s/it]

=== Simulation Results ===
topology : fat_tree
workload : incast
policy   : ospf_drill_configuration

drop_ratio           : 0.9476
mean_latency         : 5.7793
offered_load         : 662184.2172
jain_fairness        : 0.0792
p50_flow_rate        : 0.0215
p95_flow_rate        : 0.0359
mean_edge_util       : 0.1557
max_edge_util        : 65.9342
mean_hops            : 4.8068
frac_saturated_edges : 0.0293
throughput           : 34673.1575
traffic_weighted_util : 0.1557
topk_edge_load_share : 0.0522
sum_edge_load        : 3827419.0028
sum_edge_cap         : 24576000.0000
edge_util_std        : 1.5625
switch_util_std      : 2.4137
switch_util_gini     : 0.9688
frac_hot_switches    : 0.0064
mean_switch_util     : 0.1570
p95_switch_util      : 0.1011
