Generated 8192 hosts
[fat-tree-informed] k=32, capacity=8192, hosts=8192
Graph: 9472 nodes, 24576 edges
  0%|          | 0/10 [00:00<?, ?it/s]Unique sources this epoch: 1018
 10%|█         | 1/10 [02:00<18:02, 120.28s/it]Unique sources this epoch: 1022
 20%|██        | 2/10 [02:10<07:22, 55.35s/it] Unique sources this epoch: 1008
 30%|███       | 3/10 [02:21<04:06, 35.19s/it]Unique sources this epoch: 1023
 40%|████      | 4/10 [02:33<02:35, 25.98s/it]Unique sources this epoch: 1039
 50%|█████     | 5/10 [02:45<01:45, 21.14s/it]Unique sources this epoch: 1049
 60%|██████    | 6/10 [02:58<01:12, 18.13s/it]Unique sources this epoch: 1030
 70%|███████   | 7/10 [03:06<00:44, 15.00s/it]Unique sources this epoch: 1025
 80%|████████  | 8/10 [03:16<00:26, 13.22s/it]Unique sources this epoch: 1010
 90%|█████████ | 9/10 [03:23<00:11, 11.51s/it]Unique sources this epoch: 1002
100%|██████████| 10/10 [03:36<00:00, 11.81s/it]100%|██████████| 10/10 [03:36<00:00, 21.63s/it]

=== Simulation Results ===
topology : informed_fat_tree
workload : incast
policy   : eigrp_ecmp_configuration

drop_ratio           : 0.0433
mean_latency         : 3.2485
offered_load         : 20591.6892
jain_fairness        : 0.8087
p50_flow_rate        : 0.1986
p95_flow_rate        : 0.3444
mean_edge_util       : 0.0027
max_edge_util        : 1.5806
mean_hops            : 2.2771
frac_saturated_edges : 0.0003
throughput           : 19699.1825
traffic_weighted_util : 0.0027
topk_edge_load_share : 0.0564
sum_edge_load        : 66967.3822
sum_edge_cap         : 24576000.0000
edge_util_std        : 0.0389
switch_util_std      : 0.0560
switch_util_gini     : 0.9881
frac_hot_switches    : 0.0010
mean_switch_util     : 0.0045
p95_switch_util      : 0.0025
