Generated 8192 hosts
Graph: 9248 nodes, 40960 edges
  0%|          | 0/10 [00:00<?, ?it/s]Unique sources this epoch: 8192
 10%|█         | 1/10 [10:59<1:38:55, 659.53s/it]Unique sources this epoch: 8192
 20%|██        | 2/10 [11:00<36:17, 272.14s/it]  Unique sources this epoch: 8192
 30%|███       | 3/10 [11:01<17:18, 148.34s/it]Unique sources this epoch: 8192
 40%|████      | 4/10 [11:02<09:01, 90.18s/it] Unique sources this epoch: 8192
 50%|█████     | 5/10 [11:03<04:50, 58.04s/it]Unique sources this epoch: 8191
 60%|██████    | 6/10 [11:04<02:34, 38.68s/it]Unique sources this epoch: 8191
 70%|███████   | 7/10 [11:05<01:19, 26.40s/it]Unique sources this epoch: 8190
 80%|████████  | 8/10 [11:06<00:36, 18.36s/it]Unique sources this epoch: 8192
 90%|█████████ | 9/10 [11:08<00:12, 12.98s/it]Unique sources this epoch: 8192
100%|██████████| 10/10 [11:09<00:00,  9.34s/it]100%|██████████| 10/10 [11:09<00:00, 66.93s/it]

=== Simulation Results ===
topology : informed_leaf_spine
workload : random_workload
policy   : ospf_drill_configuration

drop_ratio           : 0.1563
mean_latency         : 3.9981
offered_load         : 3310044.1953
jain_fairness        : 0.8373
p50_flow_rate        : 3.5912
p95_flow_rate        : 5.9186
mean_edge_util       : 0.3231
max_edge_util        : 2.8018
mean_hops            : 2.9981
frac_saturated_edges : 0.0652
throughput           : 2792817.7417
traffic_weighted_util : 0.3231
topk_edge_load_share : 0.0006
sum_edge_load        : 13233693.0870
sum_edge_cap         : 40960000.0000
edge_util_std        : 0.3236
switch_util_std      : 0.4087
switch_util_gini     : 0.3099
frac_hot_switches    : 0.3646
mean_switch_util     : 0.7523
p95_switch_util      : 1.4571
