Generated 8192 hosts
Graph: 9248 nodes, 40960 edges
  0%|          | 0/10 [00:00<?, ?it/s]Unique sources this epoch: 8192
 10%|█         | 1/10 [24:59<3:44:53, 1499.32s/it]Unique sources this epoch: 8192
 20%|██        | 2/10 [25:00<1:22:25, 618.24s/it] Unique sources this epoch: 8192
 30%|███       | 3/10 [25:02<39:16, 336.69s/it]  Unique sources this epoch: 8192
 40%|████      | 4/10 [25:04<20:26, 204.42s/it]Unique sources this epoch: 8192
 50%|█████     | 5/10 [25:05<10:56, 131.30s/it]Unique sources this epoch: 8191
 60%|██████    | 6/10 [25:07<05:48, 87.23s/it] Unique sources this epoch: 8191
 70%|███████   | 7/10 [25:09<02:57, 59.26s/it]Unique sources this epoch: 8190
 80%|████████  | 8/10 [25:10<01:21, 40.93s/it]Unique sources this epoch: 8192
 90%|█████████ | 9/10 [25:12<00:28, 28.66s/it]Unique sources this epoch: 8192
100%|██████████| 10/10 [25:14<00:00, 20.34s/it]100%|██████████| 10/10 [25:14<00:00, 151.42s/it]

=== Simulation Results ===
topology : informed_leaf_spine
workload : random_workload
policy   : eigrp_drill_configuration

drop_ratio           : 0.5012
mean_latency         : 3.9981
offered_load         : 6620088.3906
jain_fairness        : 0.8816
p50_flow_rate        : 4.1165
p95_flow_rate        : 6.6073
mean_edge_util       : 0.6462
max_edge_util        : 5.6035
mean_hops            : 2.9981
frac_saturated_edges : 0.1569
throughput           : 3302033.7203
traffic_weighted_util : 0.6462
topk_edge_load_share : 0.0006
sum_edge_load        : 26467386.1739
sum_edge_cap         : 40960000.0000
edge_util_std        : 0.6348
switch_util_std      : 0.8174
switch_util_gini     : 0.3099
frac_hot_switches    : 0.7162
mean_switch_util     : 1.5046
p95_switch_util      : 2.9142
