Generated 8192 hosts
[fat-tree] k=32, capacity=8192, hosts=8192
Graph: 9472 nodes, 24576 edges
  0%|          | 0/10 [00:00<?, ?it/s]Unique sources this epoch: 5139
 10%|█         | 1/10 [11:07<1:40:06, 667.34s/it]Unique sources this epoch: 5133
 20%|██        | 2/10 [11:45<39:36, 297.08s/it]  Unique sources this epoch: 5130
 30%|███       | 3/10 [12:29<21:11, 181.58s/it]Unique sources this epoch: 5126
 40%|████      | 4/10 [12:59<12:09, 121.65s/it]Unique sources this epoch: 5122
 50%|█████     | 5/10 [13:30<07:24, 88.93s/it] Unique sources this epoch: 5146
 60%|██████    | 6/10 [13:59<04:34, 68.64s/it]Unique sources this epoch: 5123
 70%|███████   | 7/10 [14:25<02:44, 54.86s/it]Unique sources this epoch: 5154
 80%|████████  | 8/10 [21:14<05:35, 167.59s/it]Unique sources this epoch: 5143
 90%|█████████ | 9/10 [33:58<05:53, 353.82s/it]Unique sources this epoch: 5140
100%|██████████| 10/10 [46:37<00:00, 478.98s/it]100%|██████████| 10/10 [46:37<00:00, 279.73s/it]

=== Simulation Results ===
topology : fat_tree
workload : incast
policy   : eigrp_drill_configuration

drop_ratio           : 0.9676
mean_latency         : 5.7793
offered_load         : 3310921.0858
jain_fairness        : 0.0410
p50_flow_rate        : 0.0215
p95_flow_rate        : 0.0359
mean_edge_util       : 0.7787
max_edge_util        : 329.6711
mean_hops            : 4.8068
frac_saturated_edges : 0.0911
throughput           : 107168.3870
traffic_weighted_util : 0.7787
topk_edge_load_share : 0.0522
sum_edge_load        : 19137095.0139
sum_edge_cap         : 24576000.0000
edge_util_std        : 7.9637
switch_util_std      : 12.0696
switch_util_gini     : 0.9692
frac_hot_switches    : 0.0310
mean_switch_util     : 0.7850
p95_switch_util      : 0.4608
