Generated 8192 hosts
[fat-tree] k=32, capacity=8192, hosts=8192
Graph: 9472 nodes, 24576 edges
  0%|          | 0/10 [00:00<?, ?it/s]Unique sources this epoch: 5139
 10%|█         | 1/10 [10:16<1:32:26, 616.28s/it]Unique sources this epoch: 5133
 20%|██        | 2/10 [10:52<36:39, 274.90s/it]  Unique sources this epoch: 5130
 30%|███       | 3/10 [11:32<19:34, 167.77s/it]Unique sources this epoch: 5126
 40%|████      | 4/10 [12:00<11:15, 112.60s/it]Unique sources this epoch: 5122
 50%|█████     | 5/10 [12:29<06:51, 82.38s/it] Unique sources this epoch: 5146
 60%|██████    | 6/10 [12:57<04:15, 63.85s/it]Unique sources this epoch: 5123
 70%|███████   | 7/10 [13:21<02:32, 50.89s/it]Unique sources this epoch: 5154
 80%|████████  | 8/10 [13:42<01:22, 41.27s/it]Unique sources this epoch: 5143
 90%|█████████ | 9/10 [14:08<00:36, 36.77s/it]Unique sources this epoch: 5140
100%|██████████| 10/10 [14:28<00:00, 31.41s/it]100%|██████████| 10/10 [14:28<00:00, 86.84s/it]

=== Simulation Results ===
topology : fat_tree
workload : incast
policy   : eigrp_drill_configuration

drop_ratio           : 0.9226
mean_latency         : 5.7793
offered_load         : 331092.1086
jain_fairness        : 0.3585
p50_flow_rate        : 0.0215
p95_flow_rate        : 0.0357
mean_edge_util       : 0.0779
max_edge_util        : 32.9671
mean_hops            : 4.8068
frac_saturated_edges : 0.0137
throughput           : 25611.2538
traffic_weighted_util : 0.0779
topk_edge_load_share : 0.0522
sum_edge_load        : 1913709.5014
sum_edge_cap         : 24576000.0000
edge_util_std        : 0.7757
switch_util_std      : 1.2068
switch_util_gini     : 0.9686
frac_hot_switches    : 0.0057
mean_switch_util     : 0.0785
p95_switch_util      : 0.0564
