Generated 8192 hosts
Graph: 9248 nodes, 40960 edges
  0%|          | 0/10 [00:00<?, ?it/s]Unique sources this epoch: 8192
 10%|█         | 1/10 [23:11<3:28:39, 1391.09s/it]Unique sources this epoch: 8192
 20%|██        | 2/10 [23:13<1:16:35, 574.39s/it] Unique sources this epoch: 8191
 30%|███       | 3/10 [23:16<36:33, 313.40s/it]  Unique sources this epoch: 8191
 40%|████      | 4/10 [23:19<19:04, 190.80s/it]Unique sources this epoch: 8192
 50%|█████     | 5/10 [23:22<10:15, 123.16s/it]Unique sources this epoch: 8191
 60%|██████    | 6/10 [23:25<05:29, 82.27s/it] Unique sources this epoch: 8191
 70%|███████   | 7/10 [23:28<02:48, 56.27s/it]Unique sources this epoch: 8191
 80%|████████  | 8/10 [23:31<01:18, 39.23s/it]Unique sources this epoch: 8192
 90%|█████████ | 9/10 [23:33<00:27, 27.82s/it]Unique sources this epoch: 8191
100%|██████████| 10/10 [23:36<00:00, 20.08s/it]100%|██████████| 10/10 [23:36<00:00, 141.66s/it]

=== Simulation Results ===
topology : informed_leaf_spine
workload : local_group_workload
policy   : eigrp_ecmp_configuration

drop_ratio           : 0.5011
mean_latency         : 3.5495
offered_load         : 6631410.9957
jain_fairness        : 0.8810
p50_flow_rate        : 4.1160
p95_flow_rate        : 6.6334
mean_edge_util       : 0.5747
max_edge_util        : 4.7922
mean_hops            : 2.5495
frac_saturated_edges : 0.1501
throughput           : 3308578.7056
traffic_weighted_util : 0.5747
topk_edge_load_share : 0.0006
sum_edge_load        : 23540553.2518
sum_edge_cap         : 40960000.0000
edge_util_std        : 0.6539
switch_util_std      : 0.8266
switch_util_gini     : 0.3148
frac_hot_switches    : 0.7011
mean_switch_util     : 1.4989
p95_switch_util      : 2.9175
