Generated 8192 hosts
Graph: 9248 nodes, 40960 edges
  0%|          | 0/10 [00:00<?, ?it/s]Unique sources this epoch: 8192
 10%|█         | 1/10 [08:39<1:17:52, 519.20s/it]Unique sources this epoch: 8192
 20%|██        | 2/10 [08:39<28:33, 214.18s/it]  Unique sources this epoch: 8191
 30%|███       | 3/10 [08:40<13:36, 116.71s/it]Unique sources this epoch: 8191
 40%|████      | 4/10 [08:41<07:05, 70.93s/it] Unique sources this epoch: 8192
 50%|█████     | 5/10 [08:42<03:48, 45.62s/it]Unique sources this epoch: 8191
 60%|██████    | 6/10 [08:42<02:01, 30.37s/it]Unique sources this epoch: 8191
 70%|███████   | 7/10 [08:43<01:02, 20.68s/it]Unique sources this epoch: 8191
 80%|████████  | 8/10 [08:44<00:28, 14.33s/it]Unique sources this epoch: 8192
 90%|█████████ | 9/10 [08:45<00:10, 10.09s/it]Unique sources this epoch: 8191
100%|██████████| 10/10 [08:45<00:00,  7.20s/it]100%|██████████| 10/10 [08:45<00:00, 52.58s/it]

=== Simulation Results ===
topology : informed_leaf_spine
workload : local_group_workload
policy   : ospf_drill_configuration

drop_ratio           : 0.5011
mean_latency         : 3.5495
offered_load         : 6631410.9957
jain_fairness        : 0.8810
p50_flow_rate        : 4.1160
p95_flow_rate        : 6.6334
mean_edge_util       : 0.5747
max_edge_util        : 4.7922
mean_hops            : 2.5495
frac_saturated_edges : 0.1611
throughput           : 3308575.1566
traffic_weighted_util : 0.5747
topk_edge_load_share : 0.0006
sum_edge_load        : 23540553.2518
sum_edge_cap         : 40960000.0000
edge_util_std        : 0.6690
switch_util_std      : 0.8266
switch_util_gini     : 0.3148
frac_hot_switches    : 0.7011
mean_switch_util     : 1.4989
p95_switch_util      : 2.9175
