Generated 8192 hosts
Graph: 9248 nodes, 40960 edges
  0%|          | 0/10 [00:00<?, ?it/s]Unique sources this epoch: 8192
 10%|█         | 1/10 [26:54<4:02:14, 1614.96s/it]Unique sources this epoch: 8192
 20%|██        | 2/10 [26:56<1:28:47, 665.89s/it] Unique sources this epoch: 8191
 30%|███       | 3/10 [26:58<42:18, 362.58s/it]  Unique sources this epoch: 8191
 40%|████      | 4/10 [26:59<22:00, 220.08s/it]Unique sources this epoch: 8192
 50%|█████     | 5/10 [27:01<11:46, 141.32s/it]Unique sources this epoch: 8191
 60%|██████    | 6/10 [27:03<06:15, 93.87s/it] Unique sources this epoch: 8191
 70%|███████   | 7/10 [27:04<03:11, 63.76s/it]Unique sources this epoch: 8191
 80%|████████  | 8/10 [27:06<01:28, 44.03s/it]Unique sources this epoch: 8192
 90%|█████████ | 9/10 [27:08<00:30, 30.83s/it]Unique sources this epoch: 8191
100%|██████████| 10/10 [27:10<00:00, 21.87s/it]100%|██████████| 10/10 [27:10<00:00, 163.04s/it]

=== Simulation Results ===
topology : informed_leaf_spine
workload : local_group_workload
policy   : eigrp_drill_configuration

drop_ratio           : 0.1563
mean_latency         : 3.5495
offered_load         : 3315705.4979
jain_fairness        : 0.8371
p50_flow_rate        : 3.5943
p95_flow_rate        : 5.9365
mean_edge_util       : 0.2874
max_edge_util        : 2.3961
mean_hops            : 2.5495
frac_saturated_edges : 0.0653
throughput           : 2797410.7640
traffic_weighted_util : 0.2874
topk_edge_load_share : 0.0006
sum_edge_load        : 11770276.6259
sum_edge_cap         : 40960000.0000
edge_util_std        : 0.3284
switch_util_std      : 0.4133
switch_util_gini     : 0.3148
frac_hot_switches    : 0.3661
mean_switch_util     : 0.7494
p95_switch_util      : 1.4588
