Generated 8192 hosts
Graph: 9248 nodes, 40960 edges
  0%|          | 0/10 [00:00<?, ?it/s]Unique sources this epoch: 8192
 10%|█         | 1/10 [27:04<4:03:44, 1624.98s/it]Unique sources this epoch: 8192
 20%|██        | 2/10 [27:06<1:29:20, 670.09s/it] Unique sources this epoch: 8191
 30%|███       | 3/10 [27:08<42:34, 364.97s/it]  Unique sources this epoch: 8191
 40%|████      | 4/10 [27:10<22:09, 221.62s/it]Unique sources this epoch: 8192
 50%|█████     | 5/10 [27:12<11:52, 142.42s/it]Unique sources this epoch: 8191
 60%|██████    | 6/10 [27:14<06:19, 94.76s/it] Unique sources this epoch: 8191
 70%|███████   | 7/10 [27:16<03:13, 64.49s/it]Unique sources this epoch: 8191
 80%|████████  | 8/10 [27:18<01:29, 44.53s/it]Unique sources this epoch: 8192
 90%|█████████ | 9/10 [27:20<00:31, 31.16s/it]Unique sources this epoch: 8191
100%|██████████| 10/10 [27:22<00:00, 22.08s/it]100%|██████████| 10/10 [27:22<00:00, 164.21s/it]

=== Simulation Results ===
topology : informed_leaf_spine
workload : local_group_workload
policy   : eigrp_drill_configuration

drop_ratio           : 0.5011
mean_latency         : 3.5495
offered_load         : 6631410.9957
jain_fairness        : 0.8810
p50_flow_rate        : 4.1160
p95_flow_rate        : 6.6334
mean_edge_util       : 0.5747
max_edge_util        : 4.7922
mean_hops            : 2.5495
frac_saturated_edges : 0.1516
throughput           : 3308577.9228
traffic_weighted_util : 0.5747
topk_edge_load_share : 0.0006
sum_edge_load        : 23540553.2518
sum_edge_cap         : 40960000.0000
edge_util_std        : 0.6567
switch_util_std      : 0.8266
switch_util_gini     : 0.3148
frac_hot_switches    : 0.7011
mean_switch_util     : 1.4989
p95_switch_util      : 2.9175
