Generated 8192 hosts
[fat-tree] k=32, capacity=8192, hosts=8192
Graph: 9472 nodes, 24576 edges
  0%|          | 0/10 [00:00<?, ?it/s]Unique sources this epoch: 5139
 10%|█         | 1/10 [11:48<1:46:14, 708.29s/it]Unique sources this epoch: 5133
 20%|██        | 2/10 [12:30<42:09, 316.23s/it]  Unique sources this epoch: 5130
 30%|███       | 3/10 [13:18<22:36, 193.75s/it]Unique sources this epoch: 5126
 40%|████      | 4/10 [13:50<13:00, 130.03s/it]Unique sources this epoch: 5122
 50%|█████     | 5/10 [14:23<07:55, 95.13s/it] Unique sources this epoch: 5146
 60%|██████    | 6/10 [21:41<14:06, 211.51s/it]Unique sources this epoch: 5123
 70%|███████   | 7/10 [35:51<21:01, 420.36s/it]Unique sources this epoch: 5154
 80%|████████  | 8/10 [50:21<18:46, 563.42s/it]Unique sources this epoch: 5143
 90%|█████████ | 9/10 [1:05:08<11:04, 664.78s/it]Unique sources this epoch: 5140
100%|██████████| 10/10 [1:19:19<00:00, 722.16s/it]100%|██████████| 10/10 [1:19:19<00:00, 475.95s/it]

=== Simulation Results ===
topology : fat_tree
workload : incast
policy   : eigrp_drill_configuration

drop_ratio           : 0.9701
mean_latency         : 5.7793
offered_load         : 6621842.1715
jain_fairness        : 0.0309
p50_flow_rate        : 0.0215
p95_flow_rate        : 0.0359
mean_edge_util       : 1.5574
max_edge_util        : 659.3422
mean_hops            : 4.8068
frac_saturated_edges : 0.0909
throughput           : 197787.4240
traffic_weighted_util : 1.5574
topk_edge_load_share : 0.0522
sum_edge_load        : 38274190.0277
sum_edge_cap         : 24576000.0000
edge_util_std        : 16.1549
switch_util_std      : 24.1408
switch_util_gini     : 0.9697
frac_hot_switches    : 0.0467
mean_switch_util     : 1.5700
p95_switch_util      : 0.7548
