Generated 8192 hosts
[fat-tree-informed] k=32, capacity=8192, hosts=8192
Graph: 9472 nodes, 24576 edges
  0%|          | 0/10 [00:00<?, ?it/s]Unique sources this epoch: 1018
 10%|█         | 1/10 [02:51<25:45, 171.68s/it]Unique sources this epoch: 1022
 20%|██        | 2/10 [03:07<10:38, 79.77s/it] Unique sources this epoch: 1008
 30%|███       | 3/10 [03:20<05:45, 49.38s/it]Unique sources this epoch: 1023
 40%|████      | 4/10 [03:36<03:37, 36.20s/it]Unique sources this epoch: 1039
 50%|█████     | 5/10 [03:53<02:26, 29.32s/it]Unique sources this epoch: 1049
 60%|██████    | 6/10 [04:06<01:34, 23.74s/it]Unique sources this epoch: 1030
 70%|███████   | 7/10 [04:16<00:58, 19.45s/it]Unique sources this epoch: 1025
 80%|████████  | 8/10 [04:30<00:35, 17.69s/it]Unique sources this epoch: 1010
 90%|█████████ | 9/10 [04:42<00:15, 15.69s/it]Unique sources this epoch: 1002
100%|██████████| 10/10 [04:59<00:00, 16.27s/it]100%|██████████| 10/10 [04:59<00:00, 29.98s/it]

=== Simulation Results ===
topology : informed_fat_tree
workload : incast
policy   : eigrp_drill_configuration

drop_ratio           : 0.0433
mean_latency         : 3.2485
offered_load         : 20591.6892
jain_fairness        : 0.8087
p50_flow_rate        : 0.1986
p95_flow_rate        : 0.3444
mean_edge_util       : 0.0027
max_edge_util        : 1.5806
mean_hops            : 2.2771
frac_saturated_edges : 0.0003
throughput           : 19699.1825
traffic_weighted_util : 0.0027
topk_edge_load_share : 0.0564
sum_edge_load        : 66967.3822
sum_edge_cap         : 24576000.0000
edge_util_std        : 0.0390
switch_util_std      : 0.0560
switch_util_gini     : 0.9882
frac_hot_switches    : 0.0010
mean_switch_util     : 0.0045
p95_switch_util      : 0.0025
