Generated 8192 hosts
[fat-tree] k=32, capacity=8192, hosts=8192
Graph: 9472 nodes, 24576 edges
  0%|          | 0/10 [00:00<?, ?it/s]Unique sources this epoch: 8192
 10%|█         | 1/10 [04:17<38:35, 257.22s/it]Unique sources this epoch: 8192
 20%|██        | 2/10 [04:21<14:25, 108.20s/it]Unique sources this epoch: 8191
 30%|███       | 3/10 [04:25<07:04, 60.59s/it] Unique sources this epoch: 8191
 40%|████      | 4/10 [04:28<03:49, 38.18s/it]Unique sources this epoch: 8192
 50%|█████     | 5/10 [04:32<02:08, 25.78s/it]Unique sources this epoch: 8191
 60%|██████    | 6/10 [04:36<01:13, 18.31s/it]Unique sources this epoch: 8191
 70%|███████   | 7/10 [04:40<00:40, 13.50s/it]Unique sources this epoch: 8191
 80%|████████  | 8/10 [04:43<00:20, 10.32s/it]Unique sources this epoch: 8192
 90%|█████████ | 9/10 [04:47<00:08,  8.21s/it]Unique sources this epoch: 8191
100%|██████████| 10/10 [04:50<00:00,  6.74s/it]100%|██████████| 10/10 [04:50<00:00, 29.06s/it]

=== Simulation Results ===
topology : fat_tree
workload : local_group_workload
policy   : conga_configuration

drop_ratio           : 0.1957
mean_latency         : 5.9353
offered_load         : 3315705.4979
jain_fairness        : 0.8508
p50_flow_rate        : 3.4670
p95_flow_rate        : 5.4651
mean_edge_util       : 0.8007
max_edge_util        : 2.3961
mean_hops            : 4.9353
frac_saturated_edges : 0.3217
throughput           : 2666732.2919
traffic_weighted_util : 0.8007
topk_edge_load_share : 0.0004
sum_edge_load        : 19678447.4778
sum_edge_cap         : 24576000.0000
edge_util_std        : 0.3784
switch_util_std      : 0.3917
switch_util_gini     : 0.2770
frac_hot_switches    : 0.4185
mean_switch_util     : 0.8081
p95_switch_util      : 1.4546
