Generated 8192 hosts
[fat-tree-informed] k=32, capacity=8192, hosts=8192
Graph: 9472 nodes, 24576 edges
  0%|          | 0/10 [00:00<?, ?it/s]Unique sources this epoch: 5139
 10%|█         | 1/10 [02:22<21:18, 142.08s/it]Unique sources this epoch: 5133
 20%|██        | 2/10 [02:30<08:25, 63.17s/it] Unique sources this epoch: 5130
 30%|███       | 3/10 [02:41<04:37, 39.70s/it]Unique sources this epoch: 5126
 40%|████      | 4/10 [02:47<02:38, 26.40s/it]Unique sources this epoch: 5122
 50%|█████     | 5/10 [02:54<01:36, 19.25s/it]Unique sources this epoch: 5146
 60%|██████    | 6/10 [03:00<00:58, 14.74s/it]Unique sources this epoch: 5123
 70%|███████   | 7/10 [03:05<00:35, 11.67s/it]Unique sources this epoch: 5154
 80%|████████  | 8/10 [03:10<00:19,  9.56s/it]Unique sources this epoch: 5143
 90%|█████████ | 9/10 [03:15<00:07,  7.91s/it]Unique sources this epoch: 5140
100%|██████████| 10/10 [03:25<00:00,  8.64s/it]100%|██████████| 10/10 [03:25<00:00, 20.53s/it]

=== Simulation Results ===
topology : informed_fat_tree
workload : incast
policy   : conga_configuration

drop_ratio           : 0.9226
mean_latency         : 3.2407
offered_load         : 331092.1086
jain_fairness        : 0.1628
p50_flow_rate        : 0.0215
p95_flow_rate        : 0.0358
mean_edge_util       : 0.0437
max_edge_util        : 32.9671
mean_hops            : 2.2682
frac_saturated_edges : 0.0026
throughput           : 25611.2538
traffic_weighted_util : 0.0437
topk_edge_load_share : 0.0930
sum_edge_load        : 1073171.9774
sum_edge_cap         : 24576000.0000
edge_util_std        : 0.8516
switch_util_std      : 1.2271
switch_util_gini     : 0.9735
frac_hot_switches    : 0.0041
mean_switch_util     : 0.0730
p95_switch_util      : 0.0141
