Generated 8192 hosts
[fat-tree] k=32, capacity=8192, hosts=8192
Graph: 9472 nodes, 24576 edges
  0%|          | 0/10 [00:00<?, ?it/s]Unique sources this epoch: 8192
 10%|█         | 1/10 [04:09<37:24, 249.44s/it]Unique sources this epoch: 8192
 20%|██        | 2/10 [04:13<13:59, 104.92s/it]Unique sources this epoch: 8191
 30%|███       | 3/10 [04:17<06:51, 58.77s/it] Unique sources this epoch: 8191
 40%|████      | 4/10 [04:20<03:42, 37.05s/it]Unique sources this epoch: 8192
 50%|█████     | 5/10 [04:24<02:05, 25.02s/it]Unique sources this epoch: 8191
 60%|██████    | 6/10 [04:28<01:11, 17.75s/it]Unique sources this epoch: 8191
 70%|███████   | 7/10 [04:31<00:39, 13.07s/it]Unique sources this epoch: 8191
 80%|████████  | 8/10 [04:34<00:19,  9.99s/it]Unique sources this epoch: 8192
 90%|█████████ | 9/10 [04:38<00:07,  7.92s/it]Unique sources this epoch: 8191
100%|██████████| 10/10 [04:41<00:00,  6.49s/it]100%|██████████| 10/10 [04:41<00:00, 28.16s/it]

=== Simulation Results ===
topology : fat_tree
workload : local_group_workload
policy   : conga_configuration

drop_ratio           : 0.5395
mean_latency         : 5.9353
offered_load         : 6631410.9957
jain_fairness        : 0.8957
p50_flow_rate        : 3.8529
p95_flow_rate        : 5.8921
mean_edge_util       : 1.6014
max_edge_util        : 4.7922
mean_hops            : 4.9353
frac_saturated_edges : 0.7521
throughput           : 3053908.4944
traffic_weighted_util : 1.6014
topk_edge_load_share : 0.0004
sum_edge_load        : 39356894.9557
sum_edge_cap         : 24576000.0000
edge_util_std        : 0.7567
switch_util_std      : 0.7834
switch_util_gini     : 0.2770
frac_hot_switches    : 0.7835
mean_switch_util     : 1.6161
p95_switch_util      : 2.9091
