Generated 8192 hosts
[fat-tree-informed] k=32, capacity=8192, hosts=8192
Graph: 9472 nodes, 24576 edges
  0%|          | 0/10 [00:00<?, ?it/s]Unique sources this epoch: 5139
 10%|█         | 1/10 [02:52<25:50, 172.26s/it]Unique sources this epoch: 5133
 20%|██        | 2/10 [03:02<10:13, 76.67s/it] Unique sources this epoch: 5130
 30%|███       | 3/10 [03:15<05:34, 47.74s/it]Unique sources this epoch: 5126
 40%|████      | 4/10 [03:22<03:10, 31.76s/it]Unique sources this epoch: 5122
 50%|█████     | 5/10 [03:29<01:54, 22.96s/it]Unique sources this epoch: 5146
 60%|██████    | 6/10 [03:37<01:10, 17.62s/it]Unique sources this epoch: 5123
 70%|███████   | 7/10 [03:43<00:41, 13.93s/it]Unique sources this epoch: 5154
 80%|████████  | 8/10 [03:49<00:22, 11.27s/it]Unique sources this epoch: 5143
 90%|█████████ | 9/10 [03:54<00:09,  9.53s/it]Unique sources this epoch: 5140
100%|██████████| 10/10 [04:05<00:00,  9.81s/it]100%|██████████| 10/10 [04:05<00:00, 24.52s/it]

=== Simulation Results ===
topology : informed_fat_tree
workload : incast
policy   : conga_configuration

drop_ratio           : 0.9701
mean_latency         : 3.2407
offered_load         : 6621842.1715
jain_fairness        : 0.0263
p50_flow_rate        : 0.0215
p95_flow_rate        : 0.0359
mean_edge_util       : 0.8733
max_edge_util        : 659.3422
mean_hops            : 2.2682
frac_saturated_edges : 0.0114
throughput           : 197787.4240
traffic_weighted_util : 0.8733
topk_edge_load_share : 0.0930
sum_edge_load        : 21463439.5488
sum_edge_cap         : 24576000.0000
edge_util_std        : 17.0313
switch_util_std      : 24.5420
switch_util_gini     : 0.9735
frac_hot_switches    : 0.0053
mean_switch_util     : 1.4591
p95_switch_util      : 0.2815
