Generated 8192 hosts
[fat-tree-informed] k=32, capacity=8192, hosts=8192
Graph: 9472 nodes, 24576 edges
  0%|          | 0/10 [00:00<?, ?it/s]Unique sources this epoch: 5139
 10%|█         | 1/10 [02:21<21:14, 141.60s/it]Unique sources this epoch: 5133
 20%|██        | 2/10 [02:29<08:23, 62.94s/it] Unique sources this epoch: 5130
 30%|███       | 3/10 [02:41<04:37, 39.59s/it]Unique sources this epoch: 5126
 40%|████      | 4/10 [02:47<02:38, 26.35s/it]Unique sources this epoch: 5122
 50%|█████     | 5/10 [02:53<01:36, 19.24s/it]Unique sources this epoch: 5146
 60%|██████    | 6/10 [03:00<00:59, 14.77s/it]Unique sources this epoch: 5123
 70%|███████   | 7/10 [03:05<00:35, 11.68s/it]Unique sources this epoch: 5154
 80%|████████  | 8/10 [03:10<00:19,  9.60s/it]Unique sources this epoch: 5143
 90%|█████████ | 9/10 [03:14<00:07,  7.95s/it]Unique sources this epoch: 5140
100%|██████████| 10/10 [03:25<00:00,  8.69s/it]100%|██████████| 10/10 [03:25<00:00, 20.52s/it]

=== Simulation Results ===
topology : informed_fat_tree
workload : incast
policy   : conga_configuration

drop_ratio           : 0.9476
mean_latency         : 3.2407
offered_load         : 662184.2172
jain_fairness        : 0.0792
p50_flow_rate        : 0.0215
p95_flow_rate        : 0.0359
mean_edge_util       : 0.0873
max_edge_util        : 65.9342
mean_hops            : 2.2682
frac_saturated_edges : 0.0028
throughput           : 34673.1575
traffic_weighted_util : 0.0873
topk_edge_load_share : 0.0930
sum_edge_load        : 2146343.9549
sum_edge_cap         : 24576000.0000
edge_util_std        : 1.7031
switch_util_std      : 2.4542
switch_util_gini     : 0.9735
frac_hot_switches    : 0.0049
mean_switch_util     : 0.1459
p95_switch_util      : 0.0282
