Generated 8192 hosts
Graph: 9472 nodes, 24576 edges
  0%|          | 0/10 [00:00<?, ?it/s]Unique sources this epoch: 1018
 10%|█         | 1/10 [00:23<03:27, 23.04s/it]Unique sources this epoch: 1022
 20%|██        | 2/10 [00:24<01:24, 10.54s/it]Unique sources this epoch: 1008
 30%|███       | 3/10 [00:27<00:48,  6.88s/it]Unique sources this epoch: 1023
 40%|████      | 4/10 [00:29<00:29,  4.97s/it]Unique sources this epoch: 1039
 50%|█████     | 5/10 [00:31<00:19,  3.91s/it]Unique sources this epoch: 1049
 60%|██████    | 6/10 [00:34<00:14,  3.58s/it]Unique sources this epoch: 1030
 70%|███████   | 7/10 [00:35<00:08,  2.93s/it]Unique sources this epoch: 1025
 80%|████████  | 8/10 [00:37<00:05,  2.55s/it]Unique sources this epoch: 1010
 90%|█████████ | 9/10 [00:39<00:02,  2.20s/it]Unique sources this epoch: 1002
100%|██████████| 10/10 [00:42<00:00,  2.50s/it]100%|██████████| 10/10 [00:42<00:00,  4.23s/it]

=== Simulation Results ===
topology : jellyfish
workload : incast
policy   : rip_configuration

drop_ratio           : 0.0433
mean_latency         : 4.4110
offered_load         : 20591.6892
jain_fairness        : 0.8139
p50_flow_rate        : 0.2025
p95_flow_rate        : 0.3458
mean_edge_util       : 0.0037
max_edge_util        : 1.5806
mean_hops            : 3.4396
frac_saturated_edges : 0.0003
throughput           : 19699.1825
traffic_weighted_util : 0.0037
topk_edge_load_share : 0.0416
sum_edge_load        : 90770.3057
sum_edge_cap         : 24576000.0000
edge_util_std        : 0.0358
switch_util_std      : 0.0551
switch_util_gini     : 0.9833
frac_hot_switches    : 0.0010
mean_switch_util     : 0.0047
p95_switch_util      : 0.0032
