Generated 8192 hosts
[fat-tree-informed] k=32, capacity=8192, hosts=8192
Graph: 9472 nodes, 24576 edges
  0%|          | 0/10 [00:00<?, ?it/s]Unique sources this epoch: 5139
 10%|█         | 1/10 [02:31<22:43, 151.51s/it]Unique sources this epoch: 5133
 20%|██        | 2/10 [02:39<08:57, 67.23s/it] Unique sources this epoch: 5130
 30%|███       | 3/10 [02:50<04:50, 41.52s/it]Unique sources this epoch: 5126
 40%|████      | 4/10 [02:56<02:45, 27.61s/it]Unique sources this epoch: 5122
 50%|█████     | 5/10 [03:03<01:39, 19.98s/it]Unique sources this epoch: 5146
 60%|██████    | 6/10 [03:09<01:01, 15.40s/it]Unique sources this epoch: 5123
 70%|███████   | 7/10 [03:15<00:36, 12.20s/it]Unique sources this epoch: 5154
 80%|████████  | 8/10 [03:20<00:19,  9.83s/it]Unique sources this epoch: 5143
 90%|█████████ | 9/10 [03:24<00:08,  8.01s/it]Unique sources this epoch: 5140
100%|██████████| 10/10 [03:33<00:00,  8.35s/it]100%|██████████| 10/10 [03:33<00:00, 21.34s/it]

=== Simulation Results ===
topology : informed_fat_tree
workload : incast
policy   : rip_configuration

drop_ratio           : 0.9701
mean_latency         : 3.2407
offered_load         : 3310921.0858
jain_fairness        : 0.0263
p50_flow_rate        : 0.0034
p95_flow_rate        : 0.0320
mean_edge_util       : 0.4367
max_edge_util        : 2614.5490
mean_hops            : 2.2682
frac_saturated_edges : 0.0059
throughput           : 98863.8873
traffic_weighted_util : 0.4367
topk_edge_load_share : 0.3770
sum_edge_load        : 10731719.7744
sum_edge_cap         : 24576000.0000
edge_util_std        : 18.0393
switch_util_std      : 12.3348
switch_util_gini     : 0.9779
frac_hot_switches    : 0.0045
mean_switch_util     : 0.7295
p95_switch_util      : 0.1375
