Generated 8192 hosts
Graph: 9472 nodes, 24576 edges
  0%|          | 0/10 [00:00<?, ?it/s]Unique sources this epoch: 1018
 10%|█         | 1/10 [00:47<07:07, 47.51s/it]Unique sources this epoch: 1022
 20%|██        | 2/10 [00:51<02:54, 21.81s/it]Unique sources this epoch: 1008
 30%|███       | 3/10 [00:55<01:37, 13.88s/it]Unique sources this epoch: 1023
 40%|████      | 4/10 [01:00<01:00, 10.07s/it]Unique sources this epoch: 1039
 50%|█████     | 5/10 [01:04<00:39,  7.99s/it]Unique sources this epoch: 1049
 60%|██████    | 6/10 [01:09<00:27,  6.95s/it]Unique sources this epoch: 1030
 70%|███████   | 7/10 [01:12<00:17,  5.78s/it]Unique sources this epoch: 1025
 80%|████████  | 8/10 [01:16<00:10,  5.18s/it]Unique sources this epoch: 1010
 90%|█████████ | 9/10 [01:19<00:04,  4.55s/it]Unique sources this epoch: 1002
100%|██████████| 10/10 [01:25<00:00,  4.80s/it]100%|██████████| 10/10 [01:25<00:00,  8.50s/it]

=== Simulation Results ===
topology : jellyfish
workload : incast
policy   : ospf_configuration

drop_ratio           : 0.0433
mean_latency         : 4.4110
offered_load         : 20591.6892
jain_fairness        : 0.8139
p50_flow_rate        : 0.2025
p95_flow_rate        : 0.3458
mean_edge_util       : 0.0037
max_edge_util        : 1.5806
mean_hops            : 3.4396
frac_saturated_edges : 0.0003
throughput           : 19699.1825
traffic_weighted_util : 0.0037
topk_edge_load_share : 0.0416
sum_edge_load        : 90770.3057
sum_edge_cap         : 24576000.0000
edge_util_std        : 0.0357
switch_util_std      : 0.0551
switch_util_gini     : 0.9831
frac_hot_switches    : 0.0010
mean_switch_util     : 0.0047
p95_switch_util      : 0.0032
