Generated 8192 hosts
[fat-tree-informed] k=32, capacity=8192, hosts=8192
Graph: 9472 nodes, 24576 edges
  0%|          | 0/10 [00:00<?, ?it/s]Unique sources this epoch: 5139
 10%|█         | 1/10 [02:35<23:16, 155.12s/it]Unique sources this epoch: 5133
 20%|██        | 2/10 [02:42<09:07, 68.50s/it] Unique sources this epoch: 5130
 30%|███       | 3/10 [02:54<04:55, 42.26s/it]Unique sources this epoch: 5126
 40%|████      | 4/10 [03:00<02:48, 28.12s/it]Unique sources this epoch: 5122
 50%|█████     | 5/10 [03:06<01:41, 20.31s/it]Unique sources this epoch: 5146
 60%|██████    | 6/10 [03:13<01:02, 15.56s/it]Unique sources this epoch: 5123
 70%|███████   | 7/10 [03:18<00:36, 12.29s/it]Unique sources this epoch: 5154
 80%|████████  | 8/10 [03:23<00:19,  9.92s/it]Unique sources this epoch: 5143
 90%|█████████ | 9/10 [03:27<00:08,  8.08s/it]Unique sources this epoch: 5140
100%|██████████| 10/10 [03:36<00:00,  8.40s/it]100%|██████████| 10/10 [03:36<00:00, 21.68s/it]

=== Simulation Results ===
topology : informed_fat_tree
workload : incast
policy   : rip_configuration

drop_ratio           : 0.9714
mean_latency         : 3.2407
offered_load         : 6621842.1715
jain_fairness        : 0.0241
p50_flow_rate        : 0.0034
p95_flow_rate        : 0.0320
mean_edge_util       : 0.8733
max_edge_util        : 5229.0980
mean_hops            : 2.2682
frac_saturated_edges : 0.0160
throughput           : 189482.9243
traffic_weighted_util : 0.8733
topk_edge_load_share : 0.3770
sum_edge_load        : 21463439.5488
sum_edge_cap         : 24576000.0000
edge_util_std        : 36.0786
switch_util_std      : 24.6696
switch_util_gini     : 0.9779
frac_hot_switches    : 0.0062
mean_switch_util     : 1.4591
p95_switch_util      : 0.2750
