Generated 8192 hosts
[fat-tree-informed] k=32, capacity=8192, hosts=8192
Graph: 9472 nodes, 24576 edges
  0%|          | 0/10 [00:00<?, ?it/s]Unique sources this epoch: 5139
 10%|█         | 1/10 [02:02<18:23, 122.64s/it]Unique sources this epoch: 5133
 20%|██        | 2/10 [02:08<07:12, 54.10s/it] Unique sources this epoch: 5130
 30%|███       | 3/10 [02:17<03:54, 33.45s/it]Unique sources this epoch: 5126
 40%|████      | 4/10 [02:22<02:12, 22.13s/it]Unique sources this epoch: 5122
 50%|█████     | 5/10 [02:27<01:19, 15.94s/it]Unique sources this epoch: 5146
 60%|██████    | 6/10 [02:32<00:48, 12.09s/it]Unique sources this epoch: 5123
 70%|███████   | 7/10 [02:36<00:28,  9.58s/it]Unique sources this epoch: 5154
 80%|████████  | 8/10 [02:39<00:15,  7.66s/it]Unique sources this epoch: 5143
 90%|█████████ | 9/10 [02:43<00:06,  6.22s/it]Unique sources this epoch: 5140
100%|██████████| 10/10 [02:50<00:00,  6.62s/it]100%|██████████| 10/10 [02:50<00:00, 17.05s/it]

=== Simulation Results ===
topology : informed_fat_tree
workload : incast
policy   : rip_configuration

drop_ratio           : 0.9602
mean_latency         : 3.2407
offered_load         : 662184.2172
jain_fairness        : 0.0463
p50_flow_rate        : 0.0034
p95_flow_rate        : 0.0320
mean_edge_util       : 0.0873
max_edge_util        : 522.9098
mean_hops            : 2.2682
frac_saturated_edges : 0.0025
throughput           : 26368.6578
traffic_weighted_util : 0.0873
topk_edge_load_share : 0.3770
sum_edge_load        : 2146343.9549
sum_edge_cap         : 24576000.0000
edge_util_std        : 3.6079
switch_util_std      : 2.4670
switch_util_gini     : 0.9779
frac_hot_switches    : 0.0038
mean_switch_util     : 0.1459
p95_switch_util      : 0.0275
