Generated 8192 hosts
[fat-tree] k=32, capacity=8192, hosts=8192
Graph: 9472 nodes, 24576 edges
  0%|          | 0/10 [00:00<?, ?it/s]Unique sources this epoch: 1018
 10%|█         | 1/10 [00:21<03:17, 21.95s/it]Unique sources this epoch: 1022
 20%|██        | 2/10 [00:23<01:20, 10.06s/it]Unique sources this epoch: 1008
 30%|███       | 3/10 [00:26<00:45,  6.55s/it]Unique sources this epoch: 1023
 40%|████      | 4/10 [00:28<00:28,  4.74s/it]Unique sources this epoch: 1039
 50%|█████     | 5/10 [00:29<00:18,  3.73s/it]Unique sources this epoch: 1049
 60%|██████    | 6/10 [00:32<00:13,  3.36s/it]Unique sources this epoch: 1030
 70%|███████   | 7/10 [00:34<00:08,  2.77s/it]Unique sources this epoch: 1025
 80%|████████  | 8/10 [00:35<00:04,  2.42s/it]Unique sources this epoch: 1010
 90%|█████████ | 9/10 [00:37<00:02,  2.11s/it]Unique sources this epoch: 1002
100%|██████████| 10/10 [00:40<00:00,  2.35s/it]100%|██████████| 10/10 [00:40<00:00,  4.01s/it]

=== Simulation Results ===
topology : fat_tree
workload : incast
policy   : rip_configuration

drop_ratio           : 0.5257
mean_latency         : 5.7721
offered_load         : 20591.6892
jain_fairness        : 0.7511
p50_flow_rate        : 0.0846
p95_flow_rate        : 0.2135
mean_edge_util       : 0.0048
max_edge_util        : 5.1781
mean_hops            : 4.8007
frac_saturated_edges : 0.0012
throughput           : 9765.7767
traffic_weighted_util : 0.0048
topk_edge_load_share : 0.1117
sum_edge_load        : 118894.7386
sum_edge_cap         : 24576000.0000
edge_util_std        : 0.0766
switch_util_std      : 0.0570
switch_util_gini     : 0.9887
frac_hot_switches    : 0.0011
mean_switch_util     : 0.0049
p95_switch_util      : 0.0027
