Generated 8192 hosts
[fat-tree] k=32, capacity=8192, hosts=8192
Graph: 9472 nodes, 24576 edges
  0%|          | 0/10 [00:00<?, ?it/s]Unique sources this epoch: 8192
 10%|█         | 1/10 [03:45<33:51, 225.74s/it]Unique sources this epoch: 8192
 20%|██        | 2/10 [03:50<12:45, 95.66s/it] Unique sources this epoch: 8192
 30%|███       | 3/10 [03:55<06:19, 54.17s/it]Unique sources this epoch: 8192
 40%|████      | 4/10 [03:59<03:27, 34.67s/it]Unique sources this epoch: 8192
 50%|█████     | 5/10 [04:04<01:59, 23.89s/it]Unique sources this epoch: 8191
 60%|██████    | 6/10 [04:09<01:09, 17.38s/it]Unique sources this epoch: 8191
 70%|███████   | 7/10 [04:14<00:39, 13.27s/it]Unique sources this epoch: 8190
 80%|████████  | 8/10 [04:18<00:21, 10.53s/it]Unique sources this epoch: 8192
 90%|█████████ | 9/10 [04:23<00:08,  8.74s/it]Unique sources this epoch: 8192
100%|██████████| 10/10 [04:28<00:00,  7.51s/it]100%|██████████| 10/10 [04:28<00:00, 26.84s/it]

=== Simulation Results ===
topology : fat_tree
workload : random_workload
policy   : conga_configuration

drop_ratio           : 0.5379
mean_latency         : 5.9334
offered_load         : 6620088.3906
jain_fairness        : 0.8944
p50_flow_rate        : 3.8563
p95_flow_rate        : 5.9243
mean_edge_util       : 1.5983
max_edge_util        : 5.6035
mean_hops            : 4.9334
frac_saturated_edges : 0.7519
throughput           : 3059371.2046
traffic_weighted_util : 1.5983
topk_edge_load_share : 0.0004
sum_edge_load        : 39279324.0781
sum_edge_cap         : 24576000.0000
edge_util_std        : 0.7560
switch_util_std      : 0.7825
switch_util_gini     : 0.2771
frac_hot_switches    : 0.7832
mean_switch_util     : 1.6133
p95_switch_util      : 2.9057
