Generated 8192 hosts
[fat-tree] k=32, capacity=8192, hosts=8192
Graph: 9472 nodes, 24576 edges
  0%|          | 0/10 [00:00<?, ?it/s]Unique sources this epoch: 5139
 10%|█         | 1/10 [02:45<24:46, 165.15s/it]Unique sources this epoch: 5133
 20%|██        | 2/10 [02:53<09:43, 73.00s/it] Unique sources this epoch: 5130
 30%|███       | 3/10 [03:08<05:24, 46.30s/it]Unique sources this epoch: 5126
 40%|████      | 4/10 [03:15<03:04, 30.82s/it]Unique sources this epoch: 5122
 50%|█████     | 5/10 [03:22<01:51, 22.21s/it]Unique sources this epoch: 5146
 60%|██████    | 6/10 [03:29<01:07, 16.98s/it]Unique sources this epoch: 5123
 70%|███████   | 7/10 [03:35<00:40, 13.41s/it]Unique sources this epoch: 5154
 80%|████████  | 8/10 [03:40<00:21, 10.84s/it]Unique sources this epoch: 5143
 90%|█████████ | 9/10 [03:45<00:08,  8.90s/it]Unique sources this epoch: 5140
100%|██████████| 10/10 [03:56<00:00,  9.62s/it]100%|██████████| 10/10 [03:56<00:00, 23.63s/it]

=== Simulation Results ===
topology : fat_tree
workload : incast
policy   : conga_configuration

drop_ratio           : 0.9701
mean_latency         : 5.7793
offered_load         : 6621842.1715
jain_fairness        : 0.0263
p50_flow_rate        : 0.0215
p95_flow_rate        : 0.0359
mean_edge_util       : 1.5574
max_edge_util        : 659.3422
mean_hops            : 4.8068
frac_saturated_edges : 0.0895
throughput           : 197787.4240
traffic_weighted_util : 1.5574
topk_edge_load_share : 0.0522
sum_edge_load        : 38274190.0277
sum_edge_cap         : 24576000.0000
edge_util_std        : 15.6099
switch_util_std      : 24.1373
switch_util_gini     : 0.9688
frac_hot_switches    : 0.0524
mean_switch_util     : 1.5700
p95_switch_util      : 1.0241
