Generated 8192 hosts
[fat-tree-informed] k=32, capacity=8192, hosts=8192
Graph: 9472 nodes, 24576 edges
  0%|          | 0/10 [00:00<?, ?it/s]Unique sources this epoch: 5139
 10%|█         | 1/10 [03:29<31:22, 209.14s/it]Unique sources this epoch: 5133
 20%|██        | 2/10 [03:41<12:24, 93.10s/it] Unique sources this epoch: 5130
 30%|███       | 3/10 [07:43<18:50, 161.47s/it]Unique sources this epoch: 5126
 40%|████      | 4/10 [11:44<19:17, 192.93s/it]Unique sources this epoch: 5122
 50%|█████     | 5/10 [15:49<17:37, 211.52s/it]Unique sources this epoch: 5146
 60%|██████    | 6/10 [19:54<14:51, 222.75s/it]Unique sources this epoch: 5123
 70%|███████   | 7/10 [23:54<11:25, 228.40s/it]Unique sources this epoch: 5154
 80%|████████  | 8/10 [27:53<07:44, 232.00s/it]Unique sources this epoch: 5143
 90%|█████████ | 9/10 [31:56<03:55, 235.22s/it]Unique sources this epoch: 5140
100%|██████████| 10/10 [36:02<00:00, 238.65s/it]100%|██████████| 10/10 [36:02<00:00, 216.24s/it]

=== Simulation Results ===
topology : informed_fat_tree
workload : incast
policy   : ospf_configuration

drop_ratio           : 0.9714
mean_latency         : 3.2407
offered_load         : 6621842.1715
jain_fairness        : 0.0241
p50_flow_rate        : 0.0034
p95_flow_rate        : 0.0320
mean_edge_util       : 0.8733
max_edge_util        : 5229.0980
mean_hops            : 2.2682
frac_saturated_edges : 0.0160
throughput           : 189482.9243
traffic_weighted_util : 0.8733
topk_edge_load_share : 0.2087
sum_edge_load        : 21463439.5488
sum_edge_cap         : 24576000.0000
edge_util_std        : 36.0786
switch_util_std      : 24.6696
switch_util_gini     : 0.9779
frac_hot_switches    : 0.0062
mean_switch_util     : 1.4591
p95_switch_util      : 0.2750
