Generated 8192 hosts
[fat-tree-informed] k=32, capacity=8192, hosts=8192
Graph: 9472 nodes, 24576 edges
  0%|          | 0/10 [00:00<?, ?it/s]Unique sources this epoch: 5139
 10%|█         | 1/10 [04:29<40:26, 269.64s/it]Unique sources this epoch: 5133
 20%|██        | 2/10 [04:44<15:57, 119.67s/it]Unique sources this epoch: 5130
 30%|███       | 3/10 [09:37<23:13, 199.08s/it]Unique sources this epoch: 5126
 40%|████      | 4/10 [14:44<24:08, 241.45s/it]Unique sources this epoch: 5122
 50%|█████     | 5/10 [19:52<22:07, 265.42s/it]Unique sources this epoch: 5146
 60%|██████    | 6/10 [25:03<18:44, 281.15s/it]Unique sources this epoch: 5123
 70%|███████   | 7/10 [30:08<14:26, 288.76s/it]Unique sources this epoch: 5154
 80%|████████  | 8/10 [35:27<09:56, 298.35s/it]Unique sources this epoch: 5143
 90%|█████████ | 9/10 [40:32<05:00, 300.61s/it]Unique sources this epoch: 5140
100%|██████████| 10/10 [45:42<00:00, 303.56s/it]100%|██████████| 10/10 [45:42<00:00, 274.30s/it]

=== Simulation Results ===
topology : informed_fat_tree
workload : incast
policy   : ospf_configuration

drop_ratio           : 0.9602
mean_latency         : 3.2407
offered_load         : 662184.2172
jain_fairness        : 0.0463
p50_flow_rate        : 0.0034
p95_flow_rate        : 0.0320
mean_edge_util       : 0.0873
max_edge_util        : 522.9098
mean_hops            : 2.2682
frac_saturated_edges : 0.0025
throughput           : 26368.6578
traffic_weighted_util : 0.0873
topk_edge_load_share : 0.2087
sum_edge_load        : 2146343.9549
sum_edge_cap         : 24576000.0000
edge_util_std        : 3.6079
switch_util_std      : 2.4670
switch_util_gini     : 0.9779
frac_hot_switches    : 0.0038
mean_switch_util     : 0.1459
p95_switch_util      : 0.0275
