Generated 8192 hosts
[fat-tree-informed] k=32, capacity=8192, hosts=8192
Graph: 9472 nodes, 24576 edges
  0%|          | 0/10 [00:00<?, ?it/s]Unique sources this epoch: 5139
 10%|█         | 1/10 [10:30<1:34:38, 630.99s/it]Unique sources this epoch: 5133
 20%|██        | 2/10 [11:13<37:57, 284.71s/it]  Unique sources this epoch: 5130
 30%|███       | 3/10 [17:17<37:27, 321.03s/it]Unique sources this epoch: 5126
 40%|████      | 4/10 [28:57<47:03, 470.62s/it]Unique sources this epoch: 5122
 50%|█████     | 5/10 [40:37<46:07, 553.50s/it]Unique sources this epoch: 5146
 60%|██████    | 6/10 [52:28<40:26, 606.74s/it]Unique sources this epoch: 5123
 70%|███████   | 7/10 [1:04:02<31:46, 635.50s/it]Unique sources this epoch: 5154
 80%|████████  | 8/10 [1:15:54<21:59, 659.66s/it]Unique sources this epoch: 5143
 90%|█████████ | 9/10 [1:27:47<11:16, 676.35s/it]Unique sources this epoch: 5140
100%|██████████| 10/10 [1:39:23<00:00, 682.40s/it]100%|██████████| 10/10 [1:39:23<00:00, 596.31s/it]

=== Simulation Results ===
topology : informed_fat_tree
workload : incast
policy   : eigrp_configuration

drop_ratio           : 0.9699
mean_latency         : 3.2407
offered_load         : 3310921.0858
jain_fairness        : 0.0318
p50_flow_rate        : 0.0063
p95_flow_rate        : 0.0320
mean_edge_util       : 0.4367
max_edge_util        : 1307.2745
mean_hops            : 2.2682
frac_saturated_edges : 0.0038
throughput           : 99748.6945
traffic_weighted_util : 0.4367
topk_edge_load_share : 0.1117
sum_edge_load        : 10731719.7744
sum_edge_cap         : 24576000.0000
edge_util_std        : 13.9186
switch_util_std      : 12.3016
switch_util_gini     : 0.9776
frac_hot_switches    : 0.0040
mean_switch_util     : 0.7295
p95_switch_util      : 0.1399
