Generated 8192 hosts
[fat-tree-informed] k=32, capacity=8192, hosts=8192
Graph: 9472 nodes, 24576 edges
  0%|          | 0/10 [00:00<?, ?it/s]Unique sources this epoch: 5139
 10%|█         | 1/10 [10:11<1:31:41, 611.27s/it]Unique sources this epoch: 5133
 20%|██        | 2/10 [10:53<36:50, 276.32s/it]  Unique sources this epoch: 5130
 30%|███       | 3/10 [11:24<19:12, 164.68s/it]Unique sources this epoch: 5126
 40%|████      | 4/10 [11:51<11:00, 110.01s/it]Unique sources this epoch: 5122
 50%|█████     | 5/10 [12:18<06:41, 80.32s/it] Unique sources this epoch: 5146
 60%|██████    | 6/10 [12:44<04:07, 61.88s/it]Unique sources this epoch: 5123
 70%|███████   | 7/10 [13:08<02:28, 49.38s/it]Unique sources this epoch: 5154
 80%|████████  | 8/10 [13:38<01:26, 43.04s/it]Unique sources this epoch: 5143
 90%|█████████ | 9/10 [19:16<02:15, 135.36s/it]Unique sources this epoch: 5140
100%|██████████| 10/10 [30:47<00:00, 307.06s/it]100%|██████████| 10/10 [30:47<00:00, 184.79s/it]

=== Simulation Results ===
topology : informed_fat_tree
workload : incast
policy   : eigrp_configuration

drop_ratio           : 0.9467
mean_latency         : 3.2407
offered_load         : 331092.1086
jain_fairness        : 0.1612
p50_flow_rate        : 0.0051
p95_flow_rate        : 0.0319
mean_edge_util       : 0.0437
max_edge_util        : 224.0741
mean_hops            : 2.2682
frac_saturated_edges : 0.0018
throughput           : 17661.9038
traffic_weighted_util : 0.0437
topk_edge_load_share : 0.3021
sum_edge_load        : 1073171.9774
sum_edge_cap         : 24576000.0000
edge_util_std        : 1.6327
switch_util_std      : 1.2319
switch_util_gini     : 0.9774
frac_hot_switches    : 0.0038
mean_switch_util     : 0.0730
p95_switch_util      : 0.0139
