Generated 8192 hosts
[fat-tree-informed] k=32, capacity=8192, hosts=8192
Graph: 9472 nodes, 24576 edges
  0%|          | 0/10 [00:00<?, ?it/s]Unique sources this epoch: 5139
 10%|█         | 1/10 [10:02<1:30:26, 602.95s/it]Unique sources this epoch: 5133
 20%|██        | 2/10 [10:43<36:18, 272.34s/it]  Unique sources this epoch: 5130
 30%|███       | 3/10 [11:15<18:57, 162.54s/it]Unique sources this epoch: 5126
 40%|████      | 4/10 [11:41<10:51, 108.54s/it]Unique sources this epoch: 5122
 50%|█████     | 5/10 [12:08<06:35, 79.19s/it] Unique sources this epoch: 5146
 60%|██████    | 6/10 [18:04<11:32, 173.15s/it]Unique sources this epoch: 5123
 70%|███████   | 7/10 [29:17<16:49, 336.58s/it]Unique sources this epoch: 5154
 80%|████████  | 8/10 [40:26<14:45, 442.59s/it]Unique sources this epoch: 5143
 90%|█████████ | 9/10 [46:54<07:05, 425.37s/it]Unique sources this epoch: 5140
100%|██████████| 10/10 [47:26<00:00, 304.06s/it]100%|██████████| 10/10 [47:26<00:00, 284.67s/it]

=== Simulation Results ===
topology : informed_fat_tree
workload : incast
policy   : eigrp_configuration

drop_ratio           : 0.9596
mean_latency         : 3.2407
offered_load         : 662184.2172
jain_fairness        : 0.0812
p50_flow_rate        : 0.0055
p95_flow_rate        : 0.0320
mean_edge_util       : 0.0873
max_edge_util        : 520.3062
mean_hops            : 2.2682
frac_saturated_edges : 0.0029
throughput           : 26762.7498
traffic_weighted_util : 0.0873
topk_edge_load_share : 0.2507
sum_edge_load        : 2146343.9549
sum_edge_cap         : 24576000.0000
edge_util_std        : 3.2802
switch_util_std      : 2.4640
switch_util_gini     : 0.9776
frac_hot_switches    : 0.0039
mean_switch_util     : 0.1459
p95_switch_util      : 0.0277
