Generated 8192 hosts
[fat-tree] k=32, capacity=8192, hosts=8192
Graph: 9472 nodes, 24576 edges
  0%|          | 0/10 [00:00<?, ?it/s]Unique sources this epoch: 8192
 10%|█         | 1/10 [09:40<1:27:01, 580.14s/it]Unique sources this epoch: 8192
 20%|██        | 2/10 [09:43<32:06, 240.76s/it]  Unique sources this epoch: 8191
 30%|███       | 3/10 [09:46<15:26, 132.34s/it]Unique sources this epoch: 8191
 40%|████      | 4/10 [09:50<08:08, 81.43s/it] Unique sources this epoch: 8192
 50%|█████     | 5/10 [09:54<04:28, 53.65s/it]Unique sources this epoch: 8191
 60%|██████    | 6/10 [09:57<02:25, 36.49s/it]Unique sources this epoch: 8191
 70%|███████   | 7/10 [10:00<01:16, 25.44s/it]Unique sources this epoch: 8191
 80%|████████  | 8/10 [10:02<00:36, 18.18s/it]Unique sources this epoch: 8192
 90%|█████████ | 9/10 [10:05<00:13, 13.38s/it]Unique sources this epoch: 8191
100%|██████████| 10/10 [10:08<00:00, 10.12s/it]100%|██████████| 10/10 [10:08<00:00, 60.86s/it]

=== Simulation Results ===
topology : fat_tree
workload : local_group_workload
policy   : ospf_ecmp_configuration

drop_ratio           : 0.2223
mean_latency         : 5.9353
offered_load         : 3315705.4979
jain_fairness        : 0.8554
p50_flow_rate        : 3.3473
p95_flow_rate        : 5.2472
mean_edge_util       : 0.8007
max_edge_util        : 2.4897
mean_hops            : 4.9353
frac_saturated_edges : 0.3170
throughput           : 2578544.4254
traffic_weighted_util : 0.8007
topk_edge_load_share : 0.0004
sum_edge_load        : 19678447.4778
sum_edge_cap         : 24576000.0000
edge_util_std        : 0.3954
switch_util_std      : 0.3919
switch_util_gini     : 0.2771
frac_hot_switches    : 0.4184
mean_switch_util     : 0.8081
p95_switch_util      : 1.4546
