Generated 8192 hosts
[fat-tree-informed] k=32, capacity=8192, hosts=8192
Graph: 9472 nodes, 24576 edges
  0%|          | 0/10 [00:00<?, ?it/s]Unique sources this epoch: 5139
 10%|█         | 1/10 [04:18<38:50, 258.89s/it]Unique sources this epoch: 5133
 20%|██        | 2/10 [04:33<15:23, 115.42s/it]Unique sources this epoch: 5130
 30%|███       | 3/10 [04:51<08:14, 70.58s/it] Unique sources this epoch: 5126
 40%|████      | 4/10 [05:02<04:43, 47.29s/it]Unique sources this epoch: 5122
 50%|█████     | 5/10 [05:14<02:52, 34.49s/it]Unique sources this epoch: 5146
 60%|██████    | 6/10 [05:26<01:46, 26.69s/it]Unique sources this epoch: 5123
 70%|███████   | 7/10 [05:36<01:03, 21.26s/it]Unique sources this epoch: 5154
 80%|████████  | 8/10 [05:46<00:35, 17.75s/it]Unique sources this epoch: 5143
 90%|█████████ | 9/10 [05:53<00:14, 14.55s/it]Unique sources this epoch: 5140
100%|██████████| 10/10 [06:06<00:00, 14.09s/it]100%|██████████| 10/10 [06:06<00:00, 36.69s/it]

=== Simulation Results ===
topology : informed_fat_tree
workload : incast
policy   : ospf_ecmp_configuration

drop_ratio           : 0.9226
mean_latency         : 3.2407
offered_load         : 331092.1086
jain_fairness        : 0.1628
p50_flow_rate        : 0.0215
p95_flow_rate        : 0.0358
mean_edge_util       : 0.0437
max_edge_util        : 32.9671
mean_hops            : 2.2682
frac_saturated_edges : 0.0027
throughput           : 25611.2538
traffic_weighted_util : 0.0437
topk_edge_load_share : 0.0930
sum_edge_load        : 1073171.9774
sum_edge_cap         : 24576000.0000
edge_util_std        : 0.8515
switch_util_std      : 1.2271
switch_util_gini     : 0.9731
frac_hot_switches    : 0.0041
mean_switch_util     : 0.0730
p95_switch_util      : 0.0137
