Generated 8192 hosts
[fat-tree] k=32, capacity=8192, hosts=8192
Graph: 9472 nodes, 24576 edges
  0%|          | 0/10 [00:00<?, ?it/s]Unique sources this epoch: 8192
 10%|█         | 1/10 [09:55<1:29:18, 595.41s/it]Unique sources this epoch: 8192
 20%|██        | 2/10 [09:58<32:54, 246.78s/it]  Unique sources this epoch: 8191
 30%|███       | 3/10 [10:00<15:47, 135.34s/it]Unique sources this epoch: 8191
 40%|████      | 4/10 [10:03<08:18, 83.04s/it] Unique sources this epoch: 8192
 50%|█████     | 5/10 [10:06<04:30, 54.14s/it]Unique sources this epoch: 8191
 60%|██████    | 6/10 [10:09<02:27, 36.80s/it]Unique sources this epoch: 8191
 70%|███████   | 7/10 [10:12<01:17, 25.68s/it]Unique sources this epoch: 8191
 80%|████████  | 8/10 [10:15<00:36, 18.41s/it]Unique sources this epoch: 8192
 90%|█████████ | 9/10 [10:18<00:13, 13.57s/it]Unique sources this epoch: 8191
100%|██████████| 10/10 [10:21<00:00, 10.30s/it]100%|██████████| 10/10 [10:21<00:00, 62.13s/it]

=== Simulation Results ===
topology : fat_tree
workload : local_group_workload
policy   : ospf_ecmp_configuration

drop_ratio           : 0.5576
mean_latency         : 5.9353
offered_load         : 6631410.9957
jain_fairness        : 0.8970
p50_flow_rate        : 3.6973
p95_flow_rate        : 5.6630
mean_edge_util       : 1.6014
max_edge_util        : 4.9793
mean_hops            : 4.9353
frac_saturated_edges : 0.7404
throughput           : 2933780.4783
traffic_weighted_util : 1.6014
topk_edge_load_share : 0.0004
sum_edge_load        : 39356894.9557
sum_edge_cap         : 24576000.0000
edge_util_std        : 0.7908
switch_util_std      : 0.7837
switch_util_gini     : 0.2771
frac_hot_switches    : 0.7834
mean_switch_util     : 1.6161
p95_switch_util      : 2.9092
