Generated 8192 hosts
[fat-tree-informed] k=32, capacity=8192, hosts=8192
Graph: 9472 nodes, 24576 edges
  0%|          | 0/10 [00:00<?, ?it/s]Unique sources this epoch: 5139
 10%|█         | 1/10 [04:44<42:43, 284.87s/it]Unique sources this epoch: 5133
 20%|██        | 2/10 [04:59<16:47, 125.99s/it]Unique sources this epoch: 5130
 30%|███       | 3/10 [10:20<25:04, 214.97s/it]Unique sources this epoch: 5126
 40%|████      | 4/10 [16:02<26:29, 264.94s/it]Unique sources this epoch: 5122
 50%|█████     | 5/10 [21:32<24:02, 288.44s/it]Unique sources this epoch: 5146
 60%|██████    | 6/10 [27:15<20:28, 307.07s/it]Unique sources this epoch: 5123
 70%|███████   | 7/10 [32:58<15:56, 318.72s/it]Unique sources this epoch: 5154
 80%|████████  | 8/10 [38:42<10:53, 326.83s/it]Unique sources this epoch: 5143
 90%|█████████ | 9/10 [44:24<05:31, 331.77s/it]Unique sources this epoch: 5140
100%|██████████| 10/10 [49:54<00:00, 331.08s/it]100%|██████████| 10/10 [49:54<00:00, 299.44s/it]

=== Simulation Results ===
topology : informed_fat_tree
workload : incast
policy   : ospf_ecmp_configuration

drop_ratio           : 0.9711
mean_latency         : 3.2407
offered_load         : 6621842.1715
jain_fairness        : 0.0247
p50_flow_rate        : 0.0142
p95_flow_rate        : 0.0356
mean_edge_util       : 0.8733
max_edge_util        : 5220.8678
mean_hops            : 2.2682
frac_saturated_edges : 0.0129
throughput           : 191591.1324
traffic_weighted_util : 0.8733
topk_edge_load_share : 0.1862
sum_edge_load        : 21463439.5488
sum_edge_cap         : 24576000.0000
edge_util_std        : 34.7829
switch_util_std      : 24.6513
switch_util_gini     : 0.9772
frac_hot_switches    : 0.0056
mean_switch_util     : 1.4591
p95_switch_util      : 0.2782
