Generated 8192 hosts
[fat-tree] k=32, capacity=8192, hosts=8192
Graph: 9472 nodes, 24576 edges
  0%|          | 0/10 [00:00<?, ?it/s]Unique sources this epoch: 8192
 10%|█         | 1/10 [20:05<3:00:49, 1205.50s/it]Unique sources this epoch: 8192
 20%|██        | 2/10 [20:10<1:06:32, 499.12s/it] Unique sources this epoch: 8191
 30%|███       | 3/10 [20:14<31:53, 273.34s/it]  Unique sources this epoch: 8191
 40%|████      | 4/10 [20:20<16:44, 167.49s/it]Unique sources this epoch: 8192
 50%|█████     | 5/10 [20:25<09:04, 108.91s/it]Unique sources this epoch: 8191
 60%|██████    | 6/10 [20:29<04:53, 73.48s/it] Unique sources this epoch: 8191
 70%|███████   | 7/10 [20:35<02:33, 51.25s/it]Unique sources this epoch: 8191
 80%|████████  | 8/10 [20:40<01:13, 36.59s/it]Unique sources this epoch: 8192
 90%|█████████ | 9/10 [20:45<00:26, 26.64s/it]Unique sources this epoch: 8191
100%|██████████| 10/10 [20:50<00:00, 20.10s/it]100%|██████████| 10/10 [20:50<00:00, 125.07s/it]

=== Simulation Results ===
topology : fat_tree
workload : local_group_workload
policy   : eigrp_ecmp_configuration

drop_ratio           : 0.1962
mean_latency         : 5.9353
offered_load         : 3315705.4979
jain_fairness        : 0.8517
p50_flow_rate        : 3.4705
p95_flow_rate        : 5.4446
mean_edge_util       : 0.8007
max_edge_util        : 2.3961
mean_hops            : 4.9353
frac_saturated_edges : 0.3225
throughput           : 2665259.0311
traffic_weighted_util : 0.8007
topk_edge_load_share : 0.0004
sum_edge_load        : 19678447.4778
sum_edge_cap         : 24576000.0000
edge_util_std        : 0.3785
switch_util_std      : 0.3917
switch_util_gini     : 0.2770
frac_hot_switches    : 0.4184
mean_switch_util     : 0.8081
p95_switch_util      : 1.4546
