Generated 8192 hosts
[fat-tree-informed] k=32, capacity=8192, hosts=8192
Graph: 9472 nodes, 24576 edges
  0%|          | 0/10 [00:00<?, ?it/s]Unique sources this epoch: 5139
 10%|█         | 1/10 [11:15<1:41:22, 675.85s/it]Unique sources this epoch: 5133
 20%|██        | 2/10 [12:03<40:52, 306.54s/it]  Unique sources this epoch: 5130
 30%|███       | 3/10 [12:39<21:20, 182.90s/it]Unique sources this epoch: 5126
 40%|████      | 4/10 [13:10<12:16, 122.81s/it]Unique sources this epoch: 5122
 50%|█████     | 5/10 [13:43<07:32, 90.53s/it] Unique sources this epoch: 5146
 60%|██████    | 6/10 [14:16<04:43, 70.86s/it]Unique sources this epoch: 5123
 70%|███████   | 7/10 [14:42<02:48, 56.32s/it]Unique sources this epoch: 5154
 80%|████████  | 8/10 [21:27<05:34, 167.16s/it]Unique sources this epoch: 5143
 90%|█████████ | 9/10 [34:43<06:03, 363.84s/it]Unique sources this epoch: 5140
100%|██████████| 10/10 [47:52<00:00, 495.15s/it]100%|██████████| 10/10 [47:52<00:00, 287.27s/it]

=== Simulation Results ===
topology : informed_fat_tree
workload : incast
policy   : eigrp_ecmp_configuration

drop_ratio           : 0.9681
mean_latency         : 3.2407
offered_load         : 3310921.0858
jain_fairness        : 0.0390
p50_flow_rate        : 0.0204
p95_flow_rate        : 0.0359
mean_edge_util       : 0.4367
max_edge_util        : 1307.2745
mean_hops            : 2.2682
frac_saturated_edges : 0.0071
throughput           : 105595.2478
traffic_weighted_util : 0.4367
topk_edge_load_share : 0.1274
sum_edge_load        : 10731719.7744
sum_edge_cap         : 24576000.0000
edge_util_std        : 10.9854
switch_util_std      : 12.2815
switch_util_gini     : 0.9743
frac_hot_switches    : 0.0052
mean_switch_util     : 0.7295
p95_switch_util      : 0.1391
