Generated 8192 hosts
[fat-tree] k=32, capacity=8192, hosts=8192
Graph: 9472 nodes, 24576 edges
  0%|          | 0/10 [00:00<?, ?it/s]Unique sources this epoch: 8192
 10%|█         | 1/10 [16:24<2:27:36, 984.11s/it]Unique sources this epoch: 8192
 20%|██        | 2/10 [16:28<54:21, 407.74s/it]  Unique sources this epoch: 8191
 30%|███       | 3/10 [16:32<26:05, 223.62s/it]Unique sources this epoch: 8191
 40%|████      | 4/10 [16:37<13:42, 137.12s/it]Unique sources this epoch: 8192
 50%|█████     | 5/10 [16:41<07:26, 89.29s/it] Unique sources this epoch: 8191
 60%|██████    | 6/10 [16:46<04:01, 60.47s/it]Unique sources this epoch: 8191
 70%|███████   | 7/10 [16:50<02:06, 42.18s/it]Unique sources this epoch: 8191
 80%|████████  | 8/10 [16:55<01:00, 30.19s/it]Unique sources this epoch: 8192
 90%|█████████ | 9/10 [17:00<00:22, 22.17s/it]Unique sources this epoch: 8191
100%|██████████| 10/10 [17:04<00:00, 16.73s/it]100%|██████████| 10/10 [17:04<00:00, 102.46s/it]

=== Simulation Results ===
topology : fat_tree
workload : local_group_workload
policy   : eigrp_ecmp_configuration

drop_ratio           : 0.5383
mean_latency         : 5.9353
offered_load         : 6631410.9957
jain_fairness        : 0.8967
p50_flow_rate        : 3.8651
p95_flow_rate        : 5.8904
mean_edge_util       : 1.6014
max_edge_util        : 4.7922
mean_hops            : 4.9353
frac_saturated_edges : 0.7503
throughput           : 3061600.2778
traffic_weighted_util : 1.6014
topk_edge_load_share : 0.0004
sum_edge_load        : 39356894.9557
sum_edge_cap         : 24576000.0000
edge_util_std        : 0.7570
switch_util_std      : 0.7835
switch_util_gini     : 0.2770
frac_hot_switches    : 0.7835
mean_switch_util     : 1.6161
p95_switch_util      : 2.9091
