Generated 8192 hosts
[fat-tree-informed] k=32, capacity=8192, hosts=8192
Graph: 9472 nodes, 24576 edges
  0%|          | 0/10 [00:00<?, ?it/s]Unique sources this epoch: 5139
 10%|█         | 1/10 [11:37<1:44:36, 697.42s/it]Unique sources this epoch: 5133
 20%|██        | 2/10 [12:25<42:03, 315.45s/it]  Unique sources this epoch: 5130
 30%|███       | 3/10 [13:04<22:04, 189.19s/it]Unique sources this epoch: 5126
 40%|████      | 4/10 [13:36<12:42, 127.02s/it]Unique sources this epoch: 5122
 50%|█████     | 5/10 [14:08<07:44, 92.92s/it] Unique sources this epoch: 5146
 60%|██████    | 6/10 [14:40<04:48, 72.10s/it]Unique sources this epoch: 5123
 70%|███████   | 7/10 [15:08<02:53, 57.71s/it]Unique sources this epoch: 5154
 80%|████████  | 8/10 [15:42<01:40, 50.17s/it]Unique sources this epoch: 5143
 90%|█████████ | 9/10 [16:02<00:40, 40.74s/it]Unique sources this epoch: 5140
100%|██████████| 10/10 [16:25<00:00, 35.27s/it]100%|██████████| 10/10 [16:25<00:00, 98.54s/it]

=== Simulation Results ===
topology : informed_fat_tree
workload : incast
policy   : eigrp_ecmp_configuration

drop_ratio           : 0.9476
mean_latency         : 3.2407
offered_load         : 662184.2172
jain_fairness        : 0.1628
p50_flow_rate        : 0.0215
p95_flow_rate        : 0.0358
mean_edge_util       : 0.0873
max_edge_util        : 65.9342
mean_hops            : 2.2682
frac_saturated_edges : 0.0028
throughput           : 34673.1575
traffic_weighted_util : 0.0873
topk_edge_load_share : 0.0930
sum_edge_load        : 2146343.9549
sum_edge_cap         : 24576000.0000
edge_util_std        : 1.7028
switch_util_std      : 2.4542
switch_util_gini     : 0.9731
frac_hot_switches    : 0.0049
mean_switch_util     : 0.1459
p95_switch_util      : 0.0274
