Generated 8192 hosts
[fat-tree-informed] k=32, capacity=8192, hosts=8192
Graph: 9472 nodes, 24576 edges
  0%|          | 0/10 [00:00<?, ?it/s]Unique sources this epoch: 5139
 10%|█         | 1/10 [04:57<44:35, 297.28s/it]Unique sources this epoch: 5133
 20%|██        | 2/10 [05:13<17:35, 131.89s/it]Unique sources this epoch: 5130
 30%|███       | 3/10 [05:32<09:24, 80.61s/it] Unique sources this epoch: 5126
 40%|████      | 4/10 [05:46<05:23, 53.96s/it]Unique sources this epoch: 5122
 50%|█████     | 5/10 [05:59<03:16, 39.35s/it]Unique sources this epoch: 5146
 60%|██████    | 6/10 [06:12<02:01, 30.31s/it]Unique sources this epoch: 5123
 70%|███████   | 7/10 [06:23<01:12, 24.10s/it]Unique sources this epoch: 5154
 80%|████████  | 8/10 [06:33<00:39, 19.57s/it]Unique sources this epoch: 5143
 90%|█████████ | 9/10 [06:42<00:16, 16.20s/it]Unique sources this epoch: 5140
100%|██████████| 10/10 [06:56<00:00, 15.61s/it]100%|██████████| 10/10 [06:56<00:00, 41.66s/it]

=== Simulation Results ===
topology : informed_fat_tree
workload : incast
policy   : ospf_drill_configuration

drop_ratio           : 0.9226
mean_latency         : 3.2407
offered_load         : 331092.1086
jain_fairness        : 0.1628
p50_flow_rate        : 0.0215
p95_flow_rate        : 0.0358
mean_edge_util       : 0.0437
max_edge_util        : 32.9671
mean_hops            : 2.2682
frac_saturated_edges : 0.0027
throughput           : 25611.2538
traffic_weighted_util : 0.0437
topk_edge_load_share : 0.0930
sum_edge_load        : 1073171.9774
sum_edge_cap         : 24576000.0000
edge_util_std        : 0.8529
switch_util_std      : 1.2271
switch_util_gini     : 0.9732
frac_hot_switches    : 0.0042
mean_switch_util     : 0.0730
p95_switch_util      : 0.0137
