Generated 8192 hosts
[fat-tree-informed] k=32, capacity=8192, hosts=8192
Graph: 9472 nodes, 24576 edges
  0%|          | 0/10 [00:00<?, ?it/s]Unique sources this epoch: 5139
 10%|█         | 1/10 [04:52<43:49, 292.21s/it]Unique sources this epoch: 5133
 20%|██        | 2/10 [05:07<17:15, 129.42s/it]Unique sources this epoch: 5130
 30%|███       | 3/10 [05:27<09:14, 79.28s/it] Unique sources this epoch: 5126
 40%|████      | 4/10 [05:40<05:18, 53.02s/it]Unique sources this epoch: 5122
 50%|█████     | 5/10 [05:53<03:14, 38.83s/it]Unique sources this epoch: 5146
 60%|██████    | 6/10 [06:06<01:59, 29.93s/it]Unique sources this epoch: 5123
 70%|███████   | 7/10 [06:17<01:11, 23.79s/it]Unique sources this epoch: 5154
 80%|████████  | 8/10 [06:26<00:38, 19.23s/it]Unique sources this epoch: 5143
 90%|█████████ | 9/10 [06:40<00:17, 17.32s/it]Unique sources this epoch: 5140
100%|██████████| 10/10 [06:49<00:00, 14.96s/it]100%|██████████| 10/10 [06:49<00:00, 40.98s/it]

=== Simulation Results ===
topology : informed_fat_tree
workload : incast
policy   : ospf_drill_configuration

drop_ratio           : 0.9476
mean_latency         : 3.2407
offered_load         : 662184.2172
jain_fairness        : 0.0792
p50_flow_rate        : 0.0215
p95_flow_rate        : 0.0359
mean_edge_util       : 0.0873
max_edge_util        : 65.9342
mean_hops            : 2.2682
frac_saturated_edges : 0.0027
throughput           : 34673.1575
traffic_weighted_util : 0.0873
topk_edge_load_share : 0.0930
sum_edge_load        : 2146343.9549
sum_edge_cap         : 24576000.0000
edge_util_std        : 1.7058
switch_util_std      : 2.4542
switch_util_gini     : 0.9732
frac_hot_switches    : 0.0049
mean_switch_util     : 0.1459
p95_switch_util      : 0.0273
