Generated 8192 hosts
[fat-tree] k=32, capacity=8192, hosts=8192
Graph: 9472 nodes, 24576 edges
  0%|          | 0/10 [00:00<?, ?it/s]Unique sources this epoch: 8192
 10%|█         | 1/10 [02:44<24:41, 164.64s/it]Unique sources this epoch: 8192
 20%|██        | 2/10 [02:45<09:06, 68.35s/it] Unique sources this epoch: 8192
 30%|███       | 3/10 [02:46<04:23, 37.58s/it]Unique sources this epoch: 8192
 40%|████      | 4/10 [02:47<02:18, 23.13s/it]Unique sources this epoch: 8192
 50%|█████     | 5/10 [02:48<01:15, 15.14s/it]Unique sources this epoch: 8191
 60%|██████    | 6/10 [02:49<00:41, 10.32s/it]Unique sources this epoch: 8191
 70%|███████   | 7/10 [02:50<00:21,  7.27s/it]Unique sources this epoch: 8190
 80%|████████  | 8/10 [02:51<00:10,  5.27s/it]Unique sources this epoch: 8192
 90%|█████████ | 9/10 [02:52<00:03,  3.93s/it]Unique sources this epoch: 8192
100%|██████████| 10/10 [02:53<00:00,  3.03s/it]100%|██████████| 10/10 [02:53<00:00, 17.34s/it]

=== Simulation Results ===
topology : fat_tree
workload : random_workload
policy   : rip_configuration

drop_ratio           : 0.9913
mean_latency         : 5.9334
offered_load         : 3310044.1953
jain_fairness        : 0.0393
p50_flow_rate        : 0.0207
p95_flow_rate        : 0.0352
mean_edge_util       : 0.7991
max_edge_util        : 325.3571
mean_hops            : 4.9334
frac_saturated_edges : 0.1308
throughput           : 28677.4813
traffic_weighted_util : 0.7991
topk_edge_load_share : 0.0522
sum_edge_load        : 19639662.0391
sum_edge_cap         : 24576000.0000
edge_util_std        : 8.0909
switch_util_std      : 2.3961
switch_util_gini     : 0.3841
frac_hot_switches    : 0.3843
mean_switch_util     : 0.8067
p95_switch_util      : 1.4664
