Generated 8192 hosts
[fat-tree] k=32, capacity=8192, hosts=8192
Graph: 9472 nodes, 24576 edges
  0%|          | 0/10 [00:00<?, ?it/s]Unique sources this epoch: 1018
 10%|█         | 1/10 [00:46<06:58, 46.52s/it]Unique sources this epoch: 1022
 20%|██        | 2/10 [00:50<02:49, 21.23s/it]Unique sources this epoch: 1008
 30%|███       | 3/10 [00:54<01:34, 13.49s/it]Unique sources this epoch: 1023
 40%|████      | 4/10 [00:58<00:58,  9.82s/it]Unique sources this epoch: 1039
 50%|█████     | 5/10 [01:02<00:38,  7.80s/it]Unique sources this epoch: 1049
 60%|██████    | 6/10 [01:07<00:27,  6.77s/it]Unique sources this epoch: 1030
 70%|███████   | 7/10 [01:10<00:16,  5.63s/it]Unique sources this epoch: 1025
 80%|████████  | 8/10 [01:14<00:09,  4.97s/it]Unique sources this epoch: 1010
 90%|█████████ | 9/10 [01:17<00:04,  4.34s/it]Unique sources this epoch: 1002
100%|██████████| 10/10 [01:22<00:00,  4.52s/it]100%|██████████| 10/10 [01:22<00:00,  8.22s/it]

=== Simulation Results ===
topology : fat_tree
workload : incast
policy   : ospf_configuration

drop_ratio           : 0.5016
mean_latency         : 5.7721
offered_load         : 20591.6892
jain_fairness        : 0.7373
p50_flow_rate        : 0.0872
p95_flow_rate        : 0.2358
mean_edge_util       : 0.0048
max_edge_util        : 5.0270
mean_hops            : 4.8007
frac_saturated_edges : 0.0012
throughput           : 10263.4692
traffic_weighted_util : 0.0048
topk_edge_load_share : 0.1089
sum_edge_load        : 118894.7386
sum_edge_cap         : 24576000.0000
edge_util_std        : 0.0748
switch_util_std      : 0.0569
switch_util_gini     : 0.9882
frac_hot_switches    : 0.0011
mean_switch_util     : 0.0049
p95_switch_util      : 0.0027
