Generated 8192 hosts
[fat-tree-informed] k=32, capacity=8192, hosts=8192
Graph: 9472 nodes, 24576 edges
  0%|          | 0/10 [00:00<?, ?it/s]Unique sources this epoch: 5139
 10%|█         | 1/10 [12:24<1:51:44, 744.94s/it]Unique sources this epoch: 5133
 20%|██        | 2/10 [13:09<44:23, 332.95s/it]  Unique sources this epoch: 5130
 30%|███       | 3/10 [13:56<23:35, 202.16s/it]Unique sources this epoch: 5126
 40%|████      | 4/10 [14:28<13:30, 135.05s/it]Unique sources this epoch: 5122
 50%|█████     | 5/10 [15:00<08:10, 98.09s/it] Unique sources this epoch: 5146
 60%|██████    | 6/10 [15:32<05:02, 75.60s/it]Unique sources this epoch: 5123
 70%|███████   | 7/10 [16:00<02:59, 59.85s/it]Unique sources this epoch: 5154
 80%|████████  | 8/10 [23:17<05:59, 179.94s/it]Unique sources this epoch: 5143
 90%|█████████ | 9/10 [36:47<06:17, 377.13s/it]Unique sources this epoch: 5140
100%|██████████| 10/10 [49:57<00:00, 504.46s/it]100%|██████████| 10/10 [49:57<00:00, 299.75s/it]

=== Simulation Results ===
topology : informed_fat_tree
workload : incast
policy   : eigrp_drill_configuration

drop_ratio           : 0.9682
mean_latency         : 3.2407
offered_load         : 3310921.0858
jain_fairness        : 0.0387
p50_flow_rate        : 0.0202
p95_flow_rate        : 0.0359
mean_edge_util       : 0.4367
max_edge_util        : 1307.2745
mean_hops            : 2.2682
frac_saturated_edges : 0.0064
throughput           : 105343.9349
traffic_weighted_util : 0.4367
topk_edge_load_share : 0.1311
sum_edge_load        : 10731719.7744
sum_edge_cap         : 24576000.0000
edge_util_std        : 11.3623
switch_util_std      : 12.2853
switch_util_gini     : 0.9746
frac_hot_switches    : 0.0051
mean_switch_util     : 0.7295
p95_switch_util      : 0.1376
