Generated 8192 hosts
[fat-tree] k=32, capacity=8192, hosts=8192
Graph: 9472 nodes, 24576 edges
  0%|          | 0/10 [00:00<?, ?it/s]Unique sources this epoch: 8192
 10%|█         | 1/10 [16:06<2:25:02, 966.97s/it]Unique sources this epoch: 8192
 20%|██        | 2/10 [16:08<53:12, 399.11s/it]  Unique sources this epoch: 8191
 30%|███       | 3/10 [16:10<25:23, 217.69s/it]Unique sources this epoch: 8191
 40%|████      | 4/10 [16:12<13:14, 132.45s/it]Unique sources this epoch: 8192
 50%|█████     | 5/10 [16:13<07:06, 85.32s/it] Unique sources this epoch: 8191
 60%|██████    | 6/10 [16:15<03:47, 56.92s/it]Unique sources this epoch: 8191
 70%|███████   | 7/10 [16:17<01:56, 38.88s/it]Unique sources this epoch: 8191
 80%|████████  | 8/10 [16:19<00:54, 27.06s/it]Unique sources this epoch: 8192
 90%|█████████ | 9/10 [16:20<00:19, 19.15s/it]Unique sources this epoch: 8191
100%|██████████| 10/10 [16:22<00:00, 13.78s/it]100%|██████████| 10/10 [16:22<00:00, 98.27s/it]

=== Simulation Results ===
topology : fat_tree
workload : local_group_workload
policy   : eigrp_drill_configuration

drop_ratio           : 0.5342
mean_latency         : 5.9353
offered_load         : 6631410.9957
jain_fairness        : 0.8970
p50_flow_rate        : 3.9036
p95_flow_rate        : 5.9297
mean_edge_util       : 1.6014
max_edge_util        : 4.7922
mean_hops            : 4.9353
frac_saturated_edges : 0.7496
throughput           : 3088767.2939
traffic_weighted_util : 1.6014
topk_edge_load_share : 0.0004
sum_edge_load        : 39356894.9557
sum_edge_cap         : 24576000.0000
edge_util_std        : 0.7536
switch_util_std      : 0.7834
switch_util_gini     : 0.2770
frac_hot_switches    : 0.7835
mean_switch_util     : 1.6161
p95_switch_util      : 2.9091
