Generated 8192 hosts
[fat-tree-informed] k=32, capacity=8192, hosts=8192
Graph: 9472 nodes, 24576 edges
  0%|          | 0/10 [00:00<?, ?it/s]Unique sources this epoch: 5139
 10%|█         | 1/10 [12:00<1:48:01, 720.16s/it]Unique sources this epoch: 5133
 20%|██        | 2/10 [12:41<42:47, 320.88s/it]  Unique sources this epoch: 5130
 30%|███       | 3/10 [13:27<22:46, 195.23s/it]Unique sources this epoch: 5126
 40%|████      | 4/10 [13:58<13:03, 130.64s/it]Unique sources this epoch: 5122
 50%|█████     | 5/10 [14:31<07:56, 95.21s/it] Unique sources this epoch: 5146
 60%|██████    | 6/10 [15:02<04:54, 73.60s/it]Unique sources this epoch: 5123
 70%|███████   | 7/10 [15:30<02:55, 58.66s/it]Unique sources this epoch: 5154
 80%|████████  | 8/10 [15:54<01:34, 47.40s/it]Unique sources this epoch: 5143
 90%|█████████ | 9/10 [16:23<00:41, 41.79s/it]Unique sources this epoch: 5140
100%|██████████| 10/10 [16:45<00:00, 35.75s/it]100%|██████████| 10/10 [16:45<00:00, 100.58s/it]

=== Simulation Results ===
topology : informed_fat_tree
workload : incast
policy   : eigrp_drill_configuration

drop_ratio           : 0.9476
mean_latency         : 3.2407
offered_load         : 662184.2172
jain_fairness        : 0.1628
p50_flow_rate        : 0.0215
p95_flow_rate        : 0.0358
mean_edge_util       : 0.0873
max_edge_util        : 65.9342
mean_hops            : 2.2682
frac_saturated_edges : 0.0028
throughput           : 34673.1575
traffic_weighted_util : 0.0873
topk_edge_load_share : 0.0930
sum_edge_load        : 2146343.9549
sum_edge_cap         : 24576000.0000
edge_util_std        : 1.7046
switch_util_std      : 2.4542
switch_util_gini     : 0.9732
frac_hot_switches    : 0.0049
mean_switch_util     : 0.1459
p95_switch_util      : 0.0275
