Generated 8192 hosts
[fat-tree-informed] k=32, capacity=8192, hosts=8192
Graph: 9472 nodes, 24576 edges
  0%|          | 0/10 [00:00<?, ?it/s]Unique sources this epoch: 5139
 10%|█         | 1/10 [09:09<1:22:25, 549.50s/it]Unique sources this epoch: 5133
 20%|██        | 2/10 [09:40<32:37, 244.70s/it]  Unique sources this epoch: 5130
 30%|███       | 3/10 [10:17<17:28, 149.84s/it]Unique sources this epoch: 5126
 40%|████      | 4/10 [10:43<10:03, 100.66s/it]Unique sources this epoch: 5122
 50%|█████     | 5/10 [11:08<06:08, 73.67s/it] Unique sources this epoch: 5146
 60%|██████    | 6/10 [16:18<10:15, 153.94s/it]Unique sources this epoch: 5123
 70%|███████   | 7/10 [26:32<15:13, 304.44s/it]Unique sources this epoch: 5154
 80%|████████  | 8/10 [36:53<13:30, 405.00s/it]Unique sources this epoch: 5143
 90%|█████████ | 9/10 [47:39<08:00, 480.46s/it]Unique sources this epoch: 5140
100%|██████████| 10/10 [58:24<00:00, 531.36s/it]100%|██████████| 10/10 [58:24<00:00, 350.50s/it]

=== Simulation Results ===
topology : informed_fat_tree
workload : incast
policy   : eigrp_drill_configuration

drop_ratio           : 0.9706
mean_latency         : 3.2407
offered_load         : 6621842.1715
jain_fairness        : 0.0291
p50_flow_rate        : 0.0188
p95_flow_rate        : 0.0359
mean_edge_util       : 0.8733
max_edge_util        : 2614.5490
mean_hops            : 2.2682
frac_saturated_edges : 0.0129
throughput           : 194657.6703
traffic_weighted_util : 0.8733
topk_edge_load_share : 0.1260
sum_edge_load        : 21463439.5488
sum_edge_cap         : 24576000.0000
edge_util_std        : 25.0242
switch_util_std      : 24.5829
switch_util_gini     : 0.9755
frac_hot_switches    : 0.0060
mean_switch_util     : 1.4591
p95_switch_util      : 0.2790
