Generated 8192 hosts
Graph: 9472 nodes, 24576 edges
  0%|          | 0/10 [00:00<?, ?it/s]Unique sources this epoch: 5139
 10%|█         | 1/10 [02:24<21:41, 144.66s/it]Unique sources this epoch: 5133
 20%|██        | 2/10 [02:32<08:33, 64.25s/it] Unique sources this epoch: 5130
 30%|███       | 3/10 [02:43<04:39, 39.93s/it]Unique sources this epoch: 5126
 40%|████      | 4/10 [02:49<02:39, 26.51s/it]Unique sources this epoch: 5122
 50%|█████     | 5/10 [02:56<01:36, 19.30s/it]Unique sources this epoch: 5146
 60%|██████    | 6/10 [03:01<00:58, 14.73s/it]Unique sources this epoch: 5123
 70%|███████   | 7/10 [03:07<00:35, 11.86s/it]Unique sources this epoch: 5154
 80%|████████  | 8/10 [03:12<00:19,  9.60s/it]Unique sources this epoch: 5143
 90%|█████████ | 9/10 [03:16<00:07,  7.87s/it]Unique sources this epoch: 5140
100%|██████████| 10/10 [03:21<00:00,  6.88s/it]100%|██████████| 10/10 [03:21<00:00, 20.14s/it]

=== Simulation Results ===
topology : jellyfish
workload : incast
policy   : conga_configuration

drop_ratio           : 0.9676
mean_latency         : 4.4229
offered_load         : 3310921.0858
jain_fairness        : 0.0309
p50_flow_rate        : 0.0215
p95_flow_rate        : 0.0359
mean_edge_util       : 0.5958
max_edge_util        : 329.6711
mean_hops            : 3.4504
frac_saturated_edges : 0.0488
throughput           : 107168.3870
traffic_weighted_util : 0.5958
topk_edge_load_share : 0.0682
sum_edge_load        : 14642530.7203
sum_edge_cap         : 24576000.0000
edge_util_std        : 7.7012
switch_util_std      : 12.0687
switch_util_gini     : 0.9711
frac_hot_switches    : 0.0173
mean_switch_util     : 0.7553
p95_switch_util      : 0.2453
