Generated 8192 hosts
Graph: 9472 nodes, 24576 edges
  0%|          | 0/10 [00:00<?, ?it/s]Unique sources this epoch: 5139
 10%|█         | 1/10 [02:28<22:15, 148.34s/it]Unique sources this epoch: 5133
 20%|██        | 2/10 [02:36<08:45, 65.63s/it] Unique sources this epoch: 5130
 30%|███       | 3/10 [02:47<04:46, 40.89s/it]Unique sources this epoch: 5126
 40%|████      | 4/10 [02:53<02:42, 27.17s/it]Unique sources this epoch: 5122
 50%|█████     | 5/10 [02:59<01:37, 19.59s/it]Unique sources this epoch: 5146
 60%|██████    | 6/10 [03:05<00:59, 15.00s/it]Unique sources this epoch: 5123
 70%|███████   | 7/10 [03:11<00:36, 12.07s/it]Unique sources this epoch: 5154
 80%|████████  | 8/10 [03:16<00:19,  9.79s/it]Unique sources this epoch: 5143
 90%|█████████ | 9/10 [03:20<00:08,  8.01s/it]Unique sources this epoch: 5140
100%|██████████| 10/10 [03:25<00:00,  6.94s/it]100%|██████████| 10/10 [03:25<00:00, 20.55s/it]

=== Simulation Results ===
topology : jellyfish
workload : incast
policy   : conga_configuration

drop_ratio           : 0.9226
mean_latency         : 4.4229
offered_load         : 331092.1086
jain_fairness        : 0.1628
p50_flow_rate        : 0.0215
p95_flow_rate        : 0.0358
mean_edge_util       : 0.0596
max_edge_util        : 32.9671
mean_hops            : 3.4504
frac_saturated_edges : 0.0107
throughput           : 25611.2538
traffic_weighted_util : 0.0596
topk_edge_load_share : 0.0682
sum_edge_load        : 1464253.0720
sum_edge_cap         : 24576000.0000
edge_util_std        : 0.7701
switch_util_std      : 1.2069
switch_util_gini     : 0.9711
frac_hot_switches    : 0.0058
mean_switch_util     : 0.0755
p95_switch_util      : 0.0245
