Generated 8192 hosts
[fat-tree-informed] k=32, capacity=8192, hosts=8192
Graph: 9472 nodes, 24576 edges
  0%|          | 0/10 [00:00<?, ?it/s]Unique sources this epoch: 8192
 10%|█         | 1/10 [04:07<37:11, 247.91s/it]Unique sources this epoch: 8192
 20%|██        | 2/10 [04:12<13:59, 104.91s/it]Unique sources this epoch: 8192
 30%|███       | 3/10 [04:17<06:55, 59.29s/it] Unique sources this epoch: 8192
 40%|████      | 4/10 [04:22<03:47, 37.84s/it]Unique sources this epoch: 8192
 50%|█████     | 5/10 [04:27<02:09, 25.99s/it]Unique sources this epoch: 8191
 60%|██████    | 6/10 [04:32<01:15, 18.94s/it]Unique sources this epoch: 8191
 70%|███████   | 7/10 [04:37<00:43, 14.38s/it]Unique sources this epoch: 8190
 80%|████████  | 8/10 [04:42<00:22, 11.36s/it]Unique sources this epoch: 8192
 90%|█████████ | 9/10 [04:48<00:09,  9.48s/it]Unique sources this epoch: 8192
100%|██████████| 10/10 [04:53<00:00,  8.14s/it]100%|██████████| 10/10 [04:53<00:00, 29.33s/it]

=== Simulation Results ===
topology : informed_fat_tree
workload : random_workload
policy   : conga_configuration

drop_ratio           : 0.5379
mean_latency         : 5.9334
offered_load         : 6620088.3906
jain_fairness        : 0.8944
p50_flow_rate        : 3.8563
p95_flow_rate        : 5.9243
mean_edge_util       : 1.5983
max_edge_util        : 5.6035
mean_hops            : 4.9334
frac_saturated_edges : 0.7519
throughput           : 3059371.2046
traffic_weighted_util : 1.5983
topk_edge_load_share : 0.0004
sum_edge_load        : 39279324.0781
sum_edge_cap         : 24576000.0000
edge_util_std        : 0.7560
switch_util_std      : 0.7825
switch_util_gini     : 0.2771
frac_hot_switches    : 0.7832
mean_switch_util     : 1.6133
p95_switch_util      : 2.9057
