Generated 8192 hosts
Graph: 9472 nodes, 24576 edges
  0%|          | 0/10 [00:00<?, ?it/s]Unique sources this epoch: 5139
 10%|█         | 1/10 [02:27<22:04, 147.16s/it]Unique sources this epoch: 5133
 20%|██        | 2/10 [02:35<08:44, 65.55s/it] Unique sources this epoch: 5130
 30%|███       | 3/10 [02:47<04:47, 41.14s/it]Unique sources this epoch: 5126
 40%|████      | 4/10 [02:54<02:45, 27.57s/it]Unique sources this epoch: 5122
 50%|█████     | 5/10 [03:00<01:39, 19.92s/it]Unique sources this epoch: 5146
 60%|██████    | 6/10 [03:06<01:01, 15.25s/it]Unique sources this epoch: 5123
 70%|███████   | 7/10 [03:12<00:36, 12.16s/it]Unique sources this epoch: 5154
 80%|████████  | 8/10 [03:17<00:19,  9.94s/it]Unique sources this epoch: 5143
 90%|█████████ | 9/10 [03:22<00:08,  8.12s/it]Unique sources this epoch: 5140
100%|██████████| 10/10 [03:26<00:00,  7.00s/it]100%|██████████| 10/10 [03:26<00:00, 20.66s/it]

=== Simulation Results ===
topology : jellyfish
workload : incast
policy   : conga_configuration

drop_ratio           : 0.9701
mean_latency         : 4.4229
offered_load         : 6621842.1715
jain_fairness        : 0.0263
p50_flow_rate        : 0.0215
p95_flow_rate        : 0.0359
mean_edge_util       : 1.1916
max_edge_util        : 659.3422
mean_hops            : 3.4504
frac_saturated_edges : 0.0525
throughput           : 197787.4240
traffic_weighted_util : 1.1916
topk_edge_load_share : 0.0682
sum_edge_load        : 29285061.4406
sum_edge_cap         : 24576000.0000
edge_util_std        : 15.4023
switch_util_std      : 24.1374
switch_util_gini     : 0.9711
frac_hot_switches    : 0.0321
mean_switch_util     : 1.5107
p95_switch_util      : 0.4907
