Generated 8192 hosts
Graph: 9472 nodes, 24576 edges
  0%|          | 0/10 [00:00<?, ?it/s]Unique sources this epoch: 5139
 10%|█         | 1/10 [02:27<22:05, 147.28s/it]Unique sources this epoch: 5133
 20%|██        | 2/10 [02:35<08:44, 65.55s/it] Unique sources this epoch: 5130
 30%|███       | 3/10 [02:47<04:46, 40.88s/it]Unique sources this epoch: 5126
 40%|████      | 4/10 [02:53<02:42, 27.16s/it]Unique sources this epoch: 5122
 50%|█████     | 5/10 [02:59<01:37, 19.51s/it]Unique sources this epoch: 5146
 60%|██████    | 6/10 [03:05<00:59, 14.96s/it]Unique sources this epoch: 5123
 70%|███████   | 7/10 [03:11<00:35, 11.98s/it]Unique sources this epoch: 5154
 80%|████████  | 8/10 [03:16<00:19,  9.83s/it]Unique sources this epoch: 5143
 90%|█████████ | 9/10 [03:20<00:08,  8.03s/it]Unique sources this epoch: 5140
100%|██████████| 10/10 [03:25<00:00,  6.95s/it]100%|██████████| 10/10 [03:25<00:00, 20.50s/it]

=== Simulation Results ===
topology : jellyfish
workload : incast
policy   : conga_configuration

drop_ratio           : 0.9476
mean_latency         : 4.4229
offered_load         : 662184.2172
jain_fairness        : 0.0792
p50_flow_rate        : 0.0215
p95_flow_rate        : 0.0359
mean_edge_util       : 0.1192
max_edge_util        : 65.9342
mean_hops            : 3.4504
frac_saturated_edges : 0.0217
throughput           : 34673.1575
traffic_weighted_util : 0.1192
topk_edge_load_share : 0.0682
sum_edge_load        : 2928506.1441
sum_edge_cap         : 24576000.0000
edge_util_std        : 1.5402
switch_util_std      : 2.4137
switch_util_gini     : 0.9711
frac_hot_switches    : 0.0065
mean_switch_util     : 0.1511
p95_switch_util      : 0.0491
