Generated 8192 hosts
Graph: 9472 nodes, 24576 edges
  0%|          | 0/10 [00:00<?, ?it/s]Unique sources this epoch: 5139
 10%|█         | 1/10 [01:54<17:12, 114.71s/it]Unique sources this epoch: 5133
 20%|██        | 2/10 [02:00<06:46, 50.84s/it] Unique sources this epoch: 5130
 30%|███       | 3/10 [02:10<03:44, 32.01s/it]Unique sources this epoch: 5126
 40%|████      | 4/10 [02:15<02:07, 21.29s/it]Unique sources this epoch: 5122
 50%|█████     | 5/10 [02:20<01:16, 15.38s/it]Unique sources this epoch: 5146
 60%|██████    | 6/10 [02:24<00:46, 11.74s/it]Unique sources this epoch: 5123
 70%|███████   | 7/10 [02:29<00:28,  9.50s/it]Unique sources this epoch: 5154
 80%|████████  | 8/10 [02:34<00:15,  7.89s/it]Unique sources this epoch: 5143
 90%|█████████ | 9/10 [02:37<00:06,  6.50s/it]Unique sources this epoch: 5140
100%|██████████| 10/10 [02:41<00:00,  5.59s/it]100%|██████████| 10/10 [02:41<00:00, 16.12s/it]

=== Simulation Results ===
topology : jellyfish
workload : incast
policy   : rip_configuration

drop_ratio           : 0.9226
mean_latency         : 4.4229
offered_load         : 331092.1086
jain_fairness        : 0.1628
p50_flow_rate        : 0.0215
p95_flow_rate        : 0.0358
mean_edge_util       : 0.0596
max_edge_util        : 32.9671
mean_hops            : 3.4504
frac_saturated_edges : 0.0105
throughput           : 25611.2538
traffic_weighted_util : 0.0596
topk_edge_load_share : 0.0682
sum_edge_load        : 1464253.0720
sum_edge_cap         : 24576000.0000
edge_util_std        : 0.7797
switch_util_std      : 1.2070
switch_util_gini     : 0.9724
frac_hot_switches    : 0.0058
mean_switch_util     : 0.0755
p95_switch_util      : 0.0207
