Generated 8192 hosts
Graph: 9472 nodes, 24576 edges
  0%|          | 0/10 [00:00<?, ?it/s]Unique sources this epoch: 5139
 10%|█         | 1/10 [02:06<19:02, 126.95s/it]Unique sources this epoch: 5133
 20%|██        | 2/10 [02:14<07:32, 56.56s/it] Unique sources this epoch: 5130
 30%|███       | 3/10 [02:25<04:11, 35.90s/it]Unique sources this epoch: 5126
 40%|████      | 4/10 [02:31<02:24, 24.07s/it]Unique sources this epoch: 5122
 50%|█████     | 5/10 [02:37<01:27, 17.45s/it]Unique sources this epoch: 5146
 60%|██████    | 6/10 [02:42<00:53, 13.44s/it]Unique sources this epoch: 5123
 70%|███████   | 7/10 [02:47<00:32, 10.67s/it]Unique sources this epoch: 5154
 80%|████████  | 8/10 [02:52<00:17,  8.78s/it]Unique sources this epoch: 5143
 90%|█████████ | 9/10 [02:56<00:07,  7.30s/it]Unique sources this epoch: 5140
100%|██████████| 10/10 [03:00<00:00,  6.31s/it]100%|██████████| 10/10 [03:00<00:00, 18.07s/it]

=== Simulation Results ===
topology : jellyfish
workload : incast
policy   : rip_configuration

drop_ratio           : 0.9676
mean_latency         : 4.4229
offered_load         : 3310921.0858
jain_fairness        : 0.0309
p50_flow_rate        : 0.0215
p95_flow_rate        : 0.0359
mean_edge_util       : 0.5958
max_edge_util        : 329.6711
mean_hops            : 3.4504
frac_saturated_edges : 0.0410
throughput           : 107168.3870
traffic_weighted_util : 0.5958
topk_edge_load_share : 0.0682
sum_edge_load        : 14642530.7203
sum_edge_cap         : 24576000.0000
edge_util_std        : 7.7967
switch_util_std      : 12.0697
switch_util_gini     : 0.9724
frac_hot_switches    : 0.0175
mean_switch_util     : 0.7553
p95_switch_util      : 0.2074
