Generated 8192 hosts
Graph: 9472 nodes, 24576 edges
  0%|          | 0/10 [00:00<?, ?it/s]Unique sources this epoch: 5139
 10%|█         | 1/10 [02:24<21:43, 144.89s/it]Unique sources this epoch: 5133
 20%|██        | 2/10 [02:32<08:33, 64.22s/it] Unique sources this epoch: 5130
 30%|███       | 3/10 [02:44<04:42, 40.32s/it]Unique sources this epoch: 5126
 40%|████      | 4/10 [02:50<02:41, 26.86s/it]Unique sources this epoch: 5122
 50%|█████     | 5/10 [02:57<01:37, 19.47s/it]Unique sources this epoch: 5146
 60%|██████    | 6/10 [03:03<00:59, 14.97s/it]Unique sources this epoch: 5123
 70%|███████   | 7/10 [03:08<00:35, 11.89s/it]Unique sources this epoch: 5154
 80%|████████  | 8/10 [03:14<00:19,  9.75s/it]Unique sources this epoch: 5143
 90%|█████████ | 9/10 [03:19<00:08,  8.27s/it]Unique sources this epoch: 5140
100%|██████████| 10/10 [03:23<00:00,  7.23s/it]100%|██████████| 10/10 [03:23<00:00, 20.40s/it]

=== Simulation Results ===
topology : jellyfish
workload : incast
policy   : rip_configuration

drop_ratio           : 0.9701
mean_latency         : 4.4229
offered_load         : 6621842.1715
jain_fairness        : 0.0263
p50_flow_rate        : 0.0215
p95_flow_rate        : 0.0359
mean_edge_util       : 1.1916
max_edge_util        : 659.3422
mean_hops            : 3.4504
frac_saturated_edges : 0.0457
throughput           : 197787.4240
traffic_weighted_util : 1.1916
topk_edge_load_share : 0.0682
sum_edge_load        : 29285061.4406
sum_edge_cap         : 24576000.0000
edge_util_std        : 15.5934
switch_util_std      : 24.1394
switch_util_gini     : 0.9724
frac_hot_switches    : 0.0277
mean_switch_util     : 1.5107
p95_switch_util      : 0.4148
