Generated 8192 hosts
Graph: 9472 nodes, 24576 edges
  0%|          | 0/10 [00:00<?, ?it/s]Unique sources this epoch: 5139
 10%|█         | 1/10 [02:14<20:12, 134.71s/it]Unique sources this epoch: 5133
 20%|██        | 2/10 [02:22<07:58, 59.77s/it] Unique sources this epoch: 5130
 30%|███       | 3/10 [02:33<04:24, 37.72s/it]Unique sources this epoch: 5126
 40%|████      | 4/10 [02:40<02:32, 25.45s/it]Unique sources this epoch: 5122
 50%|█████     | 5/10 [02:46<01:32, 18.43s/it]Unique sources this epoch: 5146
 60%|██████    | 6/10 [02:52<00:56, 14.18s/it]Unique sources this epoch: 5123
 70%|███████   | 7/10 [02:57<00:33, 11.29s/it]Unique sources this epoch: 5154
 80%|████████  | 8/10 [03:01<00:18,  9.09s/it]Unique sources this epoch: 5143
 90%|█████████ | 9/10 [03:05<00:07,  7.51s/it]Unique sources this epoch: 5140
100%|██████████| 10/10 [03:10<00:00,  6.49s/it]100%|██████████| 10/10 [03:10<00:00, 19.00s/it]

=== Simulation Results ===
topology : jellyfish
workload : incast
policy   : rip_configuration

drop_ratio           : 0.9476
mean_latency         : 4.4229
offered_load         : 662184.2172
jain_fairness        : 0.0792
p50_flow_rate        : 0.0215
p95_flow_rate        : 0.0359
mean_edge_util       : 0.1192
max_edge_util        : 65.9342
mean_hops            : 3.4504
frac_saturated_edges : 0.0202
throughput           : 34673.1575
traffic_weighted_util : 0.1192
topk_edge_load_share : 0.0682
sum_edge_load        : 2928506.1441
sum_edge_cap         : 24576000.0000
edge_util_std        : 1.5593
switch_util_std      : 2.4139
switch_util_gini     : 0.9724
frac_hot_switches    : 0.0067
mean_switch_util     : 0.1511
p95_switch_util      : 0.0415
