Generated 8192 hosts
Graph: 9472 nodes, 24576 edges
  0%|          | 0/10 [00:00<?, ?it/s]Unique sources this epoch: 5139
 10%|█         | 1/10 [04:20<39:03, 260.37s/it]Unique sources this epoch: 5133
 20%|██        | 2/10 [04:35<15:26, 115.86s/it]Unique sources this epoch: 5130
 30%|███       | 3/10 [09:28<22:59, 197.07s/it]Unique sources this epoch: 5126
 40%|████      | 4/10 [14:22<23:31, 235.19s/it]Unique sources this epoch: 5122
 50%|█████     | 5/10 [19:16<21:22, 256.50s/it]Unique sources this epoch: 5146
 60%|██████    | 6/10 [24:09<17:56, 269.00s/it]Unique sources this epoch: 5123
 70%|███████   | 7/10 [29:21<14:08, 282.96s/it]Unique sources this epoch: 5154
 80%|████████  | 8/10 [34:17<09:34, 287.12s/it]Unique sources this epoch: 5143
 90%|█████████ | 9/10 [39:21<04:52, 292.20s/it]Unique sources this epoch: 5140
100%|██████████| 10/10 [44:41<00:00, 300.77s/it]100%|██████████| 10/10 [44:41<00:00, 268.10s/it]

=== Simulation Results ===
topology : jellyfish
workload : incast
policy   : ospf_configuration

drop_ratio           : 0.9676
mean_latency         : 4.4229
offered_load         : 3310921.0858
jain_fairness        : 0.0309
p50_flow_rate        : 0.0215
p95_flow_rate        : 0.0359
mean_edge_util       : 0.5958
max_edge_util        : 329.6711
mean_hops            : 3.4504
frac_saturated_edges : 0.0351
throughput           : 107168.3870
traffic_weighted_util : 0.5958
topk_edge_load_share : 0.0682
sum_edge_load        : 14642530.7203
sum_edge_cap         : 24576000.0000
edge_util_std        : 7.7756
switch_util_std      : 12.0684
switch_util_gini     : 0.9722
frac_hot_switches    : 0.0200
mean_switch_util     : 0.7553
p95_switch_util      : 0.2076
