Generated 8192 hosts
[fat-tree-informed] k=32, capacity=8192, hosts=8192
Graph: 9472 nodes, 24576 edges
  0%|          | 0/10 [00:00<?, ?it/s]Unique sources this epoch: 8192
 10%|█         | 1/10 [05:18<47:42, 318.09s/it]Unique sources this epoch: 8192
 20%|██        | 2/10 [05:18<17:31, 131.48s/it]Unique sources this epoch: 8192
 30%|███       | 3/10 [11:28<28:02, 240.39s/it]Unique sources this epoch: 8192
 40%|████      | 4/10 [17:47<29:29, 294.88s/it]Unique sources this epoch: 8192
 50%|█████     | 5/10 [24:17<27:27, 329.41s/it]Unique sources this epoch: 8191
 60%|██████    | 6/10 [30:43<23:13, 348.43s/it]Unique sources this epoch: 8191
 70%|███████   | 7/10 [36:56<17:49, 356.66s/it]Unique sources this epoch: 8190
 80%|████████  | 8/10 [43:29<12:16, 368.22s/it]Unique sources this epoch: 8192
 90%|█████████ | 9/10 [49:43<06:09, 369.75s/it]Unique sources this epoch: 8192
100%|██████████| 10/10 [55:46<00:00, 367.91s/it]100%|██████████| 10/10 [55:46<00:00, 334.68s/it]

=== Simulation Results ===
topology : informed_fat_tree
workload : random_workload
policy   : ospf_configuration

drop_ratio           : 0.9955
mean_latency         : 5.9334
offered_load         : 6620088.3906
jain_fairness        : 0.0327
p50_flow_rate        : 0.0207
p95_flow_rate        : 0.0352
mean_edge_util       : 1.5983
max_edge_util        : 650.7142
mean_hops            : 4.9334
frac_saturated_edges : 0.2702
throughput           : 29706.5352
traffic_weighted_util : 1.5983
topk_edge_load_share : 0.0160
sum_edge_load        : 39279324.0781
sum_edge_cap         : 24576000.0000
edge_util_std        : 16.1818
switch_util_std      : 4.7922
switch_util_gini     : 0.3841
frac_hot_switches    : 0.7219
mean_switch_util     : 1.6133
p95_switch_util      : 2.9327
