Generated 8192 hosts
Graph: 9472 nodes, 24576 edges
  0%|          | 0/10 [00:00<?, ?it/s]Unique sources this epoch: 5139
 10%|█         | 1/10 [04:19<38:53, 259.26s/it]Unique sources this epoch: 5133
 20%|██        | 2/10 [04:32<15:17, 114.64s/it]Unique sources this epoch: 5130
 30%|███       | 3/10 [09:27<22:59, 197.08s/it]Unique sources this epoch: 5126
 40%|████      | 4/10 [14:19<23:25, 234.28s/it]Unique sources this epoch: 5122
 50%|█████     | 5/10 [19:14<21:21, 256.29s/it]Unique sources this epoch: 5146
 60%|██████    | 6/10 [24:12<18:02, 270.64s/it]Unique sources this epoch: 5123
 70%|███████   | 7/10 [29:14<14:02, 280.78s/it]Unique sources this epoch: 5154
 80%|████████  | 8/10 [34:23<09:39, 289.75s/it]Unique sources this epoch: 5143
 90%|█████████ | 9/10 [39:23<04:52, 292.83s/it]Unique sources this epoch: 5140
100%|██████████| 10/10 [44:33<00:00, 298.30s/it]100%|██████████| 10/10 [44:33<00:00, 267.37s/it]

=== Simulation Results ===
topology : jellyfish
workload : incast
policy   : ospf_configuration

drop_ratio           : 0.9701
mean_latency         : 4.4229
offered_load         : 6621842.1715
jain_fairness        : 0.0263
p50_flow_rate        : 0.0215
p95_flow_rate        : 0.0359
mean_edge_util       : 1.1916
max_edge_util        : 659.3422
mean_hops            : 3.4504
frac_saturated_edges : 0.0377
throughput           : 197787.4240
traffic_weighted_util : 1.1916
topk_edge_load_share : 0.0682
sum_edge_load        : 29285061.4406
sum_edge_cap         : 24576000.0000
edge_util_std        : 15.5499
switch_util_std      : 24.1369
switch_util_gini     : 0.9722
frac_hot_switches    : 0.0331
mean_switch_util     : 1.5107
p95_switch_util      : 0.4156
