Generated 8192 hosts
Graph: 9472 nodes, 24576 edges
  0%|          | 0/10 [00:00<?, ?it/s]Unique sources this epoch: 5139
 10%|█         | 1/10 [04:30<40:38, 270.92s/it]Unique sources this epoch: 5133
 20%|██        | 2/10 [04:46<16:05, 120.68s/it]Unique sources this epoch: 5130
 30%|███       | 3/10 [05:05<08:38, 74.13s/it] Unique sources this epoch: 5126
 40%|████      | 4/10 [05:17<04:58, 49.68s/it]Unique sources this epoch: 5122
 50%|█████     | 5/10 [05:29<03:01, 36.28s/it]Unique sources this epoch: 5146
 60%|██████    | 6/10 [05:42<01:52, 28.20s/it]Unique sources this epoch: 5123
 70%|███████   | 7/10 [05:53<01:07, 22.51s/it]Unique sources this epoch: 5154
 80%|████████  | 8/10 [06:02<00:36, 18.33s/it]Unique sources this epoch: 5143
 90%|█████████ | 9/10 [06:10<00:15, 15.08s/it]Unique sources this epoch: 5140
100%|██████████| 10/10 [06:19<00:00, 13.14s/it]100%|██████████| 10/10 [06:19<00:00, 37.93s/it]

=== Simulation Results ===
topology : jellyfish
workload : incast
policy   : ospf_configuration

drop_ratio           : 0.9476
mean_latency         : 4.4229
offered_load         : 662184.2172
jain_fairness        : 0.0792
p50_flow_rate        : 0.0215
p95_flow_rate        : 0.0359
mean_edge_util       : 0.1192
max_edge_util        : 65.9342
mean_hops            : 3.4504
frac_saturated_edges : 0.0201
throughput           : 34673.1575
traffic_weighted_util : 0.1192
topk_edge_load_share : 0.0682
sum_edge_load        : 2928506.1441
sum_edge_cap         : 24576000.0000
edge_util_std        : 1.5589
switch_util_std      : 2.4139
switch_util_gini     : 0.9722
frac_hot_switches    : 0.0067
mean_switch_util     : 0.1511
p95_switch_util      : 0.0415
