Generated 8192 hosts
Graph: 9472 nodes, 24576 edges
  0%|          | 0/10 [00:00<?, ?it/s]Unique sources this epoch: 5139
 10%|█         | 1/10 [10:12<1:31:54, 612.68s/it]Unique sources this epoch: 5133
 20%|██        | 2/10 [10:47<36:23, 273.00s/it]  Unique sources this epoch: 5130
 30%|███       | 3/10 [11:27<19:23, 166.27s/it]Unique sources this epoch: 5126
 40%|████      | 4/10 [11:55<11:10, 111.71s/it]Unique sources this epoch: 5122
 50%|█████     | 5/10 [12:22<06:45, 81.17s/it] Unique sources this epoch: 5146
 60%|██████    | 6/10 [12:48<04:09, 62.44s/it]Unique sources this epoch: 5123
 70%|███████   | 7/10 [13:11<02:28, 49.58s/it]Unique sources this epoch: 5154
 80%|████████  | 8/10 [13:31<01:20, 40.23s/it]Unique sources this epoch: 5143
 90%|█████████ | 9/10 [13:48<00:32, 32.88s/it]Unique sources this epoch: 5140
100%|██████████| 10/10 [14:17<00:00, 31.59s/it]100%|██████████| 10/10 [14:17<00:00, 85.71s/it]

=== Simulation Results ===
topology : jellyfish
workload : incast
policy   : eigrp_configuration

drop_ratio           : 0.9226
mean_latency         : 4.4229
offered_load         : 331092.1086
jain_fairness        : 0.3585
p50_flow_rate        : 0.0215
p95_flow_rate        : 0.0357
mean_edge_util       : 0.0596
max_edge_util        : 32.9671
mean_hops            : 3.4504
frac_saturated_edges : 0.0104
throughput           : 25611.2538
traffic_weighted_util : 0.0596
topk_edge_load_share : 0.0682
sum_edge_load        : 1464253.0720
sum_edge_cap         : 24576000.0000
edge_util_std        : 0.7794
switch_util_std      : 1.2070
switch_util_gini     : 0.9722
frac_hot_switches    : 0.0058
mean_switch_util     : 0.0755
p95_switch_util      : 0.0207
