Generated 8192 hosts
Graph: 9472 nodes, 24576 edges
  0%|          | 0/10 [00:00<?, ?it/s]Unique sources this epoch: 5139
 10%|█         | 1/10 [11:57<1:47:41, 717.95s/it]Unique sources this epoch: 5133
 20%|██        | 2/10 [12:37<42:30, 318.81s/it]  Unique sources this epoch: 5130
 30%|███       | 3/10 [13:22<22:35, 193.69s/it]Unique sources this epoch: 5126
 40%|████      | 4/10 [13:52<12:54, 129.01s/it]Unique sources this epoch: 5122
 50%|█████     | 5/10 [14:22<07:47, 93.53s/it] Unique sources this epoch: 5146
 60%|██████    | 6/10 [14:53<04:48, 72.19s/it]Unique sources this epoch: 5123
 70%|███████   | 7/10 [15:20<02:52, 57.37s/it]Unique sources this epoch: 5154
 80%|████████  | 8/10 [22:11<05:39, 169.91s/it]Unique sources this epoch: 5143
 90%|█████████ | 9/10 [34:47<05:53, 353.25s/it]Unique sources this epoch: 5140
100%|██████████| 10/10 [48:12<00:00, 492.62s/it]100%|██████████| 10/10 [48:12<00:00, 289.22s/it]

=== Simulation Results ===
topology : jellyfish
workload : incast
policy   : eigrp_configuration

drop_ratio           : 0.9676
mean_latency         : 4.4229
offered_load         : 3310921.0858
jain_fairness        : 0.0410
p50_flow_rate        : 0.0215
p95_flow_rate        : 0.0359
mean_edge_util       : 0.5958
max_edge_util        : 329.6711
mean_hops            : 3.4504
frac_saturated_edges : 0.0440
throughput           : 107168.3870
traffic_weighted_util : 0.5958
topk_edge_load_share : 0.0682
sum_edge_load        : 14642530.7203
sum_edge_cap         : 24576000.0000
edge_util_std        : 7.7368
switch_util_std      : 12.0688
switch_util_gini     : 0.9719
frac_hot_switches    : 0.0186
mean_switch_util     : 0.7553
p95_switch_util      : 0.2181
