Generated 8192 hosts
Graph: 9472 nodes, 24576 edges
  0%|          | 0/10 [00:00<?, ?it/s]Unique sources this epoch: 5139
 10%|█         | 1/10 [10:29<1:34:25, 629.50s/it]Unique sources this epoch: 5133
 20%|██        | 2/10 [11:04<37:20, 280.05s/it]  Unique sources this epoch: 5130
 30%|███       | 3/10 [11:48<20:05, 172.17s/it]Unique sources this epoch: 5126
 40%|████      | 4/10 [12:18<11:35, 115.97s/it]Unique sources this epoch: 5122
 50%|█████     | 5/10 [12:46<07:02, 84.41s/it] Unique sources this epoch: 5146
 60%|██████    | 6/10 [19:04<12:15, 183.90s/it]Unique sources this epoch: 5123
 70%|███████   | 7/10 [31:18<18:11, 363.84s/it]Unique sources this epoch: 5154
 80%|████████  | 8/10 [43:36<16:05, 482.86s/it]Unique sources this epoch: 5143
 90%|█████████ | 9/10 [55:05<09:07, 547.49s/it]Unique sources this epoch: 5140
100%|██████████| 10/10 [1:06:34<00:00, 591.17s/it]100%|██████████| 10/10 [1:06:34<00:00, 399.46s/it]

=== Simulation Results ===
topology : jellyfish
workload : incast
policy   : eigrp_configuration

drop_ratio           : 0.9701
mean_latency         : 4.4229
offered_load         : 6621842.1715
jain_fairness        : 0.0309
p50_flow_rate        : 0.0215
p95_flow_rate        : 0.0359
mean_edge_util       : 1.1916
max_edge_util        : 659.3422
mean_hops            : 3.4504
frac_saturated_edges : 0.0484
throughput           : 197787.4240
traffic_weighted_util : 1.1916
topk_edge_load_share : 0.0682
sum_edge_load        : 29285061.4406
sum_edge_cap         : 24576000.0000
edge_util_std        : 15.4105
switch_util_std      : 24.1365
switch_util_gini     : 0.9716
frac_hot_switches    : 0.0349
mean_switch_util     : 1.5107
p95_switch_util      : 0.4638
