Generated 8192 hosts
Graph: 9472 nodes, 24576 edges
  0%|          | 0/10 [00:00<?, ?it/s]Unique sources this epoch: 5139
 10%|█         | 1/10 [11:43<1:45:28, 703.21s/it]Unique sources this epoch: 5133
 20%|██        | 2/10 [12:21<41:37, 312.21s/it]  Unique sources this epoch: 5130
 30%|███       | 3/10 [13:05<22:07, 189.71s/it]Unique sources this epoch: 5126
 40%|████      | 4/10 [13:36<12:41, 126.91s/it]Unique sources this epoch: 5122
 50%|█████     | 5/10 [14:07<07:41, 92.28s/it] Unique sources this epoch: 5146
 60%|██████    | 6/10 [14:36<04:43, 70.98s/it]Unique sources this epoch: 5123
 70%|███████   | 7/10 [15:03<02:49, 56.36s/it]Unique sources this epoch: 5154
 80%|████████  | 8/10 [15:26<01:31, 45.84s/it]Unique sources this epoch: 5143
 90%|█████████ | 9/10 [15:45<00:37, 37.38s/it]Unique sources this epoch: 5140
100%|██████████| 10/10 [16:16<00:00, 35.46s/it]100%|██████████| 10/10 [16:16<00:00, 97.63s/it]

=== Simulation Results ===
topology : jellyfish
workload : incast
policy   : eigrp_configuration

drop_ratio           : 0.9476
mean_latency         : 4.4229
offered_load         : 662184.2172
jain_fairness        : 0.1628
p50_flow_rate        : 0.0215
p95_flow_rate        : 0.0358
mean_edge_util       : 0.1192
max_edge_util        : 65.9342
mean_hops            : 3.4504
frac_saturated_edges : 0.0200
throughput           : 34673.1575
traffic_weighted_util : 0.1192
topk_edge_load_share : 0.0682
sum_edge_load        : 2928506.1441
sum_edge_cap         : 24576000.0000
edge_util_std        : 1.5589
switch_util_std      : 2.4139
switch_util_gini     : 0.9722
frac_hot_switches    : 0.0067
mean_switch_util     : 0.1511
p95_switch_util      : 0.0415
