Generated 8192 hosts
[fat-tree] k=32, capacity=8192, hosts=8192
Graph: 9472 nodes, 24576 edges
  0%|          | 0/10 [00:00<?, ?it/s]Unique sources this epoch: 5139
 10%|█         | 1/10 [01:44<15:36, 104.07s/it]Unique sources this epoch: 5133
 20%|██        | 2/10 [01:49<06:10, 46.30s/it] Unique sources this epoch: 5130
 30%|███       | 3/10 [01:58<03:23, 29.02s/it]Unique sources this epoch: 5126
 40%|████      | 4/10 [02:03<01:56, 19.43s/it]Unique sources this epoch: 5122
 50%|█████     | 5/10 [02:07<01:10, 14.16s/it]Unique sources this epoch: 5146
 60%|██████    | 6/10 [02:12<00:43, 10.82s/it]Unique sources this epoch: 5123
 70%|███████   | 7/10 [02:16<00:26,  8.69s/it]Unique sources this epoch: 5154
 80%|████████  | 8/10 [02:20<00:14,  7.14s/it]Unique sources this epoch: 5143
 90%|█████████ | 9/10 [02:23<00:05,  5.96s/it]Unique sources this epoch: 5140
100%|██████████| 10/10 [02:31<00:00,  6.47s/it]100%|██████████| 10/10 [02:31<00:00, 15.14s/it]

=== Simulation Results ===
topology : fat_tree
workload : incast
policy   : rip_configuration

drop_ratio           : 0.9597
mean_latency         : 5.7793
offered_load         : 662184.2172
jain_fairness        : 0.0476
p50_flow_rate        : 0.0101
p95_flow_rate        : 0.0260
mean_edge_util       : 0.1557
max_edge_util        : 176.6721
mean_hops            : 4.8068
frac_saturated_edges : 0.0038
throughput           : 26704.8047
traffic_weighted_util : 0.1557
topk_edge_load_share : 0.1176
sum_edge_load        : 3827419.0028
sum_edge_cap         : 24576000.0000
edge_util_std        : 2.9381
switch_util_std      : 2.4610
switch_util_gini     : 0.9784
frac_hot_switches    : 0.0085
mean_switch_util     : 0.1570
p95_switch_util      : 0.0280
