Generated 8192 hosts
[fat-tree] k=32, capacity=8192, hosts=8192
Graph: 9472 nodes, 24576 edges
  0%|          | 0/10 [00:00<?, ?it/s]Unique sources this epoch: 8192
 10%|█         | 1/10 [02:53<25:58, 173.12s/it]Unique sources this epoch: 8192
 20%|██        | 2/10 [02:54<09:34, 71.87s/it] Unique sources this epoch: 8192
 30%|███       | 3/10 [02:55<04:36, 39.52s/it]Unique sources this epoch: 8192
 40%|████      | 4/10 [02:56<02:25, 24.32s/it]Unique sources this epoch: 8192
 50%|█████     | 5/10 [02:57<01:19, 15.92s/it]Unique sources this epoch: 8191
 60%|██████    | 6/10 [02:58<00:43, 10.86s/it]Unique sources this epoch: 8191
 70%|███████   | 7/10 [02:59<00:22,  7.65s/it]Unique sources this epoch: 8190
 80%|████████  | 8/10 [03:00<00:11,  5.54s/it]Unique sources this epoch: 8192
 90%|█████████ | 9/10 [03:01<00:04,  4.13s/it]Unique sources this epoch: 8192
100%|██████████| 10/10 [03:02<00:00,  3.18s/it]100%|██████████| 10/10 [03:02<00:00, 18.24s/it]

=== Simulation Results ===
topology : fat_tree
workload : random_workload
policy   : rip_configuration

drop_ratio           : 0.9955
mean_latency         : 5.9334
offered_load         : 6620088.3906
jain_fairness        : 0.0327
p50_flow_rate        : 0.0207
p95_flow_rate        : 0.0352
mean_edge_util       : 1.5983
max_edge_util        : 650.7142
mean_hops            : 4.9334
frac_saturated_edges : 0.2702
throughput           : 29706.5352
traffic_weighted_util : 1.5983
topk_edge_load_share : 0.0522
sum_edge_load        : 39279324.0781
sum_edge_cap         : 24576000.0000
edge_util_std        : 16.1818
switch_util_std      : 4.7922
switch_util_gini     : 0.3841
frac_hot_switches    : 0.7219
mean_switch_util     : 1.6133
p95_switch_util      : 2.9327
