Generated 8192 hosts
Graph: 9472 nodes, 24576 edges
  0%|          | 0/10 [00:00<?, ?it/s]Unique sources this epoch: 5139
 10%|█         | 1/10 [04:32<40:49, 272.13s/it]Unique sources this epoch: 5133
 20%|██        | 2/10 [04:47<16:07, 120.95s/it]Unique sources this epoch: 5130
 30%|███       | 3/10 [10:03<24:31, 210.19s/it]Unique sources this epoch: 5126
 40%|████      | 4/10 [15:22<25:17, 252.96s/it]Unique sources this epoch: 5122
 50%|█████     | 5/10 [20:52<23:24, 280.85s/it]Unique sources this epoch: 5146
 60%|██████    | 6/10 [26:28<19:58, 299.53s/it]Unique sources this epoch: 5123
 70%|███████   | 7/10 [31:48<15:18, 306.16s/it]Unique sources this epoch: 5154
 80%|████████  | 8/10 [37:40<10:41, 320.75s/it]Unique sources this epoch: 5143
 90%|█████████ | 9/10 [42:59<05:20, 320.35s/it]Unique sources this epoch: 5140
100%|██████████| 10/10 [48:23<00:00, 321.57s/it]100%|██████████| 10/10 [48:23<00:00, 290.38s/it]

=== Simulation Results ===
topology : jellyfish
workload : incast
policy   : ospf_ecmp_configuration

drop_ratio           : 0.9676
mean_latency         : 4.4229
offered_load         : 3310921.0858
jain_fairness        : 0.0309
p50_flow_rate        : 0.0215
p95_flow_rate        : 0.0359
mean_edge_util       : 0.5958
max_edge_util        : 329.6711
mean_hops            : 3.4504
frac_saturated_edges : 0.0352
throughput           : 107168.3870
traffic_weighted_util : 0.5958
topk_edge_load_share : 0.0682
sum_edge_load        : 14642530.7203
sum_edge_cap         : 24576000.0000
edge_util_std        : 7.7699
switch_util_std      : 12.0684
switch_util_gini     : 0.9718
frac_hot_switches    : 0.0197
mean_switch_util     : 0.7553
p95_switch_util      : 0.2112
