Generated 8192 hosts
Graph: 9472 nodes, 24576 edges
  0%|          | 0/10 [00:00<?, ?it/s]Unique sources this epoch: 5139
 10%|█         | 1/10 [04:43<42:33, 283.73s/it]Unique sources this epoch: 5133
 20%|██        | 2/10 [05:00<16:52, 126.56s/it]Unique sources this epoch: 5130
 30%|███       | 3/10 [05:20<09:05, 77.93s/it] Unique sources this epoch: 5126
 40%|████      | 4/10 [05:33<05:14, 52.42s/it]Unique sources this epoch: 5122
 50%|█████     | 5/10 [05:47<03:12, 38.42s/it]Unique sources this epoch: 5146
 60%|██████    | 6/10 [06:00<02:00, 30.01s/it]Unique sources this epoch: 5123
 70%|███████   | 7/10 [06:12<01:12, 24.08s/it]Unique sources this epoch: 5154
 80%|████████  | 8/10 [06:22<00:39, 19.60s/it]Unique sources this epoch: 5143
 90%|█████████ | 9/10 [06:31<00:16, 16.26s/it]Unique sources this epoch: 5140
100%|██████████| 10/10 [06:41<00:00, 14.21s/it]100%|██████████| 10/10 [06:41<00:00, 40.13s/it]

=== Simulation Results ===
topology : jellyfish
workload : incast
policy   : ospf_ecmp_configuration

drop_ratio           : 0.9226
mean_latency         : 4.4229
offered_load         : 331092.1086
jain_fairness        : 0.1628
p50_flow_rate        : 0.0215
p95_flow_rate        : 0.0358
mean_edge_util       : 0.0596
max_edge_util        : 32.9671
mean_hops            : 3.4504
frac_saturated_edges : 0.0098
throughput           : 25611.2538
traffic_weighted_util : 0.0596
topk_edge_load_share : 0.0682
sum_edge_load        : 1464253.0720
sum_edge_cap         : 24576000.0000
edge_util_std        : 0.7672
switch_util_std      : 1.2069
switch_util_gini     : 0.9708
frac_hot_switches    : 0.0058
mean_switch_util     : 0.0755
p95_switch_util      : 0.0268
