Generated 8192 hosts
Graph: 9472 nodes, 24576 edges
  0%|          | 0/10 [00:00<?, ?it/s]Unique sources this epoch: 5139
 10%|█         | 1/10 [04:16<38:29, 256.64s/it]Unique sources this epoch: 5133
 20%|██        | 2/10 [04:31<15:15, 114.40s/it]Unique sources this epoch: 5130
 30%|███       | 3/10 [04:50<08:15, 70.73s/it] Unique sources this epoch: 5126
 40%|████      | 4/10 [05:02<04:46, 47.71s/it]Unique sources this epoch: 5122
 50%|█████     | 5/10 [05:14<02:54, 34.94s/it]Unique sources this epoch: 5146
 60%|██████    | 6/10 [05:26<01:48, 27.12s/it]Unique sources this epoch: 5123
 70%|███████   | 7/10 [05:37<01:05, 21.67s/it]Unique sources this epoch: 5154
 80%|████████  | 8/10 [05:46<00:35, 17.67s/it]Unique sources this epoch: 5143
 90%|█████████ | 9/10 [05:54<00:14, 14.58s/it]Unique sources this epoch: 5140
100%|██████████| 10/10 [06:02<00:00, 12.74s/it]100%|██████████| 10/10 [06:02<00:00, 36.29s/it]

=== Simulation Results ===
topology : jellyfish
workload : incast
policy   : ospf_ecmp_configuration

drop_ratio           : 0.9476
mean_latency         : 4.4229
offered_load         : 662184.2172
jain_fairness        : 0.0792
p50_flow_rate        : 0.0215
p95_flow_rate        : 0.0359
mean_edge_util       : 0.1192
max_edge_util        : 65.9342
mean_hops            : 3.4504
frac_saturated_edges : 0.0209
throughput           : 34673.1575
traffic_weighted_util : 0.1192
topk_edge_load_share : 0.0682
sum_edge_load        : 2928506.1441
sum_edge_cap         : 24576000.0000
edge_util_std        : 1.5344
switch_util_std      : 2.4138
switch_util_gini     : 0.9708
frac_hot_switches    : 0.0065
mean_switch_util     : 0.1511
p95_switch_util      : 0.0537
