Generated 8192 hosts
Graph: 9472 nodes, 24576 edges
  0%|          | 0/10 [00:00<?, ?it/s]Unique sources this epoch: 5139
 10%|█         | 1/10 [04:30<40:36, 270.69s/it]Unique sources this epoch: 5133
 20%|██        | 2/10 [04:45<16:01, 120.23s/it]Unique sources this epoch: 5130
 30%|███       | 3/10 [10:07<24:46, 212.36s/it]Unique sources this epoch: 5126
 40%|████      | 4/10 [15:30<25:35, 255.92s/it]Unique sources this epoch: 5122
 50%|█████     | 5/10 [20:56<23:26, 281.36s/it]Unique sources this epoch: 5146
 60%|██████    | 6/10 [26:36<20:04, 301.09s/it]Unique sources this epoch: 5123
 70%|███████   | 7/10 [32:03<15:29, 309.71s/it]Unique sources this epoch: 5154
 80%|████████  | 8/10 [37:48<10:42, 321.00s/it]Unique sources this epoch: 5143
 90%|█████████ | 9/10 [43:08<05:20, 320.73s/it]Unique sources this epoch: 5140
100%|██████████| 10/10 [48:33<00:00, 321.96s/it]100%|██████████| 10/10 [48:33<00:00, 291.37s/it]

=== Simulation Results ===
topology : jellyfish
workload : incast
policy   : ospf_ecmp_configuration

drop_ratio           : 0.9701
mean_latency         : 4.4229
offered_load         : 6621842.1715
jain_fairness        : 0.0263
p50_flow_rate        : 0.0215
p95_flow_rate        : 0.0359
mean_edge_util       : 1.1916
max_edge_util        : 659.3422
mean_hops            : 3.4504
frac_saturated_edges : 0.0382
throughput           : 197787.4240
traffic_weighted_util : 1.1916
topk_edge_load_share : 0.0682
sum_edge_load        : 29285061.4406
sum_edge_cap         : 24576000.0000
edge_util_std        : 15.5391
switch_util_std      : 24.1368
switch_util_gini     : 0.9718
frac_hot_switches    : 0.0323
mean_switch_util     : 1.5107
p95_switch_util      : 0.4223
