Generated 8192 hosts
Graph: 9472 nodes, 24576 edges
  0%|          | 0/10 [00:00<?, ?it/s]Unique sources this epoch: 5139
 10%|█         | 1/10 [10:54<1:38:10, 654.51s/it]Unique sources this epoch: 5133
 20%|██        | 2/10 [11:32<38:52, 291.62s/it]  Unique sources this epoch: 5130
 30%|███       | 3/10 [12:15<20:48, 178.30s/it]Unique sources this epoch: 5126
 40%|████      | 4/10 [12:46<12:00, 120.10s/it]Unique sources this epoch: 5122
 50%|█████     | 5/10 [13:16<07:18, 87.62s/it] Unique sources this epoch: 5146
 60%|██████    | 6/10 [13:46<04:31, 67.96s/it]Unique sources this epoch: 5123
 70%|███████   | 7/10 [14:11<02:42, 54.04s/it]Unique sources this epoch: 5154
 80%|████████  | 8/10 [14:33<01:27, 43.77s/it]Unique sources this epoch: 5143
 90%|█████████ | 9/10 [14:52<00:36, 36.10s/it]Unique sources this epoch: 5140
100%|██████████| 10/10 [15:26<00:00, 35.25s/it]100%|██████████| 10/10 [15:26<00:00, 92.60s/it]

=== Simulation Results ===
topology : jellyfish
workload : incast
policy   : eigrp_ecmp_configuration

drop_ratio           : 0.9226
mean_latency         : 4.4229
offered_load         : 331092.1086
jain_fairness        : 0.3585
p50_flow_rate        : 0.0215
p95_flow_rate        : 0.0357
mean_edge_util       : 0.0596
max_edge_util        : 32.9671
mean_hops            : 3.4504
frac_saturated_edges : 0.0098
throughput           : 25611.2538
traffic_weighted_util : 0.0596
topk_edge_load_share : 0.0682
sum_edge_load        : 1464253.0720
sum_edge_cap         : 24576000.0000
edge_util_std        : 0.7671
switch_util_std      : 1.2069
switch_util_gini     : 0.9708
frac_hot_switches    : 0.0058
mean_switch_util     : 0.0755
p95_switch_util      : 0.0269
