Generated 8192 hosts
[fat-tree-informed] k=32, capacity=8192, hosts=8192
Graph: 9472 nodes, 24576 edges
  0%|          | 0/10 [00:00<?, ?it/s]Unique sources this epoch: 8192
 10%|█         | 1/10 [13:16<1:59:27, 796.43s/it]Unique sources this epoch: 8192
 20%|██        | 2/10 [13:20<44:01, 330.16s/it]  Unique sources this epoch: 8192
 30%|███       | 3/10 [13:24<21:08, 181.19s/it]Unique sources this epoch: 8192
 40%|████      | 4/10 [13:28<11:07, 111.21s/it]Unique sources this epoch: 8192
 50%|█████     | 5/10 [13:31<06:02, 72.52s/it] Unique sources this epoch: 8191
 60%|██████    | 6/10 [13:35<03:16, 49.20s/it]Unique sources this epoch: 8191
 70%|███████   | 7/10 [13:39<01:43, 34.41s/it]Unique sources this epoch: 8190
 80%|████████  | 8/10 [13:43<00:49, 24.71s/it]Unique sources this epoch: 8192
 90%|█████████ | 9/10 [13:47<00:18, 18.21s/it]Unique sources this epoch: 8192
100%|██████████| 10/10 [13:51<00:00, 13.81s/it]100%|██████████| 10/10 [13:51<00:00, 83.17s/it]

=== Simulation Results ===
topology : informed_fat_tree
workload : random_workload
policy   : eigrp_ecmp_configuration

drop_ratio           : 0.5376
mean_latency         : 5.9334
offered_load         : 6620088.3906
jain_fairness        : 0.8965
p50_flow_rate        : 3.8676
p95_flow_rate        : 5.8854
mean_edge_util       : 1.5983
max_edge_util        : 5.6035
mean_hops            : 4.9334
frac_saturated_edges : 0.7490
throughput           : 3060841.4812
traffic_weighted_util : 1.5983
topk_edge_load_share : 0.0004
sum_edge_load        : 39279324.0781
sum_edge_cap         : 24576000.0000
edge_util_std        : 0.7564
switch_util_std      : 0.7825
switch_util_gini     : 0.2771
frac_hot_switches    : 0.7832
mean_switch_util     : 1.6133
p95_switch_util      : 2.9057
