Generated 8192 hosts
Graph: 9472 nodes, 24576 edges
  0%|          | 0/10 [00:00<?, ?it/s]Unique sources this epoch: 5139
 10%|█         | 1/10 [04:54<44:06, 294.08s/it]Unique sources this epoch: 5133
 20%|██        | 2/10 [05:10<17:24, 130.57s/it]Unique sources this epoch: 5130
 30%|███       | 3/10 [11:00<26:56, 230.87s/it]Unique sources this epoch: 5126
 40%|████      | 4/10 [16:52<27:52, 278.70s/it]Unique sources this epoch: 5122
 50%|█████     | 5/10 [23:01<25:57, 311.41s/it]Unique sources this epoch: 5146
 60%|██████    | 6/10 [29:08<22:01, 330.33s/it]Unique sources this epoch: 5123
 70%|███████   | 7/10 [35:11<17:02, 340.85s/it]Unique sources this epoch: 5154
 80%|████████  | 8/10 [41:22<11:40, 350.38s/it]Unique sources this epoch: 5143
 90%|█████████ | 9/10 [47:37<05:58, 358.13s/it]Unique sources this epoch: 5140
100%|██████████| 10/10 [53:48<00:00, 362.12s/it]100%|██████████| 10/10 [53:48<00:00, 322.84s/it]

=== Simulation Results ===
topology : jellyfish
workload : incast
policy   : ospf_drill_configuration

drop_ratio           : 0.9676
mean_latency         : 4.4229
offered_load         : 3310921.0858
jain_fairness        : 0.0309
p50_flow_rate        : 0.0215
p95_flow_rate        : 0.0359
mean_edge_util       : 0.5958
max_edge_util        : 329.6711
mean_hops            : 3.4504
frac_saturated_edges : 0.0362
throughput           : 107168.3870
traffic_weighted_util : 0.5958
topk_edge_load_share : 0.0682
sum_edge_load        : 14642530.7203
sum_edge_cap         : 24576000.0000
edge_util_std        : 7.7716
switch_util_std      : 12.0684
switch_util_gini     : 0.9720
frac_hot_switches    : 0.0199
mean_switch_util     : 0.7553
p95_switch_util      : 0.2104
