Generated 8192 hosts
[fat-tree-informed] k=32, capacity=8192, hosts=8192
Graph: 9472 nodes, 24576 edges
  0%|          | 0/10 [00:00<?, ?it/s]Unique sources this epoch: 8192
 10%|█         | 1/10 [05:30<49:35, 330.61s/it]Unique sources this epoch: 8192
 20%|██        | 2/10 [05:31<18:13, 136.64s/it]Unique sources this epoch: 8192
 30%|███       | 3/10 [05:32<08:42, 74.68s/it] Unique sources this epoch: 8192
 40%|████      | 4/10 [05:33<04:33, 45.57s/it]Unique sources this epoch: 8192
 50%|█████     | 5/10 [05:34<02:27, 29.48s/it]Unique sources this epoch: 8191
 60%|██████    | 6/10 [05:35<01:19, 19.78s/it]Unique sources this epoch: 8191
 70%|███████   | 7/10 [05:36<00:40, 13.63s/it]Unique sources this epoch: 8190
 80%|████████  | 8/10 [05:37<00:19,  9.60s/it]Unique sources this epoch: 8192
 90%|█████████ | 9/10 [05:38<00:06,  6.90s/it]Unique sources this epoch: 8192
100%|██████████| 10/10 [05:39<00:00,  5.07s/it]100%|██████████| 10/10 [05:39<00:00, 33.91s/it]

=== Simulation Results ===
topology : informed_fat_tree
workload : random_workload
policy   : ospf_drill_configuration

drop_ratio           : 0.5433
mean_latency         : 5.9334
offered_load         : 6620088.3906
jain_fairness        : 0.8979
p50_flow_rate        : 3.8271
p95_flow_rate        : 5.7845
mean_edge_util       : 1.5983
max_edge_util        : 5.6035
mean_hops            : 4.9334
frac_saturated_edges : 0.7439
throughput           : 3023315.7241
traffic_weighted_util : 1.5983
topk_edge_load_share : 0.0004
sum_edge_load        : 39279324.0781
sum_edge_cap         : 24576000.0000
edge_util_std        : 0.7703
switch_util_std      : 0.7825
switch_util_gini     : 0.2771
frac_hot_switches    : 0.7832
mean_switch_util     : 1.6133
p95_switch_util      : 2.9057
