Generated 8192 hosts
Graph: 9472 nodes, 24576 edges
  0%|          | 0/10 [00:00<?, ?it/s]Unique sources this epoch: 5139
 10%|█         | 1/10 [05:01<45:14, 301.62s/it]Unique sources this epoch: 5133
 20%|██        | 2/10 [05:18<17:50, 133.85s/it]Unique sources this epoch: 5130
 30%|███       | 3/10 [05:39<09:38, 82.62s/it] Unique sources this epoch: 5126
 40%|████      | 4/10 [05:53<05:33, 55.52s/it]Unique sources this epoch: 5122
 50%|█████     | 5/10 [06:07<03:23, 40.66s/it]Unique sources this epoch: 5146
 60%|██████    | 6/10 [06:21<02:06, 31.59s/it]Unique sources this epoch: 5123
 70%|███████   | 7/10 [06:34<01:15, 25.25s/it]Unique sources this epoch: 5154
 80%|████████  | 8/10 [06:44<00:41, 20.60s/it]Unique sources this epoch: 5143
 90%|█████████ | 9/10 [06:53<00:16, 16.87s/it]Unique sources this epoch: 5140
100%|██████████| 10/10 [07:03<00:00, 14.69s/it]100%|██████████| 10/10 [07:03<00:00, 42.33s/it]

=== Simulation Results ===
topology : jellyfish
workload : incast
policy   : ospf_drill_configuration

drop_ratio           : 0.9476
mean_latency         : 4.4229
offered_load         : 662184.2172
jain_fairness        : 0.0792
p50_flow_rate        : 0.0215
p95_flow_rate        : 0.0359
mean_edge_util       : 0.1192
max_edge_util        : 65.9342
mean_hops            : 3.4504
frac_saturated_edges : 0.0213
throughput           : 34673.1575
traffic_weighted_util : 0.1192
topk_edge_load_share : 0.0682
sum_edge_load        : 2928506.1441
sum_edge_cap         : 24576000.0000
edge_util_std        : 1.5427
switch_util_std      : 2.4138
switch_util_gini     : 0.9713
frac_hot_switches    : 0.0065
mean_switch_util     : 0.1511
p95_switch_util      : 0.0487
