Generated 8192 hosts
[fat-tree-informed] k=32, capacity=8192, hosts=8192
Graph: 9472 nodes, 24576 edges
  0%|          | 0/10 [00:00<?, ?it/s]Unique sources this epoch: 8192
 10%|█         | 1/10 [17:06<2:33:58, 1026.46s/it]Unique sources this epoch: 8192
 20%|██        | 2/10 [17:08<56:29, 423.65s/it]   Unique sources this epoch: 8192
 30%|███       | 3/10 [17:09<26:57, 231.02s/it]Unique sources this epoch: 8192
 40%|████      | 4/10 [17:11<14:03, 140.52s/it]Unique sources this epoch: 8192
 50%|█████     | 5/10 [17:13<07:32, 90.52s/it] Unique sources this epoch: 8191
 60%|██████    | 6/10 [17:15<04:01, 60.42s/it]Unique sources this epoch: 8191
 70%|███████   | 7/10 [17:17<02:03, 41.33s/it]Unique sources this epoch: 8190
 80%|████████  | 8/10 [17:19<00:57, 28.81s/it]Unique sources this epoch: 8192
 90%|█████████ | 9/10 [17:21<00:20, 20.45s/it]Unique sources this epoch: 8192
100%|██████████| 10/10 [17:23<00:00, 14.76s/it]100%|██████████| 10/10 [17:23<00:00, 104.37s/it]

=== Simulation Results ===
topology : informed_fat_tree
workload : random_workload
policy   : eigrp_drill_configuration

drop_ratio           : 0.1834
mean_latency         : 5.9334
offered_load         : 3310044.1953
jain_fairness        : 0.8491
p50_flow_rate        : 3.5212
p95_flow_rate        : 5.5404
mean_edge_util       : 0.7991
max_edge_util        : 2.8018
mean_hops            : 4.9334
frac_saturated_edges : 0.3267
throughput           : 2702900.5190
traffic_weighted_util : 0.7991
topk_edge_load_share : 0.0004
sum_edge_load        : 19639662.0391
sum_edge_cap         : 24576000.0000
edge_util_std        : 0.3725
switch_util_std      : 0.3912
switch_util_gini     : 0.2771
frac_hot_switches    : 0.4168
mean_switch_util     : 0.8067
p95_switch_util      : 1.4528
