Generated 8192 hosts
Graph: 9472 nodes, 24576 edges
  0%|          | 0/10 [00:00<?, ?it/s]Unique sources this epoch: 5139
 10%|█         | 1/10 [10:54<1:38:07, 654.13s/it]Unique sources this epoch: 5133
 20%|██        | 2/10 [11:29<38:42, 290.27s/it]  Unique sources this epoch: 5130
 30%|███       | 3/10 [12:12<20:40, 177.23s/it]Unique sources this epoch: 5126
 40%|████      | 4/10 [12:41<11:52, 118.76s/it]Unique sources this epoch: 5122
 50%|█████     | 5/10 [13:11<07:13, 86.63s/it] Unique sources this epoch: 5146
 60%|██████    | 6/10 [13:39<04:27, 66.80s/it]Unique sources this epoch: 5123
 70%|███████   | 7/10 [14:03<02:37, 52.66s/it]Unique sources this epoch: 5154
 80%|████████  | 8/10 [20:33<05:20, 160.17s/it]Unique sources this epoch: 5143
 90%|█████████ | 9/10 [32:35<05:35, 335.85s/it]Unique sources this epoch: 5140
100%|██████████| 10/10 [44:57<00:00, 461.17s/it]100%|██████████| 10/10 [44:57<00:00, 269.74s/it]

=== Simulation Results ===
topology : jellyfish
workload : incast
policy   : eigrp_drill_configuration

drop_ratio           : 0.9676
mean_latency         : 4.4229
offered_load         : 3310921.0858
jain_fairness        : 0.0410
p50_flow_rate        : 0.0215
p95_flow_rate        : 0.0359
mean_edge_util       : 0.5958
max_edge_util        : 329.6711
mean_hops            : 3.4504
frac_saturated_edges : 0.0550
throughput           : 107168.3870
traffic_weighted_util : 0.5958
topk_edge_load_share : 0.0682
sum_edge_load        : 14642530.7203
sum_edge_cap         : 24576000.0000
edge_util_std        : 7.6816
switch_util_std      : 12.0683
switch_util_gini     : 0.9709
frac_hot_switches    : 0.0178
mean_switch_util     : 0.7553
p95_switch_util      : 0.2538
