Generated 8192 hosts
Graph: 9472 nodes, 24576 edges
  0%|          | 0/10 [00:00<?, ?it/s]Unique sources this epoch: 5139
 10%|█         | 1/10 [10:48<1:37:14, 648.28s/it]Unique sources this epoch: 5133
 20%|██        | 2/10 [11:24<38:26, 288.30s/it]  Unique sources this epoch: 5130
 30%|███       | 3/10 [12:06<20:31, 175.92s/it]Unique sources this epoch: 5126
 40%|████      | 4/10 [12:34<11:43, 117.30s/it]Unique sources this epoch: 5122
 50%|█████     | 5/10 [13:02<07:06, 85.22s/it] Unique sources this epoch: 5146
 60%|██████    | 6/10 [13:30<04:22, 65.73s/it]Unique sources this epoch: 5123
 70%|███████   | 7/10 [13:54<02:35, 51.99s/it]Unique sources this epoch: 5154
 80%|████████  | 8/10 [14:14<01:24, 42.07s/it]Unique sources this epoch: 5143
 90%|█████████ | 9/10 [14:32<00:34, 34.25s/it]Unique sources this epoch: 5140
100%|██████████| 10/10 [15:02<00:00, 32.96s/it]100%|██████████| 10/10 [15:02<00:00, 90.21s/it]

=== Simulation Results ===
topology : jellyfish
workload : incast
policy   : eigrp_drill_configuration

drop_ratio           : 0.9226
mean_latency         : 4.4229
offered_load         : 331092.1086
jain_fairness        : 0.3585
p50_flow_rate        : 0.0215
p95_flow_rate        : 0.0357
mean_edge_util       : 0.0596
max_edge_util        : 32.9671
mean_hops            : 3.4504
frac_saturated_edges : 0.0104
throughput           : 25611.2538
traffic_weighted_util : 0.0596
topk_edge_load_share : 0.0682
sum_edge_load        : 1464253.0720
sum_edge_cap         : 24576000.0000
edge_util_std        : 0.7690
switch_util_std      : 1.2069
switch_util_gini     : 0.9710
frac_hot_switches    : 0.0058
mean_switch_util     : 0.0755
p95_switch_util      : 0.0249
