Generated 8192 hosts
[fat-tree-informed] k=32, capacity=8192, hosts=8192
Graph: 9472 nodes, 24576 edges
  0%|          | 0/10 [00:00<?, ?it/s]Unique sources this epoch: 8192
 10%|█         | 1/10 [16:27<2:28:03, 987.11s/it]Unique sources this epoch: 8192
 20%|██        | 2/10 [16:28<54:19, 407.48s/it]  Unique sources this epoch: 8192
 30%|███       | 3/10 [16:30<25:56, 222.31s/it]Unique sources this epoch: 8192
 40%|████      | 4/10 [16:32<13:31, 135.31s/it]Unique sources this epoch: 8192
 50%|█████     | 5/10 [16:34<07:16, 87.22s/it] Unique sources this epoch: 8191
 60%|██████    | 6/10 [16:36<03:52, 58.24s/it]Unique sources this epoch: 8191
 70%|███████   | 7/10 [16:38<01:59, 39.85s/it]Unique sources this epoch: 8190
 80%|████████  | 8/10 [16:40<00:55, 27.79s/it]Unique sources this epoch: 8192
 90%|█████████ | 9/10 [16:42<00:19, 19.73s/it]Unique sources this epoch: 8192
100%|██████████| 10/10 [16:44<00:00, 14.25s/it]100%|██████████| 10/10 [16:44<00:00, 100.46s/it]

=== Simulation Results ===
topology : informed_fat_tree
workload : random_workload
policy   : eigrp_drill_configuration

drop_ratio           : 0.5289
mean_latency         : 5.9334
offered_load         : 6620088.3906
jain_fairness        : 0.8962
p50_flow_rate        : 3.9442
p95_flow_rate        : 5.9855
mean_edge_util       : 1.5983
max_edge_util        : 5.6035
mean_hops            : 4.9334
frac_saturated_edges : 0.7518
throughput           : 3118457.7328
traffic_weighted_util : 1.5983
topk_edge_load_share : 0.0004
sum_edge_load        : 39279324.0781
sum_edge_cap         : 24576000.0000
edge_util_std        : 0.7451
switch_util_std      : 0.7824
switch_util_gini     : 0.2771
frac_hot_switches    : 0.7833
mean_switch_util     : 1.6133
p95_switch_util      : 2.9057
