Generated 8192 hosts
Graph: 9472 nodes, 24576 edges
  0%|          | 0/10 [00:00<?, ?it/s]Unique sources this epoch: 5139
 10%|█         | 1/10 [10:57<1:38:37, 657.47s/it]Unique sources this epoch: 5133
 20%|██        | 2/10 [11:35<39:06, 293.25s/it]  Unique sources this epoch: 5130
 30%|███       | 3/10 [12:19<20:54, 179.28s/it]Unique sources this epoch: 5126
 40%|████      | 4/10 [12:47<11:57, 119.61s/it]Unique sources this epoch: 5122
 50%|█████     | 5/10 [13:16<07:14, 86.96s/it] Unique sources this epoch: 5146
 60%|██████    | 6/10 [19:35<12:24, 186.16s/it]Unique sources this epoch: 5123
 70%|███████   | 7/10 [31:54<18:20, 366.79s/it]Unique sources this epoch: 5154
 80%|████████  | 8/10 [44:19<16:14, 487.42s/it]Unique sources this epoch: 5143
 90%|█████████ | 9/10 [56:39<09:26, 566.42s/it]Unique sources this epoch: 5140
100%|██████████| 10/10 [1:08:54<00:00, 618.39s/it]100%|██████████| 10/10 [1:08:54<00:00, 413.46s/it]

=== Simulation Results ===
topology : jellyfish
workload : incast
policy   : eigrp_drill_configuration

drop_ratio           : 0.9701
mean_latency         : 4.4229
offered_load         : 6621842.1715
jain_fairness        : 0.0309
p50_flow_rate        : 0.0215
p95_flow_rate        : 0.0359
mean_edge_util       : 1.1916
max_edge_util        : 659.3422
mean_hops            : 3.4504
frac_saturated_edges : 0.0583
throughput           : 197787.4240
traffic_weighted_util : 1.1916
topk_edge_load_share : 0.0682
sum_edge_load        : 29285061.4406
sum_edge_cap         : 24576000.0000
edge_util_std        : 15.3559
switch_util_std      : 24.1361
switch_util_gini     : 0.9709
frac_hot_switches    : 0.0358
mean_switch_util     : 1.5107
p95_switch_util      : 0.5145
