Generated 8192 hosts
[fat-tree-informed] k=32, capacity=8192, hosts=8192
Graph: 9472 nodes, 24576 edges
  0%|          | 0/10 [00:00<?, ?it/s]Unique sources this epoch: 8192
 10%|█         | 1/10 [04:17<38:35, 257.26s/it]Unique sources this epoch: 8192
 20%|██        | 2/10 [04:19<14:15, 106.97s/it]Unique sources this epoch: 8191
 30%|███       | 3/10 [04:20<06:52, 58.94s/it] Unique sources this epoch: 8191
 40%|████      | 4/10 [04:22<03:38, 36.37s/it]Unique sources this epoch: 8192
 50%|█████     | 5/10 [04:24<01:59, 23.89s/it]Unique sources this epoch: 8191
 60%|██████    | 6/10 [04:26<01:05, 16.37s/it]Unique sources this epoch: 8191
 70%|███████   | 7/10 [04:27<00:34, 11.57s/it]Unique sources this epoch: 8191
 80%|████████  | 8/10 [04:29<00:16,  8.42s/it]Unique sources this epoch: 8192
 90%|█████████ | 9/10 [04:31<00:06,  6.31s/it]Unique sources this epoch: 8191
100%|██████████| 10/10 [04:33<00:00,  4.93s/it]100%|██████████| 10/10 [04:33<00:00, 27.30s/it]

=== Simulation Results ===
topology : informed_fat_tree
workload : local_group_workload
policy   : conga_configuration

drop_ratio           : 0.1566
mean_latency         : 3.0363
offered_load         : 3315705.4979
jain_fairness        : 0.8373
p50_flow_rate        : 3.5934
p95_flow_rate        : 5.9319
mean_edge_util       : 0.4097
max_edge_util        : 2.3961
mean_hops            : 2.0363
frac_saturated_edges : 0.1159
throughput           : 2796310.9865
traffic_weighted_util : 0.4097
topk_edge_load_share : 0.0007
sum_edge_load        : 10068395.6315
sum_edge_cap         : 24576000.0000
edge_util_std        : 0.4257
switch_util_std      : 0.4206
switch_util_gini     : 0.3228
frac_hot_switches    : 0.3661
mean_switch_util     : 0.7447
p95_switch_util      : 1.4544
