Generated 8192 hosts
Graph: 9248 nodes, 40960 edges
  0%|          | 0/10 [00:00<?, ?it/s]Unique sources this epoch: 5139
 10%|█         | 1/10 [02:40<24:07, 160.84s/it]Unique sources this epoch: 5133
 20%|██        | 2/10 [02:49<09:31, 71.46s/it] Unique sources this epoch: 5130
 30%|███       | 3/10 [03:01<05:10, 44.43s/it]Unique sources this epoch: 5126
 40%|████      | 4/10 [03:08<02:57, 29.61s/it]Unique sources this epoch: 5122
 50%|█████     | 5/10 [03:15<01:47, 21.42s/it]Unique sources this epoch: 5146
 60%|██████    | 6/10 [03:22<01:05, 16.48s/it]Unique sources this epoch: 5123
 70%|███████   | 7/10 [03:28<00:39, 13.09s/it]Unique sources this epoch: 5154
 80%|████████  | 8/10 [03:34<00:21, 10.61s/it]Unique sources this epoch: 5143
 90%|█████████ | 9/10 [03:38<00:08,  8.74s/it]Unique sources this epoch: 5140
100%|██████████| 10/10 [03:48<00:00,  9.21s/it]100%|██████████| 10/10 [03:48<00:00, 22.90s/it]

=== Simulation Results ===
topology : leaf_spine
workload : incast
policy   : conga_configuration

drop_ratio           : 0.9226
mean_latency         : 3.8898
offered_load         : 331092.1086
jain_fairness        : 0.1628
p50_flow_rate        : 0.0215
p95_flow_rate        : 0.0358
mean_edge_util       : 0.0314
max_edge_util        : 32.9671
mean_hops            : 2.9173
frac_saturated_edges : 0.0053
throughput           : 25611.2538
traffic_weighted_util : 0.0314
topk_edge_load_share : 0.0775
sum_edge_load        : 1288065.1570
sum_edge_cap         : 40960000.0000
edge_util_std        : 0.5921
switch_util_std      : 1.2205
switch_util_gini     : 0.9768
frac_hot_switches    : 0.0055
mean_switch_util     : 0.0732
p95_switch_util      : 0.0140
