Generated 8192 hosts
[fat-tree-informed] k=32, capacity=8192, hosts=8192
Graph: 9472 nodes, 24576 edges
  0%|          | 0/10 [00:00<?, ?it/s]Unique sources this epoch: 8192
 10%|█         | 1/10 [04:14<38:10, 254.45s/it]Unique sources this epoch: 8192
 20%|██        | 2/10 [04:16<14:06, 105.81s/it]Unique sources this epoch: 8191
 30%|███       | 3/10 [04:18<06:48, 58.33s/it] Unique sources this epoch: 8191
 40%|████      | 4/10 [04:19<03:36, 36.02s/it]Unique sources this epoch: 8192
 50%|█████     | 5/10 [04:21<01:58, 23.68s/it]Unique sources this epoch: 8191
 60%|██████    | 6/10 [04:23<01:04, 16.23s/it]Unique sources this epoch: 8191
 70%|███████   | 7/10 [04:25<00:34, 11.48s/it]Unique sources this epoch: 8191
 80%|████████  | 8/10 [04:26<00:16,  8.36s/it]Unique sources this epoch: 8192
 90%|█████████ | 9/10 [04:28<00:06,  6.27s/it]Unique sources this epoch: 8191
100%|██████████| 10/10 [04:30<00:00,  4.84s/it]100%|██████████| 10/10 [04:30<00:00, 27.01s/it]

=== Simulation Results ===
topology : informed_fat_tree
workload : local_group_workload
policy   : conga_configuration

drop_ratio           : 0.5015
mean_latency         : 3.0363
offered_load         : 6631410.9957
jain_fairness        : 0.8814
p50_flow_rate        : 4.1134
p95_flow_rate        : 6.6215
mean_edge_util       : 0.8194
max_edge_util        : 4.7922
mean_hops            : 2.0363
frac_saturated_edges : 0.3575
throughput           : 3305444.0952
traffic_weighted_util : 0.8194
topk_edge_load_share : 0.0007
sum_edge_load        : 20136791.2630
sum_edge_cap         : 24576000.0000
edge_util_std        : 0.8513
switch_util_std      : 0.8413
switch_util_gini     : 0.3228
frac_hot_switches    : 0.7133
mean_switch_util     : 1.4893
p95_switch_util      : 2.9087
