Generated 8192 hosts
Graph: 9248 nodes, 40960 edges
  0%|          | 0/10 [00:00<?, ?it/s]Unique sources this epoch: 5139
 10%|█         | 1/10 [02:59<26:54, 179.43s/it]Unique sources this epoch: 5133
 20%|██        | 2/10 [03:09<10:38, 79.79s/it] Unique sources this epoch: 5130
 30%|███       | 3/10 [03:22<05:45, 49.40s/it]Unique sources this epoch: 5126
 40%|████      | 4/10 [03:30<03:17, 32.98s/it]Unique sources this epoch: 5122
 50%|█████     | 5/10 [03:38<01:59, 23.96s/it]Unique sources this epoch: 5146
 60%|██████    | 6/10 [03:46<01:13, 18.42s/it]Unique sources this epoch: 5123
 70%|███████   | 7/10 [03:52<00:43, 14.60s/it]Unique sources this epoch: 5154
 80%|████████  | 8/10 [03:58<00:23, 11.88s/it]Unique sources this epoch: 5143
 90%|█████████ | 9/10 [04:04<00:09,  9.78s/it]Unique sources this epoch: 5140
100%|██████████| 10/10 [04:15<00:00, 10.26s/it]100%|██████████| 10/10 [04:15<00:00, 25.54s/it]

=== Simulation Results ===
topology : leaf_spine
workload : incast
policy   : conga_configuration

drop_ratio           : 0.9476
mean_latency         : 3.8898
offered_load         : 662184.2172
jain_fairness        : 0.0792
p50_flow_rate        : 0.0215
p95_flow_rate        : 0.0359
mean_edge_util       : 0.0629
max_edge_util        : 65.9342
mean_hops            : 2.9173
frac_saturated_edges : 0.0121
throughput           : 34673.1575
traffic_weighted_util : 0.0629
topk_edge_load_share : 0.0775
sum_edge_load        : 2576130.3140
sum_edge_cap         : 40960000.0000
edge_util_std        : 1.1842
switch_util_std      : 2.4410
switch_util_gini     : 0.9768
frac_hot_switches    : 0.0063
mean_switch_util     : 0.1464
p95_switch_util      : 0.0280
