Generated 8192 hosts
Graph: 9248 nodes, 40960 edges
  0%|          | 0/10 [00:00<?, ?it/s]Unique sources this epoch: 5139
 10%|█         | 1/10 [03:08<28:13, 188.18s/it]Unique sources this epoch: 5133
 20%|██        | 2/10 [03:18<11:07, 83.44s/it] Unique sources this epoch: 5130
 30%|███       | 3/10 [03:33<06:05, 52.17s/it]Unique sources this epoch: 5126
 40%|████      | 4/10 [03:41<03:29, 34.88s/it]Unique sources this epoch: 5122
 50%|█████     | 5/10 [03:49<02:06, 25.21s/it]Unique sources this epoch: 5146
 60%|██████    | 6/10 [03:57<01:17, 19.33s/it]Unique sources this epoch: 5123
 70%|███████   | 7/10 [04:04<00:45, 15.28s/it]Unique sources this epoch: 5154
 80%|████████  | 8/10 [04:10<00:24, 12.37s/it]Unique sources this epoch: 5143
 90%|█████████ | 9/10 [04:15<00:10, 10.13s/it]Unique sources this epoch: 5140
100%|██████████| 10/10 [04:27<00:00, 10.46s/it]100%|██████████| 10/10 [04:27<00:00, 26.71s/it]

=== Simulation Results ===
topology : leaf_spine
workload : incast
policy   : conga_configuration

drop_ratio           : 0.9701
mean_latency         : 3.8898
offered_load         : 6621842.1715
jain_fairness        : 0.0263
p50_flow_rate        : 0.0215
p95_flow_rate        : 0.0359
mean_edge_util       : 0.6289
max_edge_util        : 659.3422
mean_hops            : 2.9173
frac_saturated_edges : 0.0248
throughput           : 197787.4240
traffic_weighted_util : 0.6289
topk_edge_load_share : 0.0775
sum_edge_load        : 25761303.1403
sum_edge_cap         : 40960000.0000
edge_util_std        : 11.8420
switch_util_std      : 24.4101
switch_util_gini     : 0.9768
frac_hot_switches    : 0.0069
mean_switch_util     : 1.4639
p95_switch_util      : 0.2805
