Generated 8192 hosts
[fat-tree] k=32, capacity=8192, hosts=8192
Graph: 9472 nodes, 24576 edges
  0%|          | 0/10 [00:00<?, ?it/s]Unique sources this epoch: 5139
 10%|█         | 1/10 [04:09<37:26, 249.64s/it]Unique sources this epoch: 5133
 20%|██        | 2/10 [04:23<14:46, 110.79s/it]Unique sources this epoch: 5130
 30%|███       | 3/10 [09:06<22:07, 189.59s/it]Unique sources this epoch: 5126
 40%|████      | 4/10 [13:59<23:02, 230.36s/it]Unique sources this epoch: 5122
 50%|█████     | 5/10 [18:49<20:59, 251.98s/it]Unique sources this epoch: 5146
 60%|██████    | 6/10 [23:39<17:39, 264.91s/it]Unique sources this epoch: 5123
 70%|███████   | 7/10 [28:24<13:34, 271.54s/it]Unique sources this epoch: 5154
 80%|████████  | 8/10 [33:11<09:12, 276.16s/it]Unique sources this epoch: 5143
 90%|█████████ | 9/10 [37:59<04:40, 280.08s/it]Unique sources this epoch: 5140
100%|██████████| 10/10 [43:02<00:00, 286.96s/it]100%|██████████| 10/10 [43:02<00:00, 258.21s/it]

=== Simulation Results ===
topology : fat_tree
workload : incast
policy   : ospf_configuration

drop_ratio           : 0.9700
mean_latency         : 5.7793
offered_load         : 3310921.0858
jain_fairness        : 0.0265
p50_flow_rate        : 0.0101
p95_flow_rate        : 0.0261
mean_edge_util       : 0.7787
max_edge_util        : 883.3603
mean_hops            : 4.8068
frac_saturated_edges : 0.0069
throughput           : 99200.0342
traffic_weighted_util : 0.7787
topk_edge_load_share : 0.0522
sum_edge_load        : 19137095.0139
sum_edge_cap         : 24576000.0000
edge_util_std        : 14.6904
switch_util_std      : 12.3049
switch_util_gini     : 0.9784
frac_hot_switches    : 0.0092
mean_switch_util     : 0.7850
p95_switch_util      : 0.1402
