Generated 8192 hosts
[fat-tree] k=32, capacity=8192, hosts=8192
Graph: 9472 nodes, 24576 edges
  0%|          | 0/10 [00:00<?, ?it/s]Unique sources this epoch: 1018
 10%|█         | 1/10 [00:48<07:15, 48.43s/it]Unique sources this epoch: 1022
 20%|██        | 2/10 [00:52<02:58, 22.29s/it]Unique sources this epoch: 1008
 30%|███       | 3/10 [00:56<01:39, 14.18s/it]Unique sources this epoch: 1023
 40%|████      | 4/10 [01:01<01:02, 10.38s/it]Unique sources this epoch: 1039
 50%|█████     | 5/10 [01:06<00:41,  8.28s/it]Unique sources this epoch: 1049
 60%|██████    | 6/10 [01:11<00:28,  7.21s/it]Unique sources this epoch: 1030
 70%|███████   | 7/10 [01:14<00:18,  6.03s/it]Unique sources this epoch: 1025
 80%|████████  | 8/10 [01:18<00:10,  5.34s/it]Unique sources this epoch: 1010
 90%|█████████ | 9/10 [01:21<00:04,  4.68s/it]Unique sources this epoch: 1002
100%|██████████| 10/10 [01:27<00:00,  4.89s/it]100%|██████████| 10/10 [01:27<00:00,  8.73s/it]

=== Simulation Results ===
topology : fat_tree
workload : incast
policy   : ospf_ecmp_configuration

drop_ratio           : 0.0433
mean_latency         : 5.7721
offered_load         : 20591.6892
jain_fairness        : 0.8139
p50_flow_rate        : 0.2025
p95_flow_rate        : 0.3458
mean_edge_util       : 0.0048
max_edge_util        : 1.5806
mean_hops            : 4.8007
frac_saturated_edges : 0.0003
throughput           : 19699.1825
traffic_weighted_util : 0.0048
topk_edge_load_share : 0.0318
sum_edge_load        : 118894.7386
sum_edge_cap         : 24576000.0000
edge_util_std        : 0.0354
switch_util_std      : 0.0551
switch_util_gini     : 0.9781
frac_hot_switches    : 0.0010
mean_switch_util     : 0.0049
p95_switch_util      : 0.0048
