Generated 8192 hosts
[fat-tree] k=32, capacity=8192, hosts=8192
Graph: 9472 nodes, 24576 edges
  0%|          | 0/10 [00:00<?, ?it/s]Unique sources this epoch: 5139
 10%|█         | 1/10 [03:22<30:21, 202.37s/it]Unique sources this epoch: 5133
 20%|██        | 2/10 [03:33<11:58, 89.85s/it] Unique sources this epoch: 5130
 30%|███       | 3/10 [03:47<06:25, 55.11s/it]Unique sources this epoch: 5126
 40%|████      | 4/10 [03:56<03:41, 37.00s/it]Unique sources this epoch: 5122
 50%|█████     | 5/10 [04:06<02:15, 27.19s/it]Unique sources this epoch: 5146
 60%|██████    | 6/10 [04:15<01:24, 21.23s/it]Unique sources this epoch: 5123
 70%|███████   | 7/10 [08:12<04:34, 91.50s/it]Unique sources this epoch: 5154
 80%|████████  | 8/10 [12:21<04:43, 141.91s/it]Unique sources this epoch: 5143
 90%|█████████ | 9/10 [16:28<02:54, 174.64s/it]Unique sources this epoch: 5140
100%|██████████| 10/10 [20:31<00:00, 195.81s/it]100%|██████████| 10/10 [20:31<00:00, 123.17s/it]

=== Simulation Results ===
topology : fat_tree
workload : incast
policy   : ospf_configuration

drop_ratio           : 0.9466
mean_latency         : 5.7793
offered_load         : 331092.1086
jain_fairness        : 0.0820
p50_flow_rate        : 0.0102
p95_flow_rate        : 0.0262
mean_edge_util       : 0.0779
max_edge_util        : 88.3360
mean_hops            : 4.8068
frac_saturated_edges : 0.0036
throughput           : 17687.6153
traffic_weighted_util : 0.0779
topk_edge_load_share : 0.0559
sum_edge_load        : 1913709.5014
sum_edge_cap         : 24576000.0000
edge_util_std        : 1.4670
switch_util_std      : 1.2304
switch_util_gini     : 0.9783
frac_hot_switches    : 0.0075
mean_switch_util     : 0.0785
p95_switch_util      : 0.0140
