Generated 8192 hosts
Graph: 9248 nodes, 40960 edges
  0%|          | 0/10 [00:00<?, ?it/s]Unique sources this epoch: 5139
 10%|█         | 1/10 [02:44<24:41, 164.56s/it]Unique sources this epoch: 5133
 20%|██        | 2/10 [02:53<09:44, 73.02s/it] Unique sources this epoch: 5130
 30%|███       | 3/10 [03:05<05:17, 45.36s/it]Unique sources this epoch: 5126
 40%|████      | 4/10 [03:13<03:02, 30.46s/it]Unique sources this epoch: 5122
 50%|█████     | 5/10 [03:20<01:50, 22.09s/it]Unique sources this epoch: 5146
 60%|██████    | 6/10 [03:27<01:07, 16.99s/it]Unique sources this epoch: 5123
 70%|███████   | 7/10 [03:33<00:40, 13.42s/it]Unique sources this epoch: 5154
 80%|████████  | 8/10 [03:39<00:21, 10.80s/it]Unique sources this epoch: 5143
 90%|█████████ | 9/10 [03:43<00:08,  8.78s/it]Unique sources this epoch: 5140
100%|██████████| 10/10 [03:53<00:00,  9.14s/it]100%|██████████| 10/10 [03:53<00:00, 23.35s/it]

=== Simulation Results ===
topology : leaf_spine
workload : incast
policy   : rip_configuration

drop_ratio           : 0.9227
mean_latency         : 3.8898
offered_load         : 331092.1086
jain_fairness        : 0.1626
p50_flow_rate        : 0.0214
p95_flow_rate        : 0.0358
mean_edge_util       : 0.0314
max_edge_util        : 32.9812
mean_hops            : 2.9173
frac_saturated_edges : 0.0016
throughput           : 25586.2687
traffic_weighted_util : 0.0314
topk_edge_load_share : 0.0785
sum_edge_load        : 1288065.1570
sum_edge_cap         : 40960000.0000
edge_util_std        : 0.8206
switch_util_std      : 1.2205
switch_util_gini     : 0.9771
frac_hot_switches    : 0.0055
mean_switch_util     : 0.0732
p95_switch_util      : 0.0138
