Generated 8192 hosts
[fat-tree-informed] k=32, capacity=8192, hosts=8192
Graph: 9472 nodes, 24576 edges
  0%|          | 0/10 [00:00<?, ?it/s]Unique sources this epoch: 8192
 10%|█         | 1/10 [02:51<25:45, 171.70s/it]Unique sources this epoch: 8192
 20%|██        | 2/10 [02:52<09:28, 71.05s/it] Unique sources this epoch: 8191
 30%|███       | 3/10 [02:52<04:32, 38.89s/it]Unique sources this epoch: 8191
 40%|████      | 4/10 [02:53<02:22, 23.78s/it]Unique sources this epoch: 8192
 50%|█████     | 5/10 [02:54<01:17, 15.43s/it]Unique sources this epoch: 8191
 60%|██████    | 6/10 [02:54<00:41, 10.40s/it]Unique sources this epoch: 8191
 70%|███████   | 7/10 [02:55<00:21,  7.21s/it]Unique sources this epoch: 8191
 80%|████████  | 8/10 [02:56<00:10,  5.11s/it]Unique sources this epoch: 8192
 90%|█████████ | 9/10 [02:56<00:03,  3.72s/it]Unique sources this epoch: 8191
100%|██████████| 10/10 [02:57<00:00,  2.77s/it]100%|██████████| 10/10 [02:57<00:00, 17.73s/it]

=== Simulation Results ===
topology : informed_fat_tree
workload : local_group_workload
policy   : rip_configuration

drop_ratio           : 0.7214
mean_latency         : 3.0363
offered_load         : 6631410.9957
jain_fairness        : 0.5590
p50_flow_rate        : 0.9293
p95_flow_rate        : 5.9936
mean_edge_util       : 0.8194
max_edge_util        : 25.6993
mean_hops            : 2.0363
frac_saturated_edges : 0.2692
throughput           : 1847637.4876
traffic_weighted_util : 0.8194
topk_edge_load_share : 0.0040
sum_edge_load        : 20136791.2630
sum_edge_cap         : 24576000.0000
edge_util_std        : 2.2076
switch_util_std      : 0.9360
switch_util_gini     : 0.3441
frac_hot_switches    : 0.7167
mean_switch_util     : 1.4893
p95_switch_util      : 2.9319
