Generated 8192 hosts
Graph: 9248 nodes, 40960 edges
  0%|          | 0/10 [00:00<?, ?it/s]Unique sources this epoch: 5139
 10%|█         | 1/10 [01:52<16:54, 112.71s/it]Unique sources this epoch: 5133
 20%|██        | 2/10 [01:58<06:40, 50.01s/it] Unique sources this epoch: 5130
 30%|███       | 3/10 [02:07<03:38, 31.16s/it]Unique sources this epoch: 5126
 40%|████      | 4/10 [02:12<02:04, 20.74s/it]Unique sources this epoch: 5122
 50%|█████     | 5/10 [02:17<01:15, 15.01s/it]Unique sources this epoch: 5146
 60%|██████    | 6/10 [02:21<00:46, 11.50s/it]Unique sources this epoch: 5123
 70%|███████   | 7/10 [02:26<00:27,  9.10s/it]Unique sources this epoch: 5154
 80%|████████  | 8/10 [02:29<00:14,  7.42s/it]Unique sources this epoch: 5143
 90%|█████████ | 9/10 [02:33<00:06,  6.12s/it]Unique sources this epoch: 5140
100%|██████████| 10/10 [02:40<00:00,  6.53s/it]100%|██████████| 10/10 [02:40<00:00, 16.05s/it]

=== Simulation Results ===
topology : leaf_spine
workload : incast
policy   : rip_configuration

drop_ratio           : 0.9701
mean_latency         : 3.8898
offered_load         : 6621842.1715
jain_fairness        : 0.0263
p50_flow_rate        : 0.0214
p95_flow_rate        : 0.0359
mean_edge_util       : 0.6289
max_edge_util        : 659.6237
mean_hops            : 2.9173
frac_saturated_edges : 0.0058
throughput           : 197762.4389
traffic_weighted_util : 0.6289
topk_edge_load_share : 0.0785
sum_edge_load        : 25761303.1403
sum_edge_cap         : 40960000.0000
edge_util_std        : 16.4127
switch_util_std      : 24.4105
switch_util_gini     : 0.9771
frac_hot_switches    : 0.0070
mean_switch_util     : 1.4639
p95_switch_util      : 0.2764
