Generated 8192 hosts
Graph: 9248 nodes, 40960 edges
  0%|          | 0/10 [00:00<?, ?it/s]Unique sources this epoch: 5139
 10%|█         | 1/10 [06:14<56:09, 374.44s/it]Unique sources this epoch: 5133
 20%|██        | 2/10 [06:35<22:11, 166.43s/it]Unique sources this epoch: 5130
 30%|███       | 3/10 [13:38<33:04, 283.49s/it]Unique sources this epoch: 5126
 40%|████      | 4/10 [20:44<34:00, 340.10s/it]Unique sources this epoch: 5122
 50%|█████     | 5/10 [27:56<31:05, 373.04s/it]Unique sources this epoch: 5146
 60%|██████    | 6/10 [35:20<26:28, 397.20s/it]Unique sources this epoch: 5123
 70%|███████   | 7/10 [42:40<20:33, 411.19s/it]Unique sources this epoch: 5154
 80%|████████  | 8/10 [50:04<14:03, 421.71s/it]Unique sources this epoch: 5143
 90%|█████████ | 9/10 [57:24<07:07, 427.37s/it]Unique sources this epoch: 5140
100%|██████████| 10/10 [1:04:49<00:00, 432.73s/it]100%|██████████| 10/10 [1:04:49<00:00, 388.93s/it]

=== Simulation Results ===
topology : leaf_spine
workload : incast
policy   : ospf_configuration

drop_ratio           : 0.9676
mean_latency         : 3.8898
offered_load         : 3310921.0858
jain_fairness        : 0.0308
p50_flow_rate        : 0.0214
p95_flow_rate        : 0.0359
mean_edge_util       : 0.3145
max_edge_util        : 329.8119
mean_hops            : 2.9173
frac_saturated_edges : 0.0016
throughput           : 107143.4019
traffic_weighted_util : 0.3145
topk_edge_load_share : 0.0775
sum_edge_load        : 12880651.5702
sum_edge_cap         : 40960000.0000
edge_util_std        : 8.2064
switch_util_std      : 12.2052
switch_util_gini     : 0.9771
frac_hot_switches    : 0.0070
mean_switch_util     : 0.7319
p95_switch_util      : 0.1382
