Generated 8192 hosts
Graph: 9248 nodes, 40960 edges
  0%|          | 0/10 [00:00<?, ?it/s]Unique sources this epoch: 5139
 10%|█         | 1/10 [05:45<51:45, 345.05s/it]Unique sources this epoch: 5133
 20%|██        | 2/10 [06:04<20:26, 153.28s/it]Unique sources this epoch: 5130
 30%|███       | 3/10 [06:26<10:53, 93.38s/it] Unique sources this epoch: 5126
 40%|████      | 4/10 [06:41<06:14, 62.49s/it]Unique sources this epoch: 5122
 50%|█████     | 5/10 [06:56<03:47, 45.58s/it]Unique sources this epoch: 5146
 60%|██████    | 6/10 [07:12<02:20, 35.25s/it]Unique sources this epoch: 5123
 70%|███████   | 7/10 [07:25<01:24, 28.18s/it]Unique sources this epoch: 5154
 80%|████████  | 8/10 [07:37<00:45, 22.85s/it]Unique sources this epoch: 5143
 90%|█████████ | 9/10 [07:46<00:18, 18.68s/it]Unique sources this epoch: 5140
100%|██████████| 10/10 [08:03<00:00, 18.10s/it]100%|██████████| 10/10 [08:03<00:00, 48.35s/it]

=== Simulation Results ===
topology : leaf_spine
workload : incast
policy   : ospf_configuration

drop_ratio           : 0.9227
mean_latency         : 3.8898
offered_load         : 331092.1086
jain_fairness        : 0.1628
p50_flow_rate        : 0.0215
p95_flow_rate        : 0.0358
mean_edge_util       : 0.0314
max_edge_util        : 32.9671
mean_hops            : 2.9173
frac_saturated_edges : 0.0016
throughput           : 25605.5526
traffic_weighted_util : 0.0314
topk_edge_load_share : 0.0783
sum_edge_load        : 1288065.1570
sum_edge_cap         : 40960000.0000
edge_util_std        : 0.8173
switch_util_std      : 1.2205
switch_util_gini     : 0.9771
frac_hot_switches    : 0.0055
mean_switch_util     : 0.0732
p95_switch_util      : 0.0138
