Generated 8192 hosts
[fat-tree-informed] k=32, capacity=8192, hosts=8192
Graph: 9472 nodes, 24576 edges
  0%|          | 0/10 [00:00<?, ?it/s]Unique sources this epoch: 8192
 10%|█         | 1/10 [05:39<50:59, 339.98s/it]Unique sources this epoch: 8192
 20%|██        | 2/10 [05:40<18:42, 140.30s/it]Unique sources this epoch: 8191
 30%|███       | 3/10 [05:41<08:55, 76.49s/it] Unique sources this epoch: 8191
 40%|████      | 4/10 [05:41<04:39, 46.52s/it]Unique sources this epoch: 8192
 50%|█████     | 5/10 [05:42<02:29, 29.94s/it]Unique sources this epoch: 8191
 60%|██████    | 6/10 [05:42<01:19, 19.96s/it]Unique sources this epoch: 8191
 70%|███████   | 7/10 [05:43<00:40, 13.62s/it]Unique sources this epoch: 8191
 80%|████████  | 8/10 [05:43<00:18,  9.47s/it]Unique sources this epoch: 8192
 90%|█████████ | 9/10 [05:44<00:06,  6.69s/it]Unique sources this epoch: 8191
100%|██████████| 10/10 [05:45<00:00,  4.80s/it]100%|██████████| 10/10 [05:45<00:00, 34.51s/it]

=== Simulation Results ===
topology : informed_fat_tree
workload : local_group_workload
policy   : ospf_configuration

drop_ratio           : 0.7214
mean_latency         : 3.0363
offered_load         : 6631410.9957
jain_fairness        : 0.5590
p50_flow_rate        : 0.9293
p95_flow_rate        : 5.9936
mean_edge_util       : 0.8194
max_edge_util        : 25.6993
mean_hops            : 2.0363
frac_saturated_edges : 0.2692
throughput           : 1847637.4876
traffic_weighted_util : 0.8194
topk_edge_load_share : 0.0040
sum_edge_load        : 20136791.2630
sum_edge_cap         : 24576000.0000
edge_util_std        : 2.2076
switch_util_std      : 0.9360
switch_util_gini     : 0.3441
frac_hot_switches    : 0.7167
mean_switch_util     : 1.4893
p95_switch_util      : 2.9319
