Generated 8192 hosts
Graph: 9248 nodes, 40960 edges
  0%|          | 0/10 [00:00<?, ?it/s]Unique sources this epoch: 5139
 10%|█         | 1/10 [05:57<53:38, 357.63s/it]Unique sources this epoch: 5133
 20%|██        | 2/10 [06:18<21:18, 159.78s/it]Unique sources this epoch: 5130
 30%|███       | 3/10 [06:41<11:20, 97.24s/it] Unique sources this epoch: 5126
 40%|████      | 4/10 [06:57<06:30, 65.03s/it]Unique sources this epoch: 5122
 50%|█████     | 5/10 [07:13<03:57, 47.40s/it]Unique sources this epoch: 5146
 60%|██████    | 6/10 [07:29<02:26, 36.68s/it]Unique sources this epoch: 5123
 70%|███████   | 7/10 [07:43<01:27, 29.27s/it]Unique sources this epoch: 5154
 80%|████████  | 8/10 [07:55<00:47, 23.81s/it]Unique sources this epoch: 5143
 90%|█████████ | 9/10 [08:05<00:19, 19.52s/it]Unique sources this epoch: 5140
100%|██████████| 10/10 [08:22<00:00, 18.61s/it]100%|██████████| 10/10 [08:22<00:00, 50.22s/it]

=== Simulation Results ===
topology : leaf_spine
workload : incast
policy   : ospf_configuration

drop_ratio           : 0.9476
mean_latency         : 3.8898
offered_load         : 662184.2172
jain_fairness        : 0.0792
p50_flow_rate        : 0.0215
p95_flow_rate        : 0.0358
mean_edge_util       : 0.0629
max_edge_util        : 65.9342
mean_hops            : 2.9173
frac_saturated_edges : 0.0016
throughput           : 34667.4563
traffic_weighted_util : 0.0629
topk_edge_load_share : 0.0783
sum_edge_load        : 2576130.3140
sum_edge_cap         : 40960000.0000
edge_util_std        : 1.6346
switch_util_std      : 2.4410
switch_util_gini     : 0.9771
frac_hot_switches    : 0.0064
mean_switch_util     : 0.1464
p95_switch_util      : 0.0276
