Generated 8192 hosts
[fat-tree-informed] k=32, capacity=8192, hosts=8192
Graph: 9472 nodes, 24576 edges
  0%|          | 0/10 [00:00<?, ?it/s]Unique sources this epoch: 8192
 10%|█         | 1/10 [13:33<2:02:00, 813.40s/it]Unique sources this epoch: 8192
 20%|██        | 2/10 [13:34<44:44, 335.52s/it]  Unique sources this epoch: 8191
 30%|███       | 3/10 [13:35<21:19, 182.77s/it]Unique sources this epoch: 8191
 40%|████      | 4/10 [13:36<11:06, 111.03s/it]Unique sources this epoch: 8192
 50%|█████     | 5/10 [13:37<05:56, 71.37s/it] Unique sources this epoch: 8191
 60%|██████    | 6/10 [13:38<03:09, 47.47s/it]Unique sources this epoch: 8191
 70%|███████   | 7/10 [13:39<01:36, 32.30s/it]Unique sources this epoch: 8191
 80%|████████  | 8/10 [13:40<00:44, 22.36s/it]Unique sources this epoch: 8192
 90%|█████████ | 9/10 [13:41<00:15, 15.72s/it]Unique sources this epoch: 8191
100%|██████████| 10/10 [13:42<00:00, 11.21s/it]100%|██████████| 10/10 [13:42<00:00, 82.29s/it]

=== Simulation Results ===
topology : informed_fat_tree
workload : local_group_workload
policy   : eigrp_configuration

drop_ratio           : 0.5167
mean_latency         : 3.0363
offered_load         : 3315705.4979
jain_fairness        : 0.5542
p50_flow_rate        : 0.8796
p95_flow_rate        : 5.3861
mean_edge_util       : 0.4097
max_edge_util        : 12.8497
mean_hops            : 2.0363
frac_saturated_edges : 0.1297
throughput           : 1602371.9571
traffic_weighted_util : 0.4097
topk_edge_load_share : 0.0040
sum_edge_load        : 10068395.6315
sum_edge_cap         : 24576000.0000
edge_util_std        : 1.1038
switch_util_std      : 0.4680
switch_util_gini     : 0.3441
frac_hot_switches    : 0.3691
mean_switch_util     : 0.7447
p95_switch_util      : 1.4660
