Generated 8192 hosts
Graph: 9248 nodes, 40960 edges
  0%|          | 0/10 [00:00<?, ?it/s]Unique sources this epoch: 5139
 10%|█         | 1/10 [12:37<1:53:40, 757.89s/it]Unique sources this epoch: 5133
 20%|██        | 2/10 [13:19<44:54, 336.82s/it]  Unique sources this epoch: 5130
 30%|███       | 3/10 [14:05<23:46, 203.85s/it]Unique sources this epoch: 5126
 40%|████      | 4/10 [14:38<13:37, 136.19s/it]Unique sources this epoch: 5122
 50%|█████     | 5/10 [15:10<08:14, 98.93s/it] Unique sources this epoch: 5146
 60%|██████    | 6/10 [15:43<05:05, 76.45s/it]Unique sources this epoch: 5123
 70%|███████   | 7/10 [16:12<03:02, 60.81s/it]Unique sources this epoch: 5154
 80%|████████  | 8/10 [23:25<05:58, 179.48s/it]Unique sources this epoch: 5143
 90%|█████████ | 9/10 [37:11<06:21, 381.52s/it]Unique sources this epoch: 5140
100%|██████████| 10/10 [50:55<00:00, 518.06s/it]100%|██████████| 10/10 [50:55<00:00, 305.55s/it]

=== Simulation Results ===
topology : leaf_spine
workload : incast
policy   : eigrp_configuration

drop_ratio           : 0.9676
mean_latency         : 3.8898
offered_load         : 3310921.0858
jain_fairness        : 0.0410
p50_flow_rate        : 0.0215
p95_flow_rate        : 0.0359
mean_edge_util       : 0.3145
max_edge_util        : 329.6711
mean_hops            : 2.9173
frac_saturated_edges : 0.0018
throughput           : 107164.7501
traffic_weighted_util : 0.3145
topk_edge_load_share : 0.0775
sum_edge_load        : 12880651.5702
sum_edge_cap         : 40960000.0000
edge_util_std        : 7.5978
switch_util_std      : 12.2052
switch_util_gini     : 0.9771
frac_hot_switches    : 0.0071
mean_switch_util     : 0.7319
p95_switch_util      : 0.1382
