Generated 8192 hosts
Graph: 9248 nodes, 40960 edges
  0%|          | 0/10 [00:00<?, ?it/s]Unique sources this epoch: 5139
 10%|█         | 1/10 [15:27<2:19:05, 927.28s/it]Unique sources this epoch: 5133
 20%|██        | 2/10 [16:21<55:08, 413.58s/it]  Unique sources this epoch: 5130
 30%|███       | 3/10 [17:18<29:15, 250.78s/it]Unique sources this epoch: 5126
 40%|████      | 4/10 [18:00<16:49, 168.30s/it]Unique sources this epoch: 5122
 50%|█████     | 5/10 [18:42<10:14, 122.96s/it]Unique sources this epoch: 5146
 60%|██████    | 6/10 [19:24<06:21, 95.34s/it] Unique sources this epoch: 5123
 70%|███████   | 7/10 [20:01<03:48, 76.15s/it]Unique sources this epoch: 5154
 80%|████████  | 8/10 [20:31<02:03, 61.64s/it]Unique sources this epoch: 5143
 90%|█████████ | 9/10 [21:07<00:53, 53.46s/it]Unique sources this epoch: 5140
100%|██████████| 10/10 [21:36<00:00, 45.93s/it]100%|██████████| 10/10 [21:36<00:00, 129.62s/it]

=== Simulation Results ===
topology : leaf_spine
workload : incast
policy   : eigrp_configuration

drop_ratio           : 0.9227
mean_latency         : 3.8898
offered_load         : 331092.1086
jain_fairness        : 0.3584
p50_flow_rate        : 0.0215
p95_flow_rate        : 0.0357
mean_edge_util       : 0.0314
max_edge_util        : 32.9671
mean_hops            : 2.9173
frac_saturated_edges : 0.0016
throughput           : 25607.4250
traffic_weighted_util : 0.0314
topk_edge_load_share : 0.0783
sum_edge_load        : 1288065.1570
sum_edge_cap         : 40960000.0000
edge_util_std        : 0.8169
switch_util_std      : 1.2205
switch_util_gini     : 0.9771
frac_hot_switches    : 0.0055
mean_switch_util     : 0.0732
p95_switch_util      : 0.0138
