Generated 8192 hosts
[fat-tree-informed] k=32, capacity=8192, hosts=8192
Graph: 9472 nodes, 24576 edges
  0%|          | 0/10 [00:00<?, ?it/s]Unique sources this epoch: 8192
 10%|█         | 1/10 [14:03<2:06:28, 843.20s/it]Unique sources this epoch: 8192
 20%|██        | 2/10 [14:04<46:22, 347.84s/it]  Unique sources this epoch: 8191
 30%|███       | 3/10 [14:05<22:06, 189.54s/it]Unique sources this epoch: 8191
 40%|████      | 4/10 [14:06<11:31, 115.18s/it]Unique sources this epoch: 8192
 50%|█████     | 5/10 [14:07<06:10, 74.06s/it] Unique sources this epoch: 8191
 60%|██████    | 6/10 [14:08<03:17, 49.29s/it]Unique sources this epoch: 8191
 70%|███████   | 7/10 [14:10<01:40, 33.57s/it]Unique sources this epoch: 8191
 80%|████████  | 8/10 [14:11<00:46, 23.26s/it]Unique sources this epoch: 8192
 90%|█████████ | 9/10 [14:12<00:16, 16.37s/it]Unique sources this epoch: 8191
100%|██████████| 10/10 [14:13<00:00, 11.69s/it]100%|██████████| 10/10 [14:13<00:00, 85.38s/it]

=== Simulation Results ===
topology : informed_fat_tree
workload : local_group_workload
policy   : eigrp_configuration

drop_ratio           : 0.7214
mean_latency         : 3.0363
offered_load         : 6631410.9957
jain_fairness        : 0.5590
p50_flow_rate        : 0.9293
p95_flow_rate        : 5.9936
mean_edge_util       : 0.8194
max_edge_util        : 25.6993
mean_hops            : 2.0363
frac_saturated_edges : 0.2692
throughput           : 1847637.4876
traffic_weighted_util : 0.8194
topk_edge_load_share : 0.0040
sum_edge_load        : 20136791.2630
sum_edge_cap         : 24576000.0000
edge_util_std        : 2.2076
switch_util_std      : 0.9360
switch_util_gini     : 0.3441
frac_hot_switches    : 0.7167
mean_switch_util     : 1.4893
p95_switch_util      : 2.9319
