Generated 8192 hosts
Graph: 9248 nodes, 40960 edges
  0%|          | 0/10 [00:00<?, ?it/s]Unique sources this epoch: 5139
 10%|█         | 1/10 [14:00<2:06:03, 840.38s/it]Unique sources this epoch: 5133
 20%|██        | 2/10 [14:50<50:02, 375.30s/it]  Unique sources this epoch: 5130
 30%|███       | 3/10 [15:41<26:32, 227.57s/it]Unique sources this epoch: 5126
 40%|████      | 4/10 [16:20<15:17, 152.84s/it]Unique sources this epoch: 5122
 50%|█████     | 5/10 [16:58<09:17, 111.48s/it]Unique sources this epoch: 5146
 60%|██████    | 6/10 [25:18<16:15, 243.79s/it]Unique sources this epoch: 5123
 70%|███████   | 7/10 [41:24<23:58, 479.64s/it]Unique sources this epoch: 5154
 80%|████████  | 8/10 [57:38<21:14, 637.03s/it]Unique sources this epoch: 5143
 90%|█████████ | 9/10 [1:13:52<12:22, 742.42s/it]Unique sources this epoch: 5140
100%|██████████| 10/10 [1:29:38<00:00, 805.28s/it]100%|██████████| 10/10 [1:29:38<00:00, 537.84s/it]

=== Simulation Results ===
topology : leaf_spine
workload : incast
policy   : eigrp_configuration

drop_ratio           : 0.9701
mean_latency         : 3.8898
offered_load         : 6621842.1715
jain_fairness        : 0.0309
p50_flow_rate        : 0.0215
p95_flow_rate        : 0.0359
mean_edge_util       : 0.6289
max_edge_util        : 659.3422
mean_hops            : 2.9173
frac_saturated_edges : 0.0021
throughput           : 197783.9237
traffic_weighted_util : 0.6289
topk_edge_load_share : 0.0775
sum_edge_load        : 25761303.1403
sum_edge_cap         : 40960000.0000
edge_util_std        : 14.6651
switch_util_std      : 24.4103
switch_util_gini     : 0.9771
frac_hot_switches    : 0.0071
mean_switch_util     : 1.4639
p95_switch_util      : 0.2765
