Generated 8192 hosts
Graph: 9248 nodes, 40960 edges
  0%|          | 0/10 [00:00<?, ?it/s]Unique sources this epoch: 5139
 10%|█         | 1/10 [05:59<53:51, 359.04s/it]Unique sources this epoch: 5133
 20%|██        | 2/10 [06:20<21:21, 160.20s/it]Unique sources this epoch: 5130
 30%|███       | 3/10 [13:24<32:47, 281.05s/it]Unique sources this epoch: 5126
 40%|████      | 4/10 [20:21<33:27, 334.66s/it]Unique sources this epoch: 5122
 50%|█████     | 5/10 [27:32<30:46, 369.25s/it]Unique sources this epoch: 5146
 60%|██████    | 6/10 [34:56<26:18, 394.65s/it]Unique sources this epoch: 5123
 70%|███████   | 7/10 [42:13<20:25, 408.44s/it]Unique sources this epoch: 5154
 80%|████████  | 8/10 [49:21<13:49, 414.81s/it]Unique sources this epoch: 5143
 90%|█████████ | 9/10 [56:41<07:02, 422.52s/it]Unique sources this epoch: 5140
100%|██████████| 10/10 [1:03:36<00:00, 420.46s/it]100%|██████████| 10/10 [1:03:36<00:00, 381.69s/it]

=== Simulation Results ===
topology : leaf_spine
workload : incast
policy   : ospf_ecmp_configuration

drop_ratio           : 0.9676
mean_latency         : 3.8898
offered_load         : 3310921.0858
jain_fairness        : 0.0309
p50_flow_rate        : 0.0215
p95_flow_rate        : 0.0359
mean_edge_util       : 0.3145
max_edge_util        : 329.6711
mean_hops            : 2.9173
frac_saturated_edges : 0.0112
throughput           : 107168.3870
traffic_weighted_util : 0.3145
topk_edge_load_share : 0.0775
sum_edge_load        : 12880651.5702
sum_edge_cap         : 40960000.0000
edge_util_std        : 6.3501
switch_util_std      : 12.2051
switch_util_gini     : 0.9768
frac_hot_switches    : 0.0070
mean_switch_util     : 0.7319
p95_switch_util      : 0.1393
