Generated 8192 hosts
[fat-tree-informed] k=32, capacity=8192, hosts=8192
Graph: 9472 nodes, 24576 edges
  0%|          | 0/10 [00:00<?, ?it/s]Unique sources this epoch: 8192
 10%|█         | 1/10 [05:26<49:02, 326.91s/it]Unique sources this epoch: 8192
 20%|██        | 2/10 [05:27<18:01, 135.17s/it]Unique sources this epoch: 8191
 30%|███       | 3/10 [05:28<08:37, 73.93s/it] Unique sources this epoch: 8191
 40%|████      | 4/10 [05:29<04:30, 45.16s/it]Unique sources this epoch: 8192
 50%|█████     | 5/10 [05:30<02:26, 29.24s/it]Unique sources this epoch: 8191
 60%|██████    | 6/10 [05:32<01:18, 19.66s/it]Unique sources this epoch: 8191
 70%|███████   | 7/10 [05:33<00:40, 13.58s/it]Unique sources this epoch: 8191
 80%|████████  | 8/10 [05:34<00:19,  9.59s/it]Unique sources this epoch: 8192
 90%|█████████ | 9/10 [05:35<00:06,  6.93s/it]Unique sources this epoch: 8191
100%|██████████| 10/10 [05:36<00:00,  5.12s/it]100%|██████████| 10/10 [05:36<00:00, 33.63s/it]

=== Simulation Results ===
topology : informed_fat_tree
workload : local_group_workload
policy   : ospf_ecmp_configuration

drop_ratio           : 0.5013
mean_latency         : 3.0363
offered_load         : 6631410.9957
jain_fairness        : 0.8813
p50_flow_rate        : 4.1155
p95_flow_rate        : 6.6284
mean_edge_util       : 0.8194
max_edge_util        : 4.7922
mean_hops            : 2.0363
frac_saturated_edges : 0.3633
throughput           : 3307400.0091
traffic_weighted_util : 0.8194
topk_edge_load_share : 0.0007
sum_edge_load        : 20136791.2630
sum_edge_cap         : 24576000.0000
edge_util_std        : 0.8486
switch_util_std      : 0.8413
switch_util_gini     : 0.3228
frac_hot_switches    : 0.7133
mean_switch_util     : 1.4893
p95_switch_util      : 2.9087
