Generated 8192 hosts
Graph: 9248 nodes, 40960 edges
  0%|          | 0/10 [00:00<?, ?it/s]Unique sources this epoch: 5139
 10%|█         | 1/10 [05:58<53:44, 358.23s/it]Unique sources this epoch: 5133
 20%|██        | 2/10 [06:18<21:13, 159.24s/it]Unique sources this epoch: 5130
 30%|███       | 3/10 [13:05<31:46, 272.34s/it]Unique sources this epoch: 5126
 40%|████      | 4/10 [19:54<32:37, 326.25s/it]Unique sources this epoch: 5122
 50%|█████     | 5/10 [26:46<29:47, 357.40s/it]Unique sources this epoch: 5146
 60%|██████    | 6/10 [33:53<25:23, 380.94s/it]Unique sources this epoch: 5123
 70%|███████   | 7/10 [40:55<19:43, 394.60s/it]Unique sources this epoch: 5154
 80%|████████  | 8/10 [47:49<13:21, 400.72s/it]Unique sources this epoch: 5143
 90%|█████████ | 9/10 [54:53<06:48, 408.02s/it]Unique sources this epoch: 5140
100%|██████████| 10/10 [1:01:46<00:00, 409.36s/it]100%|██████████| 10/10 [1:01:46<00:00, 370.62s/it]

=== Simulation Results ===
topology : leaf_spine
workload : incast
policy   : ospf_ecmp_configuration

drop_ratio           : 0.9701
mean_latency         : 3.8898
offered_load         : 6621842.1715
jain_fairness        : 0.0263
p50_flow_rate        : 0.0215
p95_flow_rate        : 0.0359
mean_edge_util       : 0.6289
max_edge_util        : 659.3422
mean_hops            : 2.9173
frac_saturated_edges : 0.0112
throughput           : 197787.4240
traffic_weighted_util : 0.6289
topk_edge_load_share : 0.0775
sum_edge_load        : 25761303.1403
sum_edge_cap         : 40960000.0000
edge_util_std        : 12.6993
switch_util_std      : 24.4101
switch_util_gini     : 0.9768
frac_hot_switches    : 0.0074
mean_switch_util     : 1.4639
p95_switch_util      : 0.2786
