Generated 8192 hosts
Graph: 9248 nodes, 40960 edges
  0%|          | 0/10 [00:00<?, ?it/s]Unique sources this epoch: 5139
 10%|█         | 1/10 [06:25<57:53, 385.94s/it]Unique sources this epoch: 5133
 20%|██        | 2/10 [06:47<22:54, 171.84s/it]Unique sources this epoch: 5130
 30%|███       | 3/10 [07:13<12:16, 105.16s/it]Unique sources this epoch: 5126
 40%|████      | 4/10 [07:31<07:04, 70.76s/it] Unique sources this epoch: 5122
 50%|█████     | 5/10 [07:50<04:19, 51.90s/it]Unique sources this epoch: 5146
 60%|██████    | 6/10 [08:08<02:41, 40.49s/it]Unique sources this epoch: 5123
 70%|███████   | 7/10 [08:25<01:38, 32.71s/it]Unique sources this epoch: 5154
 80%|████████  | 8/10 [08:39<00:53, 26.76s/it]Unique sources this epoch: 5143
 90%|█████████ | 9/10 [08:51<00:22, 22.21s/it]Unique sources this epoch: 5140
100%|██████████| 10/10 [09:09<00:00, 20.98s/it]100%|██████████| 10/10 [09:09<00:00, 54.97s/it]

=== Simulation Results ===
topology : leaf_spine
workload : incast
policy   : ospf_ecmp_configuration

drop_ratio           : 0.9476
mean_latency         : 3.8898
offered_load         : 662184.2172
jain_fairness        : 0.0792
p50_flow_rate        : 0.0215
p95_flow_rate        : 0.0359
mean_edge_util       : 0.0629
max_edge_util        : 65.9342
mean_hops            : 2.9173
frac_saturated_edges : 0.0169
throughput           : 34673.1575
traffic_weighted_util : 0.0629
topk_edge_load_share : 0.0775
sum_edge_load        : 2576130.3140
sum_edge_cap         : 40960000.0000
edge_util_std        : 1.1770
switch_util_std      : 2.4410
switch_util_gini     : 0.9768
frac_hot_switches    : 0.0063
mean_switch_util     : 0.1464
p95_switch_util      : 0.0280
