Generated 8192 hosts
Graph: 9248 nodes, 40960 edges
  0%|          | 0/10 [00:00<?, ?it/s]Unique sources this epoch: 5139
 10%|█         | 1/10 [16:09<2:25:27, 969.78s/it]Unique sources this epoch: 5133
 20%|██        | 2/10 [17:05<57:38, 432.27s/it]  Unique sources this epoch: 5130
 30%|███       | 3/10 [18:07<30:40, 262.97s/it]Unique sources this epoch: 5126
 40%|████      | 4/10 [18:51<17:39, 176.51s/it]Unique sources this epoch: 5122
 50%|█████     | 5/10 [19:36<10:45, 129.11s/it]Unique sources this epoch: 5146
 60%|██████    | 6/10 [20:19<06:39, 99.99s/it] Unique sources this epoch: 5123
 70%|███████   | 7/10 [20:57<03:59, 79.75s/it]Unique sources this epoch: 5154
 80%|████████  | 8/10 [30:25<07:49, 234.96s/it]Unique sources this epoch: 5143
 90%|█████████ | 9/10 [48:11<08:14, 494.79s/it]Unique sources this epoch: 5140
100%|██████████| 10/10 [1:06:05<00:00, 673.73s/it]100%|██████████| 10/10 [1:06:05<00:00, 396.57s/it]

=== Simulation Results ===
topology : leaf_spine
workload : incast
policy   : eigrp_ecmp_configuration

drop_ratio           : 0.9676
mean_latency         : 3.8898
offered_load         : 3310921.0858
jain_fairness        : 0.0410
p50_flow_rate        : 0.0215
p95_flow_rate        : 0.0359
mean_edge_util       : 0.3145
max_edge_util        : 329.6711
mean_hops            : 2.9173
frac_saturated_edges : 0.0235
throughput           : 107168.3870
traffic_weighted_util : 0.3145
topk_edge_load_share : 0.0775
sum_edge_load        : 12880651.5702
sum_edge_cap         : 40960000.0000
edge_util_std        : 5.9961
switch_util_std      : 12.2050
switch_util_gini     : 0.9768
frac_hot_switches    : 0.0069
mean_switch_util     : 0.7319
p95_switch_util      : 0.1401
