Generated 8192 hosts
[fat-tree-informed] k=32, capacity=8192, hosts=8192
Graph: 9472 nodes, 24576 edges
  0%|          | 0/10 [00:00<?, ?it/s]Unique sources this epoch: 8192
 10%|█         | 1/10 [13:29<2:01:27, 809.71s/it]Unique sources this epoch: 8192
 20%|██        | 2/10 [13:31<44:35, 334.44s/it]  Unique sources this epoch: 8191
 30%|███       | 3/10 [13:33<21:18, 182.59s/it]Unique sources this epoch: 8191
 40%|████      | 4/10 [13:35<11:07, 111.24s/it]Unique sources this epoch: 8192
 50%|█████     | 5/10 [13:37<05:59, 71.81s/it] Unique sources this epoch: 8191
 60%|██████    | 6/10 [13:39<03:12, 48.04s/it]Unique sources this epoch: 8191
 70%|███████   | 7/10 [13:40<01:38, 32.96s/it]Unique sources this epoch: 8191
 80%|████████  | 8/10 [13:42<00:46, 23.07s/it]Unique sources this epoch: 8192
 90%|█████████ | 9/10 [13:44<00:16, 16.46s/it]Unique sources this epoch: 8191
100%|██████████| 10/10 [13:46<00:00, 11.99s/it]100%|██████████| 10/10 [13:46<00:00, 82.67s/it]

=== Simulation Results ===
topology : informed_fat_tree
workload : local_group_workload
policy   : eigrp_ecmp_configuration

drop_ratio           : 0.5011
mean_latency         : 3.0363
offered_load         : 6631410.9957
jain_fairness        : 0.8811
p50_flow_rate        : 4.1159
p95_flow_rate        : 6.6323
mean_edge_util       : 0.8194
max_edge_util        : 4.7922
mean_hops            : 2.0363
frac_saturated_edges : 0.3669
throughput           : 3308341.3859
traffic_weighted_util : 0.8194
topk_edge_load_share : 0.0007
sum_edge_load        : 20136791.2630
sum_edge_cap         : 24576000.0000
edge_util_std        : 0.8408
switch_util_std      : 0.8412
switch_util_gini     : 0.3228
frac_hot_switches    : 0.7133
mean_switch_util     : 1.4893
p95_switch_util      : 2.9087
