Generated 8192 hosts
Graph: 9248 nodes, 40960 edges
  0%|          | 0/10 [00:00<?, ?it/s]Unique sources this epoch: 5139
 10%|█         | 1/10 [15:40<2:21:03, 940.41s/it]Unique sources this epoch: 5133
 20%|██        | 2/10 [16:34<55:52, 419.10s/it]  Unique sources this epoch: 5130
 30%|███       | 3/10 [17:32<29:39, 254.24s/it]Unique sources this epoch: 5126
 40%|████      | 4/10 [18:14<17:02, 170.36s/it]Unique sources this epoch: 5122
 50%|█████     | 5/10 [18:57<10:23, 124.61s/it]Unique sources this epoch: 5146
 60%|██████    | 6/10 [19:39<06:24, 96.25s/it] Unique sources this epoch: 5123
 70%|███████   | 7/10 [20:15<03:50, 76.82s/it]Unique sources this epoch: 5154
 80%|████████  | 8/10 [20:46<02:04, 62.24s/it]Unique sources this epoch: 5143
 90%|█████████ | 9/10 [21:23<00:54, 54.26s/it]Unique sources this epoch: 5140
100%|██████████| 10/10 [21:53<00:00, 46.65s/it]100%|██████████| 10/10 [21:53<00:00, 131.33s/it]

=== Simulation Results ===
topology : leaf_spine
workload : incast
policy   : eigrp_ecmp_configuration

drop_ratio           : 0.9476
mean_latency         : 3.8898
offered_load         : 662184.2172
jain_fairness        : 0.1628
p50_flow_rate        : 0.0215
p95_flow_rate        : 0.0358
mean_edge_util       : 0.0629
max_edge_util        : 65.9342
mean_hops            : 2.9173
frac_saturated_edges : 0.0169
throughput           : 34673.1575
traffic_weighted_util : 0.0629
topk_edge_load_share : 0.0775
sum_edge_load        : 2576130.3140
sum_edge_cap         : 40960000.0000
edge_util_std        : 1.1770
switch_util_std      : 2.4410
switch_util_gini     : 0.9768
frac_hot_switches    : 0.0063
mean_switch_util     : 0.1464
p95_switch_util      : 0.0280
