Generated 8192 hosts
Graph: 9248 nodes, 40960 edges
  0%|          | 0/10 [00:00<?, ?it/s]Unique sources this epoch: 5139
 10%|█         | 1/10 [14:41<2:12:11, 881.27s/it]Unique sources this epoch: 5133
 20%|██        | 2/10 [15:33<52:29, 393.64s/it]  Unique sources this epoch: 5130
 30%|███       | 3/10 [16:30<27:59, 239.95s/it]Unique sources this epoch: 5126
 40%|████      | 4/10 [17:11<16:07, 161.27s/it]Unique sources this epoch: 5122
 50%|█████     | 5/10 [17:52<09:50, 118.11s/it]Unique sources this epoch: 5146
 60%|██████    | 6/10 [26:32<16:58, 254.66s/it]Unique sources this epoch: 5123
 70%|███████   | 7/10 [43:12<24:54, 498.19s/it]Unique sources this epoch: 5154
 80%|████████  | 8/10 [59:47<21:52, 656.44s/it]Unique sources this epoch: 5143
 90%|█████████ | 9/10 [1:16:29<12:44, 764.62s/it]Unique sources this epoch: 5140
100%|██████████| 10/10 [1:33:03<00:00, 835.33s/it]100%|██████████| 10/10 [1:33:03<00:00, 558.36s/it]

=== Simulation Results ===
topology : leaf_spine
workload : incast
policy   : eigrp_ecmp_configuration

drop_ratio           : 0.9701
mean_latency         : 3.8898
offered_load         : 6621842.1715
jain_fairness        : 0.0309
p50_flow_rate        : 0.0215
p95_flow_rate        : 0.0359
mean_edge_util       : 0.6289
max_edge_util        : 659.3422
mean_hops            : 2.9173
frac_saturated_edges : 0.0207
throughput           : 197787.4240
traffic_weighted_util : 0.6289
topk_edge_load_share : 0.0775
sum_edge_load        : 25761303.1403
sum_edge_cap         : 40960000.0000
edge_util_std        : 12.1106
switch_util_std      : 24.4101
switch_util_gini     : 0.9768
frac_hot_switches    : 0.0071
mean_switch_util     : 1.4639
p95_switch_util      : 0.2799
