Generated 8192 hosts
[fat-tree] k=32, capacity=8192, hosts=8192
Graph: 9472 nodes, 24576 edges
  0%|          | 0/10 [00:00<?, ?it/s]Unique sources this epoch: 8192
 10%|█         | 1/10 [06:06<54:56, 366.30s/it]Unique sources this epoch: 8192
 20%|██        | 2/10 [06:07<20:11, 151.39s/it]Unique sources this epoch: 8192
 30%|███       | 3/10 [12:45<30:50, 264.29s/it]Unique sources this epoch: 8192
 40%|████      | 4/10 [19:39<32:18, 323.13s/it]Unique sources this epoch: 8192
 50%|█████     | 5/10 [26:42<29:55, 359.10s/it]Unique sources this epoch: 8191
 60%|██████    | 6/10 [33:33<25:06, 376.71s/it]Unique sources this epoch: 8191
 70%|███████   | 7/10 [40:07<19:08, 382.67s/it]Unique sources this epoch: 8190
 80%|████████  | 8/10 [46:26<12:42, 381.37s/it]Unique sources this epoch: 8192
 90%|█████████ | 9/10 [52:28<06:15, 375.43s/it]Unique sources this epoch: 8192
100%|██████████| 10/10 [58:52<00:00, 377.84s/it]100%|██████████| 10/10 [58:52<00:00, 353.21s/it]

=== Simulation Results ===
topology : fat_tree
workload : random_workload
policy   : ospf_configuration

drop_ratio           : 0.9955
mean_latency         : 5.9334
offered_load         : 6620088.3906
jain_fairness        : 0.0327
p50_flow_rate        : 0.0207
p95_flow_rate        : 0.0352
mean_edge_util       : 1.5983
max_edge_util        : 650.7142
mean_hops            : 4.9334
frac_saturated_edges : 0.2702
throughput           : 29706.5352
traffic_weighted_util : 1.5983
topk_edge_load_share : 0.0160
sum_edge_load        : 39279324.0781
sum_edge_cap         : 24576000.0000
edge_util_std        : 16.1818
switch_util_std      : 4.7922
switch_util_gini     : 0.3841
frac_hot_switches    : 0.7219
mean_switch_util     : 1.6133
p95_switch_util      : 2.9327
