Generated 8192 hosts
[fat-tree] k=32, capacity=8192, hosts=8192
Graph: 9472 nodes, 24576 edges
  0%|          | 0/10 [00:00<?, ?it/s]Unique sources this epoch: 5139
 10%|█         | 1/10 [03:54<35:14, 234.97s/it]Unique sources this epoch: 5133
 20%|██        | 2/10 [04:08<13:57, 104.68s/it]Unique sources this epoch: 5130
 30%|███       | 3/10 [04:24<07:30, 64.33s/it] Unique sources this epoch: 5126
 40%|████      | 4/10 [08:45<14:11, 141.84s/it]Unique sources this epoch: 5122
 50%|█████     | 5/10 [13:14<15:38, 187.72s/it]Unique sources this epoch: 5146
 60%|██████    | 6/10 [17:44<14:23, 215.85s/it]Unique sources this epoch: 5123
 70%|███████   | 7/10 [22:15<11:41, 233.69s/it]Unique sources this epoch: 5154
 80%|████████  | 8/10 [26:43<08:09, 244.62s/it]Unique sources this epoch: 5143
 90%|█████████ | 9/10 [31:18<04:14, 254.21s/it]Unique sources this epoch: 5140
100%|██████████| 10/10 [35:50<00:00, 259.61s/it]100%|██████████| 10/10 [35:50<00:00, 215.04s/it]

=== Simulation Results ===
topology : fat_tree
workload : incast
policy   : ospf_configuration

drop_ratio           : 0.9597
mean_latency         : 5.7793
offered_load         : 662184.2172
jain_fairness        : 0.0477
p50_flow_rate        : 0.0101
p95_flow_rate        : 0.0261
mean_edge_util       : 0.1557
max_edge_util        : 176.6721
mean_hops            : 4.8068
frac_saturated_edges : 0.0038
throughput           : 26709.8374
traffic_weighted_util : 0.1557
topk_edge_load_share : 0.0522
sum_edge_load        : 3827419.0028
sum_edge_cap         : 24576000.0000
edge_util_std        : 2.9379
switch_util_std      : 2.4610
switch_util_gini     : 0.9784
frac_hot_switches    : 0.0085
mean_switch_util     : 0.1570
p95_switch_util      : 0.0280
