Generated 8192 hosts
[fat-tree-informed] k=32, capacity=8192, hosts=8192
Graph: 9472 nodes, 24576 edges
  0%|          | 0/10 [00:00<?, ?it/s]Unique sources this epoch: 8192
 10%|█         | 1/10 [05:34<50:06, 334.05s/it]Unique sources this epoch: 8192
 20%|██        | 2/10 [05:34<18:22, 137.84s/it]Unique sources this epoch: 8191
 30%|███       | 3/10 [05:35<08:45, 75.14s/it] Unique sources this epoch: 8191
 40%|████      | 4/10 [05:35<04:34, 45.69s/it]Unique sources this epoch: 8192
 50%|█████     | 5/10 [05:36<02:27, 29.40s/it]Unique sources this epoch: 8191
 60%|██████    | 6/10 [05:36<01:18, 19.61s/it]Unique sources this epoch: 8191
 70%|███████   | 7/10 [05:37<00:40, 13.40s/it]Unique sources this epoch: 8191
 80%|████████  | 8/10 [05:37<00:18,  9.32s/it]Unique sources this epoch: 8192
 90%|█████████ | 9/10 [05:38<00:06,  6.59s/it]Unique sources this epoch: 8191
100%|██████████| 10/10 [05:39<00:00,  4.74s/it]100%|██████████| 10/10 [05:39<00:00, 33.91s/it]

=== Simulation Results ===
topology : informed_fat_tree
workload : local_group_workload
policy   : ospf_drill_configuration

drop_ratio           : 0.1565
mean_latency         : 3.0363
offered_load         : 3315705.4979
jain_fairness        : 0.8372
p50_flow_rate        : 3.5938
p95_flow_rate        : 5.9334
mean_edge_util       : 0.4097
max_edge_util        : 2.3961
mean_hops            : 2.0363
frac_saturated_edges : 0.1152
throughput           : 2796784.7078
traffic_weighted_util : 0.4097
topk_edge_load_share : 0.0007
sum_edge_load        : 10068395.6315
sum_edge_cap         : 24576000.0000
edge_util_std        : 0.4265
switch_util_std      : 0.4207
switch_util_gini     : 0.3228
frac_hot_switches    : 0.3661
mean_switch_util     : 0.7447
p95_switch_util      : 1.4544
