Generated 8192 hosts
Graph: 9248 nodes, 40960 edges
  0%|          | 0/10 [00:00<?, ?it/s]Unique sources this epoch: 5139
 10%|█         | 1/10 [06:25<57:51, 385.77s/it]Unique sources this epoch: 5133
 20%|██        | 2/10 [06:46<22:49, 171.24s/it]Unique sources this epoch: 5130
 30%|███       | 3/10 [13:56<33:45, 289.32s/it]Unique sources this epoch: 5126
 40%|████      | 4/10 [21:06<34:29, 344.89s/it]Unique sources this epoch: 5122
 50%|█████     | 5/10 [28:34<31:50, 382.12s/it]Unique sources this epoch: 5146
 60%|██████    | 6/10 [36:06<27:02, 405.65s/it]Unique sources this epoch: 5123
 70%|███████   | 7/10 [43:23<20:47, 415.95s/it]Unique sources this epoch: 5154
 80%|████████  | 8/10 [50:44<14:07, 423.99s/it]Unique sources this epoch: 5143
 90%|█████████ | 9/10 [58:12<07:11, 431.36s/it]Unique sources this epoch: 5140
100%|██████████| 10/10 [1:05:26<00:00, 432.14s/it]100%|██████████| 10/10 [1:05:26<00:00, 392.60s/it]

=== Simulation Results ===
topology : leaf_spine
workload : incast
policy   : ospf_drill_configuration

drop_ratio           : 0.9676
mean_latency         : 3.8898
offered_load         : 3310921.0858
jain_fairness        : 0.0309
p50_flow_rate        : 0.0215
p95_flow_rate        : 0.0359
mean_edge_util       : 0.3145
max_edge_util        : 329.6711
mean_hops            : 2.9173
frac_saturated_edges : 0.0095
throughput           : 107168.3870
traffic_weighted_util : 0.3145
topk_edge_load_share : 0.0775
sum_edge_load        : 12880651.5702
sum_edge_cap         : 40960000.0000
edge_util_std        : 6.3313
switch_util_std      : 12.2051
switch_util_gini     : 0.9768
frac_hot_switches    : 0.0070
mean_switch_util     : 0.7319
p95_switch_util      : 0.1393
