Generated 8192 hosts
[fat-tree-informed] k=32, capacity=8192, hosts=8192
Graph: 9472 nodes, 24576 edges
  0%|          | 0/10 [00:00<?, ?it/s]Unique sources this epoch: 8192
 10%|█         | 1/10 [07:22<1:06:20, 442.30s/it]Unique sources this epoch: 8192
 20%|██        | 2/10 [07:22<24:19, 182.50s/it]  Unique sources this epoch: 8191
 30%|███       | 3/10 [07:23<11:36, 99.49s/it] Unique sources this epoch: 8191
 40%|████      | 4/10 [07:24<06:02, 60.50s/it]Unique sources this epoch: 8192
 50%|█████     | 5/10 [07:25<03:14, 38.95s/it]Unique sources this epoch: 8191
 60%|██████    | 6/10 [07:25<01:43, 25.96s/it]Unique sources this epoch: 8191
 70%|███████   | 7/10 [07:26<00:53, 17.71s/it]Unique sources this epoch: 8191
 80%|████████  | 8/10 [07:27<00:24, 12.30s/it]Unique sources this epoch: 8192
 90%|█████████ | 9/10 [07:28<00:08,  8.68s/it]Unique sources this epoch: 8191
100%|██████████| 10/10 [07:28<00:00,  6.23s/it]100%|██████████| 10/10 [07:28<00:00, 44.88s/it]

=== Simulation Results ===
topology : informed_fat_tree
workload : local_group_workload
policy   : ospf_drill_configuration

drop_ratio           : 0.5014
mean_latency         : 3.0363
offered_load         : 6631410.9957
jain_fairness        : 0.8813
p50_flow_rate        : 4.1146
p95_flow_rate        : 6.6257
mean_edge_util       : 0.8194
max_edge_util        : 4.7922
mean_hops            : 2.0363
frac_saturated_edges : 0.3624
throughput           : 3306601.3772
traffic_weighted_util : 0.8194
topk_edge_load_share : 0.0007
sum_edge_load        : 20136791.2630
sum_edge_cap         : 24576000.0000
edge_util_std        : 0.8530
switch_util_std      : 0.8413
switch_util_gini     : 0.3228
frac_hot_switches    : 0.7134
mean_switch_util     : 1.4893
p95_switch_util      : 2.9087
