Generated 8192 hosts
Graph: 9248 nodes, 40960 edges
  0%|          | 0/10 [00:00<?, ?it/s]Unique sources this epoch: 5139
 10%|█         | 1/10 [06:08<55:15, 368.42s/it]Unique sources this epoch: 5133
 20%|██        | 2/10 [06:28<21:48, 163.61s/it]Unique sources this epoch: 5130
 30%|███       | 3/10 [06:52<11:36, 99.57s/it] Unique sources this epoch: 5126
 40%|████      | 4/10 [07:08<06:39, 66.64s/it]Unique sources this epoch: 5122
 50%|█████     | 5/10 [07:24<04:02, 48.45s/it]Unique sources this epoch: 5146
 60%|██████    | 6/10 [07:40<02:29, 37.36s/it]Unique sources this epoch: 5123
 70%|███████   | 7/10 [07:54<01:29, 29.67s/it]Unique sources this epoch: 5154
 80%|████████  | 8/10 [08:05<00:47, 24.00s/it]Unique sources this epoch: 5143
 90%|█████████ | 9/10 [08:15<00:19, 19.59s/it]Unique sources this epoch: 5140
100%|██████████| 10/10 [08:32<00:00, 18.64s/it]100%|██████████| 10/10 [08:32<00:00, 51.23s/it]

=== Simulation Results ===
topology : leaf_spine
workload : incast
policy   : ospf_drill_configuration

drop_ratio           : 0.9476
mean_latency         : 3.8898
offered_load         : 662184.2172
jain_fairness        : 0.0792
p50_flow_rate        : 0.0215
p95_flow_rate        : 0.0359
mean_edge_util       : 0.0629
max_edge_util        : 65.9342
mean_hops            : 2.9173
frac_saturated_edges : 0.0122
throughput           : 34673.1575
traffic_weighted_util : 0.0629
topk_edge_load_share : 0.0775
sum_edge_load        : 2576130.3140
sum_edge_cap         : 40960000.0000
edge_util_std        : 1.1853
switch_util_std      : 2.4410
switch_util_gini     : 0.9768
frac_hot_switches    : 0.0063
mean_switch_util     : 0.1464
p95_switch_util      : 0.0280
