Generated 8192 hosts
[fat-tree-informed] k=32, capacity=8192, hosts=8192
Graph: 9472 nodes, 24576 edges
  0%|          | 0/10 [00:00<?, ?it/s]Unique sources this epoch: 8192
 10%|█         | 1/10 [16:39<2:29:58, 999.83s/it]Unique sources this epoch: 8192
 20%|██        | 2/10 [16:40<54:58, 412.28s/it]  Unique sources this epoch: 8191
 30%|███       | 3/10 [16:41<26:11, 224.51s/it]Unique sources this epoch: 8191
 40%|████      | 4/10 [16:42<13:37, 136.29s/it]Unique sources this epoch: 8192
 50%|█████     | 5/10 [16:44<07:17, 87.56s/it] Unique sources this epoch: 8191
 60%|██████    | 6/10 [16:45<03:53, 58.25s/it]Unique sources this epoch: 8191
 70%|███████   | 7/10 [16:46<01:58, 39.64s/it]Unique sources this epoch: 8191
 80%|████████  | 8/10 [16:48<00:54, 27.43s/it]Unique sources this epoch: 8192
 90%|█████████ | 9/10 [16:49<00:19, 19.22s/it]Unique sources this epoch: 8191
100%|██████████| 10/10 [16:50<00:00, 13.64s/it]100%|██████████| 10/10 [16:50<00:00, 101.04s/it]

=== Simulation Results ===
topology : informed_fat_tree
workload : local_group_workload
policy   : eigrp_drill_configuration

drop_ratio           : 0.1563
mean_latency         : 3.0363
offered_load         : 3315705.4979
jain_fairness        : 0.8371
p50_flow_rate        : 3.5942
p95_flow_rate        : 5.9360
mean_edge_util       : 0.4097
max_edge_util        : 2.3961
mean_hops            : 2.0363
frac_saturated_edges : 0.1108
throughput           : 2797318.4003
traffic_weighted_util : 0.4097
topk_edge_load_share : 0.0007
sum_edge_load        : 10068395.6315
sum_edge_cap         : 24576000.0000
edge_util_std        : 0.4215
switch_util_std      : 0.4206
switch_util_gini     : 0.3228
frac_hot_switches    : 0.3661
mean_switch_util     : 0.7447
p95_switch_util      : 1.4544
