Generated 8192 hosts
Graph: 9248 nodes, 40960 edges
  0%|          | 0/10 [00:00<?, ?it/s]Unique sources this epoch: 5139
 10%|█         | 1/10 [16:32<2:28:52, 992.46s/it]Unique sources this epoch: 5133
 20%|██        | 2/10 [17:28<58:51, 441.40s/it]  Unique sources this epoch: 5130
 30%|███       | 3/10 [18:28<31:11, 267.34s/it]Unique sources this epoch: 5126
 40%|████      | 4/10 [19:12<17:56, 179.35s/it]Unique sources this epoch: 5122
 50%|█████     | 5/10 [19:56<10:52, 130.56s/it]Unique sources this epoch: 5146
 60%|██████    | 6/10 [20:39<06:42, 100.73s/it]Unique sources this epoch: 5123
 70%|███████   | 7/10 [21:17<04:00, 80.33s/it] Unique sources this epoch: 5154
 80%|████████  | 8/10 [21:49<02:09, 64.76s/it]Unique sources this epoch: 5143
 90%|█████████ | 9/10 [22:27<00:56, 56.39s/it]Unique sources this epoch: 5140
100%|██████████| 10/10 [22:56<00:00, 48.11s/it]100%|██████████| 10/10 [22:56<00:00, 137.70s/it]

=== Simulation Results ===
topology : leaf_spine
workload : incast
policy   : eigrp_drill_configuration

drop_ratio           : 0.9226
mean_latency         : 3.8898
offered_load         : 331092.1086
jain_fairness        : 0.3585
p50_flow_rate        : 0.0215
p95_flow_rate        : 0.0357
mean_edge_util       : 0.0314
max_edge_util        : 32.9671
mean_hops            : 2.9173
frac_saturated_edges : 0.0047
throughput           : 25611.2538
traffic_weighted_util : 0.0314
topk_edge_load_share : 0.0775
sum_edge_load        : 1288065.1570
sum_edge_cap         : 40960000.0000
edge_util_std        : 0.5905
switch_util_std      : 1.2205
switch_util_gini     : 0.9768
frac_hot_switches    : 0.0055
mean_switch_util     : 0.0732
p95_switch_util      : 0.0140
