Generated 8192 hosts
Graph: 9248 nodes, 40960 edges
  0%|          | 0/10 [00:00<?, ?it/s]Unique sources this epoch: 5139
 10%|█         | 1/10 [14:34<2:11:13, 874.88s/it]Unique sources this epoch: 5133
 20%|██        | 2/10 [15:23<51:51, 388.96s/it]  Unique sources this epoch: 5130
 30%|███       | 3/10 [16:16<27:28, 235.47s/it]Unique sources this epoch: 5126
 40%|████      | 4/10 [16:54<15:44, 157.45s/it]Unique sources this epoch: 5122
 50%|█████     | 5/10 [17:33<09:33, 114.79s/it]Unique sources this epoch: 5146
 60%|██████    | 6/10 [18:11<05:54, 88.74s/it] Unique sources this epoch: 5123
 70%|███████   | 7/10 [18:46<03:32, 70.97s/it]Unique sources this epoch: 5154
 80%|████████  | 8/10 [27:27<07:08, 214.30s/it]Unique sources this epoch: 5143
 90%|█████████ | 9/10 [43:41<07:31, 451.91s/it]Unique sources this epoch: 5140
100%|██████████| 10/10 [1:00:12<00:00, 618.32s/it]100%|██████████| 10/10 [1:00:12<00:00, 361.26s/it]

=== Simulation Results ===
topology : leaf_spine
workload : incast
policy   : eigrp_drill_configuration

drop_ratio           : 0.9676
mean_latency         : 3.8898
offered_load         : 3310921.0858
jain_fairness        : 0.0410
p50_flow_rate        : 0.0215
p95_flow_rate        : 0.0359
mean_edge_util       : 0.3145
max_edge_util        : 329.6711
mean_hops            : 2.9173
frac_saturated_edges : 0.0218
throughput           : 107168.3870
traffic_weighted_util : 0.3145
topk_edge_load_share : 0.0775
sum_edge_load        : 12880651.5702
sum_edge_cap         : 40960000.0000
edge_util_std        : 6.0014
switch_util_std      : 12.2050
switch_util_gini     : 0.9768
frac_hot_switches    : 0.0069
mean_switch_util     : 0.7319
p95_switch_util      : 0.1402
