Generated 8192 hosts
[fat-tree-informed] k=32, capacity=8192, hosts=8192
Graph: 9472 nodes, 24576 edges
  0%|          | 0/10 [00:00<?, ?it/s]Unique sources this epoch: 8192
 10%|█         | 1/10 [16:31<2:28:44, 991.60s/it]Unique sources this epoch: 8192
 20%|██        | 2/10 [16:32<54:31, 408.92s/it]  Unique sources this epoch: 8191
 30%|███       | 3/10 [16:33<25:59, 222.73s/it]Unique sources this epoch: 8191
 40%|████      | 4/10 [16:34<13:31, 135.26s/it]Unique sources this epoch: 8192
 50%|█████     | 5/10 [16:36<07:14, 86.90s/it] Unique sources this epoch: 8191
 60%|██████    | 6/10 [16:37<03:51, 57.76s/it]Unique sources this epoch: 8191
 70%|███████   | 7/10 [16:38<01:57, 39.26s/it]Unique sources this epoch: 8191
 80%|████████  | 8/10 [16:39<00:54, 27.14s/it]Unique sources this epoch: 8192
 90%|█████████ | 9/10 [16:40<00:19, 19.03s/it]Unique sources this epoch: 8191
100%|██████████| 10/10 [16:42<00:00, 13.52s/it]100%|██████████| 10/10 [16:42<00:00, 100.21s/it]

=== Simulation Results ===
topology : informed_fat_tree
workload : local_group_workload
policy   : eigrp_drill_configuration

drop_ratio           : 0.5011
mean_latency         : 3.0363
offered_load         : 6631410.9957
jain_fairness        : 0.8811
p50_flow_rate        : 4.1159
p95_flow_rate        : 6.6314
mean_edge_util       : 0.8194
max_edge_util        : 4.7922
mean_hops            : 2.0363
frac_saturated_edges : 0.3652
throughput           : 3308208.3021
traffic_weighted_util : 0.8194
topk_edge_load_share : 0.0007
sum_edge_load        : 20136791.2630
sum_edge_cap         : 24576000.0000
edge_util_std        : 0.8430
switch_util_std      : 0.8413
switch_util_gini     : 0.3228
frac_hot_switches    : 0.7133
mean_switch_util     : 1.4893
p95_switch_util      : 2.9087
