Generated 8192 hosts
Graph: 9248 nodes, 40960 edges
  0%|          | 0/10 [00:00<?, ?it/s]Unique sources this epoch: 5139
 10%|█         | 1/10 [14:29<2:10:24, 869.36s/it]Unique sources this epoch: 5133
 20%|██        | 2/10 [15:19<51:40, 387.59s/it]  Unique sources this epoch: 5130
 30%|███       | 3/10 [16:13<27:25, 235.02s/it]Unique sources this epoch: 5126
 40%|████      | 4/10 [16:51<15:43, 157.26s/it]Unique sources this epoch: 5122
 50%|█████     | 5/10 [17:30<09:34, 114.84s/it]Unique sources this epoch: 5146
 60%|██████    | 6/10 [25:56<16:31, 247.85s/it]Unique sources this epoch: 5123
 70%|███████   | 7/10 [42:22<24:26, 488.93s/it]Unique sources this epoch: 5154
 80%|████████  | 8/10 [58:53<21:37, 648.85s/it]Unique sources this epoch: 5143
 90%|█████████ | 9/10 [1:15:17<12:33, 753.68s/it]Unique sources this epoch: 5140
100%|██████████| 10/10 [1:30:46<00:00, 807.63s/it]100%|██████████| 10/10 [1:30:46<00:00, 544.61s/it]

=== Simulation Results ===
topology : leaf_spine
workload : incast
policy   : eigrp_drill_configuration

drop_ratio           : 0.9701
mean_latency         : 3.8898
offered_load         : 6621842.1715
jain_fairness        : 0.0309
p50_flow_rate        : 0.0215
p95_flow_rate        : 0.0359
mean_edge_util       : 0.6289
max_edge_util        : 659.3422
mean_hops            : 2.9173
frac_saturated_edges : 0.0201
throughput           : 197787.4240
traffic_weighted_util : 0.6289
topk_edge_load_share : 0.0775
sum_edge_load        : 25761303.1403
sum_edge_cap         : 40960000.0000
edge_util_std        : 12.0945
switch_util_std      : 24.4101
switch_util_gini     : 0.9768
frac_hot_switches    : 0.0071
mean_switch_util     : 1.4639
p95_switch_util      : 0.2802
