Generated 8192 hosts
Graph: 9248 nodes, 40960 edges
  0%|          | 0/10 [00:00<?, ?it/s]Unique sources this epoch: 5139
 10%|█         | 1/10 [02:09<19:27, 129.77s/it]Unique sources this epoch: 5133
 20%|██        | 2/10 [02:16<07:40, 57.55s/it] Unique sources this epoch: 5130
 30%|███       | 3/10 [02:26<04:10, 35.84s/it]Unique sources this epoch: 5126
 40%|████      | 4/10 [02:32<02:23, 23.86s/it]Unique sources this epoch: 5122
 50%|█████     | 5/10 [02:37<01:26, 17.27s/it]Unique sources this epoch: 5146
 60%|██████    | 6/10 [02:43<00:53, 13.26s/it]Unique sources this epoch: 5123
 70%|███████   | 7/10 [02:48<00:31, 10.54s/it]Unique sources this epoch: 5154
 80%|████████  | 8/10 [02:52<00:17,  8.53s/it]Unique sources this epoch: 5143
 90%|█████████ | 9/10 [02:56<00:07,  7.01s/it]Unique sources this epoch: 5140
100%|██████████| 10/10 [03:04<00:00,  7.44s/it]100%|██████████| 10/10 [03:04<00:00, 18.46s/it]

=== Simulation Results ===
topology : informed_leaf_spine
workload : incast
policy   : conga_configuration

drop_ratio           : 0.9676
mean_latency         : 3.4969
offered_load         : 3310921.0858
jain_fairness        : 0.0309
p50_flow_rate        : 0.0215
p95_flow_rate        : 0.0359
mean_edge_util       : 0.2827
max_edge_util        : 329.6711
mean_hops            : 2.5244
frac_saturated_edges : 0.0039
throughput           : 107168.3870
traffic_weighted_util : 0.2827
topk_edge_load_share : 0.0862
sum_edge_load        : 11579143.4051
sum_edge_cap         : 40960000.0000
edge_util_std        : 6.2494
switch_util_std      : 12.2871
switch_util_gini     : 0.9771
frac_hot_switches    : 0.0039
mean_switch_util     : 0.7283
p95_switch_util      : 0.1375
