Generated 8192 hosts
Graph: 9248 nodes, 40960 edges
  0%|          | 0/10 [00:00<?, ?it/s]Unique sources this epoch: 5139
 10%|█         | 1/10 [02:55<26:15, 175.09s/it]Unique sources this epoch: 5133
 20%|██        | 2/10 [03:04<10:20, 77.62s/it] Unique sources this epoch: 5130
 30%|███       | 3/10 [03:17<05:36, 48.01s/it]Unique sources this epoch: 5126
 40%|████      | 4/10 [03:24<03:12, 32.00s/it]Unique sources this epoch: 5122
 50%|█████     | 5/10 [03:32<01:55, 23.18s/it]Unique sources this epoch: 5146
 60%|██████    | 6/10 [03:39<01:11, 17.82s/it]Unique sources this epoch: 5123
 70%|███████   | 7/10 [03:46<00:42, 14.16s/it]Unique sources this epoch: 5154
 80%|████████  | 8/10 [03:52<00:22, 11.50s/it]Unique sources this epoch: 5143
 90%|█████████ | 9/10 [03:56<00:09,  9.43s/it]Unique sources this epoch: 5140
100%|██████████| 10/10 [04:07<00:00,  9.72s/it]100%|██████████| 10/10 [04:07<00:00, 24.73s/it]

=== Simulation Results ===
topology : informed_leaf_spine
workload : incast
policy   : conga_configuration

drop_ratio           : 0.9226
mean_latency         : 3.4969
offered_load         : 331092.1086
jain_fairness        : 0.1628
p50_flow_rate        : 0.0215
p95_flow_rate        : 0.0358
mean_edge_util       : 0.0283
max_edge_util        : 32.9671
mean_hops            : 2.5244
frac_saturated_edges : 0.0037
throughput           : 25611.2538
traffic_weighted_util : 0.0283
topk_edge_load_share : 0.0862
sum_edge_load        : 1157914.3405
sum_edge_cap         : 40960000.0000
edge_util_std        : 0.6249
switch_util_std      : 1.2287
switch_util_gini     : 0.9771
frac_hot_switches    : 0.0039
mean_switch_util     : 0.0728
p95_switch_util      : 0.0138
