Generated 8192 hosts
Graph: 9472 nodes, 24576 edges
  0%|          | 0/10 [00:00<?, ?it/s]Unique sources this epoch: 8192
 10%|█         | 1/10 [03:36<32:31, 216.86s/it]Unique sources this epoch: 8192
 20%|██        | 2/10 [03:39<12:07, 90.95s/it] Unique sources this epoch: 8192
 30%|███       | 3/10 [03:42<05:55, 50.76s/it]Unique sources this epoch: 8192
 40%|████      | 4/10 [03:45<03:11, 31.89s/it]Unique sources this epoch: 8192
 50%|█████     | 5/10 [03:48<01:47, 21.46s/it]Unique sources this epoch: 8191
 60%|██████    | 6/10 [03:51<01:00, 15.19s/it]Unique sources this epoch: 8191
 70%|███████   | 7/10 [03:54<00:33, 11.22s/it]Unique sources this epoch: 8190
 80%|████████  | 8/10 [03:57<00:17,  8.59s/it]Unique sources this epoch: 8192
 90%|█████████ | 9/10 [04:00<00:06,  6.86s/it]Unique sources this epoch: 8192
100%|██████████| 10/10 [04:03<00:00,  5.68s/it]100%|██████████| 10/10 [04:03<00:00, 24.36s/it]

=== Simulation Results ===
topology : jellyfish
workload : random_workload
policy   : conga_configuration

drop_ratio           : 0.1567
mean_latency         : 4.5734
offered_load         : 3310044.1953
jain_fairness        : 0.8376
p50_flow_rate        : 3.5907
p95_flow_rate        : 5.9107
mean_edge_util       : 0.6161
max_edge_util        : 2.8018
mean_hops            : 3.5734
frac_saturated_edges : 0.1228
throughput           : 2791412.0999
traffic_weighted_util : 0.6161
topk_edge_load_share : 0.0005
sum_edge_load        : 15140372.8621
sum_edge_cap         : 24576000.0000
edge_util_std        : 0.3343
switch_util_std      : 0.3896
switch_util_gini     : 0.2854
frac_hot_switches    : 0.3657
mean_switch_util     : 0.7770
p95_switch_util      : 1.4525
