Generated 8192 hosts
Graph: 9248 nodes, 40960 edges
  0%|          | 0/10 [00:00<?, ?it/s]Unique sources this epoch: 5139
 10%|█         | 1/10 [02:54<26:07, 174.16s/it]Unique sources this epoch: 5133
 20%|██        | 2/10 [03:03<10:19, 77.47s/it] Unique sources this epoch: 5130
 30%|███       | 3/10 [03:16<05:35, 47.97s/it]Unique sources this epoch: 5126
 40%|████      | 4/10 [03:24<03:11, 31.98s/it]Unique sources this epoch: 5122
 50%|█████     | 5/10 [03:31<01:55, 23.19s/it]Unique sources this epoch: 5146
 60%|██████    | 6/10 [03:39<01:11, 17.83s/it]Unique sources this epoch: 5123
 70%|███████   | 7/10 [03:45<00:42, 14.12s/it]Unique sources this epoch: 5154
 80%|████████  | 8/10 [03:51<00:22, 11.45s/it]Unique sources this epoch: 5143
 90%|█████████ | 9/10 [03:56<00:09,  9.40s/it]Unique sources this epoch: 5140
100%|██████████| 10/10 [04:07<00:00,  9.82s/it]100%|██████████| 10/10 [04:07<00:00, 24.72s/it]

=== Simulation Results ===
topology : informed_leaf_spine
workload : incast
policy   : conga_configuration

drop_ratio           : 0.9476
mean_latency         : 3.4969
offered_load         : 662184.2172
jain_fairness        : 0.0792
p50_flow_rate        : 0.0215
p95_flow_rate        : 0.0359
mean_edge_util       : 0.0565
max_edge_util        : 65.9342
mean_hops            : 2.5244
frac_saturated_edges : 0.0039
throughput           : 34673.1575
traffic_weighted_util : 0.0565
topk_edge_load_share : 0.0862
sum_edge_load        : 2315828.6810
sum_edge_cap         : 40960000.0000
edge_util_std        : 1.2499
switch_util_std      : 2.4574
switch_util_gini     : 0.9771
frac_hot_switches    : 0.0039
mean_switch_util     : 0.1457
p95_switch_util      : 0.0275
