Generated 8192 hosts
Graph: 9248 nodes, 40960 edges
  0%|          | 0/10 [00:00<?, ?it/s]Unique sources this epoch: 5139
 10%|█         | 1/10 [02:13<19:57, 133.08s/it]Unique sources this epoch: 5133
 20%|██        | 2/10 [02:20<07:52, 59.00s/it] Unique sources this epoch: 5130
 30%|███       | 3/10 [02:30<04:16, 36.66s/it]Unique sources this epoch: 5126
 40%|████      | 4/10 [02:35<02:26, 24.41s/it]Unique sources this epoch: 5122
 50%|█████     | 5/10 [02:41<01:28, 17.61s/it]Unique sources this epoch: 5146
 60%|██████    | 6/10 [02:47<00:54, 13.51s/it]Unique sources this epoch: 5123
 70%|███████   | 7/10 [02:51<00:32, 10.67s/it]Unique sources this epoch: 5154
 80%|████████  | 8/10 [02:56<00:17,  8.61s/it]Unique sources this epoch: 5143
 90%|█████████ | 9/10 [02:59<00:07,  7.06s/it]Unique sources this epoch: 5140
100%|██████████| 10/10 [03:08<00:00,  7.57s/it]100%|██████████| 10/10 [03:08<00:00, 18.84s/it]

=== Simulation Results ===
topology : informed_leaf_spine
workload : incast
policy   : conga_configuration

drop_ratio           : 0.9701
mean_latency         : 3.4969
offered_load         : 6621842.1715
jain_fairness        : 0.0263
p50_flow_rate        : 0.0215
p95_flow_rate        : 0.0359
mean_edge_util       : 0.5654
max_edge_util        : 659.3422
mean_hops            : 2.5244
frac_saturated_edges : 0.0039
throughput           : 197787.4240
traffic_weighted_util : 0.5654
topk_edge_load_share : 0.0862
sum_edge_load        : 23158286.8103
sum_edge_cap         : 40960000.0000
edge_util_std        : 12.4989
switch_util_std      : 24.5742
switch_util_gini     : 0.9771
frac_hot_switches    : 0.0039
mean_switch_util     : 1.4566
p95_switch_util      : 0.2750
