Generated 8192 hosts
Graph: 9248 nodes, 40960 edges
  0%|          | 0/10 [00:00<?, ?it/s]Unique sources this epoch: 5139
 10%|█         | 1/10 [02:13<19:59, 133.29s/it]Unique sources this epoch: 5133
 20%|██        | 2/10 [02:20<07:52, 59.06s/it] Unique sources this epoch: 5130
 30%|███       | 3/10 [02:30<04:17, 36.84s/it]Unique sources this epoch: 5126
 40%|████      | 4/10 [02:36<02:26, 24.50s/it]Unique sources this epoch: 5122
 50%|█████     | 5/10 [02:42<01:28, 17.70s/it]Unique sources this epoch: 5146
 60%|██████    | 6/10 [02:47<00:54, 13.56s/it]Unique sources this epoch: 5123
 70%|███████   | 7/10 [02:52<00:32, 10.73s/it]Unique sources this epoch: 5154
 80%|████████  | 8/10 [02:56<00:17,  8.67s/it]Unique sources this epoch: 5143
 90%|█████████ | 9/10 [03:00<00:07,  7.10s/it]Unique sources this epoch: 5140
100%|██████████| 10/10 [03:08<00:00,  7.56s/it]100%|██████████| 10/10 [03:08<00:00, 18.89s/it]

=== Simulation Results ===
topology : informed_leaf_spine
workload : incast
policy   : rip_configuration

drop_ratio           : 0.9561
mean_latency         : 3.4969
offered_load         : 331092.1086
jain_fairness        : 0.0557
p50_flow_rate        : 0.0038
p95_flow_rate        : 0.0286
mean_edge_util       : 0.0283
max_edge_util        : 191.7583
mean_hops            : 2.5244
frac_saturated_edges : 0.0009
throughput           : 14522.0065
traffic_weighted_util : 0.0283
topk_edge_load_share : 0.4329
sum_edge_load        : 1157914.3405
sum_edge_cap         : 40960000.0000
edge_util_std        : 1.4147
switch_util_std      : 1.2287
switch_util_gini     : 0.9774
frac_hot_switches    : 0.0039
mean_switch_util     : 0.0728
p95_switch_util      : 0.0136
