Generated 8192 hosts
Graph: 9472 nodes, 24576 edges
  0%|          | 0/10 [00:00<?, ?it/s]Unique sources this epoch: 8192
 10%|█         | 1/10 [02:55<26:16, 175.20s/it]Unique sources this epoch: 8192
 20%|██        | 2/10 [02:55<09:40, 72.60s/it] Unique sources this epoch: 8192
 30%|███       | 3/10 [02:56<04:38, 39.83s/it]Unique sources this epoch: 8192
 40%|████      | 4/10 [02:57<02:26, 24.44s/it]Unique sources this epoch: 8192
 50%|█████     | 5/10 [02:58<01:19, 15.94s/it]Unique sources this epoch: 8191
 60%|██████    | 6/10 [02:59<00:43, 10.83s/it]Unique sources this epoch: 8191
 70%|███████   | 7/10 [03:00<00:22,  7.58s/it]Unique sources this epoch: 8190
 80%|████████  | 8/10 [03:01<00:10,  5.45s/it]Unique sources this epoch: 8192
 90%|█████████ | 9/10 [03:02<00:04,  4.03s/it]Unique sources this epoch: 8192
100%|██████████| 10/10 [03:03<00:00,  3.07s/it]100%|██████████| 10/10 [03:03<00:00, 18.30s/it]

=== Simulation Results ===
topology : jellyfish
workload : random_workload
policy   : rip_configuration

drop_ratio           : 0.2849
mean_latency         : 4.5734
offered_load         : 3310044.1953
jain_fairness        : 0.8233
p50_flow_rate        : 2.8826
p95_flow_rate        : 5.3333
mean_edge_util       : 0.6161
max_edge_util        : 4.9070
mean_hops            : 3.5734
frac_saturated_edges : 0.1942
throughput           : 2367103.5307
traffic_weighted_util : 0.6161
topk_edge_load_share : 0.0010
sum_edge_load        : 15140372.8621
sum_edge_cap         : 24576000.0000
edge_util_std        : 0.4789
switch_util_std      : 0.3981
switch_util_gini     : 0.2917
frac_hot_switches    : 0.3718
mean_switch_util     : 0.7770
p95_switch_util      : 1.4660
