Generated 8192 hosts
Graph: 9248 nodes, 40960 edges
  0%|          | 0/10 [00:00<?, ?it/s]Unique sources this epoch: 5139
 10%|█         | 1/10 [02:17<20:39, 137.71s/it]Unique sources this epoch: 5133
 20%|██        | 2/10 [02:25<08:08, 61.03s/it] Unique sources this epoch: 5130
 30%|███       | 3/10 [02:35<04:25, 37.88s/it]Unique sources this epoch: 5126
 40%|████      | 4/10 [02:41<02:31, 25.22s/it]Unique sources this epoch: 5122
 50%|█████     | 5/10 [02:47<01:31, 18.24s/it]Unique sources this epoch: 5146
 60%|██████    | 6/10 [02:52<00:55, 13.98s/it]Unique sources this epoch: 5123
 70%|███████   | 7/10 [02:57<00:33, 11.07s/it]Unique sources this epoch: 5154
 80%|████████  | 8/10 [03:02<00:18,  9.02s/it]Unique sources this epoch: 5143
 90%|█████████ | 9/10 [03:06<00:07,  7.39s/it]Unique sources this epoch: 5140
100%|██████████| 10/10 [03:15<00:00,  7.83s/it]100%|██████████| 10/10 [03:15<00:00, 19.51s/it]

=== Simulation Results ===
topology : informed_leaf_spine
workload : incast
policy   : rip_configuration

drop_ratio           : 0.9644
mean_latency         : 3.4969
offered_load         : 662184.2172
jain_fairness        : 0.0372
p50_flow_rate        : 0.0038
p95_flow_rate        : 0.0287
mean_edge_util       : 0.0565
max_edge_util        : 383.5167
mean_hops            : 2.5244
frac_saturated_edges : 0.0009
throughput           : 23583.9102
traffic_weighted_util : 0.0565
topk_edge_load_share : 0.4329
sum_edge_load        : 2315828.6810
sum_edge_cap         : 40960000.0000
edge_util_std        : 2.8294
switch_util_std      : 2.4574
switch_util_gini     : 0.9774
frac_hot_switches    : 0.0040
mean_switch_util     : 0.1457
p95_switch_util      : 0.0271
