Generated 8192 hosts
Graph: 9248 nodes, 40960 edges
  0%|          | 0/10 [00:00<?, ?it/s]Unique sources this epoch: 5139
 10%|█         | 1/10 [06:09<55:23, 369.26s/it]Unique sources this epoch: 5133
 20%|██        | 2/10 [06:29<21:52, 164.08s/it]Unique sources this epoch: 5130
 30%|███       | 3/10 [06:53<11:39, 99.93s/it] Unique sources this epoch: 5126
 40%|████      | 4/10 [13:32<21:48, 218.09s/it]Unique sources this epoch: 5122
 50%|█████     | 5/10 [20:24<23:59, 287.90s/it]Unique sources this epoch: 5146
 60%|██████    | 6/10 [27:16<22:00, 330.15s/it]Unique sources this epoch: 5123
 70%|███████   | 7/10 [33:56<17:38, 352.97s/it]Unique sources this epoch: 5154
 80%|████████  | 8/10 [40:12<12:00, 360.43s/it]Unique sources this epoch: 5143
 90%|█████████ | 9/10 [46:07<05:58, 358.55s/it]Unique sources this epoch: 5140
100%|██████████| 10/10 [52:11<00:00, 360.46s/it]100%|██████████| 10/10 [52:11<00:00, 313.19s/it]

=== Simulation Results ===
topology : informed_leaf_spine
workload : incast
policy   : ospf_configuration

drop_ratio           : 0.9561
mean_latency         : 3.4969
offered_load         : 331092.1086
jain_fairness        : 0.0557
p50_flow_rate        : 0.0038
p95_flow_rate        : 0.0286
mean_edge_util       : 0.0283
max_edge_util        : 191.7583
mean_hops            : 2.5244
frac_saturated_edges : 0.0009
throughput           : 14527.5572
traffic_weighted_util : 0.0283
topk_edge_load_share : 0.1545
sum_edge_load        : 1157914.3405
sum_edge_cap         : 40960000.0000
edge_util_std        : 1.4146
switch_util_std      : 1.2287
switch_util_gini     : 0.9774
frac_hot_switches    : 0.0039
mean_switch_util     : 0.0728
p95_switch_util      : 0.0136
