Generated 8192 hosts
Graph: 9248 nodes, 40960 edges
  0%|          | 0/10 [00:00<?, ?it/s]Unique sources this epoch: 5139
 10%|█         | 1/10 [05:44<51:44, 344.94s/it]Unique sources this epoch: 5133
 20%|██        | 2/10 [06:03<20:24, 153.12s/it]Unique sources this epoch: 5130
 30%|███       | 3/10 [12:23<29:55, 256.56s/it]Unique sources this epoch: 5126
 40%|████      | 4/10 [18:52<30:52, 308.70s/it]Unique sources this epoch: 5122
 50%|█████     | 5/10 [25:16<27:59, 335.95s/it]Unique sources this epoch: 5146
 60%|██████    | 6/10 [31:49<23:42, 355.55s/it]Unique sources this epoch: 5123
 70%|███████   | 7/10 [38:20<18:20, 366.95s/it]Unique sources this epoch: 5154
 80%|████████  | 8/10 [44:50<12:28, 374.26s/it]Unique sources this epoch: 5143
 90%|█████████ | 9/10 [51:23<06:20, 380.11s/it]Unique sources this epoch: 5140
100%|██████████| 10/10 [57:43<00:00, 380.03s/it]100%|██████████| 10/10 [57:43<00:00, 346.31s/it]

=== Simulation Results ===
topology : informed_leaf_spine
workload : incast
policy   : ospf_configuration

drop_ratio           : 0.9718
mean_latency         : 3.4969
offered_load         : 6621842.1715
jain_fairness        : 0.0234
p50_flow_rate        : 0.0038
p95_flow_rate        : 0.0287
mean_edge_util       : 0.5654
max_edge_util        : 3835.1670
mean_hops            : 2.5244
frac_saturated_edges : 0.0053
throughput           : 186698.1767
traffic_weighted_util : 0.5654
topk_edge_load_share : 0.1545
sum_edge_load        : 23158286.8103
sum_edge_cap         : 40960000.0000
edge_util_std        : 28.2942
switch_util_std      : 24.5744
switch_util_gini     : 0.9774
frac_hot_switches    : 0.0040
mean_switch_util     : 1.4566
p95_switch_util      : 0.2711
