Generated 8192 hosts
Graph: 9248 nodes, 40960 edges
  0%|          | 0/10 [00:00<?, ?it/s]Unique sources this epoch: 5139
 10%|█         | 1/10 [05:42<51:26, 342.93s/it]Unique sources this epoch: 5133
 20%|██        | 2/10 [06:01<20:18, 152.29s/it]Unique sources this epoch: 5130
 30%|███       | 3/10 [12:13<29:25, 252.28s/it]Unique sources this epoch: 5126
 40%|████      | 4/10 [18:35<30:22, 303.77s/it]Unique sources this epoch: 5122
 50%|█████     | 5/10 [24:51<27:29, 329.85s/it]Unique sources this epoch: 5146
 60%|██████    | 6/10 [31:18<23:16, 349.05s/it]Unique sources this epoch: 5123
 70%|███████   | 7/10 [37:22<17:42, 354.06s/it]Unique sources this epoch: 5154
 80%|████████  | 8/10 [43:12<11:45, 352.81s/it]Unique sources this epoch: 5143
 90%|█████████ | 9/10 [49:04<05:52, 352.50s/it]Unique sources this epoch: 5140
100%|██████████| 10/10 [54:44<00:00, 348.66s/it]100%|██████████| 10/10 [54:44<00:00, 328.46s/it]

=== Simulation Results ===
topology : informed_leaf_spine
workload : incast
policy   : ospf_configuration

drop_ratio           : 0.9644
mean_latency         : 3.4969
offered_load         : 662184.2172
jain_fairness        : 0.0372
p50_flow_rate        : 0.0038
p95_flow_rate        : 0.0287
mean_edge_util       : 0.0565
max_edge_util        : 383.5167
mean_hops            : 2.5244
frac_saturated_edges : 0.0009
throughput           : 23583.9102
traffic_weighted_util : 0.0565
topk_edge_load_share : 0.1545
sum_edge_load        : 2315828.6810
sum_edge_cap         : 40960000.0000
edge_util_std        : 2.8294
switch_util_std      : 2.4574
switch_util_gini     : 0.9774
frac_hot_switches    : 0.0040
mean_switch_util     : 0.1457
p95_switch_util      : 0.0271
