Generated 8192 hosts
[fat-tree] k=32, capacity=8192, hosts=8192
Graph: 9472 nodes, 24576 edges
  0%|          | 0/10 [00:00<?, ?it/s]Unique sources this epoch: 5139
 10%|█         | 1/10 [09:42<1:27:20, 582.32s/it]Unique sources this epoch: 5133
 20%|██        | 2/10 [10:20<34:57, 262.16s/it]  Unique sources this epoch: 5130
 30%|███       | 3/10 [10:52<18:20, 157.15s/it]Unique sources this epoch: 5126
 40%|████      | 4/10 [11:19<10:34, 105.79s/it]Unique sources this epoch: 5122
 50%|█████     | 5/10 [17:03<15:57, 191.49s/it]Unique sources this epoch: 5146
 60%|██████    | 6/10 [28:09<23:31, 352.82s/it]Unique sources this epoch: 5123
 70%|███████   | 7/10 [39:31<23:01, 460.57s/it]Unique sources this epoch: 5154
 80%|████████  | 8/10 [51:07<17:50, 535.38s/it]Unique sources this epoch: 5143
 90%|█████████ | 9/10 [1:02:48<09:47, 587.39s/it]Unique sources this epoch: 5140
100%|██████████| 10/10 [1:14:31<00:00, 622.85s/it]100%|██████████| 10/10 [1:14:31<00:00, 447.10s/it]

=== Simulation Results ===
topology : fat_tree
workload : incast
policy   : eigrp_configuration

drop_ratio           : 0.9689
mean_latency         : 5.7793
offered_load         : 3310921.0858
jain_fairness        : 0.0358
p50_flow_rate        : 0.0161
p95_flow_rate        : 0.0297
mean_edge_util       : 0.7787
max_edge_util        : 450.0426
mean_hops            : 4.8068
frac_saturated_edges : 0.0055
throughput           : 103060.8766
traffic_weighted_util : 0.7787
topk_edge_load_share : 0.0522
sum_edge_load        : 19137095.0139
sum_edge_cap         : 24576000.0000
edge_util_std        : 12.0346
switch_util_std      : 12.1990
switch_util_gini     : 0.9780
frac_hot_switches    : 0.0103
mean_switch_util     : 0.7850
p95_switch_util      : 0.1424
