Generated 8192 hosts
[fat-tree] k=32, capacity=8192, hosts=8192
Graph: 9472 nodes, 24576 edges
  0%|          | 0/10 [00:00<?, ?it/s]Unique sources this epoch: 5139
 10%|█         | 1/10 [08:49<1:19:23, 529.23s/it]Unique sources this epoch: 5133
 20%|██        | 2/10 [09:25<31:54, 239.30s/it]  Unique sources this epoch: 5130
 30%|███       | 3/10 [09:54<16:43, 143.39s/it]Unique sources this epoch: 5126
 40%|████      | 4/10 [10:20<09:41, 96.95s/it] Unique sources this epoch: 5122
 50%|█████     | 5/10 [10:45<05:55, 71.13s/it]Unique sources this epoch: 5146
 60%|██████    | 6/10 [11:10<03:41, 55.40s/it]Unique sources this epoch: 5123
 70%|███████   | 7/10 [11:32<02:12, 44.26s/it]Unique sources this epoch: 5154
 80%|████████  | 8/10 [11:58<01:17, 38.66s/it]Unique sources this epoch: 5143
 90%|█████████ | 9/10 [12:13<00:31, 31.26s/it]Unique sources this epoch: 5140
100%|██████████| 10/10 [12:30<00:00, 26.69s/it]100%|██████████| 10/10 [12:30<00:00, 75.02s/it]

=== Simulation Results ===
topology : fat_tree
workload : incast
policy   : eigrp_configuration

drop_ratio           : 0.9462
mean_latency         : 5.7793
offered_load         : 331092.1086
jain_fairness        : 0.1716
p50_flow_rate        : 0.0103
p95_flow_rate        : 0.0265
mean_edge_util       : 0.0779
max_edge_util        : 86.8019
mean_hops            : 4.8068
frac_saturated_edges : 0.0036
throughput           : 17808.8418
traffic_weighted_util : 0.0779
topk_edge_load_share : 0.1163
sum_edge_load        : 1913709.5014
sum_edge_cap         : 24576000.0000
edge_util_std        : 1.4558
switch_util_std      : 1.2297
switch_util_gini     : 0.9777
frac_hot_switches    : 0.0075
mean_switch_util     : 0.0785
p95_switch_util      : 0.0141
