Generated 8192 hosts
[fat-tree] k=32, capacity=8192, hosts=8192
Graph: 9472 nodes, 24576 edges
  0%|          | 0/10 [00:00<?, ?it/s]Unique sources this epoch: 1018
 10%|█         | 1/10 [01:03<09:29, 63.25s/it]Unique sources this epoch: 1022
 20%|██        | 2/10 [01:08<03:53, 29.15s/it]Unique sources this epoch: 1008
 30%|███       | 3/10 [01:14<02:10, 18.61s/it]Unique sources this epoch: 1023
 40%|████      | 4/10 [01:21<01:22, 13.79s/it]Unique sources this epoch: 1039
 50%|█████     | 5/10 [01:27<00:55, 11.15s/it]Unique sources this epoch: 1049
 60%|██████    | 6/10 [01:34<00:38,  9.73s/it]Unique sources this epoch: 1030
 70%|███████   | 7/10 [01:39<00:24,  8.25s/it]Unique sources this epoch: 1025
 80%|████████  | 8/10 [01:45<00:14,  7.36s/it]Unique sources this epoch: 1010
 90%|█████████ | 9/10 [01:49<00:06,  6.45s/it]Unique sources this epoch: 1002
100%|██████████| 10/10 [01:56<00:00,  6.72s/it]100%|██████████| 10/10 [01:56<00:00, 11.69s/it]

=== Simulation Results ===
topology : fat_tree
workload : incast
policy   : ospf_drill_configuration

drop_ratio           : 0.0433
mean_latency         : 5.7721
offered_load         : 20591.6892
jain_fairness        : 0.8139
p50_flow_rate        : 0.2025
p95_flow_rate        : 0.3458
mean_edge_util       : 0.0048
max_edge_util        : 1.5806
mean_hops            : 4.8007
frac_saturated_edges : 0.0003
throughput           : 19699.1825
traffic_weighted_util : 0.0048
topk_edge_load_share : 0.0318
sum_edge_load        : 118894.7386
sum_edge_cap         : 24576000.0000
edge_util_std        : 0.0358
switch_util_std      : 0.0551
switch_util_gini     : 0.9786
frac_hot_switches    : 0.0010
mean_switch_util     : 0.0049
p95_switch_util      : 0.0046
