Generated 8192 hosts
Graph: 9248 nodes, 40960 edges
  0%|          | 0/10 [00:00<?, ?it/s]Unique sources this epoch: 5139
 10%|█         | 1/10 [15:09<2:16:23, 909.25s/it]Unique sources this epoch: 5133
 20%|██        | 2/10 [16:01<54:01, 405.19s/it]  Unique sources this epoch: 5130
 30%|███       | 3/10 [16:57<28:40, 245.81s/it]Unique sources this epoch: 5126
 40%|████      | 4/10 [17:37<16:27, 164.62s/it]Unique sources this epoch: 5122
 50%|█████     | 5/10 [18:18<09:59, 119.90s/it]Unique sources this epoch: 5146
 60%|██████    | 6/10 [18:57<06:10, 92.55s/it] Unique sources this epoch: 5123
 70%|███████   | 7/10 [19:32<03:40, 73.67s/it]Unique sources this epoch: 5154
 80%|████████  | 8/10 [20:01<01:58, 59.46s/it]Unique sources this epoch: 5143
 90%|█████████ | 9/10 [20:36<00:51, 51.86s/it]Unique sources this epoch: 5140
100%|██████████| 10/10 [21:04<00:00, 44.33s/it]100%|██████████| 10/10 [21:04<00:00, 126.44s/it]

=== Simulation Results ===
topology : informed_leaf_spine
workload : incast
policy   : eigrp_configuration

drop_ratio           : 0.9556
mean_latency         : 3.4969
offered_load         : 331092.1086
jain_fairness        : 0.1034
p50_flow_rate        : 0.0038
p95_flow_rate        : 0.0287
mean_edge_util       : 0.0283
max_edge_util        : 188.8806
mean_hops            : 2.5244
frac_saturated_edges : 0.0009
throughput           : 14706.6570
traffic_weighted_util : 0.0283
topk_edge_load_share : 0.4287
sum_edge_load        : 1157914.3405
sum_edge_cap         : 40960000.0000
edge_util_std        : 1.4015
switch_util_std      : 1.2287
switch_util_gini     : 0.9774
frac_hot_switches    : 0.0039
mean_switch_util     : 0.0728
p95_switch_util      : 0.0136
