Generated 8192 hosts
Graph: 9248 nodes, 40960 edges
  0%|          | 0/10 [00:00<?, ?it/s]Unique sources this epoch: 5139
 10%|█         | 1/10 [12:25<1:51:49, 745.47s/it]Unique sources this epoch: 5133
 20%|██        | 2/10 [13:07<44:14, 331.78s/it]  Unique sources this epoch: 5130
 30%|███       | 3/10 [13:52<23:25, 200.85s/it]Unique sources this epoch: 5126
 40%|████      | 4/10 [20:46<28:29, 284.94s/it]Unique sources this epoch: 5122
 50%|█████     | 5/10 [34:10<39:20, 472.09s/it]Unique sources this epoch: 5146
 60%|██████    | 6/10 [47:29<38:53, 583.39s/it]Unique sources this epoch: 5123
 70%|███████   | 7/10 [1:00:41<32:34, 651.57s/it]Unique sources this epoch: 5154
 80%|████████  | 8/10 [1:13:49<23:10, 695.01s/it]Unique sources this epoch: 5143
 90%|█████████ | 9/10 [1:27:04<12:06, 726.06s/it]Unique sources this epoch: 5140
100%|██████████| 10/10 [1:40:00<00:00, 741.48s/it]100%|██████████| 10/10 [1:40:00<00:00, 600.02s/it]

=== Simulation Results ===
topology : informed_leaf_spine
workload : incast
policy   : eigrp_configuration

drop_ratio           : 0.9705
mean_latency         : 3.4969
offered_load         : 3310921.0858
jain_fairness        : 0.0294
p50_flow_rate        : 0.0068
p95_flow_rate        : 0.0287
mean_edge_util       : 0.2827
max_edge_util        : 958.7917
mean_hops            : 2.5244
frac_saturated_edges : 0.0010
throughput           : 97584.7753
traffic_weighted_util : 0.2827
topk_edge_load_share : 0.0911
sum_edge_load        : 11579143.4051
sum_edge_cap         : 40960000.0000
edge_util_std        : 11.0331
switch_util_std      : 12.2871
switch_util_gini     : 0.9774
frac_hot_switches    : 0.0041
mean_switch_util     : 0.7283
p95_switch_util      : 0.1356
