Generated 8192 hosts
Graph: 9248 nodes, 40960 edges
  0%|          | 0/10 [00:00<?, ?it/s]Unique sources this epoch: 5139
 10%|█         | 1/10 [16:17<2:26:35, 977.27s/it]Unique sources this epoch: 5133
 20%|██        | 2/10 [17:12<57:57, 434.67s/it]  Unique sources this epoch: 5130
 30%|███       | 3/10 [26:52<58:28, 501.21s/it]Unique sources this epoch: 5126
 40%|████      | 4/10 [44:39<1:12:28, 724.67s/it]Unique sources this epoch: 5122
 50%|█████     | 5/10 [1:02:50<1:11:22, 856.56s/it]Unique sources this epoch: 5146
 60%|██████    | 6/10 [1:21:17<1:02:47, 941.81s/it]Unique sources this epoch: 5123
 70%|███████   | 7/10 [1:39:24<49:28, 989.37s/it]  Unique sources this epoch: 5154
 80%|████████  | 8/10 [1:57:21<33:54, 1017.10s/it]Unique sources this epoch: 5143
 90%|█████████ | 9/10 [2:15:50<17:26, 1046.05s/it]Unique sources this epoch: 5140
100%|██████████| 10/10 [2:33:25<00:00, 1048.76s/it]100%|██████████| 10/10 [2:33:25<00:00, 920.58s/it] 

=== Simulation Results ===
topology : informed_leaf_spine
workload : incast
policy   : eigrp_configuration

drop_ratio           : 0.9715
mean_latency         : 3.4969
offered_load         : 6621842.1715
jain_fairness        : 0.0257
p50_flow_rate        : 0.0071
p95_flow_rate        : 0.0287
mean_edge_util       : 0.5654
max_edge_util        : 1917.5835
mean_hops            : 2.5244
frac_saturated_edges : 0.0011
throughput           : 188406.2462
traffic_weighted_util : 0.5654
topk_edge_load_share : 0.0862
sum_edge_load        : 23158286.8103
sum_edge_cap         : 40960000.0000
edge_util_std        : 21.7949
switch_util_std      : 24.5743
switch_util_gini     : 0.9774
frac_hot_switches    : 0.0041
mean_switch_util     : 1.4566
p95_switch_util      : 0.2713
