Generated 8192 hosts
Graph: 9248 nodes, 40960 edges
  0%|          | 0/10 [00:00<?, ?it/s]Unique sources this epoch: 5139
 10%|█         | 1/10 [15:03<2:15:31, 903.52s/it]Unique sources this epoch: 5133
 20%|██        | 2/10 [15:54<53:38, 402.31s/it]  Unique sources this epoch: 5130
 30%|███       | 3/10 [16:49<28:22, 243.28s/it]Unique sources this epoch: 5126
 40%|████      | 4/10 [17:29<16:18, 163.07s/it]Unique sources this epoch: 5122
 50%|█████     | 5/10 [18:09<09:53, 118.65s/it]Unique sources this epoch: 5146
 60%|██████    | 6/10 [18:47<06:06, 91.53s/it] Unique sources this epoch: 5123
 70%|███████   | 7/10 [19:22<03:38, 72.98s/it]Unique sources this epoch: 5154
 80%|████████  | 8/10 [27:59<07:08, 214.38s/it]Unique sources this epoch: 5143
 90%|█████████ | 9/10 [43:22<07:15, 435.69s/it]Unique sources this epoch: 5140
100%|██████████| 10/10 [57:56<00:00, 571.02s/it]100%|██████████| 10/10 [57:56<00:00, 347.62s/it]

=== Simulation Results ===
topology : informed_leaf_spine
workload : incast
policy   : eigrp_configuration

drop_ratio           : 0.9633
mean_latency         : 3.4969
offered_load         : 662184.2172
jain_fairness        : 0.0614
p50_flow_rate        : 0.0049
p95_flow_rate        : 0.0287
mean_edge_util       : 0.0565
max_edge_util        : 302.0316
mean_hops            : 2.5244
frac_saturated_edges : 0.0009
throughput           : 24323.5854
traffic_weighted_util : 0.0565
topk_edge_load_share : 0.2754
sum_edge_load        : 2315828.6810
sum_edge_cap         : 40960000.0000
edge_util_std        : 2.4693
switch_util_std      : 2.4574
switch_util_gini     : 0.9774
frac_hot_switches    : 0.0039
mean_switch_util     : 0.1457
p95_switch_util      : 0.0271
