Generated 8192 hosts
Graph: 9248 nodes, 40960 edges
  0%|          | 0/10 [00:00<?, ?it/s]Unique sources this epoch: 5139
 10%|█         | 1/10 [06:30<58:31, 390.12s/it]Unique sources this epoch: 5133
 20%|██        | 2/10 [06:52<23:09, 173.65s/it]Unique sources this epoch: 5130
 30%|███       | 3/10 [07:18<12:24, 106.29s/it]Unique sources this epoch: 5126
 40%|████      | 4/10 [07:36<07:08, 71.40s/it] Unique sources this epoch: 5122
 50%|█████     | 5/10 [07:54<04:21, 52.35s/it]Unique sources this epoch: 5146
 60%|██████    | 6/10 [08:14<02:44, 41.08s/it]Unique sources this epoch: 5123
 70%|███████   | 7/10 [08:29<01:38, 32.74s/it]Unique sources this epoch: 5154
 80%|████████  | 8/10 [08:43<00:53, 26.69s/it]Unique sources this epoch: 5143
 90%|█████████ | 9/10 [08:55<00:22, 22.04s/it]Unique sources this epoch: 5140
100%|██████████| 10/10 [09:14<00:00, 21.05s/it]100%|██████████| 10/10 [09:14<00:00, 55.40s/it]

=== Simulation Results ===
topology : informed_leaf_spine
workload : incast
policy   : ospf_ecmp_configuration

drop_ratio           : 0.9476
mean_latency         : 3.4969
offered_load         : 662184.2172
jain_fairness        : 0.0792
p50_flow_rate        : 0.0215
p95_flow_rate        : 0.0359
mean_edge_util       : 0.0565
max_edge_util        : 65.9342
mean_hops            : 2.5244
frac_saturated_edges : 0.0039
throughput           : 34673.1575
traffic_weighted_util : 0.0565
topk_edge_load_share : 0.0862
sum_edge_load        : 2315828.6810
sum_edge_cap         : 40960000.0000
edge_util_std        : 1.2459
switch_util_std      : 2.4574
switch_util_gini     : 0.9771
frac_hot_switches    : 0.0039
mean_switch_util     : 0.1457
p95_switch_util      : 0.0275
