Generated 8192 hosts
Graph: 9248 nodes, 40960 edges
  0%|          | 0/10 [00:00<?, ?it/s]Unique sources this epoch: 5139
 10%|█         | 1/10 [05:57<53:41, 357.94s/it]Unique sources this epoch: 5133
 20%|██        | 2/10 [06:17<21:13, 159.16s/it]Unique sources this epoch: 5130
 30%|███       | 3/10 [12:57<31:22, 268.96s/it]Unique sources this epoch: 5126
 40%|████      | 4/10 [19:49<32:33, 325.54s/it]Unique sources this epoch: 5122
 50%|█████     | 5/10 [26:46<29:51, 358.26s/it]Unique sources this epoch: 5146
 60%|██████    | 6/10 [33:40<25:09, 377.29s/it]Unique sources this epoch: 5123
 70%|███████   | 7/10 [40:32<19:26, 388.70s/it]Unique sources this epoch: 5154
 80%|████████  | 8/10 [47:33<13:17, 398.99s/it]Unique sources this epoch: 5143
 90%|█████████ | 9/10 [54:10<06:38, 398.41s/it]Unique sources this epoch: 5140
100%|██████████| 10/10 [1:00:42<00:00, 396.37s/it]100%|██████████| 10/10 [1:00:42<00:00, 364.25s/it]

=== Simulation Results ===
topology : informed_leaf_spine
workload : incast
policy   : ospf_ecmp_configuration

drop_ratio           : 0.9711
mean_latency         : 3.4969
offered_load         : 6621842.1715
jain_fairness        : 0.0246
p50_flow_rate        : 0.0105
p95_flow_rate        : 0.0353
mean_edge_util       : 0.5654
max_edge_util        : 2376.4911
mean_hops            : 2.5244
frac_saturated_edges : 0.0017
throughput           : 191381.9089
traffic_weighted_util : 0.5654
topk_edge_load_share : 0.0864
sum_edge_load        : 23158286.8103
sum_edge_cap         : 40960000.0000
edge_util_std        : 19.8418
switch_util_std      : 24.5742
switch_util_gini     : 0.9773
frac_hot_switches    : 0.0043
mean_switch_util     : 1.4566
p95_switch_util      : 0.2718
