Generated 8192 hosts
Graph: 9472 nodes, 24576 edges
  0%|          | 0/10 [00:00<?, ?it/s]Unique sources this epoch: 8192
 10%|█         | 1/10 [06:33<59:03, 393.69s/it]Unique sources this epoch: 8192
 20%|██        | 2/10 [06:35<21:44, 163.00s/it]Unique sources this epoch: 8192
 30%|███       | 3/10 [06:36<10:25, 89.31s/it] Unique sources this epoch: 8192
 40%|████      | 4/10 [06:38<05:28, 54.70s/it]Unique sources this epoch: 8192
 50%|█████     | 5/10 [06:40<02:57, 35.56s/it]Unique sources this epoch: 8191
 60%|██████    | 6/10 [06:41<01:36, 24.03s/it]Unique sources this epoch: 8191
 70%|███████   | 7/10 [06:43<00:50, 16.71s/it]Unique sources this epoch: 8190
 80%|████████  | 8/10 [06:45<00:23, 11.92s/it]Unique sources this epoch: 8192
 90%|█████████ | 9/10 [06:46<00:08,  8.72s/it]Unique sources this epoch: 8192
100%|██████████| 10/10 [06:48<00:00,  6.54s/it]100%|██████████| 10/10 [06:48<00:00, 40.84s/it]

=== Simulation Results ===
topology : jellyfish
workload : random_workload
policy   : ospf_ecmp_configuration

drop_ratio           : 0.5060
mean_latency         : 4.5734
offered_load         : 6620088.3906
jain_fairness        : 0.8852
p50_flow_rate        : 4.0919
p95_flow_rate        : 6.4838
mean_edge_util       : 1.2321
max_edge_util        : 5.6035
mean_hops            : 3.5734
frac_saturated_edges : 0.5808
throughput           : 3270575.4965
traffic_weighted_util : 1.2321
topk_edge_load_share : 0.0005
sum_edge_load        : 30280745.7243
sum_edge_cap         : 24576000.0000
edge_util_std        : 0.7000
switch_util_std      : 0.7796
switch_util_gini     : 0.2856
frac_hot_switches    : 0.7671
mean_switch_util     : 1.5539
p95_switch_util      : 2.9050
