Generated 8192 hosts
Graph: 9248 nodes, 40960 edges
  0%|          | 0/10 [00:00<?, ?it/s]Unique sources this epoch: 5139
 10%|█         | 1/10 [15:43<2:21:31, 943.45s/it]Unique sources this epoch: 5133
 20%|██        | 2/10 [16:38<56:06, 420.80s/it]  Unique sources this epoch: 5130
 30%|███       | 3/10 [17:36<29:46, 255.19s/it]Unique sources this epoch: 5126
 40%|████      | 4/10 [18:19<17:08, 171.46s/it]Unique sources this epoch: 5122
 50%|█████     | 5/10 [19:02<10:25, 125.09s/it]Unique sources this epoch: 5146
 60%|██████    | 6/10 [19:44<06:27, 96.91s/it] Unique sources this epoch: 5123
 70%|███████   | 7/10 [20:20<03:51, 77.06s/it]Unique sources this epoch: 5154
 80%|████████  | 8/10 [20:52<02:05, 62.54s/it]Unique sources this epoch: 5143
 90%|█████████ | 9/10 [21:28<00:54, 54.32s/it]Unique sources this epoch: 5140
100%|██████████| 10/10 [21:57<00:00, 46.61s/it]100%|██████████| 10/10 [21:57<00:00, 131.79s/it]

=== Simulation Results ===
topology : informed_leaf_spine
workload : incast
policy   : eigrp_ecmp_configuration

drop_ratio           : 0.9226
mean_latency         : 3.4969
offered_load         : 331092.1086
jain_fairness        : 0.3585
p50_flow_rate        : 0.0215
p95_flow_rate        : 0.0357
mean_edge_util       : 0.0283
max_edge_util        : 32.9671
mean_hops            : 2.5244
frac_saturated_edges : 0.0036
throughput           : 25611.2538
traffic_weighted_util : 0.0283
topk_edge_load_share : 0.0862
sum_edge_load        : 1157914.3405
sum_edge_cap         : 40960000.0000
edge_util_std        : 0.6229
switch_util_std      : 1.2287
switch_util_gini     : 0.9771
frac_hot_switches    : 0.0039
mean_switch_util     : 0.0728
p95_switch_util      : 0.0137
