Generated 8192 hosts
Graph: 9248 nodes, 40960 edges
  0%|          | 0/10 [00:00<?, ?it/s]Unique sources this epoch: 5139
 10%|█         | 1/10 [16:09<2:25:24, 969.41s/it]Unique sources this epoch: 5133
 20%|██        | 2/10 [17:05<57:36, 432.03s/it]  Unique sources this epoch: 5130
 30%|███       | 3/10 [18:05<30:35, 262.28s/it]Unique sources this epoch: 5126
 40%|████      | 4/10 [18:48<17:34, 175.82s/it]Unique sources this epoch: 5122
 50%|█████     | 5/10 [19:33<10:42, 128.44s/it]Unique sources this epoch: 5146
 60%|██████    | 6/10 [20:16<06:37, 99.40s/it] Unique sources this epoch: 5123
 70%|███████   | 7/10 [20:53<03:57, 79.22s/it]Unique sources this epoch: 5154
 80%|████████  | 8/10 [30:14<07:44, 232.34s/it]Unique sources this epoch: 5143
 90%|█████████ | 9/10 [48:06<08:14, 494.95s/it]Unique sources this epoch: 5140
100%|██████████| 10/10 [1:05:49<00:00, 670.22s/it]100%|██████████| 10/10 [1:05:49<00:00, 394.92s/it]

=== Simulation Results ===
topology : informed_leaf_spine
workload : incast
policy   : eigrp_ecmp_configuration

drop_ratio           : 0.9680
mean_latency         : 3.4969
offered_load         : 3310921.0858
jain_fairness        : 0.0393
p50_flow_rate        : 0.0200
p95_flow_rate        : 0.0359
mean_edge_util       : 0.2827
max_edge_util        : 885.7682
mean_hops            : 2.5244
frac_saturated_edges : 0.0034
throughput           : 105814.0195
traffic_weighted_util : 0.2827
topk_edge_load_share : 0.0862
sum_edge_load        : 11579143.4051
sum_edge_cap         : 40960000.0000
edge_util_std        : 7.5001
switch_util_std      : 12.2871
switch_util_gini     : 0.9771
frac_hot_switches    : 0.0040
mean_switch_util     : 0.7283
p95_switch_util      : 0.1367
