Generated 8192 hosts
Graph: 9472 nodes, 24576 edges
  0%|          | 0/10 [00:00<?, ?it/s]Unique sources this epoch: 8192
 10%|█         | 1/10 [18:40<2:48:01, 1120.17s/it]Unique sources this epoch: 8192
 20%|██        | 2/10 [18:43<1:01:44, 463.04s/it] Unique sources this epoch: 8192
 30%|███       | 3/10 [18:46<29:31, 253.05s/it]  Unique sources this epoch: 8192
 40%|████      | 4/10 [18:49<15:26, 154.40s/it]Unique sources this epoch: 8192
 50%|█████     | 5/10 [18:52<08:19, 99.88s/it] Unique sources this epoch: 8191
 60%|██████    | 6/10 [18:56<04:28, 67.05s/it]Unique sources this epoch: 8191
 70%|███████   | 7/10 [18:59<02:18, 46.27s/it]Unique sources this epoch: 8190
 80%|████████  | 8/10 [19:03<01:05, 32.68s/it]Unique sources this epoch: 8192
 90%|█████████ | 9/10 [19:06<00:23, 23.52s/it]Unique sources this epoch: 8192
100%|██████████| 10/10 [19:10<00:00, 17.36s/it]100%|██████████| 10/10 [19:10<00:00, 115.01s/it]

=== Simulation Results ===
topology : jellyfish
workload : random_workload
policy   : eigrp_ecmp_configuration

drop_ratio           : 0.1579
mean_latency         : 4.5734
offered_load         : 3310044.1953
jain_fairness        : 0.8382
p50_flow_rate        : 3.5883
p95_flow_rate        : 5.8918
mean_edge_util       : 0.6161
max_edge_util        : 2.8018
mean_hops            : 3.5734
frac_saturated_edges : 0.1341
throughput           : 2787423.3048
traffic_weighted_util : 0.6161
topk_edge_load_share : 0.0005
sum_edge_load        : 15140372.8621
sum_edge_cap         : 24576000.0000
edge_util_std        : 0.3419
switch_util_std      : 0.3898
switch_util_gini     : 0.2855
frac_hot_switches    : 0.3667
mean_switch_util     : 0.7770
p95_switch_util      : 1.4525
