Generated 8192 hosts
Graph: 9248 nodes, 40960 edges
  0%|          | 0/10 [00:00<?, ?it/s]Unique sources this epoch: 5139
 10%|█         | 1/10 [14:35<2:11:22, 875.79s/it]Unique sources this epoch: 5133
 20%|██        | 2/10 [15:26<52:04, 390.56s/it]  Unique sources this epoch: 5130
 30%|███       | 3/10 [16:21<27:41, 237.37s/it]Unique sources this epoch: 5126
 40%|████      | 4/10 [17:01<15:55, 159.23s/it]Unique sources this epoch: 5122
 50%|█████     | 5/10 [17:42<09:43, 116.65s/it]Unique sources this epoch: 5146
 60%|██████    | 6/10 [26:06<16:33, 248.29s/it]Unique sources this epoch: 5123
 70%|███████   | 7/10 [41:35<23:32, 470.87s/it]Unique sources this epoch: 5154
 80%|████████  | 8/10 [56:22<20:07, 603.54s/it]Unique sources this epoch: 5143
 90%|█████████ | 9/10 [1:10:36<11:21, 681.85s/it]Unique sources this epoch: 5140
100%|██████████| 10/10 [1:24:31<00:00, 728.97s/it]100%|██████████| 10/10 [1:24:31<00:00, 507.14s/it]

=== Simulation Results ===
topology : informed_leaf_spine
workload : incast
policy   : eigrp_ecmp_configuration

drop_ratio           : 0.9704
mean_latency         : 3.4969
offered_load         : 6621842.1715
jain_fairness        : 0.0297
p50_flow_rate        : 0.0193
p95_flow_rate        : 0.0359
mean_edge_util       : 0.5654
max_edge_util        : 1791.2283
mean_hops            : 2.5244
frac_saturated_edges : 0.0029
throughput           : 195719.2236
traffic_weighted_util : 0.5654
topk_edge_load_share : 0.0862
sum_edge_load        : 23158286.8103
sum_edge_cap         : 40960000.0000
edge_util_std        : 16.1466
switch_util_std      : 24.5742
switch_util_gini     : 0.9772
frac_hot_switches    : 0.0043
mean_switch_util     : 1.4566
p95_switch_util      : 0.2724
