Generated 8192 hosts
Graph: 9248 nodes, 40960 edges
  0%|          | 0/10 [00:00<?, ?it/s]Unique sources this epoch: 5139
 10%|█         | 1/10 [16:07<2:25:11, 967.93s/it]Unique sources this epoch: 5133
 20%|██        | 2/10 [17:02<57:25, 430.70s/it]  Unique sources this epoch: 5130
 30%|███       | 3/10 [18:01<30:28, 261.17s/it]Unique sources this epoch: 5126
 40%|████      | 4/10 [18:44<17:28, 174.83s/it]Unique sources this epoch: 5122
 50%|█████     | 5/10 [19:28<10:38, 127.60s/it]Unique sources this epoch: 5146
 60%|██████    | 6/10 [20:10<06:34, 98.58s/it] Unique sources this epoch: 5123
 70%|███████   | 7/10 [20:47<03:55, 78.37s/it]Unique sources this epoch: 5154
 80%|████████  | 8/10 [21:19<02:07, 63.60s/it]Unique sources this epoch: 5143
 90%|█████████ | 9/10 [21:54<00:54, 54.82s/it]Unique sources this epoch: 5140
100%|██████████| 10/10 [22:23<00:00, 46.83s/it]100%|██████████| 10/10 [22:23<00:00, 134.38s/it]

=== Simulation Results ===
topology : informed_leaf_spine
workload : incast
policy   : eigrp_ecmp_configuration

drop_ratio           : 0.9476
mean_latency         : 3.4969
offered_load         : 662184.2172
jain_fairness        : 0.1628
p50_flow_rate        : 0.0215
p95_flow_rate        : 0.0358
mean_edge_util       : 0.0565
max_edge_util        : 65.9342
mean_hops            : 2.5244
frac_saturated_edges : 0.0039
throughput           : 34673.1575
traffic_weighted_util : 0.0565
topk_edge_load_share : 0.0862
sum_edge_load        : 2315828.6810
sum_edge_cap         : 40960000.0000
edge_util_std        : 1.2458
switch_util_std      : 2.4574
switch_util_gini     : 0.9771
frac_hot_switches    : 0.0039
mean_switch_util     : 0.1457
p95_switch_util      : 0.0275
