Generated 8192 hosts
Graph: 9472 nodes, 24576 edges
  0%|          | 0/10 [00:00<?, ?it/s]Unique sources this epoch: 8192
 10%|█         | 1/10 [18:35<2:47:20, 1115.57s/it]Unique sources this epoch: 8192
 20%|██        | 2/10 [18:38<1:01:29, 461.19s/it] Unique sources this epoch: 8192
 30%|███       | 3/10 [18:42<29:24, 252.12s/it]  Unique sources this epoch: 8192
 40%|████      | 4/10 [18:45<15:23, 153.91s/it]Unique sources this epoch: 8192
 50%|█████     | 5/10 [18:48<08:18, 99.61s/it] Unique sources this epoch: 8191
 60%|██████    | 6/10 [18:52<04:27, 66.89s/it]Unique sources this epoch: 8191
 70%|███████   | 7/10 [18:55<02:18, 46.13s/it]Unique sources this epoch: 8190
 80%|████████  | 8/10 [18:58<01:05, 32.54s/it]Unique sources this epoch: 8192
 90%|█████████ | 9/10 [19:02<00:23, 23.51s/it]Unique sources this epoch: 8192
100%|██████████| 10/10 [19:06<00:00, 17.32s/it]100%|██████████| 10/10 [19:06<00:00, 114.60s/it]

=== Simulation Results ===
topology : jellyfish
workload : random_workload
policy   : eigrp_ecmp_configuration

drop_ratio           : 0.5037
mean_latency         : 4.5734
offered_load         : 6620088.3906
jain_fairness        : 0.8840
p50_flow_rate        : 4.1061
p95_flow_rate        : 6.5336
mean_edge_util       : 1.2321
max_edge_util        : 5.6035
mean_hops            : 3.5734
frac_saturated_edges : 0.5916
throughput           : 3285316.1792
traffic_weighted_util : 1.2321
topk_edge_load_share : 0.0005
sum_edge_load        : 30280745.7243
sum_edge_cap         : 24576000.0000
edge_util_std        : 0.6837
switch_util_std      : 0.7795
switch_util_gini     : 0.2855
frac_hot_switches    : 0.7672
mean_switch_util     : 1.5539
p95_switch_util      : 2.9050
