Generated 8192 hosts
Graph: 9248 nodes, 40960 edges
  0%|          | 0/10 [00:00<?, ?it/s]Unique sources this epoch: 5139
 10%|█         | 1/10 [05:51<52:46, 351.79s/it]Unique sources this epoch: 5133
 20%|██        | 2/10 [06:10<20:48, 156.02s/it]Unique sources this epoch: 5130
 30%|███       | 3/10 [12:45<30:55, 265.13s/it]Unique sources this epoch: 5126
 40%|████      | 4/10 [19:22<31:43, 317.19s/it]Unique sources this epoch: 5122
 50%|█████     | 5/10 [25:53<28:39, 343.88s/it]Unique sources this epoch: 5146
 60%|██████    | 6/10 [32:16<23:48, 357.18s/it]Unique sources this epoch: 5123
 70%|███████   | 7/10 [38:34<18:11, 363.97s/it]Unique sources this epoch: 5154
 80%|████████  | 8/10 [44:39<12:08, 364.07s/it]Unique sources this epoch: 5143
 90%|█████████ | 9/10 [50:32<06:00, 360.59s/it]Unique sources this epoch: 5140
100%|██████████| 10/10 [56:21<00:00, 356.99s/it]100%|██████████| 10/10 [56:21<00:00, 338.10s/it]

=== Simulation Results ===
topology : informed_leaf_spine
workload : incast
policy   : ospf_drill_configuration

drop_ratio           : 0.9696
mean_latency         : 3.4969
offered_load         : 3310921.0858
jain_fairness        : 0.0272
p50_flow_rate        : 0.0104
p95_flow_rate        : 0.0354
mean_edge_util       : 0.2827
max_edge_util        : 1303.1488
mean_hops            : 2.5244
frac_saturated_edges : 0.0016
throughput           : 100634.0804
traffic_weighted_util : 0.2827
topk_edge_load_share : 0.0915
sum_edge_load        : 11579143.4051
sum_edge_cap         : 40960000.0000
edge_util_std        : 10.1160
switch_util_std      : 12.2871
switch_util_gini     : 0.9773
frac_hot_switches    : 0.0041
mean_switch_util     : 0.7283
p95_switch_util      : 0.1359
