Generated 8192 hosts
Graph: 9248 nodes, 40960 edges
  0%|          | 0/10 [00:00<?, ?it/s]Unique sources this epoch: 5139
 10%|█         | 1/10 [06:30<58:33, 390.40s/it]Unique sources this epoch: 5133
 20%|██        | 2/10 [06:51<23:06, 173.35s/it]Unique sources this epoch: 5130
 30%|███       | 3/10 [07:16<12:19, 105.68s/it]Unique sources this epoch: 5126
 40%|████      | 4/10 [07:34<07:04, 70.77s/it] Unique sources this epoch: 5122
 50%|█████     | 5/10 [07:51<04:17, 51.51s/it]Unique sources this epoch: 5146
 60%|██████    | 6/10 [08:08<02:39, 39.82s/it]Unique sources this epoch: 5123
 70%|███████   | 7/10 [08:24<01:35, 31.82s/it]Unique sources this epoch: 5154
 80%|████████  | 8/10 [08:36<00:51, 25.73s/it]Unique sources this epoch: 5143
 90%|█████████ | 9/10 [08:47<00:20, 20.98s/it]Unique sources this epoch: 5140
100%|██████████| 10/10 [09:05<00:00, 20.20s/it]100%|██████████| 10/10 [09:05<00:00, 54.57s/it]

=== Simulation Results ===
topology : informed_leaf_spine
workload : incast
policy   : ospf_drill_configuration

drop_ratio           : 0.9226
mean_latency         : 3.4969
offered_load         : 331092.1086
jain_fairness        : 0.1628
p50_flow_rate        : 0.0215
p95_flow_rate        : 0.0358
mean_edge_util       : 0.0283
max_edge_util        : 32.9671
mean_hops            : 2.5244
frac_saturated_edges : 0.0037
throughput           : 25611.2538
traffic_weighted_util : 0.0283
topk_edge_load_share : 0.0862
sum_edge_load        : 1157914.3405
sum_edge_cap         : 40960000.0000
edge_util_std        : 0.6254
switch_util_std      : 1.2287
switch_util_gini     : 0.9771
frac_hot_switches    : 0.0039
mean_switch_util     : 0.0728
p95_switch_util      : 0.0137
