Generated 8192 hosts
Graph: 9472 nodes, 24576 edges
  0%|          | 0/10 [00:00<?, ?it/s]Unique sources this epoch: 8192
 10%|█         | 1/10 [07:56<1:11:31, 476.80s/it]Unique sources this epoch: 8192
 20%|██        | 2/10 [07:57<26:14, 196.85s/it]  Unique sources this epoch: 8192
 30%|███       | 3/10 [07:58<12:31, 107.39s/it]Unique sources this epoch: 8192
 40%|████      | 4/10 [07:59<06:32, 65.36s/it] Unique sources this epoch: 8192
 50%|█████     | 5/10 [08:00<03:30, 42.14s/it]Unique sources this epoch: 8191
 60%|██████    | 6/10 [08:01<01:52, 28.16s/it]Unique sources this epoch: 8191
 70%|███████   | 7/10 [08:02<00:57, 19.30s/it]Unique sources this epoch: 8190
 80%|████████  | 8/10 [08:03<00:27, 13.51s/it]Unique sources this epoch: 8192
 90%|█████████ | 9/10 [08:04<00:09,  9.66s/it]Unique sources this epoch: 8192
100%|██████████| 10/10 [08:05<00:00,  7.01s/it]100%|██████████| 10/10 [08:05<00:00, 48.60s/it]

=== Simulation Results ===
topology : jellyfish
workload : random_workload
policy   : ospf_drill_configuration

drop_ratio           : 0.1587
mean_latency         : 4.5734
offered_load         : 3310044.1953
jain_fairness        : 0.8387
p50_flow_rate        : 3.5867
p95_flow_rate        : 5.8772
mean_edge_util       : 0.6161
max_edge_util        : 2.8018
mean_hops            : 3.5734
frac_saturated_edges : 0.1417
throughput           : 2784760.4658
traffic_weighted_util : 0.6161
topk_edge_load_share : 0.0005
sum_edge_load        : 15140372.8621
sum_edge_cap         : 24576000.0000
edge_util_std        : 0.3482
switch_util_std      : 0.3898
switch_util_gini     : 0.2856
frac_hot_switches    : 0.3670
mean_switch_util     : 0.7770
p95_switch_util      : 1.4525
