Generated 8192 hosts
Graph: 9472 nodes, 24576 edges
  0%|          | 0/10 [00:00<?, ?it/s]Unique sources this epoch: 8192
 10%|█         | 1/10 [19:10<2:52:35, 1150.60s/it]Unique sources this epoch: 8192
 20%|██        | 2/10 [19:12<1:03:17, 474.72s/it] Unique sources this epoch: 8192
 30%|███       | 3/10 [19:13<30:10, 258.69s/it]  Unique sources this epoch: 8192
 40%|████      | 4/10 [19:15<15:43, 157.22s/it]Unique sources this epoch: 8192
 50%|█████     | 5/10 [19:17<08:25, 101.08s/it]Unique sources this epoch: 8191
 60%|██████    | 6/10 [19:18<04:29, 67.26s/it] Unique sources this epoch: 8191
 70%|███████   | 7/10 [19:20<02:17, 45.80s/it]Unique sources this epoch: 8190
 80%|████████  | 8/10 [19:21<01:03, 31.74s/it]Unique sources this epoch: 8192
 90%|█████████ | 9/10 [19:23<00:22, 22.34s/it]Unique sources this epoch: 8192
100%|██████████| 10/10 [19:25<00:00, 15.95s/it]100%|██████████| 10/10 [19:25<00:00, 116.52s/it]

=== Simulation Results ===
topology : jellyfish
workload : random_workload
policy   : eigrp_drill_configuration

drop_ratio           : 0.1573
mean_latency         : 4.5734
offered_load         : 3310044.1953
jain_fairness        : 0.8380
p50_flow_rate        : 3.5897
p95_flow_rate        : 5.8997
mean_edge_util       : 0.6161
max_edge_util        : 2.8018
mean_hops            : 3.5734
frac_saturated_edges : 0.1329
throughput           : 2789225.3163
traffic_weighted_util : 0.6161
topk_edge_load_share : 0.0005
sum_edge_load        : 15140372.8621
sum_edge_cap         : 24576000.0000
edge_util_std        : 0.3407
switch_util_std      : 0.3898
switch_util_gini     : 0.2855
frac_hot_switches    : 0.3666
mean_switch_util     : 0.7770
p95_switch_util      : 1.4525
