Generated 8192 hosts
Graph: 9248 nodes, 40960 edges
  0%|          | 0/10 [00:00<?, ?it/s]Unique sources this epoch: 5139
 10%|█         | 1/10 [14:14<2:08:07, 854.14s/it]Unique sources this epoch: 5133
 20%|██        | 2/10 [15:07<51:04, 383.11s/it]  Unique sources this epoch: 5130
 30%|███       | 3/10 [15:50<26:34, 227.80s/it]Unique sources this epoch: 5126
 40%|████      | 4/10 [16:25<15:09, 151.59s/it]Unique sources this epoch: 5122
 50%|█████     | 5/10 [17:01<09:10, 110.02s/it]Unique sources this epoch: 5146
 60%|██████    | 6/10 [25:02<15:43, 235.97s/it]Unique sources this epoch: 5123
 70%|███████   | 7/10 [39:13<21:51, 437.25s/it]Unique sources this epoch: 5154
 80%|████████  | 8/10 [53:13<18:50, 565.42s/it]Unique sources this epoch: 5143
 90%|█████████ | 9/10 [1:07:17<10:52, 652.51s/it]Unique sources this epoch: 5140
100%|██████████| 10/10 [1:20:43<00:00, 699.82s/it]100%|██████████| 10/10 [1:20:43<00:00, 484.33s/it]

=== Simulation Results ===
topology : informed_leaf_spine
workload : incast
policy   : eigrp_drill_configuration

drop_ratio           : 0.9705
mean_latency         : 3.4969
offered_load         : 6621842.1715
jain_fairness        : 0.0297
p50_flow_rate        : 0.0192
p95_flow_rate        : 0.0359
mean_edge_util       : 0.5654
max_edge_util        : 1884.1640
mean_hops            : 2.5244
frac_saturated_edges : 0.0029
throughput           : 195674.9624
traffic_weighted_util : 0.5654
topk_edge_load_share : 0.0862
sum_edge_load        : 23158286.8103
sum_edge_cap         : 40960000.0000
edge_util_std        : 16.2966
switch_util_std      : 24.5742
switch_util_gini     : 0.9772
frac_hot_switches    : 0.0042
mean_switch_util     : 1.4566
p95_switch_util      : 0.2724
