Generated 8192 hosts
Graph: 9472 nodes, 24576 edges
  0%|          | 0/10 [00:00<?, ?it/s]Unique sources this epoch: 8192
 10%|█         | 1/10 [18:38<2:47:42, 1118.09s/it]Unique sources this epoch: 8192
 20%|██        | 2/10 [18:39<1:01:30, 461.29s/it] Unique sources this epoch: 8192
 30%|███       | 3/10 [18:41<29:20, 251.44s/it]  Unique sources this epoch: 8192
 40%|████      | 4/10 [18:43<15:17, 152.85s/it]Unique sources this epoch: 8192
 50%|█████     | 5/10 [18:44<08:11, 98.35s/it] Unique sources this epoch: 8191
 60%|██████    | 6/10 [18:46<04:22, 65.52s/it]Unique sources this epoch: 8191
 70%|███████   | 7/10 [18:48<02:14, 44.67s/it]Unique sources this epoch: 8190
 80%|████████  | 8/10 [18:50<01:02, 31.01s/it]Unique sources this epoch: 8192
 90%|█████████ | 9/10 [18:51<00:21, 21.87s/it]Unique sources this epoch: 8192
100%|██████████| 10/10 [18:53<00:00, 15.67s/it]100%|██████████| 10/10 [18:53<00:00, 113.36s/it]

=== Simulation Results ===
topology : jellyfish
workload : random_workload
policy   : eigrp_drill_configuration

drop_ratio           : 0.5031
mean_latency         : 4.5734
offered_load         : 6620088.3906
jain_fairness        : 0.8837
p50_flow_rate        : 4.1097
p95_flow_rate        : 6.5476
mean_edge_util       : 1.2321
max_edge_util        : 5.6035
mean_hops            : 3.5734
frac_saturated_edges : 0.5939
throughput           : 3289309.4651
traffic_weighted_util : 1.2321
topk_edge_load_share : 0.0005
sum_edge_load        : 30280745.7243
sum_edge_cap         : 24576000.0000
edge_util_std        : 0.6814
switch_util_std      : 0.7795
switch_util_gini     : 0.2855
frac_hot_switches    : 0.7673
mean_switch_util     : 1.5539
p95_switch_util      : 2.9050
