Generated 8192 hosts
[fat-tree] k=32, capacity=8192, hosts=8192
Graph: 9472 nodes, 24576 edges
  0%|          | 0/10 [00:00<?, ?it/s]Unique sources this epoch: 8192
 10%|█         | 1/10 [18:39<2:47:52, 1119.15s/it]Unique sources this epoch: 8192
 20%|██        | 2/10 [18:41<1:01:36, 462.06s/it] Unique sources this epoch: 8192
 30%|███       | 3/10 [18:43<29:24, 252.10s/it]  Unique sources this epoch: 8192
 40%|████      | 4/10 [18:45<15:20, 153.38s/it]Unique sources this epoch: 8192
 50%|█████     | 5/10 [18:47<08:13, 98.75s/it] Unique sources this epoch: 8191
 60%|██████    | 6/10 [29:09<18:27, 276.76s/it]Unique sources this epoch: 8191
 70%|███████   | 7/10 [52:43<32:25, 648.34s/it]Unique sources this epoch: 8190
 80%|████████  | 8/10 [1:13:11<27:45, 832.91s/it]Unique sources this epoch: 8192
 90%|█████████ | 9/10 [1:36:44<16:54, 1014.22s/it]Unique sources this epoch: 8192
100%|██████████| 10/10 [1:59:55<00:00, 1130.63s/it]100%|██████████| 10/10 [1:59:55<00:00, 719.54s/it] 

=== Simulation Results ===
topology : fat_tree
workload : random_workload
policy   : eigrp_configuration

drop_ratio           : 0.9938
mean_latency         : 5.9334
offered_load         : 6620088.3906
jain_fairness        : 0.0563
p50_flow_rate        : 0.0310
p95_flow_rate        : 0.0563
mean_edge_util       : 1.5983
max_edge_util        : 411.5826
mean_hops            : 4.9334
frac_saturated_edges : 0.2813
throughput           : 41286.7899
traffic_weighted_util : 1.5983
topk_edge_load_share : 0.0196
sum_edge_load        : 39279324.0781
sum_edge_cap         : 24576000.0000
edge_util_std        : 12.5150
switch_util_std      : 3.7332
switch_util_gini     : 0.3808
frac_hot_switches    : 0.7236
mean_switch_util     : 1.6133
p95_switch_util      : 2.9463
