Generated 8192 hosts
[fat-tree] k=32, capacity=8192, hosts=8192
Graph: 9472 nodes, 24576 edges
  0%|          | 0/10 [00:00<?, ?it/s]Unique sources this epoch: 5139
 10%|█         | 1/10 [09:44<1:27:37, 584.16s/it]Unique sources this epoch: 5133
 20%|██        | 2/10 [10:22<35:03, 262.91s/it]  Unique sources this epoch: 5130
 30%|███       | 3/10 [10:54<18:24, 157.73s/it]Unique sources this epoch: 5126
 40%|████      | 4/10 [16:40<23:10, 231.82s/it]Unique sources this epoch: 5122
 50%|█████     | 5/10 [27:47<32:24, 388.85s/it]Unique sources this epoch: 5146
 60%|██████    | 6/10 [38:58<32:18, 484.74s/it]Unique sources this epoch: 5123
 70%|███████   | 7/10 [50:40<27:47, 555.81s/it]Unique sources this epoch: 5154
 80%|████████  | 8/10 [1:02:21<20:04, 602.09s/it]Unique sources this epoch: 5143
 90%|█████████ | 9/10 [1:13:55<10:30, 630.81s/it]Unique sources this epoch: 5140
100%|██████████| 10/10 [1:25:28<00:00, 649.87s/it]100%|██████████| 10/10 [1:25:28<00:00, 512.81s/it]

=== Simulation Results ===
topology : fat_tree
workload : incast
policy   : eigrp_configuration

drop_ratio           : 0.9707
mean_latency         : 5.7793
offered_load         : 6621842.1715
jain_fairness        : 0.0289
p50_flow_rate        : 0.0171
p95_flow_rate        : 0.0303
mean_edge_util       : 1.5574
max_edge_util        : 883.3603
mean_hops            : 4.8068
frac_saturated_edges : 0.0122
throughput           : 194307.9372
traffic_weighted_util : 1.5574
topk_edge_load_share : 0.0522
sum_edge_load        : 38274190.0277
sum_edge_cap         : 24576000.0000
edge_util_std        : 23.6895
switch_util_std      : 24.3846
switch_util_gini     : 0.9780
frac_hot_switches    : 0.0110
mean_switch_util     : 1.5700
p95_switch_util      : 0.2857
