Generated 8192 hosts
Graph: 9472 nodes, 24576 edges
  0%|          | 0/10 [00:00<?, ?it/s]Unique sources this epoch: 8192
 10%|█         | 1/10 [03:40<33:04, 220.54s/it]Unique sources this epoch: 8192
 20%|██        | 2/10 [03:42<12:15, 91.96s/it] Unique sources this epoch: 8191
 30%|███       | 3/10 [03:44<05:56, 50.86s/it]Unique sources this epoch: 8191
 40%|████      | 4/10 [03:46<03:09, 31.58s/it]Unique sources this epoch: 8192
 50%|█████     | 5/10 [03:48<01:44, 20.95s/it]Unique sources this epoch: 8191
 60%|██████    | 6/10 [03:50<00:58, 14.58s/it]Unique sources this epoch: 8191
 70%|███████   | 7/10 [03:52<00:31, 10.50s/it]Unique sources this epoch: 8191
 80%|████████  | 8/10 [03:54<00:15,  7.83s/it]Unique sources this epoch: 8192
 90%|█████████ | 9/10 [03:56<00:06,  6.00s/it]Unique sources this epoch: 8191
100%|██████████| 10/10 [03:58<00:00,  4.75s/it]100%|██████████| 10/10 [03:58<00:00, 23.89s/it]

=== Simulation Results ===
topology : jellyfish
workload : local_group_workload
policy   : conga_configuration

drop_ratio           : 0.1577
mean_latency         : 4.5732
offered_load         : 3315705.4979
jain_fairness        : 0.8379
p50_flow_rate        : 3.5915
p95_flow_rate        : 5.9153
mean_edge_util       : 0.6171
max_edge_util        : 2.3961
mean_hops            : 3.5732
frac_saturated_edges : 0.1299
throughput           : 2792818.2471
traffic_weighted_util : 0.6171
topk_edge_load_share : 0.0005
sum_edge_load        : 15165040.8354
sum_edge_cap         : 24576000.0000
edge_util_std        : 0.3402
switch_util_std      : 0.3902
switch_util_gini     : 0.2853
frac_hot_switches    : 0.3674
mean_switch_util     : 0.7783
p95_switch_util      : 1.4544
