Generated 8192 hosts
Graph: 9472 nodes, 24576 edges
  0%|          | 0/10 [00:00<?, ?it/s]Unique sources this epoch: 8192
 10%|█         | 1/10 [03:45<33:47, 225.26s/it]Unique sources this epoch: 8192
 20%|██        | 2/10 [03:47<12:32, 94.10s/it] Unique sources this epoch: 8191
 30%|███       | 3/10 [03:49<06:05, 52.20s/it]Unique sources this epoch: 8191
 40%|████      | 4/10 [03:52<03:15, 32.51s/it]Unique sources this epoch: 8192
 50%|█████     | 5/10 [03:54<01:48, 21.60s/it]Unique sources this epoch: 8191
 60%|██████    | 6/10 [03:56<01:00, 15.03s/it]Unique sources this epoch: 8191
 70%|███████   | 7/10 [03:58<00:32, 10.81s/it]Unique sources this epoch: 8191
 80%|████████  | 8/10 [04:00<00:16,  8.04s/it]Unique sources this epoch: 8192
 90%|█████████ | 9/10 [04:03<00:06,  6.19s/it]Unique sources this epoch: 8191
100%|██████████| 10/10 [04:05<00:00,  4.92s/it]100%|██████████| 10/10 [04:05<00:00, 24.52s/it]

=== Simulation Results ===
topology : jellyfish
workload : local_group_workload
policy   : conga_configuration

drop_ratio           : 0.5039
mean_latency         : 4.5732
offered_load         : 6631410.9957
jain_fairness        : 0.8834
p50_flow_rate        : 4.1023
p95_flow_rate        : 6.5588
mean_edge_util       : 1.2341
max_edge_util        : 4.7922
mean_hops            : 3.5732
frac_saturated_edges : 0.6012
throughput           : 3289710.3317
traffic_weighted_util : 1.2341
topk_edge_load_share : 0.0005
sum_edge_load        : 30330081.6707
sum_edge_cap         : 24576000.0000
edge_util_std        : 0.6804
switch_util_std      : 0.7803
switch_util_gini     : 0.2853
frac_hot_switches    : 0.7682
mean_switch_util     : 1.5566
p95_switch_util      : 2.9087
