Generated 8192 hosts
Graph: 9472 nodes, 24576 edges
  0%|          | 0/10 [00:00<?, ?it/s]Unique sources this epoch: 8192
 10%|█         | 1/10 [03:05<27:46, 185.14s/it]Unique sources this epoch: 8192
 20%|██        | 2/10 [03:05<10:13, 76.72s/it] Unique sources this epoch: 8191
 30%|███       | 3/10 [03:06<04:54, 42.09s/it]Unique sources this epoch: 8191
 40%|████      | 4/10 [03:07<02:34, 25.83s/it]Unique sources this epoch: 8192
 50%|█████     | 5/10 [03:08<01:24, 16.83s/it]Unique sources this epoch: 8191
 60%|██████    | 6/10 [03:09<00:45, 11.42s/it]Unique sources this epoch: 8191
 70%|███████   | 7/10 [03:10<00:23,  7.98s/it]Unique sources this epoch: 8191
 80%|████████  | 8/10 [03:11<00:11,  5.73s/it]Unique sources this epoch: 8192
 90%|█████████ | 9/10 [03:12<00:04,  4.23s/it]Unique sources this epoch: 8191
100%|██████████| 10/10 [03:13<00:00,  3.20s/it]100%|██████████| 10/10 [03:13<00:00, 19.32s/it]

=== Simulation Results ===
topology : jellyfish
workload : local_group_workload
policy   : rip_configuration

drop_ratio           : 0.5971
mean_latency         : 4.5732
offered_load         : 6631410.9957
jain_fairness        : 0.8454
p50_flow_rate        : 3.2321
p95_flow_rate        : 5.8574
mean_edge_util       : 1.2341
max_edge_util        : 11.1519
mean_hops            : 3.5732
frac_saturated_edges : 0.4910
throughput           : 2671685.0402
traffic_weighted_util : 1.2341
topk_edge_load_share : 0.0010
sum_edge_load        : 30330081.6707
sum_edge_cap         : 24576000.0000
edge_util_std        : 0.9737
switch_util_std      : 0.7974
switch_util_gini     : 0.2916
frac_hot_switches    : 0.7610
mean_switch_util     : 1.5566
p95_switch_util      : 2.9361
