Generated 8192 hosts
Graph: 9472 nodes, 24576 edges
  0%|          | 0/10 [00:00<?, ?it/s]Unique sources this epoch: 8192
 10%|█         | 1/10 [06:49<1:01:22, 409.16s/it]Unique sources this epoch: 8192
 20%|██        | 2/10 [06:50<22:32, 169.02s/it]  Unique sources this epoch: 8191
 30%|███       | 3/10 [06:51<10:46, 92.30s/it] Unique sources this epoch: 8191
 40%|████      | 4/10 [06:52<05:37, 56.26s/it]Unique sources this epoch: 8192
 50%|█████     | 5/10 [06:53<03:01, 36.33s/it]Unique sources this epoch: 8191
 60%|██████    | 6/10 [06:54<01:37, 24.32s/it]Unique sources this epoch: 8191
 70%|███████   | 7/10 [06:55<00:50, 16.70s/it]Unique sources this epoch: 8191
 80%|████████  | 8/10 [06:56<00:23, 11.70s/it]Unique sources this epoch: 8192
 90%|█████████ | 9/10 [06:57<00:08,  8.37s/it]Unique sources this epoch: 8191
100%|██████████| 10/10 [06:58<00:00,  6.11s/it]100%|██████████| 10/10 [06:58<00:00, 41.82s/it]

=== Simulation Results ===
topology : jellyfish
workload : local_group_workload
policy   : ospf_configuration

drop_ratio           : 0.5971
mean_latency         : 4.5732
offered_load         : 6631410.9957
jain_fairness        : 0.8454
p50_flow_rate        : 3.2321
p95_flow_rate        : 5.8574
mean_edge_util       : 1.2341
max_edge_util        : 11.1519
mean_hops            : 3.5732
frac_saturated_edges : 0.4910
throughput           : 2671685.0402
traffic_weighted_util : 1.2341
topk_edge_load_share : 0.0010
sum_edge_load        : 30330081.6707
sum_edge_cap         : 24576000.0000
edge_util_std        : 0.9737
switch_util_std      : 0.7974
switch_util_gini     : 0.2916
frac_hot_switches    : 0.7610
mean_switch_util     : 1.5566
p95_switch_util      : 2.9361
