Generated 8192 hosts
Graph: 9472 nodes, 24576 edges
  0%|          | 0/10 [00:00<?, ?it/s]Unique sources this epoch: 8192
 10%|█         | 1/10 [17:14<2:35:08, 1034.25s/it]Unique sources this epoch: 8192
 20%|██        | 2/10 [17:15<56:54, 426.84s/it]   Unique sources this epoch: 8191
 30%|███       | 3/10 [17:17<27:09, 232.74s/it]Unique sources this epoch: 8191
 40%|████      | 4/10 [17:19<14:09, 141.55s/it]Unique sources this epoch: 8192
 50%|█████     | 5/10 [17:21<07:35, 91.14s/it] Unique sources this epoch: 8191
 60%|██████    | 6/10 [17:22<04:03, 60.76s/it]Unique sources this epoch: 8191
 70%|███████   | 7/10 [17:24<02:04, 41.48s/it]Unique sources this epoch: 8191
 80%|████████  | 8/10 [17:26<00:57, 28.84s/it]Unique sources this epoch: 8192
 90%|█████████ | 9/10 [17:28<00:20, 20.39s/it]Unique sources this epoch: 8191
100%|██████████| 10/10 [17:30<00:00, 14.65s/it]100%|██████████| 10/10 [17:30<00:00, 105.01s/it]

=== Simulation Results ===
topology : jellyfish
workload : local_group_workload
policy   : eigrp_configuration

drop_ratio           : 0.5971
mean_latency         : 4.5732
offered_load         : 6631410.9957
jain_fairness        : 0.8454
p50_flow_rate        : 3.2321
p95_flow_rate        : 5.8574
mean_edge_util       : 1.2341
max_edge_util        : 11.1519
mean_hops            : 3.5732
frac_saturated_edges : 0.4910
throughput           : 2671685.0402
traffic_weighted_util : 1.2341
topk_edge_load_share : 0.0010
sum_edge_load        : 30330081.6707
sum_edge_cap         : 24576000.0000
edge_util_std        : 0.9737
switch_util_std      : 0.7974
switch_util_gini     : 0.2916
frac_hot_switches    : 0.7610
mean_switch_util     : 1.5566
p95_switch_util      : 2.9361
