Generated 8192 hosts
Graph: 9472 nodes, 24576 edges
  0%|          | 0/10 [00:00<?, ?it/s]Unique sources this epoch: 8192
 10%|█         | 1/10 [08:58<1:20:47, 538.59s/it]Unique sources this epoch: 8192
 20%|██        | 2/10 [09:00<29:44, 223.09s/it]  Unique sources this epoch: 8191
 30%|███       | 3/10 [09:02<14:15, 122.17s/it]Unique sources this epoch: 8191
 40%|████      | 4/10 [09:04<07:28, 74.69s/it] Unique sources this epoch: 8192
 50%|█████     | 5/10 [09:06<04:02, 48.41s/it]Unique sources this epoch: 8191
 60%|██████    | 6/10 [09:08<02:10, 32.55s/it]Unique sources this epoch: 8191
 70%|███████   | 7/10 [09:10<01:07, 22.59s/it]Unique sources this epoch: 8191
 80%|████████  | 8/10 [09:12<00:32, 16.12s/it]Unique sources this epoch: 8192
 90%|█████████ | 9/10 [09:15<00:11, 11.91s/it]Unique sources this epoch: 8191
100%|██████████| 10/10 [09:17<00:00,  8.88s/it]100%|██████████| 10/10 [09:17<00:00, 55.75s/it]

=== Simulation Results ===
topology : jellyfish
workload : local_group_workload
policy   : ospf_ecmp_configuration

drop_ratio           : 0.5082
mean_latency         : 4.5732
offered_load         : 6631410.9957
jain_fairness        : 0.8853
p50_flow_rate        : 4.0731
p95_flow_rate        : 6.4675
mean_edge_util       : 1.2341
max_edge_util        : 4.7922
mean_hops            : 3.5732
frac_saturated_edges : 0.5755
throughput           : 3261254.4143
traffic_weighted_util : 1.2341
topk_edge_load_share : 0.0005
sum_edge_load        : 30330081.6707
sum_edge_cap         : 24576000.0000
edge_util_std        : 0.7112
switch_util_std      : 0.7807
switch_util_gini     : 0.2855
frac_hot_switches    : 0.7673
mean_switch_util     : 1.5566
p95_switch_util      : 2.9087
