Generated 8192 hosts
[fat-tree] k=32, capacity=8192, hosts=8192
Graph: 9472 nodes, 24576 edges
  0%|          | 0/10 [00:00<?, ?it/s]Unique sources this epoch: 5139
 10%|█         | 1/10 [04:08<37:19, 248.85s/it]Unique sources this epoch: 5133
 20%|██        | 2/10 [04:24<14:52, 111.51s/it]Unique sources this epoch: 5130
 30%|███       | 3/10 [04:42<08:02, 68.86s/it] Unique sources this epoch: 5126
 40%|████      | 4/10 [04:54<04:39, 46.63s/it]Unique sources this epoch: 5122
 50%|█████     | 5/10 [05:07<02:52, 34.42s/it]Unique sources this epoch: 5146
 60%|██████    | 6/10 [05:19<01:47, 26.86s/it]Unique sources this epoch: 5123
 70%|███████   | 7/10 [05:31<01:05, 21.74s/it]Unique sources this epoch: 5154
 80%|████████  | 8/10 [05:42<00:36, 18.47s/it]Unique sources this epoch: 5143
 90%|█████████ | 9/10 [05:50<00:15, 15.21s/it]Unique sources this epoch: 5140
100%|██████████| 10/10 [06:04<00:00, 14.83s/it]100%|██████████| 10/10 [06:04<00:00, 36.45s/it]

=== Simulation Results ===
topology : fat_tree
workload : incast
policy   : ospf_ecmp_configuration

drop_ratio           : 0.9226
mean_latency         : 5.7793
offered_load         : 331092.1086
jain_fairness        : 0.1628
p50_flow_rate        : 0.0215
p95_flow_rate        : 0.0358
mean_edge_util       : 0.0779
max_edge_util        : 32.9671
mean_hops            : 4.8068
frac_saturated_edges : 0.0147
throughput           : 25611.2538
traffic_weighted_util : 0.0779
topk_edge_load_share : 0.0522
sum_edge_load        : 1913709.5014
sum_edge_cap         : 24576000.0000
edge_util_std        : 0.7712
switch_util_std      : 1.2068
switch_util_gini     : 0.9684
frac_hot_switches    : 0.0057
mean_switch_util     : 0.0785
p95_switch_util      : 0.0649
