Generated 8192 hosts
[fat-tree] k=32, capacity=8192, hosts=8192
Graph: 9472 nodes, 24576 edges
  0%|          | 0/10 [00:00<?, ?it/s]Unique sources this epoch: 8192
 10%|█         | 1/10 [07:04<1:03:43, 424.80s/it]Unique sources this epoch: 8192
 20%|██        | 2/10 [07:07<23:30, 176.33s/it]  Unique sources this epoch: 8192
 30%|███       | 3/10 [07:09<11:18, 96.93s/it] Unique sources this epoch: 8192
 40%|████      | 4/10 [07:12<05:57, 59.64s/it]Unique sources this epoch: 8192
 50%|█████     | 5/10 [07:14<03:15, 39.05s/it]Unique sources this epoch: 8191
 60%|██████    | 6/10 [07:17<01:46, 26.64s/it]Unique sources this epoch: 8191
 70%|███████   | 7/10 [07:19<00:56, 18.78s/it]Unique sources this epoch: 8190
 80%|████████  | 8/10 [07:22<00:27, 13.61s/it]Unique sources this epoch: 8192
 90%|█████████ | 9/10 [07:24<00:10, 10.17s/it]Unique sources this epoch: 8192
100%|██████████| 10/10 [07:27<00:00,  7.83s/it]100%|██████████| 10/10 [07:27<00:00, 44.75s/it]

=== Simulation Results ===
topology : fat_tree
workload : random_workload
policy   : ospf_ecmp_configuration

drop_ratio           : 0.2214
mean_latency         : 5.9334
offered_load         : 3310044.1953
jain_fairness        : 0.8549
p50_flow_rate        : 3.3446
p95_flow_rate        : 5.2459
mean_edge_util       : 0.7991
max_edge_util        : 2.8018
mean_hops            : 4.9334
frac_saturated_edges : 0.3157
throughput           : 2577247.2827
traffic_weighted_util : 0.7991
topk_edge_load_share : 0.0004
sum_edge_load        : 19639662.0391
sum_edge_cap         : 24576000.0000
edge_util_std        : 0.3950
switch_util_std      : 0.3914
switch_util_gini     : 0.2772
frac_hot_switches    : 0.4168
mean_switch_util     : 0.8067
p95_switch_util      : 1.4529
