Generated 8192 hosts
[fat-tree] k=32, capacity=8192, hosts=8192
Graph: 9472 nodes, 24576 edges
  0%|          | 0/10 [00:00<?, ?it/s]Unique sources this epoch: 5139
 10%|█         | 1/10 [04:23<39:31, 263.49s/it]Unique sources this epoch: 5133
 20%|██        | 2/10 [04:39<15:43, 117.89s/it]Unique sources this epoch: 5130
 30%|███       | 3/10 [09:36<23:17, 199.61s/it]Unique sources this epoch: 5126
 40%|████      | 4/10 [14:47<24:21, 243.50s/it]Unique sources this epoch: 5122
 50%|█████     | 5/10 [19:59<22:21, 268.22s/it]Unique sources this epoch: 5146
 60%|██████    | 6/10 [25:02<18:40, 280.20s/it]Unique sources this epoch: 5123
 70%|███████   | 7/10 [30:02<14:19, 286.51s/it]Unique sources this epoch: 5154
 80%|████████  | 8/10 [35:13<09:48, 294.43s/it]Unique sources this epoch: 5143
 90%|█████████ | 9/10 [40:34<05:02, 302.87s/it]Unique sources this epoch: 5140
100%|██████████| 10/10 [46:05<00:00, 311.52s/it]100%|██████████| 10/10 [46:05<00:00, 276.58s/it]

=== Simulation Results ===
topology : fat_tree
workload : incast
policy   : ospf_ecmp_configuration

drop_ratio           : 0.9676
mean_latency         : 5.7793
offered_load         : 3310921.0858
jain_fairness        : 0.0308
p50_flow_rate        : 0.0214
p95_flow_rate        : 0.0359
mean_edge_util       : 0.7787
max_edge_util        : 329.6711
mean_hops            : 4.8068
frac_saturated_edges : 0.0278
throughput           : 107127.5611
traffic_weighted_util : 0.7787
topk_edge_load_share : 0.0522
sum_edge_load        : 19137095.0139
sum_edge_cap         : 24576000.0000
edge_util_std        : 8.9032
switch_util_std      : 12.0778
switch_util_gini     : 0.9727
frac_hot_switches    : 0.0221
mean_switch_util     : 0.7850
p95_switch_util      : 0.1968
