Generated 8192 hosts
Graph: 9472 nodes, 24576 edges
  0%|          | 0/10 [00:00<?, ?it/s]Unique sources this epoch: 8192
 10%|█         | 1/10 [18:54<2:50:14, 1134.99s/it]Unique sources this epoch: 8192
 20%|██        | 2/10 [18:57<1:02:32, 469.03s/it] Unique sources this epoch: 8191
 30%|███       | 3/10 [19:01<29:54, 256.41s/it]  Unique sources this epoch: 8191
 40%|████      | 4/10 [19:04<15:39, 156.53s/it]Unique sources this epoch: 8192
 50%|█████     | 5/10 [19:08<08:26, 101.32s/it]Unique sources this epoch: 8191
 60%|██████    | 6/10 [19:11<04:32, 68.06s/it] Unique sources this epoch: 8191
 70%|███████   | 7/10 [19:15<02:20, 46.94s/it]Unique sources this epoch: 8191
 80%|████████  | 8/10 [19:18<01:06, 33.11s/it]Unique sources this epoch: 8192
 90%|█████████ | 9/10 [19:22<00:23, 23.86s/it]Unique sources this epoch: 8191
100%|██████████| 10/10 [19:25<00:00, 17.65s/it]100%|██████████| 10/10 [19:25<00:00, 116.58s/it]

=== Simulation Results ===
topology : jellyfish
workload : local_group_workload
policy   : eigrp_ecmp_configuration

drop_ratio           : 0.1598
mean_latency         : 4.5732
offered_load         : 3315705.4979
jain_fairness        : 0.8388
p50_flow_rate        : 3.5863
p95_flow_rate        : 5.8842
mean_edge_util       : 0.6171
max_edge_util        : 2.3961
mean_hops            : 3.5732
frac_saturated_edges : 0.1417
throughput           : 2785896.9661
traffic_weighted_util : 0.6171
topk_edge_load_share : 0.0005
sum_edge_load        : 15165040.8354
sum_edge_cap         : 24576000.0000
edge_util_std        : 0.3474
switch_util_std      : 0.3903
switch_util_gini     : 0.2855
frac_hot_switches    : 0.3686
mean_switch_util     : 0.7783
p95_switch_util      : 1.4544
