Generated 8192 hosts
Graph: 9472 nodes, 24576 edges
  0%|          | 0/10 [00:00<?, ?it/s]Unique sources this epoch: 8192
 10%|█         | 1/10 [20:05<3:00:45, 1205.10s/it]Unique sources this epoch: 8192
 20%|██        | 2/10 [20:08<1:06:26, 498.27s/it] Unique sources this epoch: 8191
 30%|███       | 3/10 [20:12<31:47, 272.45s/it]  Unique sources this epoch: 8191
 40%|████      | 4/10 [20:16<16:38, 166.35s/it]Unique sources this epoch: 8192
 50%|█████     | 5/10 [20:19<08:58, 107.69s/it]Unique sources this epoch: 8191
 60%|██████    | 6/10 [20:23<04:49, 72.35s/it] Unique sources this epoch: 8191
 70%|███████   | 7/10 [20:27<02:29, 49.92s/it]Unique sources this epoch: 8191
 80%|████████  | 8/10 [20:30<01:10, 35.21s/it]Unique sources this epoch: 8192
 90%|█████████ | 9/10 [20:34<00:25, 25.39s/it]Unique sources this epoch: 8191
100%|██████████| 10/10 [20:38<00:00, 18.70s/it]100%|██████████| 10/10 [20:38<00:00, 123.84s/it]

=== Simulation Results ===
topology : jellyfish
workload : local_group_workload
policy   : eigrp_ecmp_configuration

drop_ratio           : 0.5054
mean_latency         : 4.5732
offered_load         : 6631410.9957
jain_fairness        : 0.8842
p50_flow_rate        : 4.0933
p95_flow_rate        : 6.5233
mean_edge_util       : 1.2341
max_edge_util        : 4.7922
mean_hops            : 3.5732
frac_saturated_edges : 0.5845
throughput           : 3279836.7580
traffic_weighted_util : 1.2341
topk_edge_load_share : 0.0005
sum_edge_load        : 30330081.6707
sum_edge_cap         : 24576000.0000
edge_util_std        : 0.6949
switch_util_std      : 0.7806
switch_util_gini     : 0.2855
frac_hot_switches    : 0.7677
mean_switch_util     : 1.5566
p95_switch_util      : 2.9087
