Generated 8192 hosts
Graph: 9472 nodes, 24576 edges
  0%|          | 0/10 [00:00<?, ?it/s]Unique sources this epoch: 8192
 10%|█         | 1/10 [13:26<2:01:01, 806.87s/it]Unique sources this epoch: 8192
 20%|██        | 2/10 [13:27<44:22, 332.85s/it]  Unique sources this epoch: 8191
 30%|███       | 3/10 [13:29<21:09, 181.37s/it]Unique sources this epoch: 8191
 40%|████      | 4/10 [13:30<11:01, 110.20s/it]Unique sources this epoch: 8192
 50%|█████     | 5/10 [13:31<05:54, 70.87s/it] Unique sources this epoch: 8191
 60%|██████    | 6/10 [13:32<03:08, 47.18s/it]Unique sources this epoch: 8191
 70%|███████   | 7/10 [13:33<01:36, 32.15s/it]Unique sources this epoch: 8191
 80%|████████  | 8/10 [13:34<00:44, 22.30s/it]Unique sources this epoch: 8192
 90%|█████████ | 9/10 [13:36<00:15, 15.72s/it]Unique sources this epoch: 8191
100%|██████████| 10/10 [13:37<00:00, 11.24s/it]100%|██████████| 10/10 [13:37<00:00, 81.73s/it]

=== Simulation Results ===
topology : jellyfish
workload : local_group_workload
policy   : eigrp_drill_configuration

drop_ratio           : 0.1591
mean_latency         : 4.5732
offered_load         : 3315705.4979
jain_fairness        : 0.8386
p50_flow_rate        : 3.5887
p95_flow_rate        : 5.8935
mean_edge_util       : 0.6171
max_edge_util        : 2.3961
mean_hops            : 3.5732
frac_saturated_edges : 0.1419
throughput           : 2788296.0828
traffic_weighted_util : 0.6171
topk_edge_load_share : 0.0005
sum_edge_load        : 15165040.8354
sum_edge_cap         : 24576000.0000
edge_util_std        : 0.3478
switch_util_std      : 0.3903
switch_util_gini     : 0.2855
frac_hot_switches    : 0.3684
mean_switch_util     : 0.7783
p95_switch_util      : 1.4544
