Generated 8192 hosts
Graph: 9472 nodes, 24576 edges
  0%|          | 0/10 [00:00<?, ?it/s]Unique sources this epoch: 8192
 10%|█         | 1/10 [13:20<2:00:07, 800.80s/it]Unique sources this epoch: 8192
 20%|██        | 2/10 [13:21<44:03, 330.39s/it]  Unique sources this epoch: 8191
 30%|███       | 3/10 [13:23<21:00, 180.09s/it]Unique sources this epoch: 8191
 40%|████      | 4/10 [13:24<10:56, 109.48s/it]Unique sources this epoch: 8192
 50%|█████     | 5/10 [13:25<05:52, 70.45s/it] Unique sources this epoch: 8191
 60%|██████    | 6/10 [13:26<03:07, 46.92s/it]Unique sources this epoch: 8191
 70%|███████   | 7/10 [13:28<01:35, 31.99s/it]Unique sources this epoch: 8191
 80%|████████  | 8/10 [13:29<00:44, 22.19s/it]Unique sources this epoch: 8192
 90%|█████████ | 9/10 [13:30<00:15, 15.65s/it]Unique sources this epoch: 8191
100%|██████████| 10/10 [13:31<00:00, 11.20s/it]100%|██████████| 10/10 [13:31<00:00, 81.18s/it]

=== Simulation Results ===
topology : jellyfish
workload : local_group_workload
policy   : eigrp_drill_configuration

drop_ratio           : 0.5050
mean_latency         : 4.5732
offered_load         : 6631410.9957
jain_fairness        : 0.8841
p50_flow_rate        : 4.0967
p95_flow_rate        : 6.5309
mean_edge_util       : 1.2341
max_edge_util        : 4.7922
mean_hops            : 3.5732
frac_saturated_edges : 0.5851
throughput           : 3282754.6458
traffic_weighted_util : 1.2341
topk_edge_load_share : 0.0005
sum_edge_load        : 30330081.6707
sum_edge_cap         : 24576000.0000
edge_util_std        : 0.6957
switch_util_std      : 0.7806
switch_util_gini     : 0.2855
frac_hot_switches    : 0.7677
mean_switch_util     : 1.5566
p95_switch_util      : 2.9087
