Generated 8192 hosts
Graph: 9248 nodes, 40960 edges
  0%|          | 0/10 [00:00<?, ?it/s]Unique sources this epoch: 8192
 10%|█         | 1/10 [03:57<35:37, 237.53s/it]Unique sources this epoch: 8192
 20%|██        | 2/10 [04:00<13:16, 99.59s/it] Unique sources this epoch: 8192
 30%|███       | 3/10 [04:03<06:28, 55.56s/it]Unique sources this epoch: 8192
 40%|████      | 4/10 [04:06<03:29, 34.87s/it]Unique sources this epoch: 8192
 50%|█████     | 5/10 [04:10<01:57, 23.44s/it]Unique sources this epoch: 8191
 60%|██████    | 6/10 [04:13<01:06, 16.55s/it]Unique sources this epoch: 8191
 70%|███████   | 7/10 [04:16<00:36, 12.20s/it]Unique sources this epoch: 8190
 80%|████████  | 8/10 [04:19<00:18,  9.38s/it]Unique sources this epoch: 8192
 90%|█████████ | 9/10 [04:22<00:07,  7.42s/it]Unique sources this epoch: 8192
100%|██████████| 10/10 [04:26<00:00,  6.08s/it]100%|██████████| 10/10 [04:26<00:00, 26.60s/it]

=== Simulation Results ===
topology : leaf_spine
workload : random_workload
policy   : conga_configuration

drop_ratio           : 0.1563
mean_latency         : 3.9981
offered_load         : 3310044.1953
jain_fairness        : 0.8373
p50_flow_rate        : 3.5912
p95_flow_rate        : 5.9186
mean_edge_util       : 0.3231
max_edge_util        : 2.8018
mean_hops            : 2.9981
frac_saturated_edges : 0.0652
throughput           : 2792818.1111
traffic_weighted_util : 0.3231
topk_edge_load_share : 0.0006
sum_edge_load        : 13233693.0870
sum_edge_cap         : 40960000.0000
edge_util_std        : 0.3171
switch_util_std      : 0.4087
switch_util_gini     : 0.3099
frac_hot_switches    : 0.3646
mean_switch_util     : 0.7523
p95_switch_util      : 1.4571
