Generated 8192 hosts
[fat-tree] k=32, capacity=8192, hosts=8192
Graph: 9472 nodes, 24576 edges
  0%|          | 0/10 [00:00<?, ?it/s]Unique sources this epoch: 8192
 10%|█         | 1/10 [07:39<1:08:57, 459.77s/it]Unique sources this epoch: 8192
 20%|██        | 2/10 [07:42<25:26, 190.83s/it]  Unique sources this epoch: 8192
 30%|███       | 3/10 [07:45<12:14, 104.91s/it]Unique sources this epoch: 8192
 40%|████      | 4/10 [07:47<06:27, 64.56s/it] Unique sources this epoch: 8192
 50%|█████     | 5/10 [07:50<03:31, 42.23s/it]Unique sources this epoch: 8191
 60%|██████    | 6/10 [07:53<01:55, 28.79s/it]Unique sources this epoch: 8191
 70%|███████   | 7/10 [07:55<01:00, 20.26s/it]Unique sources this epoch: 8190
 80%|████████  | 8/10 [07:58<00:29, 14.66s/it]Unique sources this epoch: 8192
 90%|█████████ | 9/10 [08:01<00:10, 10.92s/it]Unique sources this epoch: 8192
100%|██████████| 10/10 [08:03<00:00,  8.38s/it]100%|██████████| 10/10 [08:03<00:00, 48.38s/it]

=== Simulation Results ===
topology : fat_tree
workload : random_workload
policy   : ospf_ecmp_configuration

drop_ratio           : 0.5568
mean_latency         : 5.9334
offered_load         : 6620088.3906
jain_fairness        : 0.8966
p50_flow_rate        : 3.7000
p95_flow_rate        : 5.6624
mean_edge_util       : 1.5983
max_edge_util        : 5.6035
mean_hops            : 4.9334
frac_saturated_edges : 0.7401
throughput           : 2934143.7639
traffic_weighted_util : 1.5983
topk_edge_load_share : 0.0004
sum_edge_load        : 39279324.0781
sum_edge_cap         : 24576000.0000
edge_util_std        : 0.7900
switch_util_std      : 0.7827
switch_util_gini     : 0.2772
frac_hot_switches    : 0.7832
mean_switch_util     : 1.6133
p95_switch_util      : 2.9058
