Generated 8192 hosts
[fat-tree] k=32, capacity=8192, hosts=8192
Graph: 9472 nodes, 24576 edges
  0%|          | 0/10 [00:00<?, ?it/s]Unique sources this epoch: 5139
 10%|█         | 1/10 [04:21<39:15, 261.77s/it]Unique sources this epoch: 5133
 20%|██        | 2/10 [04:38<15:40, 117.52s/it]Unique sources this epoch: 5130
 30%|███       | 3/10 [04:58<08:31, 73.07s/it] Unique sources this epoch: 5126
 40%|████      | 4/10 [05:11<04:57, 49.56s/it]Unique sources this epoch: 5122
 50%|█████     | 5/10 [05:26<03:03, 36.75s/it]Unique sources this epoch: 5146
 60%|██████    | 6/10 [05:40<01:56, 29.15s/it]Unique sources this epoch: 5123
 70%|███████   | 7/10 [05:52<01:10, 23.61s/it]Unique sources this epoch: 5154
 80%|████████  | 8/10 [06:03<00:39, 19.55s/it]Unique sources this epoch: 5143
 90%|█████████ | 9/10 [06:13<00:16, 16.45s/it]Unique sources this epoch: 5140
100%|██████████| 10/10 [06:28<00:00, 16.04s/it]100%|██████████| 10/10 [06:28<00:00, 38.83s/it]

=== Simulation Results ===
topology : fat_tree
workload : incast
policy   : ospf_ecmp_configuration

drop_ratio           : 0.9476
mean_latency         : 5.7793
offered_load         : 662184.2172
jain_fairness        : 0.0792
p50_flow_rate        : 0.0215
p95_flow_rate        : 0.0359
mean_edge_util       : 0.1557
max_edge_util        : 65.9342
mean_hops            : 4.8068
frac_saturated_edges : 0.0198
throughput           : 34673.1575
traffic_weighted_util : 0.1557
topk_edge_load_share : 0.0522
sum_edge_load        : 3827419.0028
sum_edge_cap         : 24576000.0000
edge_util_std        : 1.5424
switch_util_std      : 2.4136
switch_util_gini     : 0.9684
frac_hot_switches    : 0.0064
mean_switch_util     : 0.1570
p95_switch_util      : 0.1298
