Generated 8192 hosts
[fat-tree-informed] k=32, capacity=8192, hosts=8192
Graph: 9472 nodes, 24576 edges
  0%|          | 0/10 [00:00<?, ?it/s]Unique sources this epoch: 1018
 10%|█         | 1/10 [00:24<03:36, 24.09s/it]Unique sources this epoch: 1022
 20%|██        | 2/10 [00:25<01:28, 11.03s/it]Unique sources this epoch: 1008
 30%|███       | 3/10 [00:28<00:49,  7.05s/it]Unique sources this epoch: 1023
 40%|████      | 4/10 [00:30<00:30,  5.07s/it]Unique sources this epoch: 1039
 50%|█████     | 5/10 [00:32<00:19,  3.97s/it]Unique sources this epoch: 1049
 60%|██████    | 6/10 [00:35<00:14,  3.56s/it]Unique sources this epoch: 1030
 70%|███████   | 7/10 [00:36<00:08,  2.92s/it]Unique sources this epoch: 1025
 80%|████████  | 8/10 [00:38<00:05,  2.54s/it]Unique sources this epoch: 1010
 90%|█████████ | 9/10 [00:39<00:02,  2.19s/it]Unique sources this epoch: 1002
100%|██████████| 10/10 [00:42<00:00,  2.42s/it]100%|██████████| 10/10 [00:42<00:00,  4.28s/it]

=== Simulation Results ===
topology : informed_fat_tree
workload : incast
policy   : rip_configuration

drop_ratio           : 0.4716
mean_latency         : 3.2485
offered_load         : 20591.6892
jain_fairness        : 0.5333
p50_flow_rate        : 0.0520
p95_flow_rate        : 0.3116
mean_edge_util       : 0.0027
max_edge_util        : 10.9246
mean_hops            : 2.2771
frac_saturated_edges : 0.0005
throughput           : 10881.3671
traffic_weighted_util : 0.0027
topk_edge_load_share : 0.3267
sum_edge_load        : 66967.3822
sum_edge_cap         : 24576000.0000
edge_util_std        : 0.0824
switch_util_std      : 0.0563
switch_util_gini     : 0.9899
frac_hot_switches    : 0.0010
mean_switch_util     : 0.0045
p95_switch_util      : 0.0025
